apr 20, 2015 2:48:03 PM org.pabk.emanager.HandlerImpl init
INFO: saatraphandler: logger saatraphandler is successfully initailized!
apr 20, 2015 2:48:03 PM org.pabk.emanager.HandlerImpl run
INFO: Module org.pabk.emanager.SAATrapHandler is started!
apr 20, 2015 2:48:03 PM org.pabk.emanager.SAATrapHandler businessLogic
INFO: SAATrapHandler is working
apr 20, 2015 2:48:03 PM org.pabk.emanager.SAATrapHandler businessLogic
INFO: SAATrapHandler found 1 Alliance Access servers
apr 20, 2015 2:48:03 PM org.pabk.emanager.SAATrapHandler execute
INFO: Trap execution started. Entries found: 0
apr 20, 2015 2:48:03 PM org.pabk.emanager.SAATrapHandler execute
INFO: Trap execution ended. Entries processed: 0
apr 20, 2015 2:48:03 PM org.pabk.emanager.SAATrapHandler businessLogic
INFO: SAATrapHandler is SLEEPING
apr 20, 2015 2:48:13 PM org.pabk.emanager.SAATrapHandler businessLogic
INFO: SAATrapHandler is working
apr 20, 2015 2:48:13 PM org.pabk.emanager.SAATrapHandler businessLogic
INFO: SAATrapHandler found 1 Alliance Access servers
apr 20, 2015 2:48:13 PM org.pabk.emanager.SAATrapHandler execute
INFO: Trap execution started. Entries found: 0
apr 20, 2015 2:48:13 PM org.pabk.emanager.SAATrapHandler execute
INFO: Trap execution ended. Entries processed: 0
apr 20, 2015 2:48:13 PM org.pabk.emanager.SAATrapHandler businessLogic
INFO: SAATrapHandler is SLEEPING
apr 20, 2015 2:48:23 PM org.pabk.emanager.SAATrapHandler businessLogic
INFO: SAATrapHandler is working
apr 20, 2015 2:48:23 PM org.pabk.emanager.SAATrapHandler businessLogic
INFO: SAATrapHandler found 1 Alliance Access servers
apr 20, 2015 2:48:23 PM org.pabk.emanager.SAATrapHandler execute
INFO: Trap execution started. Entries found: 0
apr 20, 2015 2:48:23 PM org.pabk.emanager.SAATrapHandler execute
INFO: Trap execution ended. Entries processed: 0
apr 20, 2015 2:48:23 PM org.pabk.emanager.SAATrapHandler businessLogic
INFO: SAATrapHandler is SLEEPING
apr 20, 2015 2:48:33 PM org.pabk.emanager.SAATrapHandler businessLogic
INFO: SAATrapHandler is working
apr 20, 2015 2:48:33 PM org.pabk.emanager.SAATrapHandler businessLogic
INFO: SAATrapHandler found 1 Alliance Access servers
apr 20, 2015 2:48:33 PM org.pabk.emanager.SAATrapHandler execute
INFO: Trap execution started. Entries found: 0
apr 20, 2015 2:48:33 PM org.pabk.emanager.SAATrapHandler execute
INFO: Trap execution ended. Entries processed: 0
apr 20, 2015 2:48:33 PM org.pabk.emanager.SAATrapHandler businessLogic
INFO: SAATrapHandler is SLEEPING
apr 20, 2015 2:48:43 PM org.pabk.emanager.SAATrapHandler businessLogic
INFO: SAATrapHandler is working
apr 20, 2015 2:48:43 PM org.pabk.emanager.SAATrapHandler businessLogic
INFO: SAATrapHandler found 1 Alliance Access servers
apr 20, 2015 2:48:43 PM org.pabk.emanager.SAATrapHandler execute
INFO: Trap execution started. Entries found: 0
apr 20, 2015 2:48:43 PM org.pabk.emanager.SAATrapHandler execute
INFO: Trap execution ended. Entries processed: 0
apr 20, 2015 2:48:43 PM org.pabk.emanager.SAATrapHandler businessLogic
INFO: SAATrapHandler is SLEEPING
apr 20, 2015 2:48:53 PM org.pabk.emanager.SAATrapHandler businessLogic
INFO: SAATrapHandler is working
apr 20, 2015 2:48:53 PM org.pabk.emanager.SAATrapHandler businessLogic
INFO: SAATrapHandler found 1 Alliance Access servers
apr 20, 2015 2:48:53 PM org.pabk.emanager.SAATrapHandler execute
INFO: Trap execution started. Entries found: 0
apr 20, 2015 2:48:53 PM org.pabk.emanager.SAATrapHandler execute
INFO: Trap execution ended. Entries processed: 0
apr 20, 2015 2:48:53 PM org.pabk.emanager.SAATrapHandler businessLogic
INFO: SAATrapHandler is SLEEPING
apr 20, 2015 2:49:03 PM org.pabk.emanager.SAATrapHandler businessLogic
INFO: SAATrapHandler is working
apr 20, 2015 2:49:03 PM org.pabk.emanager.SAATrapHandler businessLogic
INFO: SAATrapHandler found 1 Alliance Access servers
apr 20, 2015 2:49:03 PM org.pabk.emanager.SAATrapHandler execute
INFO: Trap execution started. Entries found: 0
apr 20, 2015 2:49:03 PM org.pabk.emanager.SAATrapHandler execute
INFO: Trap execution ended. Entries processed: 0
apr 20, 2015 2:49:03 PM org.pabk.emanager.SAATrapHandler businessLogic
INFO: SAATrapHandler is SLEEPING
apr 20, 2015 2:49:13 PM org.pabk.emanager.SAATrapHandler businessLogic
INFO: SAATrapHandler is working
apr 20, 2015 2:49:13 PM org.pabk.emanager.SAATrapHandler businessLogic
INFO: SAATrapHandler found 1 Alliance Access servers
apr 20, 2015 2:49:13 PM org.pabk.emanager.SAATrapHandler execute
INFO: Trap execution started. Entries found: 0
apr 20, 2015 2:49:13 PM org.pabk.emanager.SAATrapHandler execute
INFO: Trap execution ended. Entries processed: 0
apr 20, 2015 2:49:13 PM org.pabk.emanager.SAATrapHandler businessLogic
INFO: SAATrapHandler is SLEEPING
apr 20, 2015 2:49:23 PM org.pabk.emanager.SAATrapHandler businessLogic
INFO: SAATrapHandler is working
apr 20, 2015 2:49:23 PM org.pabk.emanager.SAATrapHandler businessLogic
INFO: SAATrapHandler found 1 Alliance Access servers
apr 20, 2015 2:49:23 PM org.pabk.emanager.SAATrapHandler execute
INFO: Trap execution started. Entries found: 0
apr 20, 2015 2:49:23 PM org.pabk.emanager.SAATrapHandler execute
INFO: Trap execution ended. Entries processed: 0
apr 20, 2015 2:49:23 PM org.pabk.emanager.SAATrapHandler businessLogic
INFO: SAATrapHandler is SLEEPING
apr 20, 2015 2:49:33 PM org.pabk.emanager.SAATrapHandler businessLogic
INFO: SAATrapHandler is working
apr 20, 2015 2:49:33 PM org.pabk.emanager.SAATrapHandler businessLogic
INFO: SAATrapHandler found 1 Alliance Access servers
apr 20, 2015 2:49:33 PM org.pabk.emanager.SAATrapHandler execute
INFO: Trap execution started. Entries found: 0
apr 20, 2015 2:49:33 PM org.pabk.emanager.SAATrapHandler execute
INFO: Trap execution ended. Entries processed: 0
apr 20, 2015 2:49:33 PM org.pabk.emanager.SAATrapHandler businessLogic
INFO: SAATrapHandler is SLEEPING
