apr 21, 2015 7:27:34 AM org.pabk.emanager.HandlerImpl init
INFO: saatraphandler: logger saatraphandler is successfully initailized!
apr 21, 2015 7:27:34 AM org.pabk.emanager.HandlerImpl run
INFO: Module org.pabk.emanager.SAATrapHandler is started!
apr 21, 2015 7:27:34 AM org.pabk.emanager.SAATrapHandler businessLogic
INFO: SAATrapHandler is working
apr 21, 2015 7:27:34 AM org.pabk.emanager.SAATrapHandler businessLogic
INFO: SAATrapHandler found 1 Alliance Access servers
apr 21, 2015 7:27:35 AM org.pabk.emanager.SAATrapHandler execute
INFO: Trap execution started. Entries found: 0
apr 21, 2015 7:27:35 AM org.pabk.emanager.SAATrapHandler execute
INFO: Trap execution ended. Entries processed: 0
apr 21, 2015 7:27:35 AM org.pabk.emanager.SAATrapHandler businessLogic
INFO: SAATrapHandler is SLEEPING
apr 21, 2015 7:27:45 AM org.pabk.emanager.SAATrapHandler businessLogic
INFO: SAATrapHandler is working
apr 21, 2015 7:27:45 AM org.pabk.emanager.SAATrapHandler businessLogic
INFO: SAATrapHandler found 1 Alliance Access servers
apr 21, 2015 7:27:45 AM org.pabk.emanager.SAATrapHandler execute
INFO: Trap execution started. Entries found: 0
apr 21, 2015 7:27:45 AM org.pabk.emanager.SAATrapHandler execute
INFO: Trap execution ended. Entries processed: 0
apr 21, 2015 7:27:45 AM org.pabk.emanager.SAATrapHandler businessLogic
INFO: SAATrapHandler is SLEEPING
apr 21, 2015 7:27:55 AM org.pabk.emanager.SAATrapHandler businessLogic
INFO: SAATrapHandler is working
apr 21, 2015 7:27:55 AM org.pabk.emanager.SAATrapHandler businessLogic
INFO: SAATrapHandler found 1 Alliance Access servers
apr 21, 2015 7:27:55 AM org.pabk.emanager.SAATrapHandler execute
INFO: Trap execution started. Entries found: 0
apr 21, 2015 7:27:55 AM org.pabk.emanager.SAATrapHandler execute
INFO: Trap execution ended. Entries processed: 0
apr 21, 2015 7:27:55 AM org.pabk.emanager.SAATrapHandler businessLogic
INFO: SAATrapHandler is SLEEPING
apr 21, 2015 7:28:05 AM org.pabk.emanager.SAATrapHandler businessLogic
INFO: SAATrapHandler is working
apr 21, 2015 7:28:05 AM org.pabk.emanager.SAATrapHandler businessLogic
INFO: SAATrapHandler found 1 Alliance Access servers
apr 21, 2015 7:28:05 AM org.pabk.emanager.SAATrapHandler execute
INFO: Trap execution started. Entries found: 0
apr 21, 2015 7:28:05 AM org.pabk.emanager.SAATrapHandler execute
INFO: Trap execution ended. Entries processed: 0
apr 21, 2015 7:28:05 AM org.pabk.emanager.SAATrapHandler businessLogic
INFO: SAATrapHandler is SLEEPING
apr 21, 2015 7:28:15 AM org.pabk.emanager.SAATrapHandler businessLogic
INFO: SAATrapHandler is working
apr 21, 2015 7:28:15 AM org.pabk.emanager.SAATrapHandler businessLogic
INFO: SAATrapHandler found 1 Alliance Access servers
apr 21, 2015 7:28:15 AM org.pabk.emanager.SAATrapHandler execute
INFO: Trap execution started. Entries found: 0
apr 21, 2015 7:28:15 AM org.pabk.emanager.SAATrapHandler execute
INFO: Trap execution ended. Entries processed: 0
apr 21, 2015 7:28:15 AM org.pabk.emanager.SAATrapHandler businessLogic
INFO: SAATrapHandler is SLEEPING
apr 21, 2015 7:28:25 AM org.pabk.emanager.SAATrapHandler businessLogic
INFO: SAATrapHandler is working
apr 21, 2015 7:28:25 AM org.pabk.emanager.SAATrapHandler businessLogic
INFO: SAATrapHandler found 1 Alliance Access servers
apr 21, 2015 7:28:25 AM org.pabk.emanager.SAATrapHandler execute
INFO: Trap execution started. Entries found: 0
apr 21, 2015 7:28:25 AM org.pabk.emanager.SAATrapHandler execute
INFO: Trap execution ended. Entries processed: 0
apr 21, 2015 7:28:25 AM org.pabk.emanager.SAATrapHandler businessLogic
INFO: SAATrapHandler is SLEEPING
apr 21, 2015 7:28:35 AM org.pabk.emanager.SAATrapHandler businessLogic
INFO: SAATrapHandler is working
apr 21, 2015 7:28:35 AM org.pabk.emanager.SAATrapHandler businessLogic
INFO: SAATrapHandler found 1 Alliance Access servers
apr 21, 2015 7:28:35 AM org.pabk.emanager.SAATrapHandler execute
INFO: Trap execution started. Entries found: 0
apr 21, 2015 7:28:35 AM org.pabk.emanager.SAATrapHandler execute
INFO: Trap execution ended. Entries processed: 0
apr 21, 2015 7:28:35 AM org.pabk.emanager.SAATrapHandler businessLogic
INFO: SAATrapHandler is SLEEPING
apr 21, 2015 7:28:45 AM org.pabk.emanager.SAATrapHandler businessLogic
INFO: SAATrapHandler is working
apr 21, 2015 7:28:45 AM org.pabk.emanager.SAATrapHandler businessLogic
INFO: SAATrapHandler found 1 Alliance Access servers
apr 21, 2015 7:28:45 AM org.pabk.emanager.SAATrapHandler execute
INFO: Trap execution started. Entries found: 0
apr 21, 2015 7:28:45 AM org.pabk.emanager.SAATrapHandler execute
INFO: Trap execution ended. Entries processed: 0
apr 21, 2015 7:28:45 AM org.pabk.emanager.SAATrapHandler businessLogic
INFO: SAATrapHandler is SLEEPING
