apr 20, 2015 2:52:22 PM org.pabk.emanager.HandlerImpl init
INFO: saatraphandler: logger saatraphandler is successfully initailized!
apr 20, 2015 2:52:22 PM org.pabk.emanager.HandlerImpl run
INFO: Module org.pabk.emanager.SAATrapHandler is started!
apr 20, 2015 2:52:22 PM org.pabk.emanager.SAATrapHandler businessLogic
INFO: SAATrapHandler is working
apr 20, 2015 2:52:22 PM org.pabk.emanager.SAATrapHandler businessLogic
INFO: SAATrapHandler found 1 Alliance Access servers
apr 20, 2015 2:52:22 PM org.pabk.emanager.SAATrapHandler execute
INFO: Trap execution started. Entries found: 0
apr 20, 2015 2:52:22 PM org.pabk.emanager.SAATrapHandler execute
INFO: Trap execution ended. Entries processed: 0
apr 20, 2015 2:52:22 PM org.pabk.emanager.SAATrapHandler businessLogic
INFO: SAATrapHandler is SLEEPING
apr 20, 2015 2:52:32 PM org.pabk.emanager.SAATrapHandler businessLogic
INFO: SAATrapHandler is working
apr 20, 2015 2:52:32 PM org.pabk.emanager.SAATrapHandler businessLogic
INFO: SAATrapHandler found 1 Alliance Access servers
apr 20, 2015 2:52:32 PM org.pabk.emanager.SAATrapHandler execute
INFO: Trap execution started. Entries found: 0
apr 20, 2015 2:52:32 PM org.pabk.emanager.SAATrapHandler execute
INFO: Trap execution ended. Entries processed: 0
apr 20, 2015 2:52:32 PM org.pabk.emanager.SAATrapHandler businessLogic
INFO: SAATrapHandler is SLEEPING
apr 20, 2015 2:52:42 PM org.pabk.emanager.SAATrapHandler businessLogic
INFO: SAATrapHandler is working
apr 20, 2015 2:52:42 PM org.pabk.emanager.SAATrapHandler businessLogic
INFO: SAATrapHandler found 1 Alliance Access servers
apr 20, 2015 2:52:42 PM org.pabk.emanager.SAATrapHandler execute
INFO: Trap execution started. Entries found: 0
apr 20, 2015 2:52:42 PM org.pabk.emanager.SAATrapHandler execute
INFO: Trap execution ended. Entries processed: 0
apr 20, 2015 2:52:42 PM org.pabk.emanager.SAATrapHandler businessLogic
INFO: SAATrapHandler is SLEEPING
apr 20, 2015 2:52:52 PM org.pabk.emanager.SAATrapHandler businessLogic
INFO: SAATrapHandler is working
apr 20, 2015 2:52:52 PM org.pabk.emanager.SAATrapHandler businessLogic
INFO: SAATrapHandler found 1 Alliance Access servers
apr 20, 2015 2:52:52 PM org.pabk.emanager.SAATrapHandler execute
INFO: Trap execution started. Entries found: 0
apr 20, 2015 2:52:52 PM org.pabk.emanager.SAATrapHandler execute
INFO: Trap execution ended. Entries processed: 0
apr 20, 2015 2:52:52 PM org.pabk.emanager.SAATrapHandler businessLogic
INFO: SAATrapHandler is SLEEPING
apr 20, 2015 2:53:02 PM org.pabk.emanager.SAATrapHandler businessLogic
INFO: SAATrapHandler is working
apr 20, 2015 2:53:02 PM org.pabk.emanager.SAATrapHandler businessLogic
INFO: SAATrapHandler found 1 Alliance Access servers
apr 20, 2015 2:53:02 PM org.pabk.emanager.SAATrapHandler execute
INFO: Trap execution started. Entries found: 0
apr 20, 2015 2:53:02 PM org.pabk.emanager.SAATrapHandler execute
INFO: Trap execution ended. Entries processed: 0
apr 20, 2015 2:53:02 PM org.pabk.emanager.SAATrapHandler businessLogic
INFO: SAATrapHandler is SLEEPING
apr 20, 2015 2:53:12 PM org.pabk.emanager.SAATrapHandler businessLogic
INFO: SAATrapHandler is working
apr 20, 2015 2:53:12 PM org.pabk.emanager.SAATrapHandler businessLogic
INFO: SAATrapHandler found 1 Alliance Access servers
apr 20, 2015 2:53:13 PM org.pabk.emanager.SAATrapHandler execute
INFO: Trap execution started. Entries found: 0
apr 20, 2015 2:53:13 PM org.pabk.emanager.SAATrapHandler execute
INFO: Trap execution ended. Entries processed: 0
apr 20, 2015 2:53:13 PM org.pabk.emanager.SAATrapHandler businessLogic
INFO: SAATrapHandler is SLEEPING
apr 20, 2015 2:53:23 PM org.pabk.emanager.SAATrapHandler businessLogic
INFO: SAATrapHandler is working
apr 20, 2015 2:53:23 PM org.pabk.emanager.SAATrapHandler businessLogic
INFO: SAATrapHandler found 1 Alliance Access servers
apr 20, 2015 2:53:23 PM org.pabk.emanager.SAATrapHandler execute
INFO: Trap execution started. Entries found: 0
apr 20, 2015 2:53:23 PM org.pabk.emanager.SAATrapHandler execute
INFO: Trap execution ended. Entries processed: 0
apr 20, 2015 2:53:23 PM org.pabk.emanager.SAATrapHandler businessLogic
INFO: SAATrapHandler is SLEEPING
apr 20, 2015 2:53:33 PM org.pabk.emanager.SAATrapHandler businessLogic
INFO: SAATrapHandler is working
apr 20, 2015 2:53:33 PM org.pabk.emanager.SAATrapHandler businessLogic
INFO: SAATrapHandler found 1 Alliance Access servers
apr 20, 2015 2:53:33 PM org.pabk.emanager.SAATrapHandler execute
INFO: Trap execution started. Entries found: 1
apr 20, 2015 2:53:33 PM org.pabk.emanager.SAATrapHandler execute10117
INFO: Found event nr 10117. Parsing started.
