apr 28, 2015 2:07:17 PM org.pabk.emanager.HandlerImpl init
INFO: saatraphandler: logger saatraphandler is successfully initailized!
apr 28, 2015 2:07:17 PM org.pabk.emanager.HandlerImpl run
INFO: Module org.pabk.emanager.SAATrapHandler is started!
apr 28, 2015 2:07:17 PM org.pabk.emanager.SAATrapHandler businessLogic
INFO: SAATrapHandler is working
apr 28, 2015 2:07:17 PM org.pabk.emanager.SAATrapHandler businessLogic
INFO: SAATrapHandler found 1 Alliance Access servers
apr 28, 2015 2:07:17 PM org.pabk.emanager.SAATrapHandler execute
INFO: Trap execution started. Entries found: 0
apr 28, 2015 2:07:17 PM org.pabk.emanager.SAATrapHandler execute
INFO: Trap execution ended. Entries processed: 0
apr 28, 2015 2:07:17 PM org.pabk.emanager.SAATrapHandler businessLogic
INFO: SAATrapHandler is SLEEPING
apr 28, 2015 2:07:27 PM org.pabk.emanager.SAATrapHandler businessLogic
INFO: SAATrapHandler is working
apr 28, 2015 2:07:27 PM org.pabk.emanager.SAATrapHandler businessLogic
INFO: SAATrapHandler found 1 Alliance Access servers
apr 28, 2015 2:07:27 PM org.pabk.emanager.SAATrapHandler execute
INFO: Trap execution started. Entries found: 0
apr 28, 2015 2:07:27 PM org.pabk.emanager.SAATrapHandler execute
INFO: Trap execution ended. Entries processed: 0
apr 28, 2015 2:07:27 PM org.pabk.emanager.SAATrapHandler businessLogic
INFO: SAATrapHandler is SLEEPING
apr 28, 2015 2:07:37 PM org.pabk.emanager.SAATrapHandler businessLogic
INFO: SAATrapHandler is working
apr 28, 2015 2:07:37 PM org.pabk.emanager.SAATrapHandler businessLogic
INFO: SAATrapHandler found 1 Alliance Access servers
apr 28, 2015 2:07:37 PM org.pabk.emanager.SAATrapHandler execute
INFO: Trap execution started. Entries found: 0
apr 28, 2015 2:07:38 PM org.pabk.emanager.SAATrapHandler execute
INFO: Trap execution ended. Entries processed: 0
apr 28, 2015 2:07:38 PM org.pabk.emanager.SAATrapHandler businessLogic
INFO: SAATrapHandler is SLEEPING
apr 28, 2015 2:07:48 PM org.pabk.emanager.SAATrapHandler businessLogic
INFO: SAATrapHandler is working
apr 28, 2015 2:07:48 PM org.pabk.emanager.SAATrapHandler businessLogic
INFO: SAATrapHandler found 1 Alliance Access servers
apr 28, 2015 2:07:48 PM org.pabk.emanager.SAATrapHandler execute
INFO: Trap execution started. Entries found: 0
apr 28, 2015 2:07:48 PM org.pabk.emanager.SAATrapHandler execute
INFO: Trap execution ended. Entries processed: 0
apr 28, 2015 2:07:48 PM org.pabk.emanager.SAATrapHandler businessLogic
INFO: SAATrapHandler is SLEEPING
apr 28, 2015 2:07:58 PM org.pabk.emanager.SAATrapHandler businessLogic
INFO: SAATrapHandler is working
apr 28, 2015 2:07:58 PM org.pabk.emanager.SAATrapHandler businessLogic
INFO: SAATrapHandler found 1 Alliance Access servers
apr 28, 2015 2:07:58 PM org.pabk.emanager.SAATrapHandler execute
INFO: Trap execution started. Entries found: 0
apr 28, 2015 2:07:58 PM org.pabk.emanager.SAATrapHandler execute
INFO: Trap execution ended. Entries processed: 0
apr 28, 2015 2:07:58 PM org.pabk.emanager.SAATrapHandler businessLogic
INFO: SAATrapHandler is SLEEPING
apr 28, 2015 2:08:08 PM org.pabk.emanager.SAATrapHandler businessLogic
INFO: SAATrapHandler is working
apr 28, 2015 2:08:08 PM org.pabk.emanager.SAATrapHandler businessLogic
INFO: SAATrapHandler found 1 Alliance Access servers
apr 28, 2015 2:08:08 PM org.pabk.emanager.SAATrapHandler execute
INFO: Trap execution started. Entries found: 0
apr 28, 2015 2:08:08 PM org.pabk.emanager.SAATrapHandler execute
INFO: Trap execution ended. Entries processed: 0
apr 28, 2015 2:08:08 PM org.pabk.emanager.SAATrapHandler businessLogic
INFO: SAATrapHandler is SLEEPING
apr 28, 2015 2:08:18 PM org.pabk.emanager.SAATrapHandler businessLogic
INFO: SAATrapHandler is working
apr 28, 2015 2:08:18 PM org.pabk.emanager.SAATrapHandler businessLogic
INFO: SAATrapHandler found 1 Alliance Access servers
apr 28, 2015 2:08:18 PM org.pabk.emanager.SAATrapHandler execute
INFO: Trap execution started. Entries found: 0
apr 28, 2015 2:08:18 PM org.pabk.emanager.SAATrapHandler execute
INFO: Trap execution ended. Entries processed: 0
apr 28, 2015 2:08:18 PM org.pabk.emanager.SAATrapHandler businessLogic
INFO: SAATrapHandler is SLEEPING
apr 28, 2015 2:08:28 PM org.pabk.emanager.SAATrapHandler businessLogic
INFO: SAATrapHandler is working
apr 28, 2015 2:08:28 PM org.pabk.emanager.SAATrapHandler businessLogic
INFO: SAATrapHandler found 1 Alliance Access servers
apr 28, 2015 2:08:28 PM org.pabk.emanager.SAATrapHandler execute
INFO: Trap execution started. Entries found: 0
apr 28, 2015 2:08:28 PM org.pabk.emanager.SAATrapHandler execute
INFO: Trap execution ended. Entries processed: 0
apr 28, 2015 2:08:28 PM org.pabk.emanager.SAATrapHandler businessLogic
INFO: SAATrapHandler is SLEEPING
apr 28, 2015 2:08:38 PM org.pabk.emanager.SAATrapHandler businessLogic
INFO: SAATrapHandler is working
apr 28, 2015 2:08:38 PM org.pabk.emanager.SAATrapHandler businessLogic
INFO: SAATrapHandler found 1 Alliance Access servers
apr 28, 2015 2:08:38 PM org.pabk.emanager.SAATrapHandler execute
INFO: Trap execution started. Entries found: 0
apr 28, 2015 2:08:38 PM org.pabk.emanager.SAATrapHandler execute
INFO: Trap execution ended. Entries processed: 0
apr 28, 2015 2:08:38 PM org.pabk.emanager.SAATrapHandler businessLogic
INFO: SAATrapHandler is SLEEPING
apr 28, 2015 2:08:48 PM org.pabk.emanager.SAATrapHandler businessLogic
INFO: SAATrapHandler is working
apr 28, 2015 2:08:48 PM org.pabk.emanager.SAATrapHandler businessLogic
INFO: SAATrapHandler found 1 Alliance Access servers
apr 28, 2015 2:08:48 PM org.pabk.emanager.SAATrapHandler execute
INFO: Trap execution started. Entries found: 0
apr 28, 2015 2:08:48 PM org.pabk.emanager.SAATrapHandler execute
INFO: Trap execution ended. Entries processed: 0
apr 28, 2015 2:08:48 PM org.pabk.emanager.SAATrapHandler businessLogic
INFO: SAATrapHandler is SLEEPING
apr 28, 2015 2:08:58 PM org.pabk.emanager.SAATrapHandler businessLogic
INFO: SAATrapHandler is working
apr 28, 2015 2:08:58 PM org.pabk.emanager.SAATrapHandler businessLogic
INFO: SAATrapHandler found 1 Alliance Access servers
apr 28, 2015 2:08:58 PM org.pabk.emanager.SAATrapHandler execute
INFO: Trap execution started. Entries found: 0
apr 28, 2015 2:08:58 PM org.pabk.emanager.SAATrapHandler execute
INFO: Trap execution ended. Entries processed: 0
apr 28, 2015 2:08:58 PM org.pabk.emanager.SAATrapHandler businessLogic
INFO: SAATrapHandler is SLEEPING
apr 28, 2015 2:09:08 PM org.pabk.emanager.SAATrapHandler businessLogic
INFO: SAATrapHandler is working
apr 28, 2015 2:09:08 PM org.pabk.emanager.SAATrapHandler businessLogic
INFO: SAATrapHandler found 1 Alliance Access servers
apr 28, 2015 2:09:08 PM org.pabk.emanager.SAATrapHandler execute
INFO: Trap execution started. Entries found: 0
apr 28, 2015 2:09:08 PM org.pabk.emanager.SAATrapHandler execute
INFO: Trap execution ended. Entries processed: 0
apr 28, 2015 2:09:08 PM org.pabk.emanager.SAATrapHandler businessLogic
INFO: SAATrapHandler is SLEEPING
apr 28, 2015 2:09:18 PM org.pabk.emanager.SAATrapHandler businessLogic
INFO: SAATrapHandler is working
apr 28, 2015 2:09:18 PM org.pabk.emanager.SAATrapHandler businessLogic
INFO: SAATrapHandler found 1 Alliance Access servers
apr 28, 2015 2:09:18 PM org.pabk.emanager.SAATrapHandler execute
INFO: Trap execution started. Entries found: 0
apr 28, 2015 2:09:18 PM org.pabk.emanager.SAATrapHandler execute
INFO: Trap execution ended. Entries processed: 0
apr 28, 2015 2:09:18 PM org.pabk.emanager.SAATrapHandler businessLogic
INFO: SAATrapHandler is SLEEPING
