sep 26, 2013 1:06:28 PM org.pabk.emanager.HandlerImpl init
INFO: saatraphandler: logger saatraphandler is successfully initailized!
sep 26, 2013 1:06:28 PM org.pabk.emanager.HandlerImpl run
INFO: Module org.pabk.emanager.SAATrapHandler is started!
sep 26, 2013 1:06:28 PM org.pabk.emanager.HandlerImpl checkNeededModules
WARNING: Module org.pabk.emanager.SAATrapHandler needs module mailhandler to working!
sep 26, 2013 1:06:29 PM org.pabk.emanager.SAATrapHandler businessLogic
INFO: SAATrapHandler is working
sep 26, 2013 1:06:29 PM org.pabk.emanager.SAATrapHandler businessLogic
INFO: SAATrapHandler found 4 Alliance Access servers
sep 26, 2013 1:06:29 PM org.pabk.emanager.SAATrapHandler execute
INFO: Trap execution started. Entries found: 0
sep 26, 2013 1:06:29 PM org.pabk.emanager.SAATrapHandler execute
INFO: Trap execution ended. Entries processed: 0
sep 26, 2013 1:06:29 PM org.pabk.emanager.SAATrapHandler execute
INFO: Trap execution started. Entries found: 0
sep 26, 2013 1:06:29 PM org.pabk.emanager.SAATrapHandler execute
INFO: Trap execution ended. Entries processed: 0
sep 26, 2013 1:06:29 PM org.pabk.emanager.SAATrapHandler execute
INFO: Trap execution started. Entries found: 0
sep 26, 2013 1:06:29 PM org.pabk.emanager.SAATrapHandler execute
INFO: Trap execution ended. Entries processed: 0
sep 26, 2013 1:06:29 PM org.pabk.emanager.SAATrapHandler execute
INFO: Trap execution started. Entries found: 0
sep 26, 2013 1:06:29 PM org.pabk.emanager.SAATrapHandler execute
INFO: Trap execution ended. Entries processed: 0
sep 26, 2013 1:06:29 PM org.pabk.emanager.SAATrapHandler businessLogic
INFO: SAATrapHandler is SLEEPING
