feb 25, 2015 12:46:31 PM org.pabk.emanager.HandlerImpl init
INFO: saatraphandler: logger saatraphandler is successfully initailized!
feb 25, 2015 12:46:31 PM org.pabk.emanager.HandlerImpl run
INFO: Module org.pabk.emanager.SAATrapHandler is started!
feb 25, 2015 12:46:31 PM org.pabk.emanager.HandlerImpl checkNeededModules
WARNING: Module org.pabk.emanager.SAATrapHandler needs module mailhandler to working!
feb 25, 2015 12:46:32 PM org.pabk.emanager.SAATrapHandler businessLogic
INFO: SAATrapHandler is working
feb 25, 2015 12:46:32 PM org.pabk.emanager.SAATrapHandler businessLogic
INFO: SAATrapHandler found 4 Alliance Access servers
feb 25, 2015 12:46:32 PM org.pabk.emanager.SAATrapHandler execute
INFO: Trap execution started. Entries found: 0
feb 25, 2015 12:46:32 PM org.pabk.emanager.SAATrapHandler execute
INFO: Trap execution ended. Entries processed: 0
feb 25, 2015 12:46:32 PM org.pabk.emanager.SAATrapHandler execute
INFO: Trap execution started. Entries found: 0
feb 25, 2015 12:46:32 PM org.pabk.emanager.SAATrapHandler execute
INFO: Trap execution ended. Entries processed: 0
feb 25, 2015 12:46:32 PM org.pabk.emanager.SAATrapHandler execute
INFO: Trap execution started. Entries found: 0
feb 25, 2015 12:46:32 PM org.pabk.emanager.SAATrapHandler execute
INFO: Trap execution ended. Entries processed: 0
feb 25, 2015 12:46:32 PM org.pabk.emanager.SAATrapHandler execute
INFO: Trap execution started. Entries found: 0
feb 25, 2015 12:46:32 PM org.pabk.emanager.SAATrapHandler execute
INFO: Trap execution ended. Entries processed: 0
feb 25, 2015 12:46:32 PM org.pabk.emanager.SAATrapHandler businessLogic
INFO: SAATrapHandler is SLEEPING
