2015-02-18 12:55:19,564 INFO [eurogiro-sftp] eurogiro-sftp [SftpFileHandler.java:621] Logger for eurogiro-sftp was saccessfully started
2015-02-18 12:57:10,275 INFO [eurogiro-sftp] eurogiro-sftp [SftpFileHandler.java:621] Logger for eurogiro-sftp was saccessfully started
2015-02-18 12:57:33,950 ERROR [eurogiro-sftp] eurogiro-sftp [SftpFileHandler.java:154] GET: SSH authentication failed
2015-02-18 12:57:52,129 INFO [eurogiro-sftp] eurogiro-sftp [SftpFileHandler.java:224] GET: SSH disconnected
2015-02-18 12:58:00,934 INFO [eurogiro-sftp] eurogiro-sftp [SftpFileHandler.java:136] Properties for eurogiro-sftp was successfully saved
2015-02-18 12:59:26,430 INFO [eurogiro-sftp] eurogiro-sftp [SftpFileHandler.java:621] Logger for eurogiro-sftp was saccessfully started
2015-02-18 13:00:01,825 ERROR [eurogiro-sftp] eurogiro-sftp [SftpFileHandler.java:154] GET: SSH authentication failed
2015-02-18 13:00:01,826 INFO [eurogiro-sftp] eurogiro-sftp [SftpFileHandler.java:224] GET: SSH disconnected
2015-02-18 13:00:02,967 ERROR [eurogiro-sftp] eurogiro-sftp [SftpFileHandler.java:154] GET: SSH authentication failed
2015-02-18 13:00:02,969 INFO [eurogiro-sftp] eurogiro-sftp [SftpFileHandler.java:224] GET: SSH disconnected
2015-02-18 13:00:15,026 INFO [eurogiro-sftp] eurogiro-sftp [SftpFileHandler.java:136] Properties for eurogiro-sftp was successfully saved
2015-02-18 13:02:52,737 INFO [eurogiro-sftp] eurogiro-sftp [SftpFileHandler.java:621] Logger for eurogiro-sftp was saccessfully started
2015-02-18 13:03:08,798 ERROR [eurogiro-sftp] eurogiro-sftp [SftpFileHandler.java:154] GET: SSH authentication failed
2015-02-18 13:03:53,886 INFO [eurogiro-sftp] eurogiro-sftp [SftpFileHandler.java:224] GET: SSH disconnected
2015-02-18 13:03:55,943 INFO [eurogiro-sftp] eurogiro-sftp [SftpFileHandler.java:136] Properties for eurogiro-sftp was successfully saved
2015-02-18 14:06:32,733 INFO [eurogiro-sftp] eurogiro-sftp [SftpFileHandler.java:621] Logger for eurogiro-sftp was saccessfully started
2015-02-18 14:06:38,586 ERROR [eurogiro-sftp] eurogiro-sftp [SftpFileHandler.java:114] conf\euroftp_2048 (SystÈm nemÙûe n·jsù zadan˝ s˙bor)
2015-02-18 14:08:36,753 INFO [eurogiro-sftp] eurogiro-sftp [SftpFileHandler.java:621] Logger for eurogiro-sftp was saccessfully started
2015-02-18 14:08:39,111 ERROR [eurogiro-sftp] eurogiro-sftp [SftpFileHandler.java:114] Failed to decode EOF reached!
2015-02-18 14:08:59,372 INFO [eurogiro-sftp] eurogiro-sftp [SftpFileHandler.java:136] Properties for eurogiro-sftp was successfully saved
2015-02-18 14:09:11,394 INFO [eurogiro-sftp] eurogiro-sftp [SftpFileHandler.java:621] Logger for eurogiro-sftp was saccessfully started
2015-02-18 14:10:03,622 ERROR [eurogiro-sftp] eurogiro-sftp [SftpFileHandler.java:114] Failed to decode EOF reached!
2015-02-18 14:22:00,917 INFO [eurogiro-sftp] eurogiro-sftp [SftpFileHandler.java:621] Logger for eurogiro-sftp was saccessfully started
2015-02-18 14:22:13,530 INFO [eurogiro-sftp] eurogiro-sftp [SftpFileHandler.java:163] GET: SSH authentication complete
2015-02-18 14:31:40,184 INFO [eurogiro-sftp] eurogiro-sftp [SftpFileHandler.java:621] Logger for eurogiro-sftp was saccessfully started
2015-02-18 14:31:48,783 INFO [eurogiro-sftp] eurogiro-sftp [SftpFileHandler.java:163] GET: SSH authentication complete
2015-02-18 14:32:22,900 INFO [eurogiro-sftp] eurogiro-sftp [SftpFileHandler.java:224] GET: SSH disconnected
2015-02-18 14:33:14,948 INFO [eurogiro-sftp] eurogiro-sftp [SftpFileHandler.java:136] Properties for eurogiro-sftp was successfully saved
2015-02-18 14:39:19,628 INFO [eurogiro-sftp] eurogiro-sftp [SftpFileHandler.java:621] Logger for eurogiro-sftp was saccessfully started
2015-02-18 14:39:53,573 ERROR [eurogiro-sftp] eurogiro-sftp [SftpFileHandler.java:220] Connection timed out: connect
2015-02-18 14:39:58,405 INFO [eurogiro-sftp] eurogiro-sftp [SftpFileHandler.java:224] GET: SSH disconnected
2015-02-18 14:40:32,766 INFO [eurogiro-sftp] eurogiro-sftp [SftpFileHandler.java:136] Properties for eurogiro-sftp was successfully saved
2015-02-18 15:22:41,465 INFO [eurogiro-sftp] eurogiro-sftp [SftpFileHandler.java:621] Logger for eurogiro-sftp was saccessfully started
2015-02-18 15:23:27,698 ERROR [eurogiro-sftp] eurogiro-sftp [SftpFileHandler.java:220] Connection timed out: connect
2015-02-18 15:23:27,701 INFO [eurogiro-sftp] eurogiro-sftp [SftpFileHandler.java:224] GET: SSH disconnected
2015-02-18 15:23:34,776 INFO [eurogiro-sftp] eurogiro-sftp [SftpFileHandler.java:136] Properties for eurogiro-sftp was successfully saved
