2015-12-22 10:59:11,588 INFO [main] o.p.e.Manager [Sys.java:251] Logger for org.pabk.emanager.Manager was successfully started
2015-12-22 10:59:11,603 INFO [main] o.p.e.Manager [Sys.java:145] Set module name to manager
2015-12-22 10:59:11,603 WARN [main] o.p.e.Manager [Sys.java:148] Property have a null value
2015-12-22 10:59:11,603 INFO [main] o.p.e.Manager [Sys.java:145] Property org.pabk.emanager.Manager.neededModules have a null value, default value null is used instead
2015-12-22 10:59:11,603 INFO [main] o.p.e.Manager [Sys.java:145] Needed modules check successful for moduele manager, Module manager goes to started state
2015-12-22 11:09:21,140 INFO [main] o.p.e.Manager [Sys.java:251] Logger for org.pabk.emanager.Manager was successfully started
2015-12-22 11:09:34,463 INFO [main] o.p.e.Manager [Sys.java:145] Set module name to manager
2015-12-22 11:09:41,798 WARN [main] o.p.e.Manager [Sys.java:148] Property have a null value
2015-12-22 11:09:41,813 INFO [main] o.p.e.Manager [Sys.java:145] Property org.pabk.emanager.Manager.neededModules have a null value, default value null is used instead
2015-12-22 11:10:06,868 INFO [main] o.p.e.Manager [Sys.java:145] Needed modules check successful for moduele manager, Module manager goes to started state
2015-12-22 11:31:34,031 INFO [main] o.p.e.Manager [Sys.java:251] Logger for org.pabk.emanager.Manager was successfully started
2015-12-22 11:31:34,031 INFO [main] o.p.e.Manager [Sys.java:145] Set module name to manager
2015-12-22 13:37:01,398 INFO [main] o.p.e.Manager [Sys.java:252] Logger for org.pabk.emanager.Manager was successfully started
2015-12-22 13:37:01,398 INFO [main] o.p.e.Manager [Sys.java:146] Set module name to manager
2015-12-22 13:37:01,398 INFO [main] o.p.e.Manager [Sys.java:146] Load property value null for property org.pabk.emanager.Manager.neededModules for object Manager
2015-12-22 13:37:01,398 INFO [main] o.p.e.Manager [Sys.java:146] Needed modules check successful for moduele manager, Module manager goes to started state
2015-12-22 13:47:08,597 INFO [main] o.p.e.Manager [Sys.java:252] Logger for org.pabk.emanager.Manager was successfully started
2015-12-22 13:47:08,597 INFO [main] o.p.e.Manager [Sys.java:146] Set module name to manager
2015-12-22 13:47:08,597 INFO [main] o.p.e.Manager [Sys.java:146] Load property value null for property org.pabk.emanager.Manager.neededModules for object Manager
2015-12-22 13:47:08,597 INFO [main] o.p.e.Manager [Sys.java:146] Needed modules check successful for moduele manager, Module manager goes to started state
2015-12-22 13:47:43,818 INFO [main] o.p.e.Manager [Sys.java:252] Logger for org.pabk.emanager.Manager was successfully started
2015-12-22 13:47:43,818 INFO [main] o.p.e.Manager [Sys.java:146] Set module name to manager
2015-12-22 13:47:43,818 INFO [main] o.p.e.Manager [Sys.java:146] Load property value null for property org.pabk.emanager.Manager.neededModules for object Manager
2015-12-22 13:47:43,818 INFO [main] o.p.e.Manager [Sys.java:146] Needed modules check successful for moduele manager, Module manager goes to started state
2015-12-22 14:13:07,381 INFO [main] o.p.e.Manager [Sys.java:252] Logger for org.pabk.emanager.Manager was successfully started
2015-12-22 14:13:07,381 INFO [main] o.p.e.Manager [Sys.java:146] Set module name to manager
2015-12-22 14:13:07,381 INFO [main] o.p.e.Manager [Sys.java:146] Load property value null for property org.pabk.emanager.Manager.neededModules for object Manager
2015-12-22 14:13:07,381 INFO [main] o.p.e.Manager [Sys.java:146] Needed modules check successful for moduele manager, Module manager goes to started state
2015-12-22 14:22:11,657 INFO [main] o.p.e.Manager [Sys.java:252] Logger for org.pabk.emanager.Manager was successfully started
2015-12-22 14:22:11,657 INFO [main] o.p.e.Manager [Sys.java:146] Set module name to manager
2015-12-22 14:22:11,657 INFO [main] o.p.e.Manager [Sys.java:146] Load property value interpreter for property org.pabk.emanager.Manager.neededModules for object Manager
2015-12-22 14:23:45,433 INFO [main] o.p.e.Manager [Sys.java:252] Logger for org.pabk.emanager.Manager was successfully started
2015-12-22 14:23:45,433 INFO [main] o.p.e.Manager [Sys.java:146] Set module name to manager
2015-12-22 14:32:27,193 INFO [main] o.p.e.Manager [Sys.java:252] Logger for org.pabk.emanager.Manager was successfully started
2015-12-22 14:32:27,193 INFO [main] o.p.e.Manager [Sys.java:146] Set module name to manager
2015-12-22 14:33:40,094 INFO [main] o.p.e.Manager [Sys.java:146] Load property value interpreter for property org.pabk.emanager.Manager.neededModules for object Manager
2015-12-22 14:34:47,584 INFO [main] o.p.e.Manager [Sys.java:252] Logger for org.pabk.emanager.Manager was successfully started
2015-12-22 14:34:47,584 INFO [main] o.p.e.Manager [Sys.java:146] Set module name to manager
2015-12-22 14:34:47,584 INFO [main] o.p.e.Manager [Sys.java:146] Load property value interpreter for property org.pabk.emanager.Manager.neededModules for object Manager
2015-12-22 14:34:47,584 INFO [main] o.p.e.Manager [Sys.java:146] Send request to load module interpreter from module manager
2015-12-22 14:39:14,662 INFO [main] o.p.e.Manager [Sys.java:252] Logger for org.pabk.emanager.Manager was successfully started
2015-12-22 14:39:14,662 INFO [main] o.p.e.Manager [Sys.java:146] Set module name to manager
2015-12-22 14:39:14,662 INFO [main] o.p.e.Manager [Sys.java:146] Load property value interpreter for property org.pabk.emanager.Manager.neededModules for object Manager
2015-12-22 14:39:14,662 INFO [main] o.p.e.Manager [Sys.java:146] Send request to load module interpreter from module manager
2015-12-22 14:39:14,677 INFO [main] o.p.e.Manager [Sys.java:146] Send request to load module interpreter from module manager
2015-12-22 14:39:14,693 INFO [main] o.p.e.Manager [Sys.java:146] Send request to load module interpreter from module manager
2015-12-22 14:39:14,709 INFO [main] o.p.e.Manager [Sys.java:146] Send request to load module interpreter from module manager
2015-12-22 14:39:14,724 INFO [main] o.p.e.Manager [Sys.java:146] Send request to load module interpreter from module manager
2015-12-22 14:39:14,740 INFO [main] o.p.e.Manager [Sys.java:146] Send request to load module interpreter from module manager
2015-12-22 14:39:14,755 INFO [main] o.p.e.Manager [Sys.java:146] Send request to load module interpreter from module manager
2015-12-22 14:39:14,771 INFO [main] o.p.e.Manager [Sys.java:146] Send request to load module interpreter from module manager
2015-12-22 14:39:14,787 INFO [main] o.p.e.Manager [Sys.java:146] Send request to load module interpreter from module manager
2015-12-22 14:39:14,802 INFO [main] o.p.e.Manager [Sys.java:146] Send request to load module interpreter from module manager
2015-12-22 14:39:14,802 ERROR [main] o.p.e.Manager [Sys.java:155] Needed modules check failed for module manager, Module manager goes to on error state
2015-12-22 14:39:14,802 ERROR [main] o.p.e.Manager [Sys.java:155] Failed to initialize module manager
2015-12-22 14:58:18,907 INFO [main] o.p.e.Manager [Sys.java:252] Logger for org.pabk.emanager.Manager was successfully started
2015-12-22 14:58:18,907 INFO [main] o.p.e.Manager [Sys.java:146] Set module name to manager
2015-12-22 14:58:18,907 INFO [main] o.p.e.Manager [Sys.java:146] Load property value interpreter for property org.pabk.emanager.Manager.neededModules for object Manager
2015-12-22 14:58:18,907 INFO [main] o.p.e.Manager [Sys.java:146] Send request to load module interpreter from module manager
2015-12-22 14:58:18,923 INFO [main] o.p.e.Manager [Sys.java:146] Send request to load module interpreter from module manager
2015-12-22 14:58:18,939 INFO [main] o.p.e.Manager [Sys.java:146] Send request to load module interpreter from module manager
2015-12-22 14:58:18,954 INFO [main] o.p.e.Manager [Sys.java:146] Send request to load module interpreter from module manager
2015-12-22 14:58:18,970 INFO [main] o.p.e.Manager [Sys.java:146] Send request to load module interpreter from module manager
2015-12-22 14:58:18,985 INFO [main] o.p.e.Manager [Sys.java:146] Send request to load module interpreter from module manager
2015-12-22 14:58:19,001 INFO [main] o.p.e.Manager [Sys.java:146] Send request to load module interpreter from module manager
2015-12-22 14:58:19,017 INFO [main] o.p.e.Manager [Sys.java:146] Send request to load module interpreter from module manager
2015-12-22 14:58:19,032 INFO [main] o.p.e.Manager [Sys.java:146] Send request to load module interpreter from module manager
2015-12-22 14:58:19,048 INFO [main] o.p.e.Manager [Sys.java:146] Send request to load module interpreter from module manager
2015-12-22 14:58:19,048 ERROR [main] o.p.e.Manager [Sys.java:155] Needed modules check failed for module manager, Module manager goes to on error state
2015-12-22 14:58:19,048 ERROR [main] o.p.e.Manager [Sys.java:155] Failed to initialize module manager
