mar 06, 2015 9:59:08 AM org.pabk.emanager.HandlerImpl init
INFO: datagramcollector: logger datagramcollector is successfully initailized!
mar 06, 2015 9:59:08 AM org.pabk.emanager.HandlerImpl run
INFO: Module org.pabk.emanager.DatagramCollector is started!
mar 06, 2015 9:59:08 AM org.pabk.emanager.DatagramCollector businessLogic
INFO: Used Default Alliance Access servers: P3600X006,192.168.210.10,192.168.210.20,192.168.210.30
mar 06, 2015 9:59:08 AM org.pabk.emanager.DatagramCollector businessLogic
INFO: DatagramCollector is working
mar 06, 2015 9:59:08 AM org.pabk.emanager.DatagramCollector businessLogic
INFO: DatagramCollector goes to sleep
mar 06, 2015 9:59:09 AM org.pabk.emanager.DatagramCollector businessLogic
INFO: DatagramCollector is working
mar 06, 2015 9:59:09 AM org.pabk.emanager.DatagramCollector businessLogic
INFO: DatagramCollector goes to sleep
mar 06, 2015 9:59:10 AM org.pabk.emanager.DatagramCollector businessLogic
INFO: DatagramCollector is working
mar 06, 2015 9:59:10 AM org.pabk.emanager.DatagramCollector businessLogic
INFO: DatagramCollector goes to sleep
mar 06, 2015 9:59:11 AM org.pabk.emanager.DatagramCollector businessLogic
INFO: DatagramCollector is working
mar 06, 2015 9:59:11 AM org.pabk.emanager.DatagramCollector businessLogic
INFO: DatagramCollector goes to sleep
mar 06, 2015 9:59:12 AM org.pabk.emanager.DatagramCollector businessLogic
INFO: DatagramCollector is working
mar 06, 2015 9:59:12 AM org.pabk.emanager.DatagramCollector businessLogic
INFO: DatagramCollector goes to sleep
mar 06, 2015 9:59:13 AM org.pabk.emanager.DatagramCollector businessLogic
INFO: DatagramCollector is working
mar 06, 2015 9:59:13 AM org.pabk.emanager.DatagramCollector businessLogic
INFO: DatagramCollector goes to sleep
mar 06, 2015 9:59:15 AM org.pabk.emanager.DatagramCollector businessLogic
INFO: DatagramCollector is working
mar 06, 2015 9:59:15 AM org.pabk.emanager.DatagramCollector businessLogic
INFO: DatagramCollector goes to sleep
mar 06, 2015 9:59:16 AM org.pabk.emanager.DatagramCollector businessLogic
INFO: DatagramCollector is working
mar 06, 2015 9:59:16 AM org.pabk.emanager.DatagramCollector businessLogic
INFO: DatagramCollector goes to sleep
mar 06, 2015 9:59:17 AM org.pabk.emanager.DatagramCollector businessLogic
INFO: DatagramCollector is working
mar 06, 2015 9:59:17 AM org.pabk.emanager.DatagramCollector businessLogic
INFO: DatagramCollector goes to sleep
mar 06, 2015 9:59:18 AM org.pabk.emanager.DatagramCollector businessLogic
INFO: DatagramCollector is working
mar 06, 2015 9:59:18 AM org.pabk.emanager.DatagramCollector businessLogic
INFO: DatagramCollector goes to sleep
mar 06, 2015 9:59:19 AM org.pabk.emanager.DatagramCollector businessLogic
INFO: DatagramCollector is working
mar 06, 2015 9:59:19 AM org.pabk.emanager.DatagramCollector businessLogic
INFO: DatagramCollector goes to sleep
mar 06, 2015 9:59:20 AM org.pabk.emanager.DatagramCollector businessLogic
INFO: DatagramCollector is working
mar 06, 2015 9:59:20 AM org.pabk.emanager.DatagramCollector businessLogic
INFO: DatagramCollector goes to sleep
mar 06, 2015 9:59:21 AM org.pabk.emanager.DatagramCollector businessLogic
INFO: DatagramCollector is working
mar 06, 2015 9:59:21 AM org.pabk.emanager.DatagramCollector businessLogic
INFO: DatagramCollector goes to sleep
mar 06, 2015 9:59:22 AM org.pabk.emanager.DatagramCollector businessLogic
INFO: DatagramCollector is working
mar 06, 2015 9:59:22 AM org.pabk.emanager.DatagramCollector businessLogic
INFO: DatagramCollector goes to sleep
mar 06, 2015 9:59:23 AM org.pabk.emanager.DatagramCollector businessLogic
INFO: DatagramCollector is working
mar 06, 2015 9:59:23 AM org.pabk.emanager.DatagramCollector businessLogic
INFO: DatagramCollector goes to sleep
mar 06, 2015 9:59:24 AM org.pabk.emanager.DatagramCollector businessLogic
INFO: DatagramCollector is working
mar 06, 2015 9:59:24 AM org.pabk.emanager.DatagramCollector businessLogic
INFO: DatagramCollector goes to sleep
mar 06, 2015 9:59:25 AM org.pabk.emanager.DatagramCollector businessLogic
INFO: DatagramCollector is working
mar 06, 2015 9:59:25 AM org.pabk.emanager.DatagramCollector businessLogic
INFO: DatagramCollector goes to sleep
mar 06, 2015 9:59:26 AM org.pabk.emanager.DatagramCollector businessLogic
INFO: DatagramCollector is working
mar 06, 2015 9:59:26 AM org.pabk.emanager.DatagramCollector businessLogic
INFO: DatagramCollector goes to sleep
mar 06, 2015 9:59:27 AM org.pabk.emanager.DatagramCollector businessLogic
INFO: DatagramCollector is working
mar 06, 2015 9:59:27 AM org.pabk.emanager.DatagramCollector businessLogic
INFO: DatagramCollector goes to sleep
mar 06, 2015 9:59:28 AM org.pabk.emanager.DatagramCollector businessLogic
INFO: DatagramCollector is working
mar 06, 2015 9:59:28 AM org.pabk.emanager.DatagramCollector businessLogic
INFO: DatagramCollector goes to sleep
mar 06, 2015 9:59:29 AM org.pabk.emanager.DatagramCollector businessLogic
INFO: DatagramCollector is working
mar 06, 2015 9:59:29 AM org.pabk.emanager.DatagramCollector businessLogic
INFO: DatagramCollector goes to sleep
mar 06, 2015 9:59:30 AM org.pabk.emanager.DatagramCollector businessLogic
INFO: DatagramCollector is working
mar 06, 2015 9:59:30 AM org.pabk.emanager.DatagramCollector businessLogic
INFO: DatagramCollector goes to sleep
mar 06, 2015 9:59:31 AM org.pabk.emanager.DatagramCollector businessLogic
INFO: DatagramCollector is working
mar 06, 2015 9:59:31 AM org.pabk.emanager.DatagramCollector businessLogic
INFO: DatagramCollector goes to sleep
mar 06, 2015 9:59:32 AM org.pabk.emanager.DatagramCollector businessLogic
INFO: DatagramCollector is working
mar 06, 2015 9:59:32 AM org.pabk.emanager.DatagramCollector businessLogic
INFO: DatagramCollector goes to sleep
mar 06, 2015 9:59:33 AM org.pabk.emanager.DatagramCollector businessLogic
INFO: DatagramCollector is working
mar 06, 2015 9:59:33 AM org.pabk.emanager.DatagramCollector businessLogic
INFO: DatagramCollector goes to sleep
mar 06, 2015 9:59:34 AM org.pabk.emanager.DatagramCollector businessLogic
INFO: DatagramCollector is working
mar 06, 2015 9:59:34 AM org.pabk.emanager.DatagramCollector businessLogic
INFO: DatagramCollector goes to sleep
mar 06, 2015 9:59:35 AM org.pabk.emanager.DatagramCollector businessLogic
INFO: DatagramCollector is working
mar 06, 2015 9:59:35 AM org.pabk.emanager.DatagramCollector businessLogic
INFO: DatagramCollector goes to sleep
mar 06, 2015 9:59:36 AM org.pabk.emanager.DatagramCollector businessLogic
INFO: DatagramCollector is working
mar 06, 2015 9:59:36 AM org.pabk.emanager.DatagramCollector businessLogic
INFO: DatagramCollector goes to sleep
mar 06, 2015 9:59:37 AM org.pabk.emanager.DatagramCollector businessLogic
INFO: DatagramCollector is working
mar 06, 2015 9:59:37 AM org.pabk.emanager.DatagramCollector businessLogic
INFO: DatagramCollector goes to sleep
mar 06, 2015 9:59:38 AM org.pabk.emanager.DatagramCollector businessLogic
INFO: DatagramCollector is working
mar 06, 2015 9:59:38 AM org.pabk.emanager.DatagramCollector businessLogic
INFO: DatagramCollector goes to sleep
mar 06, 2015 9:59:39 AM org.pabk.emanager.DatagramCollector businessLogic
INFO: DatagramCollector is working
mar 06, 2015 9:59:39 AM org.pabk.emanager.DatagramCollector businessLogic
INFO: DatagramCollector goes to sleep
mar 06, 2015 9:59:40 AM org.pabk.emanager.DatagramCollector businessLogic
INFO: DatagramCollector is working
mar 06, 2015 9:59:40 AM org.pabk.emanager.DatagramCollector businessLogic
INFO: DatagramCollector goes to sleep
mar 06, 2015 9:59:41 AM org.pabk.emanager.DatagramCollector businessLogic
INFO: DatagramCollector is working
mar 06, 2015 9:59:41 AM org.pabk.emanager.DatagramCollector businessLogic
INFO: DatagramCollector goes to sleep
