mar 06, 2015 10:03:27 AM org.pabk.emanager.HandlerImpl init
INFO: datagramcollector: logger datagramcollector is successfully initailized!
mar 06, 2015 10:03:27 AM org.pabk.emanager.HandlerImpl run
INFO: Module org.pabk.emanager.DatagramCollector is started!
mar 06, 2015 10:03:27 AM org.pabk.emanager.DatagramCollector businessLogic
INFO: Used Default Alliance Access servers: P3600X006,192.168.210.10,192.168.210.20,192.168.210.30
mar 06, 2015 10:03:27 AM org.pabk.emanager.DatagramCollector businessLogic
INFO: DatagramCollector is working
mar 06, 2015 10:03:27 AM org.pabk.emanager.DatagramCollector businessLogic
INFO: DatagramCollector goes to sleep
mar 06, 2015 10:03:29 AM org.pabk.emanager.DatagramCollector businessLogic
INFO: DatagramCollector is working
mar 06, 2015 10:03:29 AM org.pabk.emanager.DatagramCollector businessLogic
INFO: DatagramCollector goes to sleep
mar 06, 2015 10:03:30 AM org.pabk.emanager.DatagramCollector businessLogic
INFO: DatagramCollector is working
mar 06, 2015 10:03:30 AM org.pabk.emanager.DatagramCollector businessLogic
INFO: DatagramCollector goes to sleep
mar 06, 2015 10:03:31 AM org.pabk.emanager.DatagramCollector businessLogic
INFO: DatagramCollector is working
mar 06, 2015 10:03:31 AM org.pabk.emanager.DatagramCollector businessLogic
INFO: DatagramCollector goes to sleep
