mar 06, 2015 9:52:07 AM org.pabk.emanager.HandlerImpl init
INFO: datagramcollector: logger datagramcollector is successfully initailized!
mar 06, 2015 9:52:07 AM org.pabk.emanager.HandlerImpl run
INFO: Module org.pabk.emanager.DatagramCollector is started!
mar 06, 2015 9:52:07 AM org.pabk.emanager.DatagramCollector businessLogic
INFO: Used Default Alliance Access servers: P3600X006,192.168.210.10,192.168.210.20,192.168.210.30
mar 06, 2015 9:52:07 AM org.pabk.emanager.DatagramCollector businessLogic
INFO: DatagramCollector is working
mar 06, 2015 9:52:07 AM org.pabk.emanager.DatagramCollector businessLogic
INFO: DatagramCollector goes to sleep
mar 06, 2015 9:52:08 AM org.pabk.emanager.DatagramCollector businessLogic
INFO: DatagramCollector is working
mar 06, 2015 9:52:08 AM org.pabk.emanager.DatagramCollector businessLogic
INFO: DatagramCollector goes to sleep
mar 06, 2015 9:52:09 AM org.pabk.emanager.DatagramCollector businessLogic
INFO: DatagramCollector is working
mar 06, 2015 9:52:09 AM org.pabk.emanager.DatagramCollector businessLogic
INFO: DatagramCollector goes to sleep
mar 06, 2015 9:52:10 AM org.pabk.emanager.DatagramCollector businessLogic
INFO: DatagramCollector is working
mar 06, 2015 9:52:10 AM org.pabk.emanager.DatagramCollector businessLogic
INFO: DatagramCollector goes to sleep
mar 06, 2015 9:52:11 AM org.pabk.emanager.DatagramCollector businessLogic
INFO: DatagramCollector is working
mar 06, 2015 9:52:11 AM org.pabk.emanager.DatagramCollector businessLogic
INFO: DatagramCollector goes to sleep
mar 06, 2015 9:52:12 AM org.pabk.emanager.DatagramCollector businessLogic
INFO: DatagramCollector is working
mar 06, 2015 9:52:12 AM org.pabk.emanager.DatagramCollector businessLogic
INFO: DatagramCollector goes to sleep
mar 06, 2015 9:52:13 AM org.pabk.emanager.DatagramCollector businessLogic
INFO: DatagramCollector is working
mar 06, 2015 9:52:13 AM org.pabk.emanager.DatagramCollector businessLogic
INFO: DatagramCollector goes to sleep
mar 06, 2015 9:52:14 AM org.pabk.emanager.DatagramCollector businessLogic
INFO: DatagramCollector is working
mar 06, 2015 9:52:14 AM org.pabk.emanager.DatagramCollector businessLogic
INFO: DatagramCollector goes to sleep
mar 06, 2015 9:52:15 AM org.pabk.emanager.DatagramCollector businessLogic
INFO: DatagramCollector is working
mar 06, 2015 9:52:15 AM org.pabk.emanager.DatagramCollector businessLogic
INFO: DatagramCollector goes to sleep
mar 06, 2015 9:52:16 AM org.pabk.emanager.DatagramCollector businessLogic
INFO: DatagramCollector is working
mar 06, 2015 9:52:16 AM org.pabk.emanager.DatagramCollector businessLogic
INFO: DatagramCollector goes to sleep
mar 06, 2015 9:52:17 AM org.pabk.emanager.DatagramCollector businessLogic
INFO: DatagramCollector is working
mar 06, 2015 9:52:17 AM org.pabk.emanager.DatagramCollector businessLogic
INFO: DatagramCollector goes to sleep
mar 06, 2015 9:52:18 AM org.pabk.emanager.DatagramCollector businessLogic
INFO: DatagramCollector is working
mar 06, 2015 9:52:18 AM org.pabk.emanager.DatagramCollector businessLogic
INFO: DatagramCollector goes to sleep
mar 06, 2015 9:52:19 AM org.pabk.emanager.DatagramCollector businessLogic
INFO: DatagramCollector is working
mar 06, 2015 9:52:19 AM org.pabk.emanager.DatagramCollector businessLogic
INFO: DatagramCollector goes to sleep
mar 06, 2015 9:52:20 AM org.pabk.emanager.DatagramCollector businessLogic
INFO: DatagramCollector is working
mar 06, 2015 9:52:20 AM org.pabk.emanager.DatagramCollector businessLogic
INFO: DatagramCollector goes to sleep
mar 06, 2015 9:52:21 AM org.pabk.emanager.DatagramCollector businessLogic
INFO: DatagramCollector is working
mar 06, 2015 9:52:21 AM org.pabk.emanager.DatagramCollector businessLogic
INFO: DatagramCollector goes to sleep
mar 06, 2015 9:52:22 AM org.pabk.emanager.DatagramCollector businessLogic
INFO: DatagramCollector is working
mar 06, 2015 9:52:22 AM org.pabk.emanager.DatagramCollector businessLogic
INFO: DatagramCollector goes to sleep
mar 06, 2015 9:52:23 AM org.pabk.emanager.DatagramCollector businessLogic
INFO: DatagramCollector is working
mar 06, 2015 9:52:23 AM org.pabk.emanager.DatagramCollector businessLogic
INFO: DatagramCollector goes to sleep
mar 06, 2015 9:52:24 AM org.pabk.emanager.DatagramCollector businessLogic
INFO: DatagramCollector is working
mar 06, 2015 9:52:24 AM org.pabk.emanager.DatagramCollector businessLogic
INFO: DatagramCollector goes to sleep
mar 06, 2015 9:52:25 AM org.pabk.emanager.DatagramCollector businessLogic
INFO: DatagramCollector is working
mar 06, 2015 9:52:25 AM org.pabk.emanager.DatagramCollector businessLogic
INFO: DatagramCollector goes to sleep
mar 06, 2015 9:52:26 AM org.pabk.emanager.DatagramCollector businessLogic
INFO: DatagramCollector is working
mar 06, 2015 9:52:26 AM org.pabk.emanager.DatagramCollector businessLogic
INFO: DatagramCollector goes to sleep
mar 06, 2015 9:52:27 AM org.pabk.emanager.DatagramCollector businessLogic
INFO: DatagramCollector is working
mar 06, 2015 9:52:27 AM org.pabk.emanager.DatagramCollector businessLogic
INFO: DatagramCollector goes to sleep
mar 06, 2015 9:52:28 AM org.pabk.emanager.DatagramCollector businessLogic
INFO: DatagramCollector is working
mar 06, 2015 9:52:28 AM org.pabk.emanager.DatagramCollector businessLogic
INFO: DatagramCollector goes to sleep
mar 06, 2015 9:52:29 AM org.pabk.emanager.DatagramCollector businessLogic
INFO: DatagramCollector is working
mar 06, 2015 9:52:29 AM org.pabk.emanager.DatagramCollector businessLogic
INFO: DatagramCollector goes to sleep
mar 06, 2015 9:52:30 AM org.pabk.emanager.DatagramCollector businessLogic
INFO: DatagramCollector is working
mar 06, 2015 9:52:30 AM org.pabk.emanager.DatagramCollector businessLogic
INFO: DatagramCollector goes to sleep
mar 06, 2015 9:52:32 AM org.pabk.emanager.DatagramCollector businessLogic
INFO: DatagramCollector is working
mar 06, 2015 9:52:32 AM org.pabk.emanager.DatagramCollector businessLogic
INFO: DatagramCollector goes to sleep
mar 06, 2015 9:52:33 AM org.pabk.emanager.DatagramCollector businessLogic
INFO: DatagramCollector is working
mar 06, 2015 9:52:33 AM org.pabk.emanager.DatagramCollector businessLogic
INFO: DatagramCollector goes to sleep
mar 06, 2015 9:52:34 AM org.pabk.emanager.DatagramCollector businessLogic
INFO: DatagramCollector is working
mar 06, 2015 9:52:34 AM org.pabk.emanager.DatagramCollector businessLogic
INFO: DatagramCollector goes to sleep
mar 06, 2015 9:52:35 AM org.pabk.emanager.DatagramCollector businessLogic
INFO: DatagramCollector is working
mar 06, 2015 9:52:35 AM org.pabk.emanager.DatagramCollector businessLogic
INFO: DatagramCollector goes to sleep
mar 06, 2015 9:52:36 AM org.pabk.emanager.DatagramCollector businessLogic
INFO: DatagramCollector is working
mar 06, 2015 9:52:36 AM org.pabk.emanager.DatagramCollector businessLogic
INFO: DatagramCollector goes to sleep
