mar 06, 2015 10:06:42 AM org.pabk.emanager.HandlerImpl init
INFO: datagramcollector: logger datagramcollector is successfully initailized!
mar 06, 2015 10:06:42 AM org.pabk.emanager.HandlerImpl run
INFO: Module org.pabk.emanager.DatagramCollector is started!
mar 06, 2015 10:06:42 AM org.pabk.emanager.DatagramCollector businessLogic
INFO: Used Default Alliance Access servers: 10.1.4.41
mar 06, 2015 10:06:42 AM org.pabk.emanager.DatagramCollector businessLogic
INFO: DatagramCollector is working
mar 06, 2015 10:06:42 AM org.pabk.emanager.DatagramCollector businessLogic
INFO: DatagramCollector goes to sleep
mar 06, 2015 10:06:44 AM org.pabk.emanager.DatagramCollector businessLogic
INFO: DatagramCollector is working
mar 06, 2015 10:06:44 AM org.pabk.emanager.DatagramCollector businessLogic
INFO: DatagramCollector goes to sleep
mar 06, 2015 10:06:45 AM org.pabk.emanager.DatagramCollector businessLogic
INFO: DatagramCollector is working
mar 06, 2015 10:06:45 AM org.pabk.emanager.DatagramCollector businessLogic
INFO: DatagramCollector goes to sleep
mar 06, 2015 10:06:46 AM org.pabk.emanager.DatagramCollector businessLogic
INFO: DatagramCollector is working
mar 06, 2015 10:06:46 AM org.pabk.emanager.DatagramCollector businessLogic
INFO: DatagramCollector goes to sleep
mar 06, 2015 10:06:47 AM org.pabk.emanager.DatagramCollector businessLogic
INFO: DatagramCollector is working
mar 06, 2015 10:06:47 AM org.pabk.emanager.DatagramCollector businessLogic
INFO: DatagramCollector goes to sleep
mar 06, 2015 10:06:48 AM org.pabk.emanager.DatagramCollector businessLogic
INFO: DatagramCollector is working
mar 06, 2015 10:06:48 AM org.pabk.emanager.DatagramCollector businessLogic
INFO: DatagramCollector goes to sleep
mar 06, 2015 10:06:49 AM org.pabk.emanager.DatagramCollector businessLogic
INFO: DatagramCollector is working
mar 06, 2015 10:06:49 AM org.pabk.emanager.DatagramCollector businessLogic
INFO: DatagramCollector goes to sleep
mar 06, 2015 10:06:50 AM org.pabk.emanager.DatagramCollector businessLogic
INFO: DatagramCollector is working
mar 06, 2015 10:06:50 AM org.pabk.emanager.DatagramCollector businessLogic
INFO: DatagramCollector goes to sleep
mar 06, 2015 10:06:51 AM org.pabk.emanager.DatagramCollector businessLogic
INFO: DatagramCollector is working
mar 06, 2015 10:06:51 AM org.pabk.emanager.DatagramCollector businessLogic
INFO: DatagramCollector goes to sleep
mar 06, 2015 10:06:52 AM org.pabk.emanager.DatagramCollector businessLogic
INFO: DatagramCollector is working
mar 06, 2015 10:06:52 AM org.pabk.emanager.DatagramCollector businessLogic
INFO: DatagramCollector goes to sleep
mar 06, 2015 10:06:53 AM org.pabk.emanager.DatagramCollector businessLogic
INFO: DatagramCollector is working
mar 06, 2015 10:06:53 AM org.pabk.emanager.DatagramCollector businessLogic
INFO: DatagramCollector goes to sleep
mar 06, 2015 10:06:54 AM org.pabk.emanager.DatagramCollector businessLogic
INFO: DatagramCollector is working
mar 06, 2015 10:06:54 AM org.pabk.emanager.DatagramCollector businessLogic
INFO: DatagramCollector goes to sleep
mar 06, 2015 10:06:55 AM org.pabk.emanager.DatagramCollector businessLogic
INFO: DatagramCollector is working
mar 06, 2015 10:06:55 AM org.pabk.emanager.DatagramCollector businessLogic
INFO: DatagramCollector goes to sleep
mar 06, 2015 10:06:56 AM org.pabk.emanager.DatagramCollector businessLogic
INFO: DatagramCollector is working
mar 06, 2015 10:06:56 AM org.pabk.emanager.DatagramCollector businessLogic
INFO: DatagramCollector goes to sleep
mar 06, 2015 10:06:57 AM org.pabk.emanager.DatagramCollector businessLogic
INFO: DatagramCollector is working
mar 06, 2015 10:06:57 AM org.pabk.emanager.DatagramCollector businessLogic
INFO: DatagramCollector goes to sleep
mar 06, 2015 10:06:58 AM org.pabk.emanager.DatagramCollector businessLogic
INFO: DatagramCollector is working
mar 06, 2015 10:06:58 AM org.pabk.emanager.DatagramCollector businessLogic
INFO: DatagramCollector goes to sleep
mar 06, 2015 10:06:59 AM org.pabk.emanager.DatagramCollector businessLogic
INFO: DatagramCollector is working
mar 06, 2015 10:06:59 AM org.pabk.emanager.DatagramCollector businessLogic
INFO: DatagramCollector goes to sleep
mar 06, 2015 10:07:00 AM org.pabk.emanager.DatagramCollector businessLogic
INFO: DatagramCollector is working
mar 06, 2015 10:07:00 AM org.pabk.emanager.DatagramCollector businessLogic
INFO: DatagramCollector goes to sleep
mar 06, 2015 10:07:01 AM org.pabk.emanager.DatagramCollector businessLogic
INFO: DatagramCollector is working
mar 06, 2015 10:07:01 AM org.pabk.emanager.DatagramCollector businessLogic
INFO: DatagramCollector goes to sleep
mar 06, 2015 10:07:02 AM org.pabk.emanager.DatagramCollector businessLogic
INFO: DatagramCollector is working
mar 06, 2015 10:07:02 AM org.pabk.emanager.DatagramCollector businessLogic
INFO: DatagramCollector goes to sleep
mar 06, 2015 10:07:03 AM org.pabk.emanager.DatagramCollector businessLogic
INFO: DatagramCollector is working
mar 06, 2015 10:07:03 AM org.pabk.emanager.DatagramCollector businessLogic
INFO: DatagramCollector goes to sleep
mar 06, 2015 10:07:04 AM org.pabk.emanager.DatagramCollector businessLogic
INFO: DatagramCollector is working
mar 06, 2015 10:07:04 AM org.pabk.emanager.DatagramCollector businessLogic
INFO: DatagramCollector goes to sleep
mar 06, 2015 10:07:05 AM org.pabk.emanager.DatagramCollector businessLogic
INFO: DatagramCollector is working
mar 06, 2015 10:07:05 AM org.pabk.emanager.DatagramCollector businessLogic
INFO: DatagramCollector goes to sleep
mar 06, 2015 10:07:06 AM org.pabk.emanager.DatagramCollector businessLogic
INFO: DatagramCollector is working
mar 06, 2015 10:07:06 AM org.pabk.emanager.DatagramCollector businessLogic
INFO: DatagramCollector goes to sleep
mar 06, 2015 10:07:07 AM org.pabk.emanager.DatagramCollector businessLogic
INFO: DatagramCollector is working
mar 06, 2015 10:07:07 AM org.pabk.emanager.DatagramCollector businessLogic
INFO: DatagramCollector goes to sleep
mar 06, 2015 10:07:08 AM org.pabk.emanager.DatagramCollector businessLogic
INFO: DatagramCollector is working
mar 06, 2015 10:07:08 AM org.pabk.emanager.DatagramCollector businessLogic
INFO: DatagramCollector goes to sleep
mar 06, 2015 10:07:09 AM org.pabk.emanager.DatagramCollector businessLogic
INFO: DatagramCollector is working
mar 06, 2015 10:07:09 AM org.pabk.emanager.DatagramCollector businessLogic
INFO: DatagramCollector goes to sleep
mar 06, 2015 10:07:10 AM org.pabk.emanager.DatagramCollector businessLogic
INFO: DatagramCollector is working
mar 06, 2015 10:07:10 AM org.pabk.emanager.DatagramCollector businessLogic
INFO: DatagramCollector goes to sleep
mar 06, 2015 10:07:11 AM org.pabk.emanager.DatagramCollector businessLogic
INFO: DatagramCollector is working
mar 06, 2015 10:07:11 AM org.pabk.emanager.DatagramCollector businessLogic
INFO: DatagramCollector goes to sleep
