2014-12-05 07:00:37,262 INFO [eurogiro-put] eurogiro-put [SftpFileHandler.java:623] Logger for eurogiro-put was saccessfully started
2014-12-05 07:00:37,637 DEBUG [eurogiro-put] eurogiro-put [SftpFileHandler.java:85] Fri Dec 05 07:00:37 CET 2014, 1417759237637
2014-12-05 07:00:37,637 DEBUG [eurogiro-put] eurogiro-put [SftpFileHandler.java:86] -----------------------------------
2014-12-05 07:00:37,637 DEBUG [eurogiro-put] eurogiro-put [SftpFileHandler.java:89] Fri Dec 05 07:00:37 CET 2014, 1417759237637
2014-12-05 07:00:37,637 DEBUG [eurogiro-put] eurogiro-put [SftpFileHandler.java:89] Fri Dec 05 07:10:37 CET 2014, 1417759837637
2014-12-05 07:00:37,637 DEBUG [eurogiro-put] eurogiro-put [SftpFileHandler.java:89] Fri Dec 05 07:20:37 CET 2014, 1417760437637
2014-12-05 07:00:37,637 DEBUG [eurogiro-put] eurogiro-put [SftpFileHandler.java:89] Fri Dec 05 07:30:37 CET 2014, 1417761037637
2014-12-05 07:00:37,637 DEBUG [eurogiro-put] eurogiro-put [SftpFileHandler.java:89] Fri Dec 05 07:40:37 CET 2014, 1417761637637
2014-12-05 07:00:37,637 DEBUG [eurogiro-put] eurogiro-put [SftpFileHandler.java:89] Fri Dec 05 07:50:37 CET 2014, 1417762237637
2014-12-05 07:00:37,637 DEBUG [eurogiro-put] eurogiro-put [SftpFileHandler.java:89] Fri Dec 05 08:00:37 CET 2014, 1417762837637
2014-12-05 07:00:37,637 DEBUG [eurogiro-put] eurogiro-put [SftpFileHandler.java:89] Fri Dec 05 08:10:37 CET 2014, 1417763437637
2014-12-05 07:00:37,637 DEBUG [eurogiro-put] eurogiro-put [SftpFileHandler.java:89] Fri Dec 05 08:20:37 CET 2014, 1417764037637
2014-12-05 07:00:37,637 DEBUG [eurogiro-put] eurogiro-put [SftpFileHandler.java:89] Fri Dec 05 08:30:37 CET 2014, 1417764637637
2014-12-05 07:00:37,637 DEBUG [eurogiro-put] eurogiro-put [SftpFileHandler.java:89] Fri Dec 05 08:40:37 CET 2014, 1417765237637
2014-12-05 07:00:37,637 DEBUG [eurogiro-put] eurogiro-put [SftpFileHandler.java:89] Fri Dec 05 08:50:37 CET 2014, 1417765837637
2014-12-05 07:00:37,637 DEBUG [eurogiro-put] eurogiro-put [SftpFileHandler.java:89] Fri Dec 05 09:00:37 CET 2014, 1417766437637
2014-12-05 07:00:37,637 DEBUG [eurogiro-put] eurogiro-put [SftpFileHandler.java:89] Fri Dec 05 09:10:37 CET 2014, 1417767037637
2014-12-05 07:00:37,637 DEBUG [eurogiro-put] eurogiro-put [SftpFileHandler.java:89] Fri Dec 05 09:20:37 CET 2014, 1417767637637
2014-12-05 07:00:37,637 DEBUG [eurogiro-put] eurogiro-put [SftpFileHandler.java:89] Fri Dec 05 09:30:37 CET 2014, 1417768237637
2014-12-05 07:00:37,637 DEBUG [eurogiro-put] eurogiro-put [SftpFileHandler.java:89] Fri Dec 05 09:40:37 CET 2014, 1417768837637
2014-12-05 07:00:37,637 DEBUG [eurogiro-put] eurogiro-put [SftpFileHandler.java:89] Fri Dec 05 09:50:37 CET 2014, 1417769437637
2014-12-05 07:00:37,637 DEBUG [eurogiro-put] eurogiro-put [SftpFileHandler.java:89] Fri Dec 05 10:00:37 CET 2014, 1417770037637
2014-12-05 07:00:37,637 DEBUG [eurogiro-put] eurogiro-put [SftpFileHandler.java:89] Fri Dec 05 10:10:37 CET 2014, 1417770637637
2014-12-05 07:00:37,637 DEBUG [eurogiro-put] eurogiro-put [SftpFileHandler.java:89] Fri Dec 05 10:20:37 CET 2014, 1417771237637
2014-12-05 07:00:37,637 DEBUG [eurogiro-put] eurogiro-put [SftpFileHandler.java:89] Fri Dec 05 10:30:37 CET 2014, 1417771837637
2014-12-05 07:00:37,637 DEBUG [eurogiro-put] eurogiro-put [SftpFileHandler.java:89] Fri Dec 05 10:40:37 CET 2014, 1417772437637
2014-12-05 07:00:37,637 DEBUG [eurogiro-put] eurogiro-put [SftpFileHandler.java:89] Fri Dec 05 10:50:37 CET 2014, 1417773037637
2014-12-05 07:00:37,637 DEBUG [eurogiro-put] eurogiro-put [SftpFileHandler.java:89] Fri Dec 05 11:00:37 CET 2014, 1417773637637
2014-12-05 07:00:37,637 DEBUG [eurogiro-put] eurogiro-put [SftpFileHandler.java:89] Fri Dec 05 11:10:37 CET 2014, 1417774237637
2014-12-05 07:00:37,637 DEBUG [eurogiro-put] eurogiro-put [SftpFileHandler.java:89] Fri Dec 05 11:20:37 CET 2014, 1417774837637
2014-12-05 07:00:37,652 DEBUG [eurogiro-put] eurogiro-put [SftpFileHandler.java:89] Fri Dec 05 11:30:37 CET 2014, 1417775437637
2014-12-05 07:00:37,652 DEBUG [eurogiro-put] eurogiro-put [SftpFileHandler.java:89] Fri Dec 05 11:40:37 CET 2014, 1417776037637
2014-12-05 07:00:37,652 DEBUG [eurogiro-put] eurogiro-put [SftpFileHandler.java:89] Fri Dec 05 11:50:37 CET 2014, 1417776637637
2014-12-05 07:00:37,652 DEBUG [eurogiro-put] eurogiro-put [SftpFileHandler.java:89] Fri Dec 05 12:00:37 CET 2014, 1417777237637
2014-12-05 07:00:37,652 DEBUG [eurogiro-put] eurogiro-put [SftpFileHandler.java:89] Fri Dec 05 12:10:37 CET 2014, 1417777837637
2014-12-05 07:00:37,652 DEBUG [eurogiro-put] eurogiro-put [SftpFileHandler.java:89] Fri Dec 05 12:20:37 CET 2014, 1417778437637
2014-12-05 07:00:37,652 DEBUG [eurogiro-put] eurogiro-put [SftpFileHandler.java:89] Fri Dec 05 12:30:37 CET 2014, 1417779037637
2014-12-05 07:00:37,652 DEBUG [eurogiro-put] eurogiro-put [SftpFileHandler.java:89] Fri Dec 05 12:40:37 CET 2014, 1417779637637
2014-12-05 07:00:37,652 DEBUG [eurogiro-put] eurogiro-put [SftpFileHandler.java:89] Fri Dec 05 12:50:37 CET 2014, 1417780237637
2014-12-05 07:00:37,652 DEBUG [eurogiro-put] eurogiro-put [SftpFileHandler.java:89] Fri Dec 05 13:00:37 CET 2014, 1417780837637
2014-12-05 07:00:37,652 DEBUG [eurogiro-put] eurogiro-put [SftpFileHandler.java:89] Fri Dec 05 13:10:37 CET 2014, 1417781437637
2014-12-05 07:00:37,652 DEBUG [eurogiro-put] eurogiro-put [SftpFileHandler.java:89] Fri Dec 05 13:20:37 CET 2014, 1417782037637
2014-12-05 07:00:37,652 DEBUG [eurogiro-put] eurogiro-put [SftpFileHandler.java:89] Fri Dec 05 13:30:37 CET 2014, 1417782637637
2014-12-05 07:00:37,668 DEBUG [eurogiro-put] eurogiro-put [SftpFileHandler.java:89] Fri Dec 05 13:40:37 CET 2014, 1417783237637
2014-12-05 07:00:37,668 DEBUG [eurogiro-put] eurogiro-put [SftpFileHandler.java:89] Fri Dec 05 13:50:37 CET 2014, 1417783837637
2014-12-05 07:00:37,668 DEBUG [eurogiro-put] eurogiro-put [SftpFileHandler.java:89] Fri Dec 05 14:00:37 CET 2014, 1417784437637
2014-12-05 07:00:37,668 DEBUG [eurogiro-put] eurogiro-put [SftpFileHandler.java:89] Fri Dec 05 14:10:37 CET 2014, 1417785037637
2014-12-05 07:00:37,668 DEBUG [eurogiro-put] eurogiro-put [SftpFileHandler.java:89] Fri Dec 05 14:20:37 CET 2014, 1417785637637
2014-12-05 07:00:37,668 DEBUG [eurogiro-put] eurogiro-put [SftpFileHandler.java:89] Fri Dec 05 14:30:37 CET 2014, 1417786237637
2014-12-05 07:00:37,668 DEBUG [eurogiro-put] eurogiro-put [SftpFileHandler.java:89] Fri Dec 05 14:40:37 CET 2014, 1417786837637
2014-12-05 07:00:37,668 DEBUG [eurogiro-put] eurogiro-put [SftpFileHandler.java:89] Fri Dec 05 14:50:37 CET 2014, 1417787437637
2014-12-05 07:00:37,668 DEBUG [eurogiro-put] eurogiro-put [SftpFileHandler.java:89] Fri Dec 05 15:00:37 CET 2014, 1417788037637
2014-12-05 07:00:37,668 DEBUG [eurogiro-put] eurogiro-put [SftpFileHandler.java:89] Fri Dec 05 15:10:37 CET 2014, 1417788637637
2014-12-05 07:00:37,668 DEBUG [eurogiro-put] eurogiro-put [SftpFileHandler.java:89] Fri Dec 05 15:20:37 CET 2014, 1417789237637
2014-12-05 07:00:37,668 DEBUG [eurogiro-put] eurogiro-put [SftpFileHandler.java:89] Fri Dec 05 15:30:37 CET 2014, 1417789837637
2014-12-05 07:00:37,668 DEBUG [eurogiro-put] eurogiro-put [SftpFileHandler.java:89] Fri Dec 05 15:40:37 CET 2014, 1417790437637
2014-12-05 07:00:37,668 DEBUG [eurogiro-put] eurogiro-put [SftpFileHandler.java:89] Fri Dec 05 15:50:37 CET 2014, 1417791037637
2014-12-05 07:00:37,668 DEBUG [eurogiro-put] eurogiro-put [SftpFileHandler.java:89] Fri Dec 05 16:00:37 CET 2014, 1417791637637
2014-12-05 07:00:37,668 DEBUG [eurogiro-put] eurogiro-put [SftpFileHandler.java:89] Fri Dec 05 16:10:37 CET 2014, 1417792237637
2014-12-05 07:00:37,668 DEBUG [eurogiro-put] eurogiro-put [SftpFileHandler.java:89] Fri Dec 05 16:20:37 CET 2014, 1417792837637
2014-12-05 07:00:37,668 DEBUG [eurogiro-put] eurogiro-put [SftpFileHandler.java:89] Fri Dec 05 16:30:37 CET 2014, 1417793437637
2014-12-05 07:00:37,684 DEBUG [eurogiro-put] eurogiro-put [SftpFileHandler.java:89] Fri Dec 05 16:40:37 CET 2014, 1417794037637
2014-12-05 07:00:37,684 DEBUG [eurogiro-put] eurogiro-put [SftpFileHandler.java:89] Fri Dec 05 16:50:37 CET 2014, 1417794637637
2014-12-05 07:00:37,684 DEBUG [eurogiro-put] eurogiro-put [SftpFileHandler.java:89] Fri Dec 05 17:00:37 CET 2014, 1417795237637
2014-12-05 07:00:37,684 DEBUG [eurogiro-put] eurogiro-put [SftpFileHandler.java:89] Fri Dec 05 17:10:37 CET 2014, 1417795837637
2014-12-05 07:00:37,684 DEBUG [eurogiro-put] eurogiro-put [SftpFileHandler.java:89] Fri Dec 05 17:20:37 CET 2014, 1417796437637
2014-12-05 07:00:37,684 DEBUG [eurogiro-put] eurogiro-put [SftpFileHandler.java:89] Fri Dec 05 17:30:37 CET 2014, 1417797037637
2014-12-05 07:00:37,684 DEBUG [eurogiro-put] eurogiro-put [SftpFileHandler.java:89] Fri Dec 05 17:40:37 CET 2014, 1417797637637
2014-12-05 07:00:37,684 DEBUG [eurogiro-put] eurogiro-put [SftpFileHandler.java:89] Fri Dec 05 17:50:37 CET 2014, 1417798237637
2014-12-05 07:00:37,684 DEBUG [eurogiro-put] eurogiro-put [SftpFileHandler.java:89] Fri Dec 05 18:00:37 CET 2014, 1417798837637
2014-12-05 07:00:37,684 DEBUG [eurogiro-put] eurogiro-put [SftpFileHandler.java:89] Fri Dec 05 18:10:37 CET 2014, 1417799437637
2014-12-05 07:00:37,684 DEBUG [eurogiro-put] eurogiro-put [SftpFileHandler.java:89] Fri Dec 05 18:20:37 CET 2014, 1417800037637
2014-12-05 07:00:37,684 DEBUG [eurogiro-put] eurogiro-put [SftpFileHandler.java:89] Fri Dec 05 18:30:37 CET 2014, 1417800637637
2014-12-05 07:00:37,684 DEBUG [eurogiro-put] eurogiro-put [SftpFileHandler.java:89] Fri Dec 05 18:40:37 CET 2014, 1417801237637
2014-12-05 07:00:37,684 DEBUG [eurogiro-put] eurogiro-put [SftpFileHandler.java:89] Fri Dec 05 18:50:37 CET 2014, 1417801837637
2014-12-05 07:00:37,684 DEBUG [eurogiro-put] eurogiro-put [SftpFileHandler.java:89] Fri Dec 05 19:00:37 CET 2014, 1417802437637
2014-12-05 07:00:37,684 DEBUG [eurogiro-put] eurogiro-put [SftpFileHandler.java:89] Fri Dec 05 19:10:37 CET 2014, 1417803037637
2014-12-05 07:00:37,684 DEBUG [eurogiro-put] eurogiro-put [SftpFileHandler.java:89] Fri Dec 05 19:20:37 CET 2014, 1417803637637
2014-12-05 07:00:37,684 DEBUG [eurogiro-put] eurogiro-put [SftpFileHandler.java:89] Fri Dec 05 19:30:37 CET 2014, 1417804237637
2014-12-05 07:00:37,684 DEBUG [eurogiro-put] eurogiro-put [SftpFileHandler.java:89] Fri Dec 05 19:40:37 CET 2014, 1417804837637
2014-12-05 07:00:37,684 DEBUG [eurogiro-put] eurogiro-put [SftpFileHandler.java:89] Fri Dec 05 19:50:37 CET 2014, 1417805437637
2014-12-05 07:00:37,684 DEBUG [eurogiro-put] eurogiro-put [SftpFileHandler.java:89] Fri Dec 05 20:00:37 CET 2014, 1417806037637
2014-12-05 07:00:37,684 DEBUG [eurogiro-put] eurogiro-put [SftpFileHandler.java:89] Fri Dec 05 20:10:37 CET 2014, 1417806637637
2014-12-05 07:00:37,684 DEBUG [eurogiro-put] eurogiro-put [SftpFileHandler.java:89] Fri Dec 05 20:20:37 CET 2014, 1417807237637
2014-12-05 07:00:37,684 DEBUG [eurogiro-put] eurogiro-put [SftpFileHandler.java:89] Fri Dec 05 20:30:37 CET 2014, 1417807837637
2014-12-05 07:00:37,684 DEBUG [eurogiro-put] eurogiro-put [SftpFileHandler.java:89] Fri Dec 05 20:40:37 CET 2014, 1417808437637
2014-12-05 07:00:37,684 DEBUG [eurogiro-put] eurogiro-put [SftpFileHandler.java:89] Fri Dec 05 20:50:37 CET 2014, 1417809037637
2014-12-05 07:00:37,684 DEBUG [eurogiro-put] eurogiro-put [SftpFileHandler.java:89] Fri Dec 05 21:00:37 CET 2014, 1417809637637
2014-12-05 07:00:37,684 DEBUG [eurogiro-put] eurogiro-put [SftpFileHandler.java:89] Fri Dec 05 21:10:37 CET 2014, 1417810237637
2014-12-05 07:00:37,684 DEBUG [eurogiro-put] eurogiro-put [SftpFileHandler.java:89] Fri Dec 05 21:20:37 CET 2014, 1417810837637
2014-12-05 07:00:37,684 DEBUG [eurogiro-put] eurogiro-put [SftpFileHandler.java:89] Fri Dec 05 21:30:37 CET 2014, 1417811437637
2014-12-05 07:00:37,684 DEBUG [eurogiro-put] eurogiro-put [SftpFileHandler.java:89] Fri Dec 05 21:40:37 CET 2014, 1417812037637
2014-12-05 07:00:37,684 DEBUG [eurogiro-put] eurogiro-put [SftpFileHandler.java:89] Fri Dec 05 21:50:37 CET 2014, 1417812637637
2014-12-05 07:00:37,684 DEBUG [eurogiro-put] eurogiro-put [SftpFileHandler.java:89] Fri Dec 05 22:00:37 CET 2014, 1417813237637
2014-12-05 07:00:37,684 DEBUG [eurogiro-put] eurogiro-put [SftpFileHandler.java:89] Fri Dec 05 22:10:37 CET 2014, 1417813837637
2014-12-05 07:00:37,684 DEBUG [eurogiro-put] eurogiro-put [SftpFileHandler.java:89] Fri Dec 05 22:20:37 CET 2014, 1417814437637
2014-12-05 07:00:37,684 DEBUG [eurogiro-put] eurogiro-put [SftpFileHandler.java:89] Fri Dec 05 22:30:37 CET 2014, 1417815037637
2014-12-05 07:00:37,684 DEBUG [eurogiro-put] eurogiro-put [SftpFileHandler.java:89] Fri Dec 05 22:40:37 CET 2014, 1417815637637
2014-12-05 07:00:37,684 DEBUG [eurogiro-put] eurogiro-put [SftpFileHandler.java:89] Fri Dec 05 22:50:37 CET 2014, 1417816237637
2014-12-05 07:00:37,684 DEBUG [eurogiro-put] eurogiro-put [SftpFileHandler.java:89] Fri Dec 05 23:00:37 CET 2014, 1417816837637
2014-12-05 07:00:37,699 DEBUG [eurogiro-put] eurogiro-put [SftpFileHandler.java:89] Fri Dec 05 23:10:37 CET 2014, 1417817437637
2014-12-05 07:00:37,699 DEBUG [eurogiro-put] eurogiro-put [SftpFileHandler.java:89] Fri Dec 05 23:20:37 CET 2014, 1417818037637
2014-12-05 07:00:37,699 DEBUG [eurogiro-put] eurogiro-put [SftpFileHandler.java:89] Fri Dec 05 23:30:37 CET 2014, 1417818637637
2014-12-05 07:00:37,699 DEBUG [eurogiro-put] eurogiro-put [SftpFileHandler.java:89] Fri Dec 05 23:40:37 CET 2014, 1417819237637
2014-12-05 07:00:37,699 DEBUG [eurogiro-put] eurogiro-put [SftpFileHandler.java:89] Fri Dec 05 23:50:37 CET 2014, 1417819837637
2014-12-05 07:00:37,699 DEBUG [eurogiro-put] eurogiro-put [SftpFileHandler.java:89] Sat Dec 06 00:00:37 CET 2014, 1417820437637
2014-12-05 07:00:37,699 DEBUG [eurogiro-put] eurogiro-put [SftpFileHandler.java:89] Sat Dec 06 00:10:37 CET 2014, 1417821037637
2014-12-05 07:00:37,699 DEBUG [eurogiro-put] eurogiro-put [SftpFileHandler.java:89] Sat Dec 06 00:20:37 CET 2014, 1417821637637
2014-12-05 07:00:37,699 DEBUG [eurogiro-put] eurogiro-put [SftpFileHandler.java:89] Sat Dec 06 00:30:37 CET 2014, 1417822237637
2014-12-05 07:00:37,699 DEBUG [eurogiro-put] eurogiro-put [SftpFileHandler.java:89] Sat Dec 06 00:40:37 CET 2014, 1417822837637
2014-12-05 07:00:37,699 DEBUG [eurogiro-put] eurogiro-put [SftpFileHandler.java:89] Sat Dec 06 00:50:37 CET 2014, 1417823437637
2014-12-05 07:00:37,699 DEBUG [eurogiro-put] eurogiro-put [SftpFileHandler.java:89] Sat Dec 06 01:00:37 CET 2014, 1417824037637
2014-12-05 07:00:37,699 DEBUG [eurogiro-put] eurogiro-put [SftpFileHandler.java:89] Sat Dec 06 01:10:37 CET 2014, 1417824637637
2014-12-05 07:00:37,699 DEBUG [eurogiro-put] eurogiro-put [SftpFileHandler.java:89] Sat Dec 06 01:20:37 CET 2014, 1417825237637
2014-12-05 07:00:37,699 DEBUG [eurogiro-put] eurogiro-put [SftpFileHandler.java:89] Sat Dec 06 01:30:37 CET 2014, 1417825837637
2014-12-05 07:00:37,699 DEBUG [eurogiro-put] eurogiro-put [SftpFileHandler.java:89] Sat Dec 06 01:40:37 CET 2014, 1417826437637
2014-12-05 07:00:37,699 DEBUG [eurogiro-put] eurogiro-put [SftpFileHandler.java:89] Sat Dec 06 01:50:37 CET 2014, 1417827037637
2014-12-05 07:00:37,699 DEBUG [eurogiro-put] eurogiro-put [SftpFileHandler.java:89] Sat Dec 06 02:00:37 CET 2014, 1417827637637
2014-12-05 07:00:37,699 DEBUG [eurogiro-put] eurogiro-put [SftpFileHandler.java:89] Sat Dec 06 02:10:37 CET 2014, 1417828237637
2014-12-05 07:00:37,699 DEBUG [eurogiro-put] eurogiro-put [SftpFileHandler.java:89] Sat Dec 06 02:20:37 CET 2014, 1417828837637
2014-12-05 07:00:37,699 DEBUG [eurogiro-put] eurogiro-put [SftpFileHandler.java:89] Sat Dec 06 02:30:37 CET 2014, 1417829437637
2014-12-05 07:00:37,699 DEBUG [eurogiro-put] eurogiro-put [SftpFileHandler.java:89] Sat Dec 06 02:40:37 CET 2014, 1417830037637
2014-12-05 07:00:37,699 DEBUG [eurogiro-put] eurogiro-put [SftpFileHandler.java:89] Sat Dec 06 02:50:37 CET 2014, 1417830637637
2014-12-05 07:00:37,699 DEBUG [eurogiro-put] eurogiro-put [SftpFileHandler.java:89] Sat Dec 06 03:00:37 CET 2014, 1417831237637
2014-12-05 07:00:37,699 DEBUG [eurogiro-put] eurogiro-put [SftpFileHandler.java:89] Sat Dec 06 03:10:37 CET 2014, 1417831837637
2014-12-05 07:00:37,699 DEBUG [eurogiro-put] eurogiro-put [SftpFileHandler.java:89] Sat Dec 06 03:20:37 CET 2014, 1417832437637
2014-12-05 07:00:37,699 DEBUG [eurogiro-put] eurogiro-put [SftpFileHandler.java:89] Sat Dec 06 03:30:37 CET 2014, 1417833037637
2014-12-05 07:00:37,699 DEBUG [eurogiro-put] eurogiro-put [SftpFileHandler.java:89] Sat Dec 06 03:40:37 CET 2014, 1417833637637
2014-12-05 07:00:37,699 DEBUG [eurogiro-put] eurogiro-put [SftpFileHandler.java:89] Sat Dec 06 03:50:37 CET 2014, 1417834237637
2014-12-05 07:00:37,699 DEBUG [eurogiro-put] eurogiro-put [SftpFileHandler.java:89] Sat Dec 06 04:00:37 CET 2014, 1417834837637
2014-12-05 07:00:37,699 DEBUG [eurogiro-put] eurogiro-put [SftpFileHandler.java:89] Sat Dec 06 04:10:37 CET 2014, 1417835437637
2014-12-05 07:00:37,699 DEBUG [eurogiro-put] eurogiro-put [SftpFileHandler.java:89] Sat Dec 06 04:20:37 CET 2014, 1417836037637
2014-12-05 07:00:37,699 DEBUG [eurogiro-put] eurogiro-put [SftpFileHandler.java:89] Sat Dec 06 04:30:37 CET 2014, 1417836637637
2014-12-05 07:00:37,699 DEBUG [eurogiro-put] eurogiro-put [SftpFileHandler.java:89] Sat Dec 06 04:40:37 CET 2014, 1417837237637
2014-12-05 07:00:37,699 DEBUG [eurogiro-put] eurogiro-put [SftpFileHandler.java:89] Sat Dec 06 04:50:37 CET 2014, 1417837837637
2014-12-05 07:00:37,699 DEBUG [eurogiro-put] eurogiro-put [SftpFileHandler.java:89] Sat Dec 06 05:00:37 CET 2014, 1417838437637
2014-12-05 07:00:37,699 DEBUG [eurogiro-put] eurogiro-put [SftpFileHandler.java:89] Sat Dec 06 05:10:37 CET 2014, 1417839037637
2014-12-05 07:00:37,699 DEBUG [eurogiro-put] eurogiro-put [SftpFileHandler.java:89] Sat Dec 06 05:20:37 CET 2014, 1417839637637
2014-12-05 07:00:37,699 DEBUG [eurogiro-put] eurogiro-put [SftpFileHandler.java:89] Sat Dec 06 05:30:37 CET 2014, 1417840237637
2014-12-05 07:00:37,715 DEBUG [eurogiro-put] eurogiro-put [SftpFileHandler.java:89] Sat Dec 06 05:40:37 CET 2014, 1417840837637
2014-12-05 07:00:37,715 DEBUG [eurogiro-put] eurogiro-put [SftpFileHandler.java:89] Sat Dec 06 05:50:37 CET 2014, 1417841437637
2014-12-05 07:00:37,715 DEBUG [eurogiro-put] eurogiro-put [SftpFileHandler.java:89] Sat Dec 06 06:00:37 CET 2014, 1417842037637
2014-12-05 07:00:37,715 DEBUG [eurogiro-put] eurogiro-put [SftpFileHandler.java:89] Sat Dec 06 06:10:37 CET 2014, 1417842637637
2014-12-05 07:00:37,715 DEBUG [eurogiro-put] eurogiro-put [SftpFileHandler.java:89] Sat Dec 06 06:20:37 CET 2014, 1417843237637
2014-12-05 07:00:37,715 DEBUG [eurogiro-put] eurogiro-put [SftpFileHandler.java:89] Sat Dec 06 06:30:37 CET 2014, 1417843837637
2014-12-05 07:00:37,715 DEBUG [eurogiro-put] eurogiro-put [SftpFileHandler.java:89] Sat Dec 06 06:40:37 CET 2014, 1417844437637
2014-12-05 07:00:37,715 DEBUG [eurogiro-put] eurogiro-put [SftpFileHandler.java:89] Sat Dec 06 06:50:37 CET 2014, 1417845037637
2014-12-05 07:00:37,715 DEBUG [eurogiro-put] eurogiro-put [SftpFileHandler.java:89] Sat Dec 06 07:00:37 CET 2014, 1417845637637
2014-12-05 07:00:37,715 DEBUG [eurogiro-put] eurogiro-put [SftpFileHandler.java:89] Sat Dec 06 07:10:37 CET 2014, 1417846237637
2014-12-05 07:00:37,715 DEBUG [eurogiro-put] eurogiro-put [SftpFileHandler.java:89] Sat Dec 06 07:20:37 CET 2014, 1417846837637
2014-12-05 07:00:37,715 DEBUG [eurogiro-put] eurogiro-put [SftpFileHandler.java:89] Sat Dec 06 07:30:37 CET 2014, 1417847437637
2014-12-05 07:00:37,715 DEBUG [eurogiro-put] eurogiro-put [SftpFileHandler.java:89] Sat Dec 06 07:40:37 CET 2014, 1417848037637
2014-12-05 07:00:37,715 DEBUG [eurogiro-put] eurogiro-put [SftpFileHandler.java:89] Sat Dec 06 07:50:37 CET 2014, 1417848637637
2014-12-05 07:00:37,715 DEBUG [eurogiro-put] eurogiro-put [SftpFileHandler.java:89] Sat Dec 06 08:00:37 CET 2014, 1417849237637
2014-12-05 07:00:37,715 DEBUG [eurogiro-put] eurogiro-put [SftpFileHandler.java:89] Sat Dec 06 08:10:37 CET 2014, 1417849837637
2014-12-05 07:00:37,715 DEBUG [eurogiro-put] eurogiro-put [SftpFileHandler.java:89] Sat Dec 06 08:20:37 CET 2014, 1417850437637
2014-12-05 07:00:37,715 DEBUG [eurogiro-put] eurogiro-put [SftpFileHandler.java:89] Sat Dec 06 08:30:37 CET 2014, 1417851037637
2014-12-05 07:00:37,715 DEBUG [eurogiro-put] eurogiro-put [SftpFileHandler.java:89] Sat Dec 06 08:40:37 CET 2014, 1417851637637
2014-12-05 07:00:37,715 DEBUG [eurogiro-put] eurogiro-put [SftpFileHandler.java:89] Sat Dec 06 08:50:37 CET 2014, 1417852237637
2014-12-05 07:00:37,715 DEBUG [eurogiro-put] eurogiro-put [SftpFileHandler.java:89] Sat Dec 06 09:00:37 CET 2014, 1417852837637
2014-12-05 07:00:37,715 DEBUG [eurogiro-put] eurogiro-put [SftpFileHandler.java:89] Sat Dec 06 09:10:37 CET 2014, 1417853437637
2014-12-05 07:00:37,715 DEBUG [eurogiro-put] eurogiro-put [SftpFileHandler.java:89] Sat Dec 06 09:20:37 CET 2014, 1417854037637
2014-12-05 07:00:37,715 DEBUG [eurogiro-put] eurogiro-put [SftpFileHandler.java:89] Sat Dec 06 09:30:37 CET 2014, 1417854637637
2014-12-05 07:00:37,715 DEBUG [eurogiro-put] eurogiro-put [SftpFileHandler.java:89] Sat Dec 06 09:40:37 CET 2014, 1417855237637
2014-12-05 07:00:37,715 DEBUG [eurogiro-put] eurogiro-put [SftpFileHandler.java:89] Sat Dec 06 09:50:37 CET 2014, 1417855837637
2014-12-05 07:00:37,715 DEBUG [eurogiro-put] eurogiro-put [SftpFileHandler.java:89] Sat Dec 06 10:00:37 CET 2014, 1417856437637
2014-12-05 07:00:37,715 DEBUG [eurogiro-put] eurogiro-put [SftpFileHandler.java:89] Sat Dec 06 10:10:37 CET 2014, 1417857037637
2014-12-05 07:00:37,715 DEBUG [eurogiro-put] eurogiro-put [SftpFileHandler.java:89] Sat Dec 06 10:20:37 CET 2014, 1417857637637
2014-12-05 07:00:37,715 DEBUG [eurogiro-put] eurogiro-put [SftpFileHandler.java:89] Sat Dec 06 10:30:37 CET 2014, 1417858237637
2014-12-05 07:00:37,715 DEBUG [eurogiro-put] eurogiro-put [SftpFileHandler.java:89] Sat Dec 06 10:40:37 CET 2014, 1417858837637
2014-12-05 07:00:37,715 DEBUG [eurogiro-put] eurogiro-put [SftpFileHandler.java:89] Sat Dec 06 10:50:37 CET 2014, 1417859437637
2014-12-05 07:00:37,715 DEBUG [eurogiro-put] eurogiro-put [SftpFileHandler.java:89] Sat Dec 06 11:00:37 CET 2014, 1417860037637
2014-12-05 07:00:37,715 DEBUG [eurogiro-put] eurogiro-put [SftpFileHandler.java:89] Sat Dec 06 11:10:37 CET 2014, 1417860637637
2014-12-05 07:00:37,715 DEBUG [eurogiro-put] eurogiro-put [SftpFileHandler.java:89] Sat Dec 06 11:20:37 CET 2014, 1417861237637
2014-12-05 07:00:37,715 DEBUG [eurogiro-put] eurogiro-put [SftpFileHandler.java:89] Sat Dec 06 11:30:37 CET 2014, 1417861837637
2014-12-05 07:00:37,730 DEBUG [eurogiro-put] eurogiro-put [SftpFileHandler.java:89] Sat Dec 06 11:40:37 CET 2014, 1417862437637
2014-12-05 07:00:37,730 DEBUG [eurogiro-put] eurogiro-put [SftpFileHandler.java:89] Sat Dec 06 11:50:37 CET 2014, 1417863037637
2014-12-05 07:00:37,730 DEBUG [eurogiro-put] eurogiro-put [SftpFileHandler.java:89] Sat Dec 06 12:00:37 CET 2014, 1417863637637
2014-12-05 07:00:37,730 DEBUG [eurogiro-put] eurogiro-put [SftpFileHandler.java:89] Sat Dec 06 12:10:37 CET 2014, 1417864237637
2014-12-05 07:00:37,730 DEBUG [eurogiro-put] eurogiro-put [SftpFileHandler.java:89] Sat Dec 06 12:20:37 CET 2014, 1417864837637
2014-12-05 07:00:37,730 DEBUG [eurogiro-put] eurogiro-put [SftpFileHandler.java:89] Sat Dec 06 12:30:37 CET 2014, 1417865437637
2014-12-05 07:00:37,730 DEBUG [eurogiro-put] eurogiro-put [SftpFileHandler.java:89] Sat Dec 06 12:40:37 CET 2014, 1417866037637
2014-12-05 07:00:37,730 DEBUG [eurogiro-put] eurogiro-put [SftpFileHandler.java:89] Sat Dec 06 12:50:37 CET 2014, 1417866637637
2014-12-05 07:00:37,730 DEBUG [eurogiro-put] eurogiro-put [SftpFileHandler.java:89] Sat Dec 06 13:00:37 CET 2014, 1417867237637
2014-12-05 07:00:37,730 DEBUG [eurogiro-put] eurogiro-put [SftpFileHandler.java:89] Sat Dec 06 13:10:37 CET 2014, 1417867837637
2014-12-05 07:00:37,730 DEBUG [eurogiro-put] eurogiro-put [SftpFileHandler.java:89] Sat Dec 06 13:20:37 CET 2014, 1417868437637
2014-12-05 07:00:37,730 DEBUG [eurogiro-put] eurogiro-put [SftpFileHandler.java:89] Sat Dec 06 13:30:37 CET 2014, 1417869037637
2014-12-05 07:00:37,730 DEBUG [eurogiro-put] eurogiro-put [SftpFileHandler.java:89] Sat Dec 06 13:40:37 CET 2014, 1417869637637
2014-12-05 07:00:37,730 DEBUG [eurogiro-put] eurogiro-put [SftpFileHandler.java:89] Sat Dec 06 13:50:37 CET 2014, 1417870237637
2014-12-05 07:00:37,730 DEBUG [eurogiro-put] eurogiro-put [SftpFileHandler.java:89] Sat Dec 06 14:00:37 CET 2014, 1417870837637
2014-12-05 07:00:37,730 DEBUG [eurogiro-put] eurogiro-put [SftpFileHandler.java:89] Sat Dec 06 14:10:37 CET 2014, 1417871437637
2014-12-05 07:00:37,730 DEBUG [eurogiro-put] eurogiro-put [SftpFileHandler.java:89] Sat Dec 06 14:20:37 CET 2014, 1417872037637
2014-12-05 07:00:37,730 DEBUG [eurogiro-put] eurogiro-put [SftpFileHandler.java:89] Sat Dec 06 14:30:37 CET 2014, 1417872637637
2014-12-05 07:00:37,730 DEBUG [eurogiro-put] eurogiro-put [SftpFileHandler.java:89] Sat Dec 06 14:40:37 CET 2014, 1417873237637
2014-12-05 07:00:37,730 DEBUG [eurogiro-put] eurogiro-put [SftpFileHandler.java:89] Sat Dec 06 14:50:37 CET 2014, 1417873837637
2014-12-05 07:00:37,730 DEBUG [eurogiro-put] eurogiro-put [SftpFileHandler.java:89] Sat Dec 06 15:00:37 CET 2014, 1417874437637
2014-12-05 07:00:37,730 DEBUG [eurogiro-put] eurogiro-put [SftpFileHandler.java:89] Sat Dec 06 15:10:37 CET 2014, 1417875037637
2014-12-05 07:00:37,730 DEBUG [eurogiro-put] eurogiro-put [SftpFileHandler.java:89] Sat Dec 06 15:20:37 CET 2014, 1417875637637
2014-12-05 07:00:37,730 DEBUG [eurogiro-put] eurogiro-put [SftpFileHandler.java:89] Sat Dec 06 15:30:37 CET 2014, 1417876237637
2014-12-05 07:00:37,730 DEBUG [eurogiro-put] eurogiro-put [SftpFileHandler.java:89] Sat Dec 06 15:40:37 CET 2014, 1417876837637
2014-12-05 07:00:37,730 DEBUG [eurogiro-put] eurogiro-put [SftpFileHandler.java:89] Sat Dec 06 15:50:37 CET 2014, 1417877437637
2014-12-05 07:00:37,730 DEBUG [eurogiro-put] eurogiro-put [SftpFileHandler.java:89] Sat Dec 06 16:00:37 CET 2014, 1417878037637
2014-12-05 07:00:37,746 DEBUG [eurogiro-put] eurogiro-put [SftpFileHandler.java:89] Sat Dec 06 16:10:37 CET 2014, 1417878637637
2014-12-05 07:00:37,746 DEBUG [eurogiro-put] eurogiro-put [SftpFileHandler.java:91] -----------------------------------
2014-12-05 07:00:37,746 DEBUG [eurogiro-put] eurogiro-put [SftpFileHandler.java:94] Fri Dec 05 07:00:37 CET 2014, Fri Dec 05 07:10:37 CET 2014
2014-12-05 07:00:37,746 INFO [eurogiro-put] eurogiro-put [SftpFileHandler.java:97] SFTP transfer starts. Schedule giro1 is aplied
2014-12-05 07:00:37,949 INFO [eurogiro-put] eurogiro-put [SftpFileHandler.java:173] PUT: SSH authentication complete
2014-12-05 07:00:38,058 INFO [eurogiro-put] eurogiro-put [SftpFileHandler.java:204] PUT: SSH disconnected
2014-12-05 07:00:39,088 DEBUG [eurogiro-put] eurogiro-put [SftpFileHandler.java:94] Fri Dec 05 07:00:39 CET 2014, Fri Dec 05 07:10:37 CET 2014
2014-12-05 07:00:40,102 DEBUG [eurogiro-put] eurogiro-put [SftpFileHandler.java:94] Fri Dec 05 07:00:40 CET 2014, Fri Dec 05 07:10:37 CET 2014
2014-12-05 07:00:41,116 DEBUG [eurogiro-put] eurogiro-put [SftpFileHandler.java:94] Fri Dec 05 07:00:41 CET 2014, Fri Dec 05 07:10:37 CET 2014
2014-12-05 07:00:42,130 DEBUG [eurogiro-put] eurogiro-put [SftpFileHandler.java:94] Fri Dec 05 07:00:42 CET 2014, Fri Dec 05 07:10:37 CET 2014
2014-12-05 07:00:43,144 DEBUG [eurogiro-put] eurogiro-put [SftpFileHandler.java:94] Fri Dec 05 07:00:43 CET 2014, Fri Dec 05 07:10:37 CET 2014
2014-12-05 07:00:44,158 DEBUG [eurogiro-put] eurogiro-put [SftpFileHandler.java:94] Fri Dec 05 07:00:44 CET 2014, Fri Dec 05 07:10:37 CET 2014
2014-12-05 07:00:45,172 DEBUG [eurogiro-put] eurogiro-put [SftpFileHandler.java:94] Fri Dec 05 07:00:45 CET 2014, Fri Dec 05 07:10:37 CET 2014
2014-12-05 07:00:46,186 DEBUG [eurogiro-put] eurogiro-put [SftpFileHandler.java:94] Fri Dec 05 07:00:46 CET 2014, Fri Dec 05 07:10:37 CET 2014
2014-12-05 07:00:47,200 DEBUG [eurogiro-put] eurogiro-put [SftpFileHandler.java:94] Fri Dec 05 07:00:47 CET 2014, Fri Dec 05 07:10:37 CET 2014
2014-12-05 07:00:48,214 DEBUG [eurogiro-put] eurogiro-put [SftpFileHandler.java:94] Fri Dec 05 07:00:48 CET 2014, Fri Dec 05 07:10:37 CET 2014
2014-12-05 07:00:49,228 DEBUG [eurogiro-put] eurogiro-put [SftpFileHandler.java:94] Fri Dec 05 07:00:49 CET 2014, Fri Dec 05 07:10:37 CET 2014
2014-12-05 07:00:50,242 DEBUG [eurogiro-put] eurogiro-put [SftpFileHandler.java:94] Fri Dec 05 07:00:50 CET 2014, Fri Dec 05 07:10:37 CET 2014
2014-12-05 07:00:51,256 DEBUG [eurogiro-put] eurogiro-put [SftpFileHandler.java:94] Fri Dec 05 07:00:51 CET 2014, Fri Dec 05 07:10:37 CET 2014
2014-12-05 07:00:52,270 DEBUG [eurogiro-put] eurogiro-put [SftpFileHandler.java:94] Fri Dec 05 07:00:52 CET 2014, Fri Dec 05 07:10:37 CET 2014
2014-12-05 07:00:53,284 DEBUG [eurogiro-put] eurogiro-put [SftpFileHandler.java:94] Fri Dec 05 07:00:53 CET 2014, Fri Dec 05 07:10:37 CET 2014
2014-12-05 07:00:54,298 DEBUG [eurogiro-put] eurogiro-put [SftpFileHandler.java:94] Fri Dec 05 07:00:54 CET 2014, Fri Dec 05 07:10:37 CET 2014
2014-12-05 07:00:55,312 DEBUG [eurogiro-put] eurogiro-put [SftpFileHandler.java:94] Fri Dec 05 07:00:55 CET 2014, Fri Dec 05 07:10:37 CET 2014
2014-12-05 07:00:56,326 DEBUG [eurogiro-put] eurogiro-put [SftpFileHandler.java:94] Fri Dec 05 07:00:56 CET 2014, Fri Dec 05 07:10:37 CET 2014
2014-12-05 07:00:57,340 DEBUG [eurogiro-put] eurogiro-put [SftpFileHandler.java:94] Fri Dec 05 07:00:57 CET 2014, Fri Dec 05 07:10:37 CET 2014
2014-12-05 07:00:58,354 DEBUG [eurogiro-put] eurogiro-put [SftpFileHandler.java:94] Fri Dec 05 07:00:58 CET 2014, Fri Dec 05 07:10:37 CET 2014
2014-12-05 07:00:59,368 DEBUG [eurogiro-put] eurogiro-put [SftpFileHandler.java:94] Fri Dec 05 07:00:59 CET 2014, Fri Dec 05 07:10:37 CET 2014
2014-12-05 07:01:00,382 DEBUG [eurogiro-put] eurogiro-put [SftpFileHandler.java:94] Fri Dec 05 07:01:00 CET 2014, Fri Dec 05 07:10:37 CET 2014
2014-12-05 07:01:01,396 DEBUG [eurogiro-put] eurogiro-put [SftpFileHandler.java:94] Fri Dec 05 07:01:01 CET 2014, Fri Dec 05 07:10:37 CET 2014
2014-12-05 07:01:02,410 DEBUG [eurogiro-put] eurogiro-put [SftpFileHandler.java:94] Fri Dec 05 07:01:02 CET 2014, Fri Dec 05 07:10:37 CET 2014
2014-12-05 07:01:03,424 DEBUG [eurogiro-put] eurogiro-put [SftpFileHandler.java:94] Fri Dec 05 07:01:03 CET 2014, Fri Dec 05 07:10:37 CET 2014
2014-12-05 07:01:04,438 DEBUG [eurogiro-put] eurogiro-put [SftpFileHandler.java:94] Fri Dec 05 07:01:04 CET 2014, Fri Dec 05 07:10:37 CET 2014
2014-12-05 07:01:05,452 DEBUG [eurogiro-put] eurogiro-put [SftpFileHandler.java:94] Fri Dec 05 07:01:05 CET 2014, Fri Dec 05 07:10:37 CET 2014
2014-12-05 07:01:06,466 DEBUG [eurogiro-put] eurogiro-put [SftpFileHandler.java:94] Fri Dec 05 07:01:06 CET 2014, Fri Dec 05 07:10:37 CET 2014
2014-12-05 07:01:07,480 DEBUG [eurogiro-put] eurogiro-put [SftpFileHandler.java:94] Fri Dec 05 07:01:07 CET 2014, Fri Dec 05 07:10:37 CET 2014
2014-12-05 07:01:08,494 DEBUG [eurogiro-put] eurogiro-put [SftpFileHandler.java:94] Fri Dec 05 07:01:08 CET 2014, Fri Dec 05 07:10:37 CET 2014
2014-12-05 07:01:09,508 DEBUG [eurogiro-put] eurogiro-put [SftpFileHandler.java:94] Fri Dec 05 07:01:09 CET 2014, Fri Dec 05 07:10:37 CET 2014
2014-12-05 07:01:10,522 DEBUG [eurogiro-put] eurogiro-put [SftpFileHandler.java:94] Fri Dec 05 07:01:10 CET 2014, Fri Dec 05 07:10:37 CET 2014
2014-12-05 07:01:11,536 DEBUG [eurogiro-put] eurogiro-put [SftpFileHandler.java:94] Fri Dec 05 07:01:11 CET 2014, Fri Dec 05 07:10:37 CET 2014
2014-12-05 07:01:12,550 DEBUG [eurogiro-put] eurogiro-put [SftpFileHandler.java:94] Fri Dec 05 07:01:12 CET 2014, Fri Dec 05 07:10:37 CET 2014
2014-12-05 07:01:13,564 DEBUG [eurogiro-put] eurogiro-put [SftpFileHandler.java:94] Fri Dec 05 07:01:13 CET 2014, Fri Dec 05 07:10:37 CET 2014
2014-12-05 07:01:14,578 DEBUG [eurogiro-put] eurogiro-put [SftpFileHandler.java:94] Fri Dec 05 07:01:14 CET 2014, Fri Dec 05 07:10:37 CET 2014
2014-12-05 07:01:15,592 DEBUG [eurogiro-put] eurogiro-put [SftpFileHandler.java:94] Fri Dec 05 07:01:15 CET 2014, Fri Dec 05 07:10:37 CET 2014
2014-12-05 07:01:16,606 DEBUG [eurogiro-put] eurogiro-put [SftpFileHandler.java:94] Fri Dec 05 07:01:16 CET 2014, Fri Dec 05 07:10:37 CET 2014
2014-12-05 07:01:17,620 DEBUG [eurogiro-put] eurogiro-put [SftpFileHandler.java:94] Fri Dec 05 07:01:17 CET 2014, Fri Dec 05 07:10:37 CET 2014
2014-12-05 07:01:18,634 DEBUG [eurogiro-put] eurogiro-put [SftpFileHandler.java:94] Fri Dec 05 07:01:18 CET 2014, Fri Dec 05 07:10:37 CET 2014
2014-12-05 07:01:19,648 DEBUG [eurogiro-put] eurogiro-put [SftpFileHandler.java:94] Fri Dec 05 07:01:19 CET 2014, Fri Dec 05 07:10:37 CET 2014
2014-12-05 07:01:20,648 DEBUG [eurogiro-put] eurogiro-put [SftpFileHandler.java:94] Fri Dec 05 07:01:20 CET 2014, Fri Dec 05 07:10:37 CET 2014
2014-12-05 07:01:21,649 DEBUG [eurogiro-put] eurogiro-put [SftpFileHandler.java:94] Fri Dec 05 07:01:21 CET 2014, Fri Dec 05 07:10:37 CET 2014
2014-12-05 07:01:22,650 DEBUG [eurogiro-put] eurogiro-put [SftpFileHandler.java:94] Fri Dec 05 07:01:22 CET 2014, Fri Dec 05 07:10:37 CET 2014
2014-12-05 07:01:23,651 DEBUG [eurogiro-put] eurogiro-put [SftpFileHandler.java:94] Fri Dec 05 07:01:23 CET 2014, Fri Dec 05 07:10:37 CET 2014
2014-12-05 07:01:24,652 DEBUG [eurogiro-put] eurogiro-put [SftpFileHandler.java:94] Fri Dec 05 07:01:24 CET 2014, Fri Dec 05 07:10:37 CET 2014
2014-12-05 07:01:25,653 DEBUG [eurogiro-put] eurogiro-put [SftpFileHandler.java:94] Fri Dec 05 07:01:25 CET 2014, Fri Dec 05 07:10:37 CET 2014
2014-12-05 07:01:26,658 DEBUG [eurogiro-put] eurogiro-put [SftpFileHandler.java:94] Fri Dec 05 07:01:26 CET 2014, Fri Dec 05 07:10:37 CET 2014
2014-12-05 07:01:27,659 DEBUG [eurogiro-put] eurogiro-put [SftpFileHandler.java:94] Fri Dec 05 07:01:27 CET 2014, Fri Dec 05 07:10:37 CET 2014
2014-12-05 07:01:28,660 DEBUG [eurogiro-put] eurogiro-put [SftpFileHandler.java:94] Fri Dec 05 07:01:28 CET 2014, Fri Dec 05 07:10:37 CET 2014
2014-12-05 07:01:29,661 DEBUG [eurogiro-put] eurogiro-put [SftpFileHandler.java:94] Fri Dec 05 07:01:29 CET 2014, Fri Dec 05 07:10:37 CET 2014
2014-12-05 07:01:30,662 DEBUG [eurogiro-put] eurogiro-put [SftpFileHandler.java:94] Fri Dec 05 07:01:30 CET 2014, Fri Dec 05 07:10:37 CET 2014
2014-12-05 07:01:31,663 DEBUG [eurogiro-put] eurogiro-put [SftpFileHandler.java:94] Fri Dec 05 07:01:31 CET 2014, Fri Dec 05 07:10:37 CET 2014
2014-12-05 07:01:32,665 DEBUG [eurogiro-put] eurogiro-put [SftpFileHandler.java:94] Fri Dec 05 07:01:32 CET 2014, Fri Dec 05 07:10:37 CET 2014
2014-12-05 07:01:33,666 DEBUG [eurogiro-put] eurogiro-put [SftpFileHandler.java:94] Fri Dec 05 07:01:33 CET 2014, Fri Dec 05 07:10:37 CET 2014
2014-12-05 07:01:34,667 DEBUG [eurogiro-put] eurogiro-put [SftpFileHandler.java:94] Fri Dec 05 07:01:34 CET 2014, Fri Dec 05 07:10:37 CET 2014
2014-12-05 07:01:35,668 DEBUG [eurogiro-put] eurogiro-put [SftpFileHandler.java:94] Fri Dec 05 07:01:35 CET 2014, Fri Dec 05 07:10:37 CET 2014
2014-12-05 07:01:36,668 DEBUG [eurogiro-put] eurogiro-put [SftpFileHandler.java:94] Fri Dec 05 07:01:36 CET 2014, Fri Dec 05 07:10:37 CET 2014
2014-12-05 07:01:37,669 DEBUG [eurogiro-put] eurogiro-put [SftpFileHandler.java:94] Fri Dec 05 07:01:37 CET 2014, Fri Dec 05 07:10:37 CET 2014
2014-12-05 07:01:38,670 DEBUG [eurogiro-put] eurogiro-put [SftpFileHandler.java:94] Fri Dec 05 07:01:38 CET 2014, Fri Dec 05 07:10:37 CET 2014
2014-12-05 07:01:39,671 DEBUG [eurogiro-put] eurogiro-put [SftpFileHandler.java:94] Fri Dec 05 07:01:39 CET 2014, Fri Dec 05 07:10:37 CET 2014
2014-12-05 07:01:40,672 DEBUG [eurogiro-put] eurogiro-put [SftpFileHandler.java:94] Fri Dec 05 07:01:40 CET 2014, Fri Dec 05 07:10:37 CET 2014
2014-12-05 07:01:41,673 DEBUG [eurogiro-put] eurogiro-put [SftpFileHandler.java:94] Fri Dec 05 07:01:41 CET 2014, Fri Dec 05 07:10:37 CET 2014
2014-12-05 07:01:42,674 DEBUG [eurogiro-put] eurogiro-put [SftpFileHandler.java:94] Fri Dec 05 07:01:42 CET 2014, Fri Dec 05 07:10:37 CET 2014
2014-12-05 07:01:43,675 DEBUG [eurogiro-put] eurogiro-put [SftpFileHandler.java:94] Fri Dec 05 07:01:43 CET 2014, Fri Dec 05 07:10:37 CET 2014
2014-12-05 07:01:44,676 DEBUG [eurogiro-put] eurogiro-put [SftpFileHandler.java:94] Fri Dec 05 07:01:44 CET 2014, Fri Dec 05 07:10:37 CET 2014
2014-12-05 07:01:45,677 DEBUG [eurogiro-put] eurogiro-put [SftpFileHandler.java:94] Fri Dec 05 07:01:45 CET 2014, Fri Dec 05 07:10:37 CET 2014
2014-12-05 07:01:46,678 DEBUG [eurogiro-put] eurogiro-put [SftpFileHandler.java:94] Fri Dec 05 07:01:46 CET 2014, Fri Dec 05 07:10:37 CET 2014
2014-12-05 07:01:47,679 DEBUG [eurogiro-put] eurogiro-put [SftpFileHandler.java:94] Fri Dec 05 07:01:47 CET 2014, Fri Dec 05 07:10:37 CET 2014
2014-12-05 07:01:48,680 DEBUG [eurogiro-put] eurogiro-put [SftpFileHandler.java:94] Fri Dec 05 07:01:48 CET 2014, Fri Dec 05 07:10:37 CET 2014
2014-12-05 07:01:49,682 DEBUG [eurogiro-put] eurogiro-put [SftpFileHandler.java:94] Fri Dec 05 07:01:49 CET 2014, Fri Dec 05 07:10:37 CET 2014
2014-12-05 07:01:50,683 DEBUG [eurogiro-put] eurogiro-put [SftpFileHandler.java:94] Fri Dec 05 07:01:50 CET 2014, Fri Dec 05 07:10:37 CET 2014
2014-12-05 07:01:51,684 DEBUG [eurogiro-put] eurogiro-put [SftpFileHandler.java:94] Fri Dec 05 07:01:51 CET 2014, Fri Dec 05 07:10:37 CET 2014
2014-12-05 07:01:52,685 DEBUG [eurogiro-put] eurogiro-put [SftpFileHandler.java:94] Fri Dec 05 07:01:52 CET 2014, Fri Dec 05 07:10:37 CET 2014
2014-12-05 07:01:53,686 DEBUG [eurogiro-put] eurogiro-put [SftpFileHandler.java:94] Fri Dec 05 07:01:53 CET 2014, Fri Dec 05 07:10:37 CET 2014
2014-12-05 07:01:54,686 DEBUG [eurogiro-put] eurogiro-put [SftpFileHandler.java:94] Fri Dec 05 07:01:54 CET 2014, Fri Dec 05 07:10:37 CET 2014
2014-12-05 07:01:55,687 DEBUG [eurogiro-put] eurogiro-put [SftpFileHandler.java:94] Fri Dec 05 07:01:55 CET 2014, Fri Dec 05 07:10:37 CET 2014
2014-12-05 07:01:56,688 DEBUG [eurogiro-put] eurogiro-put [SftpFileHandler.java:94] Fri Dec 05 07:01:56 CET 2014, Fri Dec 05 07:10:37 CET 2014
2014-12-05 07:01:57,689 DEBUG [eurogiro-put] eurogiro-put [SftpFileHandler.java:94] Fri Dec 05 07:01:57 CET 2014, Fri Dec 05 07:10:37 CET 2014
2014-12-05 07:01:58,690 DEBUG [eurogiro-put] eurogiro-put [SftpFileHandler.java:94] Fri Dec 05 07:01:58 CET 2014, Fri Dec 05 07:10:37 CET 2014
2014-12-05 07:01:59,691 DEBUG [eurogiro-put] eurogiro-put [SftpFileHandler.java:94] Fri Dec 05 07:01:59 CET 2014, Fri Dec 05 07:10:37 CET 2014
2014-12-05 07:02:00,692 DEBUG [eurogiro-put] eurogiro-put [SftpFileHandler.java:94] Fri Dec 05 07:02:00 CET 2014, Fri Dec 05 07:10:37 CET 2014
2014-12-05 07:02:01,693 DEBUG [eurogiro-put] eurogiro-put [SftpFileHandler.java:94] Fri Dec 05 07:02:01 CET 2014, Fri Dec 05 07:10:37 CET 2014
2014-12-05 07:02:02,694 DEBUG [eurogiro-put] eurogiro-put [SftpFileHandler.java:94] Fri Dec 05 07:02:02 CET 2014, Fri Dec 05 07:10:37 CET 2014
2014-12-05 07:02:03,695 DEBUG [eurogiro-put] eurogiro-put [SftpFileHandler.java:94] Fri Dec 05 07:02:03 CET 2014, Fri Dec 05 07:10:37 CET 2014
2014-12-05 07:02:04,695 DEBUG [eurogiro-put] eurogiro-put [SftpFileHandler.java:94] Fri Dec 05 07:02:04 CET 2014, Fri Dec 05 07:10:37 CET 2014
2014-12-05 07:02:05,696 DEBUG [eurogiro-put] eurogiro-put [SftpFileHandler.java:94] Fri Dec 05 07:02:05 CET 2014, Fri Dec 05 07:10:37 CET 2014
2014-12-05 07:02:06,697 DEBUG [eurogiro-put] eurogiro-put [SftpFileHandler.java:94] Fri Dec 05 07:02:06 CET 2014, Fri Dec 05 07:10:37 CET 2014
2014-12-05 07:02:07,699 DEBUG [eurogiro-put] eurogiro-put [SftpFileHandler.java:94] Fri Dec 05 07:02:07 CET 2014, Fri Dec 05 07:10:37 CET 2014
2014-12-05 07:02:08,700 DEBUG [eurogiro-put] eurogiro-put [SftpFileHandler.java:94] Fri Dec 05 07:02:08 CET 2014, Fri Dec 05 07:10:37 CET 2014
2014-12-05 07:02:09,701 DEBUG [eurogiro-put] eurogiro-put [SftpFileHandler.java:94] Fri Dec 05 07:02:09 CET 2014, Fri Dec 05 07:10:37 CET 2014
2014-12-05 07:02:10,701 DEBUG [eurogiro-put] eurogiro-put [SftpFileHandler.java:94] Fri Dec 05 07:02:10 CET 2014, Fri Dec 05 07:10:37 CET 2014
2014-12-05 07:02:11,702 DEBUG [eurogiro-put] eurogiro-put [SftpFileHandler.java:94] Fri Dec 05 07:02:11 CET 2014, Fri Dec 05 07:10:37 CET 2014
2014-12-05 07:02:12,703 DEBUG [eurogiro-put] eurogiro-put [SftpFileHandler.java:94] Fri Dec 05 07:02:12 CET 2014, Fri Dec 05 07:10:37 CET 2014
2014-12-05 07:02:13,715 INFO [eurogiro-put] eurogiro-put [SftpFileHandler.java:145] Properties for eurogiro-put was successfully saved
2014-12-05 07:05:44,133 INFO [eurogiro-put] eurogiro-put [SftpFileHandler.java:623] Logger for eurogiro-put was saccessfully started
2014-12-05 07:05:44,382 DEBUG [eurogiro-put] eurogiro-put [SftpFileHandler.java:85] Fri Dec 05 07:05:44 CET 2014, 1417759544382
2014-12-05 07:05:44,382 DEBUG [eurogiro-put] eurogiro-put [SftpFileHandler.java:86] -----------------------------------
2014-12-05 07:05:44,382 DEBUG [eurogiro-put] eurogiro-put [SftpFileHandler.java:89] Fri Dec 05 07:05:44 CET 2014, 1417759544382
2014-12-05 07:05:44,382 DEBUG [eurogiro-put] eurogiro-put [SftpFileHandler.java:89] Fri Dec 05 07:15:44 CET 2014, 1417760144382
2014-12-05 07:05:44,382 DEBUG [eurogiro-put] eurogiro-put [SftpFileHandler.java:89] Fri Dec 05 07:25:44 CET 2014, 1417760744382
2014-12-05 07:05:44,398 DEBUG [eurogiro-put] eurogiro-put [SftpFileHandler.java:89] Fri Dec 05 07:35:44 CET 2014, 1417761344382
2014-12-05 07:05:44,398 DEBUG [eurogiro-put] eurogiro-put [SftpFileHandler.java:89] Fri Dec 05 07:45:44 CET 2014, 1417761944382
2014-12-05 07:05:44,398 DEBUG [eurogiro-put] eurogiro-put [SftpFileHandler.java:89] Fri Dec 05 07:55:44 CET 2014, 1417762544382
2014-12-05 07:05:44,398 DEBUG [eurogiro-put] eurogiro-put [SftpFileHandler.java:89] Fri Dec 05 08:05:44 CET 2014, 1417763144382
2014-12-05 07:05:44,398 DEBUG [eurogiro-put] eurogiro-put [SftpFileHandler.java:89] Fri Dec 05 08:15:44 CET 2014, 1417763744382
2014-12-05 07:05:44,398 DEBUG [eurogiro-put] eurogiro-put [SftpFileHandler.java:89] Fri Dec 05 08:25:44 CET 2014, 1417764344382
2014-12-05 07:05:44,398 DEBUG [eurogiro-put] eurogiro-put [SftpFileHandler.java:89] Fri Dec 05 08:35:44 CET 2014, 1417764944382
2014-12-05 07:05:44,398 DEBUG [eurogiro-put] eurogiro-put [SftpFileHandler.java:89] Fri Dec 05 08:45:44 CET 2014, 1417765544382
2014-12-05 07:05:44,398 DEBUG [eurogiro-put] eurogiro-put [SftpFileHandler.java:89] Fri Dec 05 08:55:44 CET 2014, 1417766144382
2014-12-05 07:05:44,398 DEBUG [eurogiro-put] eurogiro-put [SftpFileHandler.java:89] Fri Dec 05 09:05:44 CET 2014, 1417766744382
2014-12-05 07:05:44,398 DEBUG [eurogiro-put] eurogiro-put [SftpFileHandler.java:89] Fri Dec 05 09:15:44 CET 2014, 1417767344382
2014-12-05 07:05:44,398 DEBUG [eurogiro-put] eurogiro-put [SftpFileHandler.java:89] Fri Dec 05 09:25:44 CET 2014, 1417767944382
2014-12-05 07:05:44,398 DEBUG [eurogiro-put] eurogiro-put [SftpFileHandler.java:89] Fri Dec 05 09:35:44 CET 2014, 1417768544382
2014-12-05 07:05:44,398 DEBUG [eurogiro-put] eurogiro-put [SftpFileHandler.java:89] Fri Dec 05 09:45:44 CET 2014, 1417769144382
2014-12-05 07:05:44,398 DEBUG [eurogiro-put] eurogiro-put [SftpFileHandler.java:89] Fri Dec 05 09:55:44 CET 2014, 1417769744382
2014-12-05 07:05:44,398 DEBUG [eurogiro-put] eurogiro-put [SftpFileHandler.java:89] Fri Dec 05 10:05:44 CET 2014, 1417770344382
2014-12-05 07:05:44,398 DEBUG [eurogiro-put] eurogiro-put [SftpFileHandler.java:89] Fri Dec 05 10:15:44 CET 2014, 1417770944382
2014-12-05 07:05:44,398 DEBUG [eurogiro-put] eurogiro-put [SftpFileHandler.java:89] Fri Dec 05 10:25:44 CET 2014, 1417771544382
2014-12-05 07:05:44,398 DEBUG [eurogiro-put] eurogiro-put [SftpFileHandler.java:89] Fri Dec 05 10:35:44 CET 2014, 1417772144382
2014-12-05 07:05:44,398 DEBUG [eurogiro-put] eurogiro-put [SftpFileHandler.java:89] Fri Dec 05 10:45:44 CET 2014, 1417772744382
2014-12-05 07:05:44,398 DEBUG [eurogiro-put] eurogiro-put [SftpFileHandler.java:89] Fri Dec 05 10:55:44 CET 2014, 1417773344382
2014-12-05 07:05:44,398 DEBUG [eurogiro-put] eurogiro-put [SftpFileHandler.java:89] Fri Dec 05 11:05:44 CET 2014, 1417773944382
2014-12-05 07:05:44,398 DEBUG [eurogiro-put] eurogiro-put [SftpFileHandler.java:89] Fri Dec 05 11:15:44 CET 2014, 1417774544382
2014-12-05 07:05:44,398 DEBUG [eurogiro-put] eurogiro-put [SftpFileHandler.java:89] Fri Dec 05 11:25:44 CET 2014, 1417775144382
2014-12-05 07:05:44,398 DEBUG [eurogiro-put] eurogiro-put [SftpFileHandler.java:89] Fri Dec 05 11:35:44 CET 2014, 1417775744382
2014-12-05 07:05:44,398 DEBUG [eurogiro-put] eurogiro-put [SftpFileHandler.java:89] Fri Dec 05 11:45:44 CET 2014, 1417776344382
2014-12-05 07:05:44,398 DEBUG [eurogiro-put] eurogiro-put [SftpFileHandler.java:89] Fri Dec 05 11:55:44 CET 2014, 1417776944382
2014-12-05 07:05:44,398 DEBUG [eurogiro-put] eurogiro-put [SftpFileHandler.java:89] Fri Dec 05 12:05:44 CET 2014, 1417777544382
2014-12-05 07:05:44,398 DEBUG [eurogiro-put] eurogiro-put [SftpFileHandler.java:89] Fri Dec 05 12:15:44 CET 2014, 1417778144382
2014-12-05 07:05:44,398 DEBUG [eurogiro-put] eurogiro-put [SftpFileHandler.java:89] Fri Dec 05 12:25:44 CET 2014, 1417778744382
2014-12-05 07:05:44,398 DEBUG [eurogiro-put] eurogiro-put [SftpFileHandler.java:89] Fri Dec 05 12:35:44 CET 2014, 1417779344382
2014-12-05 07:05:44,398 DEBUG [eurogiro-put] eurogiro-put [SftpFileHandler.java:89] Fri Dec 05 12:45:44 CET 2014, 1417779944382
2014-12-05 07:05:44,398 DEBUG [eurogiro-put] eurogiro-put [SftpFileHandler.java:89] Fri Dec 05 12:55:44 CET 2014, 1417780544382
2014-12-05 07:05:44,398 DEBUG [eurogiro-put] eurogiro-put [SftpFileHandler.java:89] Fri Dec 05 13:05:44 CET 2014, 1417781144382
2014-12-05 07:05:44,398 DEBUG [eurogiro-put] eurogiro-put [SftpFileHandler.java:89] Fri Dec 05 13:15:44 CET 2014, 1417781744382
2014-12-05 07:05:44,398 DEBUG [eurogiro-put] eurogiro-put [SftpFileHandler.java:89] Fri Dec 05 13:25:44 CET 2014, 1417782344382
2014-12-05 07:05:44,398 DEBUG [eurogiro-put] eurogiro-put [SftpFileHandler.java:89] Fri Dec 05 13:35:44 CET 2014, 1417782944382
2014-12-05 07:05:44,398 DEBUG [eurogiro-put] eurogiro-put [SftpFileHandler.java:89] Fri Dec 05 13:45:44 CET 2014, 1417783544382
2014-12-05 07:05:44,398 DEBUG [eurogiro-put] eurogiro-put [SftpFileHandler.java:89] Fri Dec 05 13:55:44 CET 2014, 1417784144382
2014-12-05 07:05:44,398 DEBUG [eurogiro-put] eurogiro-put [SftpFileHandler.java:89] Fri Dec 05 14:05:44 CET 2014, 1417784744382
2014-12-05 07:05:44,398 DEBUG [eurogiro-put] eurogiro-put [SftpFileHandler.java:89] Fri Dec 05 14:15:44 CET 2014, 1417785344382
2014-12-05 07:05:44,398 DEBUG [eurogiro-put] eurogiro-put [SftpFileHandler.java:89] Fri Dec 05 14:25:44 CET 2014, 1417785944382
2014-12-05 07:05:44,398 DEBUG [eurogiro-put] eurogiro-put [SftpFileHandler.java:89] Fri Dec 05 14:35:44 CET 2014, 1417786544382
2014-12-05 07:05:44,398 DEBUG [eurogiro-put] eurogiro-put [SftpFileHandler.java:89] Fri Dec 05 14:45:44 CET 2014, 1417787144382
2014-12-05 07:05:44,398 DEBUG [eurogiro-put] eurogiro-put [SftpFileHandler.java:89] Fri Dec 05 14:55:44 CET 2014, 1417787744382
2014-12-05 07:05:44,398 DEBUG [eurogiro-put] eurogiro-put [SftpFileHandler.java:89] Fri Dec 05 15:05:44 CET 2014, 1417788344382
2014-12-05 07:05:44,398 DEBUG [eurogiro-put] eurogiro-put [SftpFileHandler.java:89] Fri Dec 05 15:15:44 CET 2014, 1417788944382
2014-12-05 07:05:44,398 DEBUG [eurogiro-put] eurogiro-put [SftpFileHandler.java:89] Fri Dec 05 15:25:44 CET 2014, 1417789544382
2014-12-05 07:05:44,398 DEBUG [eurogiro-put] eurogiro-put [SftpFileHandler.java:89] Fri Dec 05 15:35:44 CET 2014, 1417790144382
2014-12-05 07:05:44,398 DEBUG [eurogiro-put] eurogiro-put [SftpFileHandler.java:89] Fri Dec 05 15:45:44 CET 2014, 1417790744382
2014-12-05 07:05:44,398 DEBUG [eurogiro-put] eurogiro-put [SftpFileHandler.java:89] Fri Dec 05 15:55:44 CET 2014, 1417791344382
2014-12-05 07:05:44,398 DEBUG [eurogiro-put] eurogiro-put [SftpFileHandler.java:89] Fri Dec 05 16:05:44 CET 2014, 1417791944382
2014-12-05 07:05:44,398 DEBUG [eurogiro-put] eurogiro-put [SftpFileHandler.java:89] Fri Dec 05 16:15:44 CET 2014, 1417792544382
2014-12-05 07:05:44,398 DEBUG [eurogiro-put] eurogiro-put [SftpFileHandler.java:89] Fri Dec 05 16:25:44 CET 2014, 1417793144382
2014-12-05 07:05:44,398 DEBUG [eurogiro-put] eurogiro-put [SftpFileHandler.java:89] Fri Dec 05 16:35:44 CET 2014, 1417793744382
2014-12-05 07:05:44,398 DEBUG [eurogiro-put] eurogiro-put [SftpFileHandler.java:89] Fri Dec 05 16:45:44 CET 2014, 1417794344382
2014-12-05 07:05:44,398 DEBUG [eurogiro-put] eurogiro-put [SftpFileHandler.java:89] Fri Dec 05 16:55:44 CET 2014, 1417794944382
2014-12-05 07:05:44,398 DEBUG [eurogiro-put] eurogiro-put [SftpFileHandler.java:89] Fri Dec 05 17:05:44 CET 2014, 1417795544382
2014-12-05 07:05:44,398 DEBUG [eurogiro-put] eurogiro-put [SftpFileHandler.java:89] Fri Dec 05 17:15:44 CET 2014, 1417796144382
2014-12-05 07:05:44,398 DEBUG [eurogiro-put] eurogiro-put [SftpFileHandler.java:89] Fri Dec 05 17:25:44 CET 2014, 1417796744382
2014-12-05 07:05:44,398 DEBUG [eurogiro-put] eurogiro-put [SftpFileHandler.java:89] Fri Dec 05 17:35:44 CET 2014, 1417797344382
2014-12-05 07:05:44,398 DEBUG [eurogiro-put] eurogiro-put [SftpFileHandler.java:89] Fri Dec 05 17:45:44 CET 2014, 1417797944382
2014-12-05 07:05:44,398 DEBUG [eurogiro-put] eurogiro-put [SftpFileHandler.java:89] Fri Dec 05 17:55:44 CET 2014, 1417798544382
2014-12-05 07:05:44,398 DEBUG [eurogiro-put] eurogiro-put [SftpFileHandler.java:89] Fri Dec 05 18:05:44 CET 2014, 1417799144382
2014-12-05 07:05:44,413 DEBUG [eurogiro-put] eurogiro-put [SftpFileHandler.java:89] Fri Dec 05 18:15:44 CET 2014, 1417799744382
2014-12-05 07:05:44,413 DEBUG [eurogiro-put] eurogiro-put [SftpFileHandler.java:89] Fri Dec 05 18:25:44 CET 2014, 1417800344382
2014-12-05 07:05:44,413 DEBUG [eurogiro-put] eurogiro-put [SftpFileHandler.java:89] Fri Dec 05 18:35:44 CET 2014, 1417800944382
2014-12-05 07:05:44,413 DEBUG [eurogiro-put] eurogiro-put [SftpFileHandler.java:89] Fri Dec 05 18:45:44 CET 2014, 1417801544382
2014-12-05 07:05:44,413 DEBUG [eurogiro-put] eurogiro-put [SftpFileHandler.java:89] Fri Dec 05 18:55:44 CET 2014, 1417802144382
2014-12-05 07:05:44,413 DEBUG [eurogiro-put] eurogiro-put [SftpFileHandler.java:89] Fri Dec 05 19:05:44 CET 2014, 1417802744382
2014-12-05 07:05:44,413 DEBUG [eurogiro-put] eurogiro-put [SftpFileHandler.java:89] Fri Dec 05 19:15:44 CET 2014, 1417803344382
2014-12-05 07:05:44,413 DEBUG [eurogiro-put] eurogiro-put [SftpFileHandler.java:89] Fri Dec 05 19:25:44 CET 2014, 1417803944382
2014-12-05 07:05:44,413 DEBUG [eurogiro-put] eurogiro-put [SftpFileHandler.java:89] Fri Dec 05 19:35:44 CET 2014, 1417804544382
2014-12-05 07:05:44,413 DEBUG [eurogiro-put] eurogiro-put [SftpFileHandler.java:89] Fri Dec 05 19:45:44 CET 2014, 1417805144382
2014-12-05 07:05:44,429 DEBUG [eurogiro-put] eurogiro-put [SftpFileHandler.java:89] Fri Dec 05 19:55:44 CET 2014, 1417805744382
2014-12-05 07:05:44,429 DEBUG [eurogiro-put] eurogiro-put [SftpFileHandler.java:89] Fri Dec 05 20:05:44 CET 2014, 1417806344382
2014-12-05 07:05:44,429 DEBUG [eurogiro-put] eurogiro-put [SftpFileHandler.java:89] Fri Dec 05 20:15:44 CET 2014, 1417806944382
2014-12-05 07:05:44,429 DEBUG [eurogiro-put] eurogiro-put [SftpFileHandler.java:89] Fri Dec 05 20:25:44 CET 2014, 1417807544382
2014-12-05 07:05:44,429 DEBUG [eurogiro-put] eurogiro-put [SftpFileHandler.java:89] Fri Dec 05 20:35:44 CET 2014, 1417808144382
2014-12-05 07:05:44,429 DEBUG [eurogiro-put] eurogiro-put [SftpFileHandler.java:89] Fri Dec 05 20:45:44 CET 2014, 1417808744382
2014-12-05 07:05:44,429 DEBUG [eurogiro-put] eurogiro-put [SftpFileHandler.java:89] Fri Dec 05 20:55:44 CET 2014, 1417809344382
2014-12-05 07:05:44,429 DEBUG [eurogiro-put] eurogiro-put [SftpFileHandler.java:89] Fri Dec 05 21:05:44 CET 2014, 1417809944382
2014-12-05 07:05:44,429 DEBUG [eurogiro-put] eurogiro-put [SftpFileHandler.java:89] Fri Dec 05 21:15:44 CET 2014, 1417810544382
2014-12-05 07:05:44,429 DEBUG [eurogiro-put] eurogiro-put [SftpFileHandler.java:89] Fri Dec 05 21:25:44 CET 2014, 1417811144382
2014-12-05 07:05:44,429 DEBUG [eurogiro-put] eurogiro-put [SftpFileHandler.java:89] Fri Dec 05 21:35:44 CET 2014, 1417811744382
2014-12-05 07:05:44,429 DEBUG [eurogiro-put] eurogiro-put [SftpFileHandler.java:89] Fri Dec 05 21:45:44 CET 2014, 1417812344382
2014-12-05 07:05:44,429 DEBUG [eurogiro-put] eurogiro-put [SftpFileHandler.java:89] Fri Dec 05 21:55:44 CET 2014, 1417812944382
2014-12-05 07:05:44,429 DEBUG [eurogiro-put] eurogiro-put [SftpFileHandler.java:89] Fri Dec 05 22:05:44 CET 2014, 1417813544382
2014-12-05 07:05:44,429 DEBUG [eurogiro-put] eurogiro-put [SftpFileHandler.java:89] Fri Dec 05 22:15:44 CET 2014, 1417814144382
2014-12-05 07:05:44,429 DEBUG [eurogiro-put] eurogiro-put [SftpFileHandler.java:89] Fri Dec 05 22:25:44 CET 2014, 1417814744382
2014-12-05 07:05:44,429 DEBUG [eurogiro-put] eurogiro-put [SftpFileHandler.java:89] Fri Dec 05 22:35:44 CET 2014, 1417815344382
2014-12-05 07:05:44,445 DEBUG [eurogiro-put] eurogiro-put [SftpFileHandler.java:89] Fri Dec 05 22:45:44 CET 2014, 1417815944382
2014-12-05 07:05:44,445 DEBUG [eurogiro-put] eurogiro-put [SftpFileHandler.java:89] Fri Dec 05 22:55:44 CET 2014, 1417816544382
2014-12-05 07:05:44,445 DEBUG [eurogiro-put] eurogiro-put [SftpFileHandler.java:89] Fri Dec 05 23:05:44 CET 2014, 1417817144382
2014-12-05 07:05:44,445 DEBUG [eurogiro-put] eurogiro-put [SftpFileHandler.java:89] Fri Dec 05 23:15:44 CET 2014, 1417817744382
2014-12-05 07:05:44,445 DEBUG [eurogiro-put] eurogiro-put [SftpFileHandler.java:89] Fri Dec 05 23:25:44 CET 2014, 1417818344382
2014-12-05 07:05:44,445 DEBUG [eurogiro-put] eurogiro-put [SftpFileHandler.java:89] Fri Dec 05 23:35:44 CET 2014, 1417818944382
2014-12-05 07:05:44,445 DEBUG [eurogiro-put] eurogiro-put [SftpFileHandler.java:89] Fri Dec 05 23:45:44 CET 2014, 1417819544382
2014-12-05 07:05:44,445 DEBUG [eurogiro-put] eurogiro-put [SftpFileHandler.java:89] Fri Dec 05 23:55:44 CET 2014, 1417820144382
2014-12-05 07:05:44,445 DEBUG [eurogiro-put] eurogiro-put [SftpFileHandler.java:89] Sat Dec 06 00:05:44 CET 2014, 1417820744382
2014-12-05 07:05:44,445 DEBUG [eurogiro-put] eurogiro-put [SftpFileHandler.java:89] Sat Dec 06 00:15:44 CET 2014, 1417821344382
2014-12-05 07:05:44,445 DEBUG [eurogiro-put] eurogiro-put [SftpFileHandler.java:89] Sat Dec 06 00:25:44 CET 2014, 1417821944382
2014-12-05 07:05:44,445 DEBUG [eurogiro-put] eurogiro-put [SftpFileHandler.java:89] Sat Dec 06 00:35:44 CET 2014, 1417822544382
2014-12-05 07:05:44,445 DEBUG [eurogiro-put] eurogiro-put [SftpFileHandler.java:89] Sat Dec 06 00:45:44 CET 2014, 1417823144382
2014-12-05 07:05:44,445 DEBUG [eurogiro-put] eurogiro-put [SftpFileHandler.java:89] Sat Dec 06 00:55:44 CET 2014, 1417823744382
2014-12-05 07:05:44,445 DEBUG [eurogiro-put] eurogiro-put [SftpFileHandler.java:89] Sat Dec 06 01:05:44 CET 2014, 1417824344382
2014-12-05 07:05:44,445 DEBUG [eurogiro-put] eurogiro-put [SftpFileHandler.java:89] Sat Dec 06 01:15:44 CET 2014, 1417824944382
2014-12-05 07:05:44,445 DEBUG [eurogiro-put] eurogiro-put [SftpFileHandler.java:89] Sat Dec 06 01:25:44 CET 2014, 1417825544382
2014-12-05 07:05:44,445 DEBUG [eurogiro-put] eurogiro-put [SftpFileHandler.java:89] Sat Dec 06 01:35:44 CET 2014, 1417826144382
2014-12-05 07:05:44,445 DEBUG [eurogiro-put] eurogiro-put [SftpFileHandler.java:89] Sat Dec 06 01:45:44 CET 2014, 1417826744382
2014-12-05 07:05:44,445 DEBUG [eurogiro-put] eurogiro-put [SftpFileHandler.java:89] Sat Dec 06 01:55:44 CET 2014, 1417827344382
2014-12-05 07:05:44,445 DEBUG [eurogiro-put] eurogiro-put [SftpFileHandler.java:89] Sat Dec 06 02:05:44 CET 2014, 1417827944382
2014-12-05 07:05:44,445 DEBUG [eurogiro-put] eurogiro-put [SftpFileHandler.java:89] Sat Dec 06 02:15:44 CET 2014, 1417828544382
2014-12-05 07:05:44,445 DEBUG [eurogiro-put] eurogiro-put [SftpFileHandler.java:89] Sat Dec 06 02:25:44 CET 2014, 1417829144382
2014-12-05 07:05:44,445 DEBUG [eurogiro-put] eurogiro-put [SftpFileHandler.java:89] Sat Dec 06 02:35:44 CET 2014, 1417829744382
2014-12-05 07:05:44,445 DEBUG [eurogiro-put] eurogiro-put [SftpFileHandler.java:89] Sat Dec 06 02:45:44 CET 2014, 1417830344382
2014-12-05 07:05:44,445 DEBUG [eurogiro-put] eurogiro-put [SftpFileHandler.java:89] Sat Dec 06 02:55:44 CET 2014, 1417830944382
2014-12-05 07:05:44,445 DEBUG [eurogiro-put] eurogiro-put [SftpFileHandler.java:89] Sat Dec 06 03:05:44 CET 2014, 1417831544382
2014-12-05 07:05:44,445 DEBUG [eurogiro-put] eurogiro-put [SftpFileHandler.java:89] Sat Dec 06 03:15:44 CET 2014, 1417832144382
2014-12-05 07:05:44,445 DEBUG [eurogiro-put] eurogiro-put [SftpFileHandler.java:89] Sat Dec 06 03:25:44 CET 2014, 1417832744382
2014-12-05 07:05:44,445 DEBUG [eurogiro-put] eurogiro-put [SftpFileHandler.java:89] Sat Dec 06 03:35:44 CET 2014, 1417833344382
2014-12-05 07:05:44,445 DEBUG [eurogiro-put] eurogiro-put [SftpFileHandler.java:89] Sat Dec 06 03:45:44 CET 2014, 1417833944382
2014-12-05 07:05:44,445 DEBUG [eurogiro-put] eurogiro-put [SftpFileHandler.java:89] Sat Dec 06 03:55:44 CET 2014, 1417834544382
2014-12-05 07:05:44,445 DEBUG [eurogiro-put] eurogiro-put [SftpFileHandler.java:89] Sat Dec 06 04:05:44 CET 2014, 1417835144382
2014-12-05 07:05:44,460 DEBUG [eurogiro-put] eurogiro-put [SftpFileHandler.java:89] Sat Dec 06 04:15:44 CET 2014, 1417835744382
2014-12-05 07:05:44,460 DEBUG [eurogiro-put] eurogiro-put [SftpFileHandler.java:89] Sat Dec 06 04:25:44 CET 2014, 1417836344382
2014-12-05 07:05:44,460 DEBUG [eurogiro-put] eurogiro-put [SftpFileHandler.java:89] Sat Dec 06 04:35:44 CET 2014, 1417836944382
2014-12-05 07:05:44,460 DEBUG [eurogiro-put] eurogiro-put [SftpFileHandler.java:89] Sat Dec 06 04:45:44 CET 2014, 1417837544382
2014-12-05 07:05:44,460 DEBUG [eurogiro-put] eurogiro-put [SftpFileHandler.java:89] Sat Dec 06 04:55:44 CET 2014, 1417838144382
2014-12-05 07:05:44,460 DEBUG [eurogiro-put] eurogiro-put [SftpFileHandler.java:89] Sat Dec 06 05:05:44 CET 2014, 1417838744382
2014-12-05 07:05:44,460 DEBUG [eurogiro-put] eurogiro-put [SftpFileHandler.java:89] Sat Dec 06 05:15:44 CET 2014, 1417839344382
2014-12-05 07:05:44,460 DEBUG [eurogiro-put] eurogiro-put [SftpFileHandler.java:89] Sat Dec 06 05:25:44 CET 2014, 1417839944382
2014-12-05 07:05:44,460 DEBUG [eurogiro-put] eurogiro-put [SftpFileHandler.java:89] Sat Dec 06 05:35:44 CET 2014, 1417840544382
2014-12-05 07:05:44,460 DEBUG [eurogiro-put] eurogiro-put [SftpFileHandler.java:89] Sat Dec 06 05:45:44 CET 2014, 1417841144382
2014-12-05 07:05:44,460 DEBUG [eurogiro-put] eurogiro-put [SftpFileHandler.java:89] Sat Dec 06 05:55:44 CET 2014, 1417841744382
2014-12-05 07:05:44,460 DEBUG [eurogiro-put] eurogiro-put [SftpFileHandler.java:89] Sat Dec 06 06:05:44 CET 2014, 1417842344382
2014-12-05 07:05:44,460 DEBUG [eurogiro-put] eurogiro-put [SftpFileHandler.java:89] Sat Dec 06 06:15:44 CET 2014, 1417842944382
2014-12-05 07:05:44,460 DEBUG [eurogiro-put] eurogiro-put [SftpFileHandler.java:89] Sat Dec 06 06:25:44 CET 2014, 1417843544382
2014-12-05 07:05:44,460 DEBUG [eurogiro-put] eurogiro-put [SftpFileHandler.java:89] Sat Dec 06 06:35:44 CET 2014, 1417844144382
2014-12-05 07:05:44,460 DEBUG [eurogiro-put] eurogiro-put [SftpFileHandler.java:89] Sat Dec 06 06:45:44 CET 2014, 1417844744382
2014-12-05 07:05:44,460 DEBUG [eurogiro-put] eurogiro-put [SftpFileHandler.java:89] Sat Dec 06 06:55:44 CET 2014, 1417845344382
2014-12-05 07:05:44,460 DEBUG [eurogiro-put] eurogiro-put [SftpFileHandler.java:89] Sat Dec 06 07:05:44 CET 2014, 1417845944382
2014-12-05 07:05:44,460 DEBUG [eurogiro-put] eurogiro-put [SftpFileHandler.java:89] Sat Dec 06 07:15:44 CET 2014, 1417846544382
2014-12-05 07:05:44,460 DEBUG [eurogiro-put] eurogiro-put [SftpFileHandler.java:89] Sat Dec 06 07:25:44 CET 2014, 1417847144382
2014-12-05 07:05:44,460 DEBUG [eurogiro-put] eurogiro-put [SftpFileHandler.java:89] Sat Dec 06 07:35:44 CET 2014, 1417847744382
2014-12-05 07:05:44,460 DEBUG [eurogiro-put] eurogiro-put [SftpFileHandler.java:89] Sat Dec 06 07:45:44 CET 2014, 1417848344382
2014-12-05 07:05:44,460 DEBUG [eurogiro-put] eurogiro-put [SftpFileHandler.java:89] Sat Dec 06 07:55:44 CET 2014, 1417848944382
2014-12-05 07:05:44,460 DEBUG [eurogiro-put] eurogiro-put [SftpFileHandler.java:89] Sat Dec 06 08:05:44 CET 2014, 1417849544382
2014-12-05 07:05:44,460 DEBUG [eurogiro-put] eurogiro-put [SftpFileHandler.java:89] Sat Dec 06 08:15:44 CET 2014, 1417850144382
2014-12-05 07:05:44,460 DEBUG [eurogiro-put] eurogiro-put [SftpFileHandler.java:89] Sat Dec 06 08:25:44 CET 2014, 1417850744382
2014-12-05 07:05:44,460 DEBUG [eurogiro-put] eurogiro-put [SftpFileHandler.java:89] Sat Dec 06 08:35:44 CET 2014, 1417851344382
2014-12-05 07:05:44,460 DEBUG [eurogiro-put] eurogiro-put [SftpFileHandler.java:89] Sat Dec 06 08:45:44 CET 2014, 1417851944382
2014-12-05 07:05:44,460 DEBUG [eurogiro-put] eurogiro-put [SftpFileHandler.java:89] Sat Dec 06 08:55:44 CET 2014, 1417852544382
2014-12-05 07:05:44,460 DEBUG [eurogiro-put] eurogiro-put [SftpFileHandler.java:89] Sat Dec 06 09:05:44 CET 2014, 1417853144382
2014-12-05 07:05:44,460 DEBUG [eurogiro-put] eurogiro-put [SftpFileHandler.java:89] Sat Dec 06 09:15:44 CET 2014, 1417853744382
2014-12-05 07:05:44,460 DEBUG [eurogiro-put] eurogiro-put [SftpFileHandler.java:89] Sat Dec 06 09:25:44 CET 2014, 1417854344382
2014-12-05 07:05:44,460 DEBUG [eurogiro-put] eurogiro-put [SftpFileHandler.java:89] Sat Dec 06 09:35:44 CET 2014, 1417854944382
2014-12-05 07:05:44,460 DEBUG [eurogiro-put] eurogiro-put [SftpFileHandler.java:89] Sat Dec 06 09:45:44 CET 2014, 1417855544382
2014-12-05 07:05:44,460 DEBUG [eurogiro-put] eurogiro-put [SftpFileHandler.java:89] Sat Dec 06 09:55:44 CET 2014, 1417856144382
2014-12-05 07:05:44,460 DEBUG [eurogiro-put] eurogiro-put [SftpFileHandler.java:89] Sat Dec 06 10:05:44 CET 2014, 1417856744382
2014-12-05 07:05:44,460 DEBUG [eurogiro-put] eurogiro-put [SftpFileHandler.java:89] Sat Dec 06 10:15:44 CET 2014, 1417857344382
2014-12-05 07:05:44,476 DEBUG [eurogiro-put] eurogiro-put [SftpFileHandler.java:89] Sat Dec 06 10:25:44 CET 2014, 1417857944382
2014-12-05 07:05:44,476 DEBUG [eurogiro-put] eurogiro-put [SftpFileHandler.java:89] Sat Dec 06 10:35:44 CET 2014, 1417858544382
2014-12-05 07:05:44,476 DEBUG [eurogiro-put] eurogiro-put [SftpFileHandler.java:89] Sat Dec 06 10:45:44 CET 2014, 1417859144382
2014-12-05 07:05:44,476 DEBUG [eurogiro-put] eurogiro-put [SftpFileHandler.java:89] Sat Dec 06 10:55:44 CET 2014, 1417859744382
2014-12-05 07:05:44,476 DEBUG [eurogiro-put] eurogiro-put [SftpFileHandler.java:89] Sat Dec 06 11:05:44 CET 2014, 1417860344382
2014-12-05 07:05:44,476 DEBUG [eurogiro-put] eurogiro-put [SftpFileHandler.java:89] Sat Dec 06 11:15:44 CET 2014, 1417860944382
2014-12-05 07:05:44,476 DEBUG [eurogiro-put] eurogiro-put [SftpFileHandler.java:89] Sat Dec 06 11:25:44 CET 2014, 1417861544382
2014-12-05 07:05:44,476 DEBUG [eurogiro-put] eurogiro-put [SftpFileHandler.java:89] Sat Dec 06 11:35:44 CET 2014, 1417862144382
2014-12-05 07:05:44,476 DEBUG [eurogiro-put] eurogiro-put [SftpFileHandler.java:89] Sat Dec 06 11:45:44 CET 2014, 1417862744382
2014-12-05 07:05:44,476 DEBUG [eurogiro-put] eurogiro-put [SftpFileHandler.java:89] Sat Dec 06 11:55:44 CET 2014, 1417863344382
2014-12-05 07:05:44,476 DEBUG [eurogiro-put] eurogiro-put [SftpFileHandler.java:89] Sat Dec 06 12:05:44 CET 2014, 1417863944382
2014-12-05 07:05:44,476 DEBUG [eurogiro-put] eurogiro-put [SftpFileHandler.java:89] Sat Dec 06 12:15:44 CET 2014, 1417864544382
2014-12-05 07:05:44,476 DEBUG [eurogiro-put] eurogiro-put [SftpFileHandler.java:89] Sat Dec 06 12:25:44 CET 2014, 1417865144382
2014-12-05 07:05:44,476 DEBUG [eurogiro-put] eurogiro-put [SftpFileHandler.java:89] Sat Dec 06 12:35:44 CET 2014, 1417865744382
2014-12-05 07:05:44,476 DEBUG [eurogiro-put] eurogiro-put [SftpFileHandler.java:89] Sat Dec 06 12:45:44 CET 2014, 1417866344382
2014-12-05 07:05:44,476 DEBUG [eurogiro-put] eurogiro-put [SftpFileHandler.java:89] Sat Dec 06 12:55:44 CET 2014, 1417866944382
2014-12-05 07:05:44,476 DEBUG [eurogiro-put] eurogiro-put [SftpFileHandler.java:89] Sat Dec 06 13:05:44 CET 2014, 1417867544382
2014-12-05 07:05:44,476 DEBUG [eurogiro-put] eurogiro-put [SftpFileHandler.java:89] Sat Dec 06 13:15:44 CET 2014, 1417868144382
2014-12-05 07:05:44,476 DEBUG [eurogiro-put] eurogiro-put [SftpFileHandler.java:89] Sat Dec 06 13:25:44 CET 2014, 1417868744382
2014-12-05 07:05:44,476 DEBUG [eurogiro-put] eurogiro-put [SftpFileHandler.java:89] Sat Dec 06 13:35:44 CET 2014, 1417869344382
2014-12-05 07:05:44,476 DEBUG [eurogiro-put] eurogiro-put [SftpFileHandler.java:89] Sat Dec 06 13:45:44 CET 2014, 1417869944382
2014-12-05 07:05:44,476 DEBUG [eurogiro-put] eurogiro-put [SftpFileHandler.java:89] Sat Dec 06 13:55:44 CET 2014, 1417870544382
2014-12-05 07:05:44,476 DEBUG [eurogiro-put] eurogiro-put [SftpFileHandler.java:89] Sat Dec 06 14:05:44 CET 2014, 1417871144382
2014-12-05 07:05:44,476 DEBUG [eurogiro-put] eurogiro-put [SftpFileHandler.java:89] Sat Dec 06 14:15:44 CET 2014, 1417871744382
2014-12-05 07:05:44,476 DEBUG [eurogiro-put] eurogiro-put [SftpFileHandler.java:89] Sat Dec 06 14:25:44 CET 2014, 1417872344382
2014-12-05 07:05:44,476 DEBUG [eurogiro-put] eurogiro-put [SftpFileHandler.java:89] Sat Dec 06 14:35:44 CET 2014, 1417872944382
2014-12-05 07:05:44,476 DEBUG [eurogiro-put] eurogiro-put [SftpFileHandler.java:89] Sat Dec 06 14:45:44 CET 2014, 1417873544382
2014-12-05 07:05:44,476 DEBUG [eurogiro-put] eurogiro-put [SftpFileHandler.java:89] Sat Dec 06 14:55:44 CET 2014, 1417874144382
2014-12-05 07:05:44,476 DEBUG [eurogiro-put] eurogiro-put [SftpFileHandler.java:89] Sat Dec 06 15:05:44 CET 2014, 1417874744382
2014-12-05 07:05:44,476 DEBUG [eurogiro-put] eurogiro-put [SftpFileHandler.java:89] Sat Dec 06 15:15:44 CET 2014, 1417875344382
2014-12-05 07:05:44,476 DEBUG [eurogiro-put] eurogiro-put [SftpFileHandler.java:89] Sat Dec 06 15:25:44 CET 2014, 1417875944382
2014-12-05 07:05:44,476 DEBUG [eurogiro-put] eurogiro-put [SftpFileHandler.java:89] Sat Dec 06 15:35:44 CET 2014, 1417876544382
2014-12-05 07:05:44,476 DEBUG [eurogiro-put] eurogiro-put [SftpFileHandler.java:89] Sat Dec 06 15:45:44 CET 2014, 1417877144382
2014-12-05 07:05:44,476 DEBUG [eurogiro-put] eurogiro-put [SftpFileHandler.java:89] Sat Dec 06 15:55:44 CET 2014, 1417877744382
2014-12-05 07:05:44,476 DEBUG [eurogiro-put] eurogiro-put [SftpFileHandler.java:89] Sat Dec 06 16:05:44 CET 2014, 1417878344382
2014-12-05 07:05:44,476 DEBUG [eurogiro-put] eurogiro-put [SftpFileHandler.java:89] Sat Dec 06 16:15:44 CET 2014, 1417878944382
2014-12-05 07:05:44,476 DEBUG [eurogiro-put] eurogiro-put [SftpFileHandler.java:91] -----------------------------------
2014-12-05 07:05:44,476 DEBUG [eurogiro-put] eurogiro-put [SftpFileHandler.java:94] Fri Dec 05 07:05:44 CET 2014, Fri Dec 05 07:15:44 CET 2014
2014-12-05 07:05:44,476 INFO [eurogiro-put] eurogiro-put [SftpFileHandler.java:97] SFTP transfer starts. Schedule giro1 is aplied
2014-12-05 07:05:44,741 INFO [eurogiro-put] eurogiro-put [SftpFileHandler.java:173] PUT: SSH authentication complete
2014-12-05 07:05:44,772 INFO [eurogiro-put] eurogiro-put [SftpFileHandler.java:204] PUT: SSH disconnected
2014-12-05 07:05:45,786 DEBUG [eurogiro-put] eurogiro-put [SftpFileHandler.java:94] Fri Dec 05 07:05:45 CET 2014, Fri Dec 05 07:15:44 CET 2014
2014-12-05 07:05:46,800 DEBUG [eurogiro-put] eurogiro-put [SftpFileHandler.java:94] Fri Dec 05 07:05:46 CET 2014, Fri Dec 05 07:15:44 CET 2014
2014-12-05 07:05:47,814 INFO [eurogiro-put] eurogiro-put [SftpFileHandler.java:145] Properties for eurogiro-put was successfully saved
2014-12-05 07:09:44,361 INFO [eurogiro-put] eurogiro-put [SftpFileHandler.java:623] Logger for eurogiro-put was saccessfully started
2014-12-05 07:09:45,687 INFO [eurogiro-put] eurogiro-put [SftpFileHandler.java:97] SFTP transfer starts. Schedule giro1 is aplied
2014-12-05 07:09:45,843 INFO [eurogiro-put] eurogiro-put [SftpFileHandler.java:173] PUT: SSH authentication complete
2014-12-05 07:09:45,890 INFO [eurogiro-put] eurogiro-put [SftpFileHandler.java:204] PUT: SSH disconnected
2014-12-05 07:11:23,234 INFO [eurogiro-put] eurogiro-put [SftpFileHandler.java:145] Properties for eurogiro-put was successfully saved
2014-12-05 07:11:26,354 INFO [eurogiro-put] eurogiro-put [SftpFileHandler.java:623] Logger for eurogiro-put was saccessfully started
2014-12-05 07:11:26,354 INFO [eurogiro-put] eurogiro-put [SftpFileHandler.java:623] Logger for eurogiro-put was saccessfully started
2014-12-05 07:11:26,369 INFO [eurogiro-put] eurogiro-put [SftpFileHandler.java:97] SFTP transfer starts. Schedule giro1 is aplied
2014-12-05 07:11:26,369 INFO [eurogiro-put] eurogiro-put [SftpFileHandler.java:97] SFTP transfer starts. Schedule giro1 is aplied
2014-12-05 07:11:26,525 INFO [eurogiro-put] eurogiro-put [SftpFileHandler.java:173] PUT: SSH authentication complete
2014-12-05 07:11:26,525 INFO [eurogiro-put] eurogiro-put [SftpFileHandler.java:173] PUT: SSH authentication complete
2014-12-05 07:11:26,588 INFO [eurogiro-put] eurogiro-put [SftpFileHandler.java:204] PUT: SSH disconnected
2014-12-05 07:11:26,588 INFO [eurogiro-put] eurogiro-put [SftpFileHandler.java:204] PUT: SSH disconnected
2014-12-05 07:11:32,672 INFO [eurogiro-put] eurogiro-put [SftpFileHandler.java:145] Properties for eurogiro-put was successfully saved
2014-12-05 07:11:32,672 INFO [eurogiro-put] eurogiro-put [SftpFileHandler.java:145] Properties for eurogiro-put was successfully saved
