2014-12-05 07:00:37,231 INFO [eurogiro-sftp] eurogiro-sftp [SftpFileHandler.java:623] Logger for eurogiro-sftp was saccessfully started
2014-12-05 07:00:37,637 DEBUG [eurogiro-sftp] eurogiro-sftp [SftpFileHandler.java:85] Fri Dec 05 07:00:37 CET 2014, 1417759237637
2014-12-05 07:00:37,637 DEBUG [eurogiro-sftp] eurogiro-sftp [SftpFileHandler.java:86] -----------------------------------
2014-12-05 07:00:37,684 DEBUG [eurogiro-sftp] eurogiro-sftp [SftpFileHandler.java:89] Fri Dec 05 08:40:37 CET 2014, 1417765237637
2014-12-05 07:00:37,684 DEBUG [eurogiro-sftp] eurogiro-sftp [SftpFileHandler.java:89] Fri Dec 05 10:20:37 CET 2014, 1417771237637
2014-12-05 07:00:37,684 DEBUG [eurogiro-sftp] eurogiro-sftp [SftpFileHandler.java:89] Fri Dec 05 11:00:00 CET 2014, 1417773600000
2014-12-05 07:00:37,684 DEBUG [eurogiro-sftp] eurogiro-sftp [SftpFileHandler.java:89] Fri Dec 05 11:30:00 CET 2014, 1417775400000
2014-12-05 07:00:37,684 DEBUG [eurogiro-sftp] eurogiro-sftp [SftpFileHandler.java:89] Fri Dec 05 12:00:00 CET 2014, 1417777200000
2014-12-05 07:00:37,684 DEBUG [eurogiro-sftp] eurogiro-sftp [SftpFileHandler.java:89] Fri Dec 05 12:00:37 CET 2014, 1417777237637
2014-12-05 07:00:37,684 DEBUG [eurogiro-sftp] eurogiro-sftp [SftpFileHandler.java:89] Fri Dec 05 12:30:00 CET 2014, 1417779000000
2014-12-05 07:00:37,684 DEBUG [eurogiro-sftp] eurogiro-sftp [SftpFileHandler.java:89] Fri Dec 05 13:00:00 CET 2014, 1417780800000
2014-12-05 07:00:37,684 DEBUG [eurogiro-sftp] eurogiro-sftp [SftpFileHandler.java:89] Fri Dec 05 13:30:00 CET 2014, 1417782600000
2014-12-05 07:00:37,684 DEBUG [eurogiro-sftp] eurogiro-sftp [SftpFileHandler.java:89] Fri Dec 05 13:40:37 CET 2014, 1417783237637
2014-12-05 07:00:37,684 DEBUG [eurogiro-sftp] eurogiro-sftp [SftpFileHandler.java:89] Fri Dec 05 14:00:00 CET 2014, 1417784400000
2014-12-05 07:00:37,684 DEBUG [eurogiro-sftp] eurogiro-sftp [SftpFileHandler.java:89] Fri Dec 05 14:30:00 CET 2014, 1417786200000
2014-12-05 07:00:37,684 DEBUG [eurogiro-sftp] eurogiro-sftp [SftpFileHandler.java:89] Fri Dec 05 14:50:00 CET 2014, 1417787400000
2014-12-05 07:00:37,684 DEBUG [eurogiro-sftp] eurogiro-sftp [SftpFileHandler.java:89] Fri Dec 05 15:00:00 CET 2014, 1417788000000
2014-12-05 07:00:37,684 DEBUG [eurogiro-sftp] eurogiro-sftp [SftpFileHandler.java:89] Fri Dec 05 15:20:37 CET 2014, 1417789237637
2014-12-05 07:00:37,684 DEBUG [eurogiro-sftp] eurogiro-sftp [SftpFileHandler.java:89] Fri Dec 05 15:30:00 CET 2014, 1417789800000
2014-12-05 07:00:37,699 DEBUG [eurogiro-sftp] eurogiro-sftp [SftpFileHandler.java:89] Fri Dec 05 17:00:37 CET 2014, 1417795237637
2014-12-05 07:00:37,699 DEBUG [eurogiro-sftp] eurogiro-sftp [SftpFileHandler.java:89] Fri Dec 05 18:40:37 CET 2014, 1417801237637
2014-12-05 07:00:37,699 DEBUG [eurogiro-sftp] eurogiro-sftp [SftpFileHandler.java:89] Fri Dec 05 20:20:37 CET 2014, 1417807237637
2014-12-05 07:00:37,699 DEBUG [eurogiro-sftp] eurogiro-sftp [SftpFileHandler.java:89] Fri Dec 05 22:00:37 CET 2014, 1417813237637
2014-12-05 07:00:37,699 DEBUG [eurogiro-sftp] eurogiro-sftp [SftpFileHandler.java:89] Fri Dec 05 23:40:37 CET 2014, 1417819237637
2014-12-05 07:00:37,699 DEBUG [eurogiro-sftp] eurogiro-sftp [SftpFileHandler.java:89] Sat Dec 06 01:20:37 CET 2014, 1417825237637
2014-12-05 07:00:37,699 DEBUG [eurogiro-sftp] eurogiro-sftp [SftpFileHandler.java:89] Sat Dec 06 03:00:37 CET 2014, 1417831237637
2014-12-05 07:00:37,699 DEBUG [eurogiro-sftp] eurogiro-sftp [SftpFileHandler.java:89] Sat Dec 06 04:40:37 CET 2014, 1417837237637
2014-12-05 07:00:37,699 DEBUG [eurogiro-sftp] eurogiro-sftp [SftpFileHandler.java:89] Sat Dec 06 06:20:37 CET 2014, 1417843237637
2014-12-05 07:00:37,699 DEBUG [eurogiro-sftp] eurogiro-sftp [SftpFileHandler.java:89] Sat Dec 06 08:00:37 CET 2014, 1417849237637
2014-12-05 07:00:37,699 DEBUG [eurogiro-sftp] eurogiro-sftp [SftpFileHandler.java:89] Sat Dec 06 09:40:37 CET 2014, 1417855237637
2014-12-05 07:00:37,699 DEBUG [eurogiro-sftp] eurogiro-sftp [SftpFileHandler.java:89] Sat Dec 06 11:20:37 CET 2014, 1417861237637
2014-12-05 07:00:37,699 DEBUG [eurogiro-sftp] eurogiro-sftp [SftpFileHandler.java:89] Sat Dec 06 13:00:37 CET 2014, 1417867237637
2014-12-05 07:00:37,699 DEBUG [eurogiro-sftp] eurogiro-sftp [SftpFileHandler.java:89] Sat Dec 06 14:40:37 CET 2014, 1417873237637
2014-12-05 07:00:37,699 DEBUG [eurogiro-sftp] eurogiro-sftp [SftpFileHandler.java:89] Sat Dec 06 16:20:37 CET 2014, 1417879237637
2014-12-05 07:00:37,699 DEBUG [eurogiro-sftp] eurogiro-sftp [SftpFileHandler.java:89] Sat Dec 06 18:00:37 CET 2014, 1417885237637
2014-12-05 07:00:37,699 DEBUG [eurogiro-sftp] eurogiro-sftp [SftpFileHandler.java:89] Sat Dec 06 19:40:37 CET 2014, 1417891237637
2014-12-05 07:00:37,699 DEBUG [eurogiro-sftp] eurogiro-sftp [SftpFileHandler.java:89] Sat Dec 06 21:20:37 CET 2014, 1417897237637
2014-12-05 07:00:37,699 DEBUG [eurogiro-sftp] eurogiro-sftp [SftpFileHandler.java:89] Sat Dec 06 23:00:37 CET 2014, 1417903237637
2014-12-05 07:00:37,699 DEBUG [eurogiro-sftp] eurogiro-sftp [SftpFileHandler.java:89] Sun Dec 07 00:40:37 CET 2014, 1417909237637
2014-12-05 07:00:37,699 DEBUG [eurogiro-sftp] eurogiro-sftp [SftpFileHandler.java:89] Sun Dec 07 02:20:37 CET 2014, 1417915237637
2014-12-05 07:00:37,715 DEBUG [eurogiro-sftp] eurogiro-sftp [SftpFileHandler.java:89] Sun Dec 07 04:00:37 CET 2014, 1417921237637
2014-12-05 07:00:37,715 DEBUG [eurogiro-sftp] eurogiro-sftp [SftpFileHandler.java:89] Sun Dec 07 05:40:37 CET 2014, 1417927237637
2014-12-05 07:00:37,715 DEBUG [eurogiro-sftp] eurogiro-sftp [SftpFileHandler.java:89] Sun Dec 07 07:20:37 CET 2014, 1417933237637
2014-12-05 07:00:37,715 DEBUG [eurogiro-sftp] eurogiro-sftp [SftpFileHandler.java:89] Sun Dec 07 09:00:37 CET 2014, 1417939237637
2014-12-05 07:00:37,715 DEBUG [eurogiro-sftp] eurogiro-sftp [SftpFileHandler.java:89] Sun Dec 07 10:40:37 CET 2014, 1417945237637
2014-12-05 07:00:37,715 DEBUG [eurogiro-sftp] eurogiro-sftp [SftpFileHandler.java:89] Sun Dec 07 12:20:37 CET 2014, 1417951237637
2014-12-05 07:00:37,715 DEBUG [eurogiro-sftp] eurogiro-sftp [SftpFileHandler.java:89] Sun Dec 07 14:00:37 CET 2014, 1417957237637
2014-12-05 07:00:37,715 DEBUG [eurogiro-sftp] eurogiro-sftp [SftpFileHandler.java:89] Sun Dec 07 15:40:37 CET 2014, 1417963237637
2014-12-05 07:00:37,715 DEBUG [eurogiro-sftp] eurogiro-sftp [SftpFileHandler.java:89] Sun Dec 07 17:20:37 CET 2014, 1417969237637
2014-12-05 07:00:37,715 DEBUG [eurogiro-sftp] eurogiro-sftp [SftpFileHandler.java:89] Sun Dec 07 19:00:37 CET 2014, 1417975237637
2014-12-05 07:00:37,715 DEBUG [eurogiro-sftp] eurogiro-sftp [SftpFileHandler.java:89] Sun Dec 07 20:40:37 CET 2014, 1417981237637
2014-12-05 07:00:37,715 DEBUG [eurogiro-sftp] eurogiro-sftp [SftpFileHandler.java:89] Sun Dec 07 22:20:37 CET 2014, 1417987237637
2014-12-05 07:00:37,715 DEBUG [eurogiro-sftp] eurogiro-sftp [SftpFileHandler.java:89] Mon Dec 08 00:00:37 CET 2014, 1417993237637
2014-12-05 07:00:37,715 DEBUG [eurogiro-sftp] eurogiro-sftp [SftpFileHandler.java:89] Mon Dec 08 01:40:37 CET 2014, 1417999237637
2014-12-05 07:00:37,715 DEBUG [eurogiro-sftp] eurogiro-sftp [SftpFileHandler.java:89] Mon Dec 08 03:20:37 CET 2014, 1418005237637
2014-12-05 07:00:37,715 DEBUG [eurogiro-sftp] eurogiro-sftp [SftpFileHandler.java:89] Mon Dec 08 05:00:37 CET 2014, 1418011237637
2014-12-05 07:00:37,715 DEBUG [eurogiro-sftp] eurogiro-sftp [SftpFileHandler.java:89] Mon Dec 08 06:40:37 CET 2014, 1418017237637
2014-12-05 07:00:37,715 DEBUG [eurogiro-sftp] eurogiro-sftp [SftpFileHandler.java:89] Mon Dec 08 08:20:37 CET 2014, 1418023237637
2014-12-05 07:00:37,715 DEBUG [eurogiro-sftp] eurogiro-sftp [SftpFileHandler.java:89] Mon Dec 08 10:00:37 CET 2014, 1418029237637
2014-12-05 07:00:37,715 DEBUG [eurogiro-sftp] eurogiro-sftp [SftpFileHandler.java:89] Mon Dec 08 11:00:00 CET 2014, 1418032800000
2014-12-05 07:00:37,715 DEBUG [eurogiro-sftp] eurogiro-sftp [SftpFileHandler.java:89] Mon Dec 08 11:30:00 CET 2014, 1418034600000
2014-12-05 07:00:37,715 DEBUG [eurogiro-sftp] eurogiro-sftp [SftpFileHandler.java:89] Mon Dec 08 11:40:37 CET 2014, 1418035237637
2014-12-05 07:00:37,715 DEBUG [eurogiro-sftp] eurogiro-sftp [SftpFileHandler.java:89] Mon Dec 08 12:00:00 CET 2014, 1418036400000
2014-12-05 07:00:37,715 DEBUG [eurogiro-sftp] eurogiro-sftp [SftpFileHandler.java:89] Mon Dec 08 12:30:00 CET 2014, 1418038200000
2014-12-05 07:00:37,715 DEBUG [eurogiro-sftp] eurogiro-sftp [SftpFileHandler.java:89] Mon Dec 08 13:00:00 CET 2014, 1418040000000
2014-12-05 07:00:37,715 DEBUG [eurogiro-sftp] eurogiro-sftp [SftpFileHandler.java:89] Mon Dec 08 13:20:37 CET 2014, 1418041237637
2014-12-05 07:00:37,715 DEBUG [eurogiro-sftp] eurogiro-sftp [SftpFileHandler.java:89] Mon Dec 08 13:30:00 CET 2014, 1418041800000
2014-12-05 07:00:37,715 DEBUG [eurogiro-sftp] eurogiro-sftp [SftpFileHandler.java:89] Mon Dec 08 14:00:00 CET 2014, 1418043600000
2014-12-05 07:00:37,715 DEBUG [eurogiro-sftp] eurogiro-sftp [SftpFileHandler.java:89] Mon Dec 08 14:30:00 CET 2014, 1418045400000
2014-12-05 07:00:37,715 DEBUG [eurogiro-sftp] eurogiro-sftp [SftpFileHandler.java:89] Mon Dec 08 14:50:00 CET 2014, 1418046600000
2014-12-05 07:00:37,715 DEBUG [eurogiro-sftp] eurogiro-sftp [SftpFileHandler.java:89] Mon Dec 08 15:00:00 CET 2014, 1418047200000
2014-12-05 07:00:37,715 DEBUG [eurogiro-sftp] eurogiro-sftp [SftpFileHandler.java:89] Mon Dec 08 15:00:37 CET 2014, 1418047237637
2014-12-05 07:00:37,715 DEBUG [eurogiro-sftp] eurogiro-sftp [SftpFileHandler.java:89] Mon Dec 08 15:30:00 CET 2014, 1418049000000
2014-12-05 07:00:37,715 DEBUG [eurogiro-sftp] eurogiro-sftp [SftpFileHandler.java:89] Mon Dec 08 16:40:37 CET 2014, 1418053237637
2014-12-05 07:00:37,715 DEBUG [eurogiro-sftp] eurogiro-sftp [SftpFileHandler.java:89] Mon Dec 08 18:20:37 CET 2014, 1418059237637
2014-12-05 07:00:37,715 DEBUG [eurogiro-sftp] eurogiro-sftp [SftpFileHandler.java:89] Mon Dec 08 20:00:37 CET 2014, 1418065237637
2014-12-05 07:00:37,730 DEBUG [eurogiro-sftp] eurogiro-sftp [SftpFileHandler.java:89] Mon Dec 08 21:40:37 CET 2014, 1418071237637
2014-12-05 07:00:37,730 DEBUG [eurogiro-sftp] eurogiro-sftp [SftpFileHandler.java:89] Mon Dec 08 23:20:37 CET 2014, 1418077237637
2014-12-05 07:00:37,730 DEBUG [eurogiro-sftp] eurogiro-sftp [SftpFileHandler.java:89] Tue Dec 09 01:00:37 CET 2014, 1418083237637
2014-12-05 07:00:37,730 DEBUG [eurogiro-sftp] eurogiro-sftp [SftpFileHandler.java:89] Tue Dec 09 02:40:37 CET 2014, 1418089237637
2014-12-05 07:00:37,730 DEBUG [eurogiro-sftp] eurogiro-sftp [SftpFileHandler.java:89] Tue Dec 09 04:20:37 CET 2014, 1418095237637
2014-12-05 07:00:37,730 DEBUG [eurogiro-sftp] eurogiro-sftp [SftpFileHandler.java:89] Tue Dec 09 06:00:37 CET 2014, 1418101237637
2014-12-05 07:00:37,730 DEBUG [eurogiro-sftp] eurogiro-sftp [SftpFileHandler.java:89] Tue Dec 09 07:40:37 CET 2014, 1418107237637
2014-12-05 07:00:37,730 DEBUG [eurogiro-sftp] eurogiro-sftp [SftpFileHandler.java:89] Tue Dec 09 09:20:37 CET 2014, 1418113237637
2014-12-05 07:00:37,730 DEBUG [eurogiro-sftp] eurogiro-sftp [SftpFileHandler.java:89] Tue Dec 09 11:00:00 CET 2014, 1418119200000
2014-12-05 07:00:37,730 DEBUG [eurogiro-sftp] eurogiro-sftp [SftpFileHandler.java:89] Tue Dec 09 11:00:37 CET 2014, 1418119237637
2014-12-05 07:00:37,730 DEBUG [eurogiro-sftp] eurogiro-sftp [SftpFileHandler.java:89] Tue Dec 09 11:30:00 CET 2014, 1418121000000
2014-12-05 07:00:37,730 DEBUG [eurogiro-sftp] eurogiro-sftp [SftpFileHandler.java:89] Tue Dec 09 12:00:00 CET 2014, 1418122800000
2014-12-05 07:00:37,730 DEBUG [eurogiro-sftp] eurogiro-sftp [SftpFileHandler.java:89] Tue Dec 09 12:30:00 CET 2014, 1418124600000
2014-12-05 07:00:37,730 DEBUG [eurogiro-sftp] eurogiro-sftp [SftpFileHandler.java:89] Tue Dec 09 12:40:37 CET 2014, 1418125237637
2014-12-05 07:00:37,730 DEBUG [eurogiro-sftp] eurogiro-sftp [SftpFileHandler.java:89] Tue Dec 09 13:00:00 CET 2014, 1418126400000
2014-12-05 07:00:37,730 DEBUG [eurogiro-sftp] eurogiro-sftp [SftpFileHandler.java:89] Tue Dec 09 13:30:00 CET 2014, 1418128200000
2014-12-05 07:00:37,730 DEBUG [eurogiro-sftp] eurogiro-sftp [SftpFileHandler.java:89] Tue Dec 09 14:00:00 CET 2014, 1418130000000
2014-12-05 07:00:37,730 DEBUG [eurogiro-sftp] eurogiro-sftp [SftpFileHandler.java:89] Tue Dec 09 14:20:37 CET 2014, 1418131237637
2014-12-05 07:00:37,730 DEBUG [eurogiro-sftp] eurogiro-sftp [SftpFileHandler.java:89] Tue Dec 09 14:30:00 CET 2014, 1418131800000
2014-12-05 07:00:37,730 DEBUG [eurogiro-sftp] eurogiro-sftp [SftpFileHandler.java:89] Tue Dec 09 14:50:00 CET 2014, 1418133000000
2014-12-05 07:00:37,730 DEBUG [eurogiro-sftp] eurogiro-sftp [SftpFileHandler.java:89] Tue Dec 09 15:00:00 CET 2014, 1418133600000
2014-12-05 07:00:37,730 DEBUG [eurogiro-sftp] eurogiro-sftp [SftpFileHandler.java:89] Tue Dec 09 15:30:00 CET 2014, 1418135400000
2014-12-05 07:00:37,730 DEBUG [eurogiro-sftp] eurogiro-sftp [SftpFileHandler.java:89] Tue Dec 09 16:00:37 CET 2014, 1418137237637
2014-12-05 07:00:37,730 DEBUG [eurogiro-sftp] eurogiro-sftp [SftpFileHandler.java:89] Tue Dec 09 17:40:37 CET 2014, 1418143237637
2014-12-05 07:00:37,730 DEBUG [eurogiro-sftp] eurogiro-sftp [SftpFileHandler.java:89] Tue Dec 09 19:20:37 CET 2014, 1418149237637
2014-12-05 07:00:37,730 DEBUG [eurogiro-sftp] eurogiro-sftp [SftpFileHandler.java:89] Tue Dec 09 21:00:37 CET 2014, 1418155237637
2014-12-05 07:00:37,730 DEBUG [eurogiro-sftp] eurogiro-sftp [SftpFileHandler.java:89] Tue Dec 09 22:40:37 CET 2014, 1418161237637
2014-12-05 07:00:37,746 DEBUG [eurogiro-sftp] eurogiro-sftp [SftpFileHandler.java:89] Wed Dec 10 00:20:37 CET 2014, 1418167237637
2014-12-05 07:00:37,746 DEBUG [eurogiro-sftp] eurogiro-sftp [SftpFileHandler.java:89] Wed Dec 10 02:00:37 CET 2014, 1418173237637
2014-12-05 07:00:37,746 DEBUG [eurogiro-sftp] eurogiro-sftp [SftpFileHandler.java:89] Wed Dec 10 03:40:37 CET 2014, 1418179237637
2014-12-05 07:00:37,746 DEBUG [eurogiro-sftp] eurogiro-sftp [SftpFileHandler.java:89] Wed Dec 10 05:20:37 CET 2014, 1418185237637
2014-12-05 07:00:37,746 DEBUG [eurogiro-sftp] eurogiro-sftp [SftpFileHandler.java:89] Wed Dec 10 07:00:37 CET 2014, 1418191237637
2014-12-05 07:00:37,746 DEBUG [eurogiro-sftp] eurogiro-sftp [SftpFileHandler.java:89] Wed Dec 10 08:40:37 CET 2014, 1418197237637
2014-12-05 07:00:37,746 DEBUG [eurogiro-sftp] eurogiro-sftp [SftpFileHandler.java:89] Wed Dec 10 10:20:37 CET 2014, 1418203237637
2014-12-05 07:00:37,746 DEBUG [eurogiro-sftp] eurogiro-sftp [SftpFileHandler.java:89] Wed Dec 10 11:00:00 CET 2014, 1418205600000
2014-12-05 07:00:37,746 DEBUG [eurogiro-sftp] eurogiro-sftp [SftpFileHandler.java:89] Wed Dec 10 11:30:00 CET 2014, 1418207400000
2014-12-05 07:00:37,746 DEBUG [eurogiro-sftp] eurogiro-sftp [SftpFileHandler.java:89] Wed Dec 10 12:00:00 CET 2014, 1418209200000
2014-12-05 07:00:37,746 DEBUG [eurogiro-sftp] eurogiro-sftp [SftpFileHandler.java:89] Wed Dec 10 12:00:37 CET 2014, 1418209237637
2014-12-05 07:00:37,746 DEBUG [eurogiro-sftp] eurogiro-sftp [SftpFileHandler.java:89] Wed Dec 10 12:30:00 CET 2014, 1418211000000
2014-12-05 07:00:37,746 DEBUG [eurogiro-sftp] eurogiro-sftp [SftpFileHandler.java:89] Wed Dec 10 13:00:00 CET 2014, 1418212800000
2014-12-05 07:00:37,746 DEBUG [eurogiro-sftp] eurogiro-sftp [SftpFileHandler.java:89] Wed Dec 10 13:30:00 CET 2014, 1418214600000
2014-12-05 07:00:37,746 DEBUG [eurogiro-sftp] eurogiro-sftp [SftpFileHandler.java:89] Wed Dec 10 13:40:37 CET 2014, 1418215237637
2014-12-05 07:00:37,746 DEBUG [eurogiro-sftp] eurogiro-sftp [SftpFileHandler.java:89] Wed Dec 10 14:00:00 CET 2014, 1418216400000
2014-12-05 07:00:37,746 DEBUG [eurogiro-sftp] eurogiro-sftp [SftpFileHandler.java:89] Wed Dec 10 14:30:00 CET 2014, 1418218200000
2014-12-05 07:00:37,746 DEBUG [eurogiro-sftp] eurogiro-sftp [SftpFileHandler.java:89] Wed Dec 10 14:50:00 CET 2014, 1418219400000
2014-12-05 07:00:37,746 DEBUG [eurogiro-sftp] eurogiro-sftp [SftpFileHandler.java:89] Wed Dec 10 15:00:00 CET 2014, 1418220000000
2014-12-05 07:00:37,746 DEBUG [eurogiro-sftp] eurogiro-sftp [SftpFileHandler.java:89] Wed Dec 10 15:20:37 CET 2014, 1418221237637
2014-12-05 07:00:37,746 DEBUG [eurogiro-sftp] eurogiro-sftp [SftpFileHandler.java:89] Wed Dec 10 15:30:00 CET 2014, 1418221800000
2014-12-05 07:00:37,746 DEBUG [eurogiro-sftp] eurogiro-sftp [SftpFileHandler.java:89] Wed Dec 10 17:00:37 CET 2014, 1418227237637
2014-12-05 07:00:37,746 DEBUG [eurogiro-sftp] eurogiro-sftp [SftpFileHandler.java:89] Wed Dec 10 18:40:37 CET 2014, 1418233237637
2014-12-05 07:00:37,746 DEBUG [eurogiro-sftp] eurogiro-sftp [SftpFileHandler.java:89] Wed Dec 10 20:20:37 CET 2014, 1418239237637
2014-12-05 07:00:37,746 DEBUG [eurogiro-sftp] eurogiro-sftp [SftpFileHandler.java:89] Wed Dec 10 22:00:37 CET 2014, 1418245237637
2014-12-05 07:00:37,746 DEBUG [eurogiro-sftp] eurogiro-sftp [SftpFileHandler.java:89] Wed Dec 10 23:40:37 CET 2014, 1418251237637
2014-12-05 07:00:37,746 DEBUG [eurogiro-sftp] eurogiro-sftp [SftpFileHandler.java:89] Thu Dec 11 01:20:37 CET 2014, 1418257237637
2014-12-05 07:00:37,746 DEBUG [eurogiro-sftp] eurogiro-sftp [SftpFileHandler.java:89] Thu Dec 11 03:00:37 CET 2014, 1418263237637
2014-12-05 07:00:37,746 DEBUG [eurogiro-sftp] eurogiro-sftp [SftpFileHandler.java:89] Thu Dec 11 04:40:37 CET 2014, 1418269237637
2014-12-05 07:00:37,746 DEBUG [eurogiro-sftp] eurogiro-sftp [SftpFileHandler.java:89] Thu Dec 11 06:20:37 CET 2014, 1418275237637
2014-12-05 07:00:37,746 DEBUG [eurogiro-sftp] eurogiro-sftp [SftpFileHandler.java:89] Thu Dec 11 08:00:37 CET 2014, 1418281237637
2014-12-05 07:00:37,746 DEBUG [eurogiro-sftp] eurogiro-sftp [SftpFileHandler.java:89] Thu Dec 11 09:40:37 CET 2014, 1418287237637
2014-12-05 07:00:37,746 DEBUG [eurogiro-sftp] eurogiro-sftp [SftpFileHandler.java:89] Thu Dec 11 11:00:00 CET 2014, 1418292000000
2014-12-05 07:00:37,746 DEBUG [eurogiro-sftp] eurogiro-sftp [SftpFileHandler.java:89] Thu Dec 11 11:20:37 CET 2014, 1418293237637
2014-12-05 07:00:37,746 DEBUG [eurogiro-sftp] eurogiro-sftp [SftpFileHandler.java:89] Thu Dec 11 11:30:00 CET 2014, 1418293800000
2014-12-05 07:00:37,746 DEBUG [eurogiro-sftp] eurogiro-sftp [SftpFileHandler.java:89] Thu Dec 11 12:00:00 CET 2014, 1418295600000
2014-12-05 07:00:37,746 DEBUG [eurogiro-sftp] eurogiro-sftp [SftpFileHandler.java:89] Thu Dec 11 12:30:00 CET 2014, 1418297400000
2014-12-05 07:00:37,746 DEBUG [eurogiro-sftp] eurogiro-sftp [SftpFileHandler.java:89] Thu Dec 11 13:00:00 CET 2014, 1418299200000
2014-12-05 07:00:37,746 DEBUG [eurogiro-sftp] eurogiro-sftp [SftpFileHandler.java:89] Thu Dec 11 13:00:37 CET 2014, 1418299237637
2014-12-05 07:00:37,746 DEBUG [eurogiro-sftp] eurogiro-sftp [SftpFileHandler.java:89] Thu Dec 11 13:30:00 CET 2014, 1418301000000
2014-12-05 07:00:37,746 DEBUG [eurogiro-sftp] eurogiro-sftp [SftpFileHandler.java:89] Thu Dec 11 14:00:00 CET 2014, 1418302800000
2014-12-05 07:00:37,746 DEBUG [eurogiro-sftp] eurogiro-sftp [SftpFileHandler.java:89] Thu Dec 11 14:30:00 CET 2014, 1418304600000
2014-12-05 07:00:37,746 DEBUG [eurogiro-sftp] eurogiro-sftp [SftpFileHandler.java:89] Thu Dec 11 14:40:37 CET 2014, 1418305237637
2014-12-05 07:00:37,746 DEBUG [eurogiro-sftp] eurogiro-sftp [SftpFileHandler.java:89] Thu Dec 11 14:50:00 CET 2014, 1418305800000
2014-12-05 07:00:37,746 DEBUG [eurogiro-sftp] eurogiro-sftp [SftpFileHandler.java:89] Thu Dec 11 15:00:00 CET 2014, 1418306400000
2014-12-05 07:00:37,746 DEBUG [eurogiro-sftp] eurogiro-sftp [SftpFileHandler.java:89] Thu Dec 11 15:30:00 CET 2014, 1418308200000
2014-12-05 07:00:37,746 DEBUG [eurogiro-sftp] eurogiro-sftp [SftpFileHandler.java:89] Thu Dec 11 16:20:37 CET 2014, 1418311237637
2014-12-05 07:00:37,746 DEBUG [eurogiro-sftp] eurogiro-sftp [SftpFileHandler.java:89] Thu Dec 11 18:00:37 CET 2014, 1418317237637
2014-12-05 07:00:37,746 DEBUG [eurogiro-sftp] eurogiro-sftp [SftpFileHandler.java:89] Thu Dec 11 19:40:37 CET 2014, 1418323237637
2014-12-05 07:00:37,746 DEBUG [eurogiro-sftp] eurogiro-sftp [SftpFileHandler.java:89] Thu Dec 11 21:20:37 CET 2014, 1418329237637
2014-12-05 07:00:37,762 DEBUG [eurogiro-sftp] eurogiro-sftp [SftpFileHandler.java:89] Thu Dec 11 23:00:37 CET 2014, 1418335237637
2014-12-05 07:00:37,762 DEBUG [eurogiro-sftp] eurogiro-sftp [SftpFileHandler.java:89] Fri Dec 12 00:40:37 CET 2014, 1418341237637
2014-12-05 07:00:37,762 DEBUG [eurogiro-sftp] eurogiro-sftp [SftpFileHandler.java:89] Fri Dec 12 02:20:37 CET 2014, 1418347237637
2014-12-05 07:00:37,762 DEBUG [eurogiro-sftp] eurogiro-sftp [SftpFileHandler.java:89] Fri Dec 12 04:00:37 CET 2014, 1418353237637
2014-12-05 07:00:37,762 DEBUG [eurogiro-sftp] eurogiro-sftp [SftpFileHandler.java:89] Fri Dec 12 05:40:37 CET 2014, 1418359237637
2014-12-05 07:00:37,762 DEBUG [eurogiro-sftp] eurogiro-sftp [SftpFileHandler.java:89] Fri Dec 12 07:20:37 CET 2014, 1418365237637
2014-12-05 07:00:37,762 DEBUG [eurogiro-sftp] eurogiro-sftp [SftpFileHandler.java:89] Fri Dec 12 09:00:37 CET 2014, 1418371237637
2014-12-05 07:00:37,762 DEBUG [eurogiro-sftp] eurogiro-sftp [SftpFileHandler.java:89] Fri Dec 12 10:40:37 CET 2014, 1418377237637
2014-12-05 07:00:37,762 DEBUG [eurogiro-sftp] eurogiro-sftp [SftpFileHandler.java:89] Fri Dec 12 11:00:00 CET 2014, 1418378400000
2014-12-05 07:00:37,762 DEBUG [eurogiro-sftp] eurogiro-sftp [SftpFileHandler.java:89] Fri Dec 12 11:30:00 CET 2014, 1418380200000
2014-12-05 07:00:37,762 DEBUG [eurogiro-sftp] eurogiro-sftp [SftpFileHandler.java:89] Fri Dec 12 12:00:00 CET 2014, 1418382000000
2014-12-05 07:00:37,762 DEBUG [eurogiro-sftp] eurogiro-sftp [SftpFileHandler.java:89] Fri Dec 12 12:20:37 CET 2014, 1418383237637
2014-12-05 07:00:37,762 DEBUG [eurogiro-sftp] eurogiro-sftp [SftpFileHandler.java:89] Fri Dec 12 12:30:00 CET 2014, 1418383800000
2014-12-05 07:00:37,762 DEBUG [eurogiro-sftp] eurogiro-sftp [SftpFileHandler.java:89] Fri Dec 12 13:00:00 CET 2014, 1418385600000
2014-12-05 07:00:37,762 DEBUG [eurogiro-sftp] eurogiro-sftp [SftpFileHandler.java:89] Fri Dec 12 13:30:00 CET 2014, 1418387400000
2014-12-05 07:00:37,762 DEBUG [eurogiro-sftp] eurogiro-sftp [SftpFileHandler.java:89] Fri Dec 12 14:00:00 CET 2014, 1418389200000
2014-12-05 07:00:37,762 DEBUG [eurogiro-sftp] eurogiro-sftp [SftpFileHandler.java:89] Fri Dec 12 14:00:37 CET 2014, 1418389237637
2014-12-05 07:00:37,762 DEBUG [eurogiro-sftp] eurogiro-sftp [SftpFileHandler.java:89] Fri Dec 12 14:30:00 CET 2014, 1418391000000
2014-12-05 07:00:37,762 DEBUG [eurogiro-sftp] eurogiro-sftp [SftpFileHandler.java:89] Fri Dec 12 14:50:00 CET 2014, 1418392200000
2014-12-05 07:00:37,762 DEBUG [eurogiro-sftp] eurogiro-sftp [SftpFileHandler.java:89] Fri Dec 12 15:00:00 CET 2014, 1418392800000
2014-12-05 07:00:37,762 DEBUG [eurogiro-sftp] eurogiro-sftp [SftpFileHandler.java:89] Fri Dec 12 15:30:00 CET 2014, 1418394600000
2014-12-05 07:00:37,762 DEBUG [eurogiro-sftp] eurogiro-sftp [SftpFileHandler.java:89] Fri Dec 12 15:40:37 CET 2014, 1418395237637
2014-12-05 07:00:37,762 DEBUG [eurogiro-sftp] eurogiro-sftp [SftpFileHandler.java:89] Fri Dec 12 17:20:37 CET 2014, 1418401237637
2014-12-05 07:00:37,762 DEBUG [eurogiro-sftp] eurogiro-sftp [SftpFileHandler.java:89] Fri Dec 12 19:00:37 CET 2014, 1418407237637
2014-12-05 07:00:37,762 DEBUG [eurogiro-sftp] eurogiro-sftp [SftpFileHandler.java:89] Fri Dec 12 20:40:37 CET 2014, 1418413237637
2014-12-05 07:00:37,762 DEBUG [eurogiro-sftp] eurogiro-sftp [SftpFileHandler.java:89] Fri Dec 12 22:20:37 CET 2014, 1418419237637
2014-12-05 07:00:37,762 DEBUG [eurogiro-sftp] eurogiro-sftp [SftpFileHandler.java:89] Sat Dec 13 00:00:37 CET 2014, 1418425237637
2014-12-05 07:00:37,762 DEBUG [eurogiro-sftp] eurogiro-sftp [SftpFileHandler.java:89] Sat Dec 13 01:40:37 CET 2014, 1418431237637
2014-12-05 07:00:37,762 DEBUG [eurogiro-sftp] eurogiro-sftp [SftpFileHandler.java:89] Sat Dec 13 03:20:37 CET 2014, 1418437237637
2014-12-05 07:00:37,762 DEBUG [eurogiro-sftp] eurogiro-sftp [SftpFileHandler.java:89] Sat Dec 13 05:00:37 CET 2014, 1418443237637
2014-12-05 07:00:37,762 DEBUG [eurogiro-sftp] eurogiro-sftp [SftpFileHandler.java:89] Sat Dec 13 06:40:37 CET 2014, 1418449237637
2014-12-05 07:00:37,762 DEBUG [eurogiro-sftp] eurogiro-sftp [SftpFileHandler.java:89] Sat Dec 13 08:20:37 CET 2014, 1418455237637
2014-12-05 07:00:37,762 DEBUG [eurogiro-sftp] eurogiro-sftp [SftpFileHandler.java:89] Sat Dec 13 10:00:37 CET 2014, 1418461237637
2014-12-05 07:00:37,762 DEBUG [eurogiro-sftp] eurogiro-sftp [SftpFileHandler.java:89] Sat Dec 13 11:40:37 CET 2014, 1418467237637
2014-12-05 07:00:37,762 DEBUG [eurogiro-sftp] eurogiro-sftp [SftpFileHandler.java:89] Sat Dec 13 13:20:37 CET 2014, 1418473237637
2014-12-05 07:00:37,762 DEBUG [eurogiro-sftp] eurogiro-sftp [SftpFileHandler.java:89] Sat Dec 13 15:00:37 CET 2014, 1418479237637
2014-12-05 07:00:37,762 DEBUG [eurogiro-sftp] eurogiro-sftp [SftpFileHandler.java:89] Sat Dec 13 16:40:37 CET 2014, 1418485237637
2014-12-05 07:00:37,762 DEBUG [eurogiro-sftp] eurogiro-sftp [SftpFileHandler.java:89] Sat Dec 13 18:20:37 CET 2014, 1418491237637
2014-12-05 07:00:37,762 DEBUG [eurogiro-sftp] eurogiro-sftp [SftpFileHandler.java:89] Sat Dec 13 20:00:37 CET 2014, 1418497237637
2014-12-05 07:00:37,762 DEBUG [eurogiro-sftp] eurogiro-sftp [SftpFileHandler.java:89] Sat Dec 13 21:40:37 CET 2014, 1418503237637
2014-12-05 07:00:37,762 DEBUG [eurogiro-sftp] eurogiro-sftp [SftpFileHandler.java:89] Sat Dec 13 23:20:37 CET 2014, 1418509237637
2014-12-05 07:00:37,762 DEBUG [eurogiro-sftp] eurogiro-sftp [SftpFileHandler.java:89] Sun Dec 14 01:00:37 CET 2014, 1418515237637
2014-12-05 07:00:37,762 DEBUG [eurogiro-sftp] eurogiro-sftp [SftpFileHandler.java:89] Sun Dec 14 02:40:37 CET 2014, 1418521237637
2014-12-05 07:00:37,762 DEBUG [eurogiro-sftp] eurogiro-sftp [SftpFileHandler.java:89] Sun Dec 14 04:20:37 CET 2014, 1418527237637
2014-12-05 07:00:37,762 DEBUG [eurogiro-sftp] eurogiro-sftp [SftpFileHandler.java:89] Sun Dec 14 06:00:37 CET 2014, 1418533237637
2014-12-05 07:00:37,762 DEBUG [eurogiro-sftp] eurogiro-sftp [SftpFileHandler.java:89] Sun Dec 14 07:40:37 CET 2014, 1418539237637
2014-12-05 07:00:37,762 DEBUG [eurogiro-sftp] eurogiro-sftp [SftpFileHandler.java:89] Sun Dec 14 09:20:37 CET 2014, 1418545237637
2014-12-05 07:00:37,762 DEBUG [eurogiro-sftp] eurogiro-sftp [SftpFileHandler.java:89] Sun Dec 14 11:00:37 CET 2014, 1418551237637
2014-12-05 07:00:37,762 DEBUG [eurogiro-sftp] eurogiro-sftp [SftpFileHandler.java:89] Sun Dec 14 12:40:37 CET 2014, 1418557237637
2014-12-05 07:00:37,762 DEBUG [eurogiro-sftp] eurogiro-sftp [SftpFileHandler.java:89] Sun Dec 14 14:20:37 CET 2014, 1418563237637
2014-12-05 07:00:37,762 DEBUG [eurogiro-sftp] eurogiro-sftp [SftpFileHandler.java:91] -----------------------------------
2014-12-05 07:00:37,762 DEBUG [eurogiro-sftp] eurogiro-sftp [SftpFileHandler.java:94] Fri Dec 05 07:00:37 CET 2014, Fri Dec 05 08:40:37 CET 2014
2014-12-05 07:00:37,762 INFO [eurogiro-sftp] eurogiro-sftp [SftpFileHandler.java:97] SFTP transfer starts. Schedule timer2 is aplied
2014-12-05 07:00:37,980 INFO [eurogiro-sftp] eurogiro-sftp [SftpFileHandler.java:173] GET: SSH authentication complete
2014-12-05 07:00:38,042 INFO [eurogiro-sftp] eurogiro-sftp [SftpFileHandler.java:270] GET: Found file e000000
2014-12-05 07:00:38,074 ERROR [eurogiro-sftp] eurogiro-sftp [SftpFileHandler.java:373] GET: File e000000 was allready processed
2014-12-05 07:00:38,089 INFO [eurogiro-sftp] eurogiro-sftp [SftpFileHandler.java:232] GET: SSH disconnected
2014-12-05 07:00:39,103 DEBUG [eurogiro-sftp] eurogiro-sftp [SftpFileHandler.java:94] Fri Dec 05 07:00:39 CET 2014, Fri Dec 05 08:40:37 CET 2014
2014-12-05 07:00:40,117 DEBUG [eurogiro-sftp] eurogiro-sftp [SftpFileHandler.java:94] Fri Dec 05 07:00:40 CET 2014, Fri Dec 05 08:40:37 CET 2014
2014-12-05 07:00:41,131 DEBUG [eurogiro-sftp] eurogiro-sftp [SftpFileHandler.java:94] Fri Dec 05 07:00:41 CET 2014, Fri Dec 05 08:40:37 CET 2014
2014-12-05 07:00:42,145 DEBUG [eurogiro-sftp] eurogiro-sftp [SftpFileHandler.java:94] Fri Dec 05 07:00:42 CET 2014, Fri Dec 05 08:40:37 CET 2014
2014-12-05 07:00:43,159 DEBUG [eurogiro-sftp] eurogiro-sftp [SftpFileHandler.java:94] Fri Dec 05 07:00:43 CET 2014, Fri Dec 05 08:40:37 CET 2014
2014-12-05 07:00:44,173 DEBUG [eurogiro-sftp] eurogiro-sftp [SftpFileHandler.java:94] Fri Dec 05 07:00:44 CET 2014, Fri Dec 05 08:40:37 CET 2014
2014-12-05 07:00:45,187 DEBUG [eurogiro-sftp] eurogiro-sftp [SftpFileHandler.java:94] Fri Dec 05 07:00:45 CET 2014, Fri Dec 05 08:40:37 CET 2014
2014-12-05 07:00:46,201 DEBUG [eurogiro-sftp] eurogiro-sftp [SftpFileHandler.java:94] Fri Dec 05 07:00:46 CET 2014, Fri Dec 05 08:40:37 CET 2014
2014-12-05 07:00:47,215 DEBUG [eurogiro-sftp] eurogiro-sftp [SftpFileHandler.java:94] Fri Dec 05 07:00:47 CET 2014, Fri Dec 05 08:40:37 CET 2014
2014-12-05 07:00:48,229 DEBUG [eurogiro-sftp] eurogiro-sftp [SftpFileHandler.java:94] Fri Dec 05 07:00:48 CET 2014, Fri Dec 05 08:40:37 CET 2014
2014-12-05 07:00:49,259 DEBUG [eurogiro-sftp] eurogiro-sftp [SftpFileHandler.java:94] Fri Dec 05 07:00:49 CET 2014, Fri Dec 05 08:40:37 CET 2014
2014-12-05 07:00:50,273 DEBUG [eurogiro-sftp] eurogiro-sftp [SftpFileHandler.java:94] Fri Dec 05 07:00:50 CET 2014, Fri Dec 05 08:40:37 CET 2014
2014-12-05 07:00:51,287 DEBUG [eurogiro-sftp] eurogiro-sftp [SftpFileHandler.java:94] Fri Dec 05 07:00:51 CET 2014, Fri Dec 05 08:40:37 CET 2014
2014-12-05 07:00:52,301 DEBUG [eurogiro-sftp] eurogiro-sftp [SftpFileHandler.java:94] Fri Dec 05 07:00:52 CET 2014, Fri Dec 05 08:40:37 CET 2014
2014-12-05 07:00:53,315 DEBUG [eurogiro-sftp] eurogiro-sftp [SftpFileHandler.java:94] Fri Dec 05 07:00:53 CET 2014, Fri Dec 05 08:40:37 CET 2014
2014-12-05 07:00:54,329 DEBUG [eurogiro-sftp] eurogiro-sftp [SftpFileHandler.java:94] Fri Dec 05 07:00:54 CET 2014, Fri Dec 05 08:40:37 CET 2014
2014-12-05 07:00:55,343 DEBUG [eurogiro-sftp] eurogiro-sftp [SftpFileHandler.java:94] Fri Dec 05 07:00:55 CET 2014, Fri Dec 05 08:40:37 CET 2014
2014-12-05 07:00:56,357 DEBUG [eurogiro-sftp] eurogiro-sftp [SftpFileHandler.java:94] Fri Dec 05 07:00:56 CET 2014, Fri Dec 05 08:40:37 CET 2014
2014-12-05 07:00:57,371 DEBUG [eurogiro-sftp] eurogiro-sftp [SftpFileHandler.java:94] Fri Dec 05 07:00:57 CET 2014, Fri Dec 05 08:40:37 CET 2014
2014-12-05 07:00:58,385 DEBUG [eurogiro-sftp] eurogiro-sftp [SftpFileHandler.java:94] Fri Dec 05 07:00:58 CET 2014, Fri Dec 05 08:40:37 CET 2014
2014-12-05 07:00:59,399 DEBUG [eurogiro-sftp] eurogiro-sftp [SftpFileHandler.java:94] Fri Dec 05 07:00:59 CET 2014, Fri Dec 05 08:40:37 CET 2014
2014-12-05 07:01:00,413 DEBUG [eurogiro-sftp] eurogiro-sftp [SftpFileHandler.java:94] Fri Dec 05 07:01:00 CET 2014, Fri Dec 05 08:40:37 CET 2014
2014-12-05 07:01:01,427 DEBUG [eurogiro-sftp] eurogiro-sftp [SftpFileHandler.java:94] Fri Dec 05 07:01:01 CET 2014, Fri Dec 05 08:40:37 CET 2014
2014-12-05 07:01:02,441 DEBUG [eurogiro-sftp] eurogiro-sftp [SftpFileHandler.java:94] Fri Dec 05 07:01:02 CET 2014, Fri Dec 05 08:40:37 CET 2014
2014-12-05 07:01:03,455 DEBUG [eurogiro-sftp] eurogiro-sftp [SftpFileHandler.java:94] Fri Dec 05 07:01:03 CET 2014, Fri Dec 05 08:40:37 CET 2014
2014-12-05 07:01:04,469 DEBUG [eurogiro-sftp] eurogiro-sftp [SftpFileHandler.java:94] Fri Dec 05 07:01:04 CET 2014, Fri Dec 05 08:40:37 CET 2014
2014-12-05 07:01:05,483 DEBUG [eurogiro-sftp] eurogiro-sftp [SftpFileHandler.java:94] Fri Dec 05 07:01:05 CET 2014, Fri Dec 05 08:40:37 CET 2014
2014-12-05 07:01:06,497 DEBUG [eurogiro-sftp] eurogiro-sftp [SftpFileHandler.java:94] Fri Dec 05 07:01:06 CET 2014, Fri Dec 05 08:40:37 CET 2014
2014-12-05 07:01:07,511 DEBUG [eurogiro-sftp] eurogiro-sftp [SftpFileHandler.java:94] Fri Dec 05 07:01:07 CET 2014, Fri Dec 05 08:40:37 CET 2014
2014-12-05 07:01:08,525 DEBUG [eurogiro-sftp] eurogiro-sftp [SftpFileHandler.java:94] Fri Dec 05 07:01:08 CET 2014, Fri Dec 05 08:40:37 CET 2014
2014-12-05 07:01:09,539 DEBUG [eurogiro-sftp] eurogiro-sftp [SftpFileHandler.java:94] Fri Dec 05 07:01:09 CET 2014, Fri Dec 05 08:40:37 CET 2014
2014-12-05 07:01:10,553 DEBUG [eurogiro-sftp] eurogiro-sftp [SftpFileHandler.java:94] Fri Dec 05 07:01:10 CET 2014, Fri Dec 05 08:40:37 CET 2014
2014-12-05 07:01:11,567 DEBUG [eurogiro-sftp] eurogiro-sftp [SftpFileHandler.java:94] Fri Dec 05 07:01:11 CET 2014, Fri Dec 05 08:40:37 CET 2014
2014-12-05 07:01:12,581 DEBUG [eurogiro-sftp] eurogiro-sftp [SftpFileHandler.java:94] Fri Dec 05 07:01:12 CET 2014, Fri Dec 05 08:40:37 CET 2014
2014-12-05 07:01:13,595 DEBUG [eurogiro-sftp] eurogiro-sftp [SftpFileHandler.java:94] Fri Dec 05 07:01:13 CET 2014, Fri Dec 05 08:40:37 CET 2014
2014-12-05 07:01:14,609 DEBUG [eurogiro-sftp] eurogiro-sftp [SftpFileHandler.java:94] Fri Dec 05 07:01:14 CET 2014, Fri Dec 05 08:40:37 CET 2014
2014-12-05 07:01:15,623 DEBUG [eurogiro-sftp] eurogiro-sftp [SftpFileHandler.java:94] Fri Dec 05 07:01:15 CET 2014, Fri Dec 05 08:40:37 CET 2014
2014-12-05 07:01:16,637 DEBUG [eurogiro-sftp] eurogiro-sftp [SftpFileHandler.java:94] Fri Dec 05 07:01:16 CET 2014, Fri Dec 05 08:40:37 CET 2014
2014-12-05 07:01:17,651 DEBUG [eurogiro-sftp] eurogiro-sftp [SftpFileHandler.java:94] Fri Dec 05 07:01:17 CET 2014, Fri Dec 05 08:40:37 CET 2014
2014-12-05 07:01:18,665 DEBUG [eurogiro-sftp] eurogiro-sftp [SftpFileHandler.java:94] Fri Dec 05 07:01:18 CET 2014, Fri Dec 05 08:40:37 CET 2014
2014-12-05 07:01:19,679 DEBUG [eurogiro-sftp] eurogiro-sftp [SftpFileHandler.java:94] Fri Dec 05 07:01:19 CET 2014, Fri Dec 05 08:40:37 CET 2014
2014-12-05 07:01:20,679 DEBUG [eurogiro-sftp] eurogiro-sftp [SftpFileHandler.java:94] Fri Dec 05 07:01:20 CET 2014, Fri Dec 05 08:40:37 CET 2014
2014-12-05 07:01:21,680 DEBUG [eurogiro-sftp] eurogiro-sftp [SftpFileHandler.java:94] Fri Dec 05 07:01:21 CET 2014, Fri Dec 05 08:40:37 CET 2014
2014-12-05 07:01:22,681 DEBUG [eurogiro-sftp] eurogiro-sftp [SftpFileHandler.java:94] Fri Dec 05 07:01:22 CET 2014, Fri Dec 05 08:40:37 CET 2014
2014-12-05 07:01:23,682 DEBUG [eurogiro-sftp] eurogiro-sftp [SftpFileHandler.java:94] Fri Dec 05 07:01:23 CET 2014, Fri Dec 05 08:40:37 CET 2014
2014-12-05 07:01:24,683 DEBUG [eurogiro-sftp] eurogiro-sftp [SftpFileHandler.java:94] Fri Dec 05 07:01:24 CET 2014, Fri Dec 05 08:40:37 CET 2014
2014-12-05 07:01:25,683 DEBUG [eurogiro-sftp] eurogiro-sftp [SftpFileHandler.java:94] Fri Dec 05 07:01:25 CET 2014, Fri Dec 05 08:40:37 CET 2014
2014-12-05 07:01:26,684 DEBUG [eurogiro-sftp] eurogiro-sftp [SftpFileHandler.java:94] Fri Dec 05 07:01:26 CET 2014, Fri Dec 05 08:40:37 CET 2014
2014-12-05 07:01:27,685 DEBUG [eurogiro-sftp] eurogiro-sftp [SftpFileHandler.java:94] Fri Dec 05 07:01:27 CET 2014, Fri Dec 05 08:40:37 CET 2014
2014-12-05 07:01:28,687 DEBUG [eurogiro-sftp] eurogiro-sftp [SftpFileHandler.java:94] Fri Dec 05 07:01:28 CET 2014, Fri Dec 05 08:40:37 CET 2014
2014-12-05 07:01:29,688 DEBUG [eurogiro-sftp] eurogiro-sftp [SftpFileHandler.java:94] Fri Dec 05 07:01:29 CET 2014, Fri Dec 05 08:40:37 CET 2014
2014-12-05 07:01:30,689 DEBUG [eurogiro-sftp] eurogiro-sftp [SftpFileHandler.java:94] Fri Dec 05 07:01:30 CET 2014, Fri Dec 05 08:40:37 CET 2014
2014-12-05 07:01:31,690 DEBUG [eurogiro-sftp] eurogiro-sftp [SftpFileHandler.java:94] Fri Dec 05 07:01:31 CET 2014, Fri Dec 05 08:40:37 CET 2014
2014-12-05 07:01:32,692 DEBUG [eurogiro-sftp] eurogiro-sftp [SftpFileHandler.java:94] Fri Dec 05 07:01:32 CET 2014, Fri Dec 05 08:40:37 CET 2014
2014-12-05 07:01:33,693 DEBUG [eurogiro-sftp] eurogiro-sftp [SftpFileHandler.java:94] Fri Dec 05 07:01:33 CET 2014, Fri Dec 05 08:40:37 CET 2014
2014-12-05 07:01:34,694 DEBUG [eurogiro-sftp] eurogiro-sftp [SftpFileHandler.java:94] Fri Dec 05 07:01:34 CET 2014, Fri Dec 05 08:40:37 CET 2014
2014-12-05 07:01:35,695 DEBUG [eurogiro-sftp] eurogiro-sftp [SftpFileHandler.java:94] Fri Dec 05 07:01:35 CET 2014, Fri Dec 05 08:40:37 CET 2014
2014-12-05 07:01:36,695 DEBUG [eurogiro-sftp] eurogiro-sftp [SftpFileHandler.java:94] Fri Dec 05 07:01:36 CET 2014, Fri Dec 05 08:40:37 CET 2014
2014-12-05 07:01:37,696 DEBUG [eurogiro-sftp] eurogiro-sftp [SftpFileHandler.java:94] Fri Dec 05 07:01:37 CET 2014, Fri Dec 05 08:40:37 CET 2014
2014-12-05 07:01:38,697 DEBUG [eurogiro-sftp] eurogiro-sftp [SftpFileHandler.java:94] Fri Dec 05 07:01:38 CET 2014, Fri Dec 05 08:40:37 CET 2014
2014-12-05 07:01:39,698 DEBUG [eurogiro-sftp] eurogiro-sftp [SftpFileHandler.java:94] Fri Dec 05 07:01:39 CET 2014, Fri Dec 05 08:40:37 CET 2014
2014-12-05 07:01:40,699 DEBUG [eurogiro-sftp] eurogiro-sftp [SftpFileHandler.java:94] Fri Dec 05 07:01:40 CET 2014, Fri Dec 05 08:40:37 CET 2014
2014-12-05 07:01:41,700 DEBUG [eurogiro-sftp] eurogiro-sftp [SftpFileHandler.java:94] Fri Dec 05 07:01:41 CET 2014, Fri Dec 05 08:40:37 CET 2014
2014-12-05 07:01:42,701 DEBUG [eurogiro-sftp] eurogiro-sftp [SftpFileHandler.java:94] Fri Dec 05 07:01:42 CET 2014, Fri Dec 05 08:40:37 CET 2014
2014-12-05 07:01:43,702 DEBUG [eurogiro-sftp] eurogiro-sftp [SftpFileHandler.java:94] Fri Dec 05 07:01:43 CET 2014, Fri Dec 05 08:40:37 CET 2014
2014-12-05 07:01:44,703 DEBUG [eurogiro-sftp] eurogiro-sftp [SftpFileHandler.java:94] Fri Dec 05 07:01:44 CET 2014, Fri Dec 05 08:40:37 CET 2014
2014-12-05 07:01:45,704 DEBUG [eurogiro-sftp] eurogiro-sftp [SftpFileHandler.java:94] Fri Dec 05 07:01:45 CET 2014, Fri Dec 05 08:40:37 CET 2014
2014-12-05 07:01:46,705 DEBUG [eurogiro-sftp] eurogiro-sftp [SftpFileHandler.java:94] Fri Dec 05 07:01:46 CET 2014, Fri Dec 05 08:40:37 CET 2014
2014-12-05 07:01:47,706 DEBUG [eurogiro-sftp] eurogiro-sftp [SftpFileHandler.java:94] Fri Dec 05 07:01:47 CET 2014, Fri Dec 05 08:40:37 CET 2014
2014-12-05 07:01:48,707 DEBUG [eurogiro-sftp] eurogiro-sftp [SftpFileHandler.java:94] Fri Dec 05 07:01:48 CET 2014, Fri Dec 05 08:40:37 CET 2014
2014-12-05 07:01:49,709 DEBUG [eurogiro-sftp] eurogiro-sftp [SftpFileHandler.java:94] Fri Dec 05 07:01:49 CET 2014, Fri Dec 05 08:40:37 CET 2014
2014-12-05 07:01:50,710 DEBUG [eurogiro-sftp] eurogiro-sftp [SftpFileHandler.java:94] Fri Dec 05 07:01:50 CET 2014, Fri Dec 05 08:40:37 CET 2014
2014-12-05 07:01:51,711 DEBUG [eurogiro-sftp] eurogiro-sftp [SftpFileHandler.java:94] Fri Dec 05 07:01:51 CET 2014, Fri Dec 05 08:40:37 CET 2014
2014-12-05 07:01:52,712 DEBUG [eurogiro-sftp] eurogiro-sftp [SftpFileHandler.java:94] Fri Dec 05 07:01:52 CET 2014, Fri Dec 05 08:40:37 CET 2014
2014-12-05 07:01:53,713 DEBUG [eurogiro-sftp] eurogiro-sftp [SftpFileHandler.java:94] Fri Dec 05 07:01:53 CET 2014, Fri Dec 05 08:40:37 CET 2014
2014-12-05 07:01:54,714 DEBUG [eurogiro-sftp] eurogiro-sftp [SftpFileHandler.java:94] Fri Dec 05 07:01:54 CET 2014, Fri Dec 05 08:40:37 CET 2014
2014-12-05 07:01:55,715 DEBUG [eurogiro-sftp] eurogiro-sftp [SftpFileHandler.java:94] Fri Dec 05 07:01:55 CET 2014, Fri Dec 05 08:40:37 CET 2014
2014-12-05 07:01:56,716 DEBUG [eurogiro-sftp] eurogiro-sftp [SftpFileHandler.java:94] Fri Dec 05 07:01:56 CET 2014, Fri Dec 05 08:40:37 CET 2014
2014-12-05 07:01:57,717 DEBUG [eurogiro-sftp] eurogiro-sftp [SftpFileHandler.java:94] Fri Dec 05 07:01:57 CET 2014, Fri Dec 05 08:40:37 CET 2014
2014-12-05 07:01:58,718 DEBUG [eurogiro-sftp] eurogiro-sftp [SftpFileHandler.java:94] Fri Dec 05 07:01:58 CET 2014, Fri Dec 05 08:40:37 CET 2014
2014-12-05 07:01:59,719 DEBUG [eurogiro-sftp] eurogiro-sftp [SftpFileHandler.java:94] Fri Dec 05 07:01:59 CET 2014, Fri Dec 05 08:40:37 CET 2014
2014-12-05 07:02:00,720 DEBUG [eurogiro-sftp] eurogiro-sftp [SftpFileHandler.java:94] Fri Dec 05 07:02:00 CET 2014, Fri Dec 05 08:40:37 CET 2014
2014-12-05 07:02:01,721 DEBUG [eurogiro-sftp] eurogiro-sftp [SftpFileHandler.java:94] Fri Dec 05 07:02:01 CET 2014, Fri Dec 05 08:40:37 CET 2014
2014-12-05 07:02:02,722 DEBUG [eurogiro-sftp] eurogiro-sftp [SftpFileHandler.java:94] Fri Dec 05 07:02:02 CET 2014, Fri Dec 05 08:40:37 CET 2014
2014-12-05 07:02:03,723 DEBUG [eurogiro-sftp] eurogiro-sftp [SftpFileHandler.java:94] Fri Dec 05 07:02:03 CET 2014, Fri Dec 05 08:40:37 CET 2014
2014-12-05 07:02:04,723 DEBUG [eurogiro-sftp] eurogiro-sftp [SftpFileHandler.java:94] Fri Dec 05 07:02:04 CET 2014, Fri Dec 05 08:40:37 CET 2014
2014-12-05 07:02:05,724 DEBUG [eurogiro-sftp] eurogiro-sftp [SftpFileHandler.java:94] Fri Dec 05 07:02:05 CET 2014, Fri Dec 05 08:40:37 CET 2014
2014-12-05 07:02:06,725 DEBUG [eurogiro-sftp] eurogiro-sftp [SftpFileHandler.java:94] Fri Dec 05 07:02:06 CET 2014, Fri Dec 05 08:40:37 CET 2014
2014-12-05 07:02:07,728 DEBUG [eurogiro-sftp] eurogiro-sftp [SftpFileHandler.java:94] Fri Dec 05 07:02:07 CET 2014, Fri Dec 05 08:40:37 CET 2014
2014-12-05 07:02:08,729 DEBUG [eurogiro-sftp] eurogiro-sftp [SftpFileHandler.java:94] Fri Dec 05 07:02:08 CET 2014, Fri Dec 05 08:40:37 CET 2014
2014-12-05 07:02:09,730 DEBUG [eurogiro-sftp] eurogiro-sftp [SftpFileHandler.java:94] Fri Dec 05 07:02:09 CET 2014, Fri Dec 05 08:40:37 CET 2014
2014-12-05 07:02:10,730 DEBUG [eurogiro-sftp] eurogiro-sftp [SftpFileHandler.java:94] Fri Dec 05 07:02:10 CET 2014, Fri Dec 05 08:40:37 CET 2014
2014-12-05 07:02:11,731 DEBUG [eurogiro-sftp] eurogiro-sftp [SftpFileHandler.java:94] Fri Dec 05 07:02:11 CET 2014, Fri Dec 05 08:40:37 CET 2014
2014-12-05 07:02:12,778 INFO [eurogiro-sftp] eurogiro-sftp [SftpFileHandler.java:145] Properties for eurogiro-sftp was successfully saved
2014-12-05 07:05:44,133 INFO [eurogiro-sftp] eurogiro-sftp [SftpFileHandler.java:623] Logger for eurogiro-sftp was saccessfully started
2014-12-05 07:05:44,382 DEBUG [eurogiro-sftp] eurogiro-sftp [SftpFileHandler.java:85] Fri Dec 05 07:05:44 CET 2014, 1417759544382
2014-12-05 07:05:44,382 DEBUG [eurogiro-sftp] eurogiro-sftp [SftpFileHandler.java:86] -----------------------------------
2014-12-05 07:05:44,429 DEBUG [eurogiro-sftp] eurogiro-sftp [SftpFileHandler.java:89] Fri Dec 05 08:45:44 CET 2014, 1417765544382
2014-12-05 07:05:44,429 DEBUG [eurogiro-sftp] eurogiro-sftp [SftpFileHandler.java:89] Fri Dec 05 10:25:44 CET 2014, 1417771544382
2014-12-05 07:05:44,429 DEBUG [eurogiro-sftp] eurogiro-sftp [SftpFileHandler.java:89] Fri Dec 05 11:00:00 CET 2014, 1417773600000
2014-12-05 07:05:44,429 DEBUG [eurogiro-sftp] eurogiro-sftp [SftpFileHandler.java:89] Fri Dec 05 11:30:00 CET 2014, 1417775400000
2014-12-05 07:05:44,429 DEBUG [eurogiro-sftp] eurogiro-sftp [SftpFileHandler.java:89] Fri Dec 05 12:00:00 CET 2014, 1417777200000
2014-12-05 07:05:44,429 DEBUG [eurogiro-sftp] eurogiro-sftp [SftpFileHandler.java:89] Fri Dec 05 12:05:44 CET 2014, 1417777544382
2014-12-05 07:05:44,429 DEBUG [eurogiro-sftp] eurogiro-sftp [SftpFileHandler.java:89] Fri Dec 05 12:30:00 CET 2014, 1417779000000
2014-12-05 07:05:44,429 DEBUG [eurogiro-sftp] eurogiro-sftp [SftpFileHandler.java:89] Fri Dec 05 13:00:00 CET 2014, 1417780800000
2014-12-05 07:05:44,429 DEBUG [eurogiro-sftp] eurogiro-sftp [SftpFileHandler.java:89] Fri Dec 05 13:30:00 CET 2014, 1417782600000
2014-12-05 07:05:44,429 DEBUG [eurogiro-sftp] eurogiro-sftp [SftpFileHandler.java:89] Fri Dec 05 13:45:44 CET 2014, 1417783544382
2014-12-05 07:05:44,445 DEBUG [eurogiro-sftp] eurogiro-sftp [SftpFileHandler.java:89] Fri Dec 05 14:00:00 CET 2014, 1417784400000
2014-12-05 07:05:44,445 DEBUG [eurogiro-sftp] eurogiro-sftp [SftpFileHandler.java:89] Fri Dec 05 14:30:00 CET 2014, 1417786200000
2014-12-05 07:05:44,445 DEBUG [eurogiro-sftp] eurogiro-sftp [SftpFileHandler.java:89] Fri Dec 05 14:50:00 CET 2014, 1417787400000
2014-12-05 07:05:44,445 DEBUG [eurogiro-sftp] eurogiro-sftp [SftpFileHandler.java:89] Fri Dec 05 15:00:00 CET 2014, 1417788000000
2014-12-05 07:05:44,445 DEBUG [eurogiro-sftp] eurogiro-sftp [SftpFileHandler.java:89] Fri Dec 05 15:25:44 CET 2014, 1417789544382
2014-12-05 07:05:44,445 DEBUG [eurogiro-sftp] eurogiro-sftp [SftpFileHandler.java:89] Fri Dec 05 15:30:00 CET 2014, 1417789800000
2014-12-05 07:05:44,445 DEBUG [eurogiro-sftp] eurogiro-sftp [SftpFileHandler.java:89] Fri Dec 05 17:05:44 CET 2014, 1417795544382
2014-12-05 07:05:44,445 DEBUG [eurogiro-sftp] eurogiro-sftp [SftpFileHandler.java:89] Fri Dec 05 18:45:44 CET 2014, 1417801544382
2014-12-05 07:05:44,445 DEBUG [eurogiro-sftp] eurogiro-sftp [SftpFileHandler.java:89] Fri Dec 05 20:25:44 CET 2014, 1417807544382
2014-12-05 07:05:44,445 DEBUG [eurogiro-sftp] eurogiro-sftp [SftpFileHandler.java:89] Fri Dec 05 22:05:44 CET 2014, 1417813544382
2014-12-05 07:05:44,445 DEBUG [eurogiro-sftp] eurogiro-sftp [SftpFileHandler.java:89] Fri Dec 05 23:45:44 CET 2014, 1417819544382
2014-12-05 07:05:44,445 DEBUG [eurogiro-sftp] eurogiro-sftp [SftpFileHandler.java:89] Sat Dec 06 01:25:44 CET 2014, 1417825544382
2014-12-05 07:05:44,445 DEBUG [eurogiro-sftp] eurogiro-sftp [SftpFileHandler.java:89] Sat Dec 06 03:05:44 CET 2014, 1417831544382
2014-12-05 07:05:44,445 DEBUG [eurogiro-sftp] eurogiro-sftp [SftpFileHandler.java:89] Sat Dec 06 04:45:44 CET 2014, 1417837544382
2014-12-05 07:05:44,445 DEBUG [eurogiro-sftp] eurogiro-sftp [SftpFileHandler.java:89] Sat Dec 06 06:25:44 CET 2014, 1417843544382
2014-12-05 07:05:44,445 DEBUG [eurogiro-sftp] eurogiro-sftp [SftpFileHandler.java:89] Sat Dec 06 08:05:44 CET 2014, 1417849544382
2014-12-05 07:05:44,445 DEBUG [eurogiro-sftp] eurogiro-sftp [SftpFileHandler.java:89] Sat Dec 06 09:45:44 CET 2014, 1417855544382
2014-12-05 07:05:44,445 DEBUG [eurogiro-sftp] eurogiro-sftp [SftpFileHandler.java:89] Sat Dec 06 11:25:44 CET 2014, 1417861544382
2014-12-05 07:05:44,445 DEBUG [eurogiro-sftp] eurogiro-sftp [SftpFileHandler.java:89] Sat Dec 06 13:05:44 CET 2014, 1417867544382
2014-12-05 07:05:44,445 DEBUG [eurogiro-sftp] eurogiro-sftp [SftpFileHandler.java:89] Sat Dec 06 14:45:44 CET 2014, 1417873544382
2014-12-05 07:05:44,445 DEBUG [eurogiro-sftp] eurogiro-sftp [SftpFileHandler.java:89] Sat Dec 06 16:25:44 CET 2014, 1417879544382
2014-12-05 07:05:44,445 DEBUG [eurogiro-sftp] eurogiro-sftp [SftpFileHandler.java:89] Sat Dec 06 18:05:44 CET 2014, 1417885544382
2014-12-05 07:05:44,445 DEBUG [eurogiro-sftp] eurogiro-sftp [SftpFileHandler.java:89] Sat Dec 06 19:45:44 CET 2014, 1417891544382
2014-12-05 07:05:44,445 DEBUG [eurogiro-sftp] eurogiro-sftp [SftpFileHandler.java:89] Sat Dec 06 21:25:44 CET 2014, 1417897544382
2014-12-05 07:05:44,445 DEBUG [eurogiro-sftp] eurogiro-sftp [SftpFileHandler.java:89] Sat Dec 06 23:05:44 CET 2014, 1417903544382
2014-12-05 07:05:44,445 DEBUG [eurogiro-sftp] eurogiro-sftp [SftpFileHandler.java:89] Sun Dec 07 00:45:44 CET 2014, 1417909544382
2014-12-05 07:05:44,445 DEBUG [eurogiro-sftp] eurogiro-sftp [SftpFileHandler.java:89] Sun Dec 07 02:25:44 CET 2014, 1417915544382
2014-12-05 07:05:44,445 DEBUG [eurogiro-sftp] eurogiro-sftp [SftpFileHandler.java:89] Sun Dec 07 04:05:44 CET 2014, 1417921544382
2014-12-05 07:05:44,445 DEBUG [eurogiro-sftp] eurogiro-sftp [SftpFileHandler.java:89] Sun Dec 07 05:45:44 CET 2014, 1417927544382
2014-12-05 07:05:44,445 DEBUG [eurogiro-sftp] eurogiro-sftp [SftpFileHandler.java:89] Sun Dec 07 07:25:44 CET 2014, 1417933544382
2014-12-05 07:05:44,445 DEBUG [eurogiro-sftp] eurogiro-sftp [SftpFileHandler.java:89] Sun Dec 07 09:05:44 CET 2014, 1417939544382
2014-12-05 07:05:44,445 DEBUG [eurogiro-sftp] eurogiro-sftp [SftpFileHandler.java:89] Sun Dec 07 10:45:44 CET 2014, 1417945544382
2014-12-05 07:05:44,445 DEBUG [eurogiro-sftp] eurogiro-sftp [SftpFileHandler.java:89] Sun Dec 07 12:25:44 CET 2014, 1417951544382
2014-12-05 07:05:44,445 DEBUG [eurogiro-sftp] eurogiro-sftp [SftpFileHandler.java:89] Sun Dec 07 14:05:44 CET 2014, 1417957544382
2014-12-05 07:05:44,460 DEBUG [eurogiro-sftp] eurogiro-sftp [SftpFileHandler.java:89] Sun Dec 07 15:45:44 CET 2014, 1417963544382
2014-12-05 07:05:44,460 DEBUG [eurogiro-sftp] eurogiro-sftp [SftpFileHandler.java:89] Sun Dec 07 17:25:44 CET 2014, 1417969544382
2014-12-05 07:05:44,460 DEBUG [eurogiro-sftp] eurogiro-sftp [SftpFileHandler.java:89] Sun Dec 07 19:05:44 CET 2014, 1417975544382
2014-12-05 07:05:44,460 DEBUG [eurogiro-sftp] eurogiro-sftp [SftpFileHandler.java:89] Sun Dec 07 20:45:44 CET 2014, 1417981544382
2014-12-05 07:05:44,460 DEBUG [eurogiro-sftp] eurogiro-sftp [SftpFileHandler.java:89] Sun Dec 07 22:25:44 CET 2014, 1417987544382
2014-12-05 07:05:44,460 DEBUG [eurogiro-sftp] eurogiro-sftp [SftpFileHandler.java:89] Mon Dec 08 00:05:44 CET 2014, 1417993544382
2014-12-05 07:05:44,460 DEBUG [eurogiro-sftp] eurogiro-sftp [SftpFileHandler.java:89] Mon Dec 08 01:45:44 CET 2014, 1417999544382
2014-12-05 07:05:44,460 DEBUG [eurogiro-sftp] eurogiro-sftp [SftpFileHandler.java:89] Mon Dec 08 03:25:44 CET 2014, 1418005544382
2014-12-05 07:05:44,460 DEBUG [eurogiro-sftp] eurogiro-sftp [SftpFileHandler.java:89] Mon Dec 08 05:05:44 CET 2014, 1418011544382
2014-12-05 07:05:44,460 DEBUG [eurogiro-sftp] eurogiro-sftp [SftpFileHandler.java:89] Mon Dec 08 06:45:44 CET 2014, 1418017544382
2014-12-05 07:05:44,460 DEBUG [eurogiro-sftp] eurogiro-sftp [SftpFileHandler.java:89] Mon Dec 08 08:25:44 CET 2014, 1418023544382
2014-12-05 07:05:44,460 DEBUG [eurogiro-sftp] eurogiro-sftp [SftpFileHandler.java:89] Mon Dec 08 10:05:44 CET 2014, 1418029544382
2014-12-05 07:05:44,460 DEBUG [eurogiro-sftp] eurogiro-sftp [SftpFileHandler.java:89] Mon Dec 08 11:00:00 CET 2014, 1418032800000
2014-12-05 07:05:44,460 DEBUG [eurogiro-sftp] eurogiro-sftp [SftpFileHandler.java:89] Mon Dec 08 11:30:00 CET 2014, 1418034600000
2014-12-05 07:05:44,460 DEBUG [eurogiro-sftp] eurogiro-sftp [SftpFileHandler.java:89] Mon Dec 08 11:45:44 CET 2014, 1418035544382
2014-12-05 07:05:44,460 DEBUG [eurogiro-sftp] eurogiro-sftp [SftpFileHandler.java:89] Mon Dec 08 12:00:00 CET 2014, 1418036400000
2014-12-05 07:05:44,460 DEBUG [eurogiro-sftp] eurogiro-sftp [SftpFileHandler.java:89] Mon Dec 08 12:30:00 CET 2014, 1418038200000
2014-12-05 07:05:44,460 DEBUG [eurogiro-sftp] eurogiro-sftp [SftpFileHandler.java:89] Mon Dec 08 13:00:00 CET 2014, 1418040000000
2014-12-05 07:05:44,460 DEBUG [eurogiro-sftp] eurogiro-sftp [SftpFileHandler.java:89] Mon Dec 08 13:25:44 CET 2014, 1418041544382
2014-12-05 07:05:44,460 DEBUG [eurogiro-sftp] eurogiro-sftp [SftpFileHandler.java:89] Mon Dec 08 13:30:00 CET 2014, 1418041800000
2014-12-05 07:05:44,460 DEBUG [eurogiro-sftp] eurogiro-sftp [SftpFileHandler.java:89] Mon Dec 08 14:00:00 CET 2014, 1418043600000
2014-12-05 07:05:44,460 DEBUG [eurogiro-sftp] eurogiro-sftp [SftpFileHandler.java:89] Mon Dec 08 14:30:00 CET 2014, 1418045400000
2014-12-05 07:05:44,460 DEBUG [eurogiro-sftp] eurogiro-sftp [SftpFileHandler.java:89] Mon Dec 08 14:50:00 CET 2014, 1418046600000
2014-12-05 07:05:44,460 DEBUG [eurogiro-sftp] eurogiro-sftp [SftpFileHandler.java:89] Mon Dec 08 15:00:00 CET 2014, 1418047200000
2014-12-05 07:05:44,460 DEBUG [eurogiro-sftp] eurogiro-sftp [SftpFileHandler.java:89] Mon Dec 08 15:05:44 CET 2014, 1418047544382
2014-12-05 07:05:44,460 DEBUG [eurogiro-sftp] eurogiro-sftp [SftpFileHandler.java:89] Mon Dec 08 15:30:00 CET 2014, 1418049000000
2014-12-05 07:05:44,460 DEBUG [eurogiro-sftp] eurogiro-sftp [SftpFileHandler.java:89] Mon Dec 08 16:45:44 CET 2014, 1418053544382
2014-12-05 07:05:44,460 DEBUG [eurogiro-sftp] eurogiro-sftp [SftpFileHandler.java:89] Mon Dec 08 18:25:44 CET 2014, 1418059544382
2014-12-05 07:05:44,460 DEBUG [eurogiro-sftp] eurogiro-sftp [SftpFileHandler.java:89] Mon Dec 08 20:05:44 CET 2014, 1418065544382
2014-12-05 07:05:44,460 DEBUG [eurogiro-sftp] eurogiro-sftp [SftpFileHandler.java:89] Mon Dec 08 21:45:44 CET 2014, 1418071544382
2014-12-05 07:05:44,460 DEBUG [eurogiro-sftp] eurogiro-sftp [SftpFileHandler.java:89] Mon Dec 08 23:25:44 CET 2014, 1418077544382
2014-12-05 07:05:44,460 DEBUG [eurogiro-sftp] eurogiro-sftp [SftpFileHandler.java:89] Tue Dec 09 01:05:44 CET 2014, 1418083544382
2014-12-05 07:05:44,460 DEBUG [eurogiro-sftp] eurogiro-sftp [SftpFileHandler.java:89] Tue Dec 09 02:45:44 CET 2014, 1418089544382
2014-12-05 07:05:44,460 DEBUG [eurogiro-sftp] eurogiro-sftp [SftpFileHandler.java:89] Tue Dec 09 04:25:44 CET 2014, 1418095544382
2014-12-05 07:05:44,460 DEBUG [eurogiro-sftp] eurogiro-sftp [SftpFileHandler.java:89] Tue Dec 09 06:05:44 CET 2014, 1418101544382
2014-12-05 07:05:44,460 DEBUG [eurogiro-sftp] eurogiro-sftp [SftpFileHandler.java:89] Tue Dec 09 07:45:44 CET 2014, 1418107544382
2014-12-05 07:05:44,460 DEBUG [eurogiro-sftp] eurogiro-sftp [SftpFileHandler.java:89] Tue Dec 09 09:25:44 CET 2014, 1418113544382
2014-12-05 07:05:44,476 DEBUG [eurogiro-sftp] eurogiro-sftp [SftpFileHandler.java:89] Tue Dec 09 11:00:00 CET 2014, 1418119200000
2014-12-05 07:05:44,476 DEBUG [eurogiro-sftp] eurogiro-sftp [SftpFileHandler.java:89] Tue Dec 09 11:05:44 CET 2014, 1418119544382
2014-12-05 07:05:44,476 DEBUG [eurogiro-sftp] eurogiro-sftp [SftpFileHandler.java:89] Tue Dec 09 11:30:00 CET 2014, 1418121000000
2014-12-05 07:05:44,476 DEBUG [eurogiro-sftp] eurogiro-sftp [SftpFileHandler.java:89] Tue Dec 09 12:00:00 CET 2014, 1418122800000
2014-12-05 07:05:44,476 DEBUG [eurogiro-sftp] eurogiro-sftp [SftpFileHandler.java:89] Tue Dec 09 12:30:00 CET 2014, 1418124600000
2014-12-05 07:05:44,476 DEBUG [eurogiro-sftp] eurogiro-sftp [SftpFileHandler.java:89] Tue Dec 09 12:45:44 CET 2014, 1418125544382
2014-12-05 07:05:44,476 DEBUG [eurogiro-sftp] eurogiro-sftp [SftpFileHandler.java:89] Tue Dec 09 13:00:00 CET 2014, 1418126400000
2014-12-05 07:05:44,476 DEBUG [eurogiro-sftp] eurogiro-sftp [SftpFileHandler.java:89] Tue Dec 09 13:30:00 CET 2014, 1418128200000
2014-12-05 07:05:44,476 DEBUG [eurogiro-sftp] eurogiro-sftp [SftpFileHandler.java:89] Tue Dec 09 14:00:00 CET 2014, 1418130000000
2014-12-05 07:05:44,476 DEBUG [eurogiro-sftp] eurogiro-sftp [SftpFileHandler.java:89] Tue Dec 09 14:25:44 CET 2014, 1418131544382
2014-12-05 07:05:44,476 DEBUG [eurogiro-sftp] eurogiro-sftp [SftpFileHandler.java:89] Tue Dec 09 14:30:00 CET 2014, 1418131800000
2014-12-05 07:05:44,476 DEBUG [eurogiro-sftp] eurogiro-sftp [SftpFileHandler.java:89] Tue Dec 09 14:50:00 CET 2014, 1418133000000
2014-12-05 07:05:44,476 DEBUG [eurogiro-sftp] eurogiro-sftp [SftpFileHandler.java:89] Tue Dec 09 15:00:00 CET 2014, 1418133600000
2014-12-05 07:05:44,476 DEBUG [eurogiro-sftp] eurogiro-sftp [SftpFileHandler.java:89] Tue Dec 09 15:30:00 CET 2014, 1418135400000
2014-12-05 07:05:44,476 DEBUG [eurogiro-sftp] eurogiro-sftp [SftpFileHandler.java:89] Tue Dec 09 16:05:44 CET 2014, 1418137544382
2014-12-05 07:05:44,476 DEBUG [eurogiro-sftp] eurogiro-sftp [SftpFileHandler.java:89] Tue Dec 09 17:45:44 CET 2014, 1418143544382
2014-12-05 07:05:44,476 DEBUG [eurogiro-sftp] eurogiro-sftp [SftpFileHandler.java:89] Tue Dec 09 19:25:44 CET 2014, 1418149544382
2014-12-05 07:05:44,476 DEBUG [eurogiro-sftp] eurogiro-sftp [SftpFileHandler.java:89] Tue Dec 09 21:05:44 CET 2014, 1418155544382
2014-12-05 07:05:44,476 DEBUG [eurogiro-sftp] eurogiro-sftp [SftpFileHandler.java:89] Tue Dec 09 22:45:44 CET 2014, 1418161544382
2014-12-05 07:05:44,476 DEBUG [eurogiro-sftp] eurogiro-sftp [SftpFileHandler.java:89] Wed Dec 10 00:25:44 CET 2014, 1418167544382
2014-12-05 07:05:44,476 DEBUG [eurogiro-sftp] eurogiro-sftp [SftpFileHandler.java:89] Wed Dec 10 02:05:44 CET 2014, 1418173544382
2014-12-05 07:05:44,476 DEBUG [eurogiro-sftp] eurogiro-sftp [SftpFileHandler.java:89] Wed Dec 10 03:45:44 CET 2014, 1418179544382
2014-12-05 07:05:44,476 DEBUG [eurogiro-sftp] eurogiro-sftp [SftpFileHandler.java:89] Wed Dec 10 05:25:44 CET 2014, 1418185544382
2014-12-05 07:05:44,476 DEBUG [eurogiro-sftp] eurogiro-sftp [SftpFileHandler.java:89] Wed Dec 10 07:05:44 CET 2014, 1418191544382
2014-12-05 07:05:44,476 DEBUG [eurogiro-sftp] eurogiro-sftp [SftpFileHandler.java:89] Wed Dec 10 08:45:44 CET 2014, 1418197544382
2014-12-05 07:05:44,476 DEBUG [eurogiro-sftp] eurogiro-sftp [SftpFileHandler.java:89] Wed Dec 10 10:25:44 CET 2014, 1418203544382
2014-12-05 07:05:44,476 DEBUG [eurogiro-sftp] eurogiro-sftp [SftpFileHandler.java:89] Wed Dec 10 11:00:00 CET 2014, 1418205600000
2014-12-05 07:05:44,476 DEBUG [eurogiro-sftp] eurogiro-sftp [SftpFileHandler.java:89] Wed Dec 10 11:30:00 CET 2014, 1418207400000
2014-12-05 07:05:44,476 DEBUG [eurogiro-sftp] eurogiro-sftp [SftpFileHandler.java:89] Wed Dec 10 12:00:00 CET 2014, 1418209200000
2014-12-05 07:05:44,476 DEBUG [eurogiro-sftp] eurogiro-sftp [SftpFileHandler.java:89] Wed Dec 10 12:05:44 CET 2014, 1418209544382
2014-12-05 07:05:44,476 DEBUG [eurogiro-sftp] eurogiro-sftp [SftpFileHandler.java:89] Wed Dec 10 12:30:00 CET 2014, 1418211000000
2014-12-05 07:05:44,476 DEBUG [eurogiro-sftp] eurogiro-sftp [SftpFileHandler.java:89] Wed Dec 10 13:00:00 CET 2014, 1418212800000
2014-12-05 07:05:44,476 DEBUG [eurogiro-sftp] eurogiro-sftp [SftpFileHandler.java:89] Wed Dec 10 13:30:00 CET 2014, 1418214600000
2014-12-05 07:05:44,476 DEBUG [eurogiro-sftp] eurogiro-sftp [SftpFileHandler.java:89] Wed Dec 10 13:45:44 CET 2014, 1418215544382
2014-12-05 07:05:44,476 DEBUG [eurogiro-sftp] eurogiro-sftp [SftpFileHandler.java:89] Wed Dec 10 14:00:00 CET 2014, 1418216400000
2014-12-05 07:05:44,476 DEBUG [eurogiro-sftp] eurogiro-sftp [SftpFileHandler.java:89] Wed Dec 10 14:30:00 CET 2014, 1418218200000
2014-12-05 07:05:44,476 DEBUG [eurogiro-sftp] eurogiro-sftp [SftpFileHandler.java:89] Wed Dec 10 14:50:00 CET 2014, 1418219400000
2014-12-05 07:05:44,476 DEBUG [eurogiro-sftp] eurogiro-sftp [SftpFileHandler.java:89] Wed Dec 10 15:00:00 CET 2014, 1418220000000
2014-12-05 07:05:44,476 DEBUG [eurogiro-sftp] eurogiro-sftp [SftpFileHandler.java:89] Wed Dec 10 15:25:44 CET 2014, 1418221544382
2014-12-05 07:05:44,476 DEBUG [eurogiro-sftp] eurogiro-sftp [SftpFileHandler.java:89] Wed Dec 10 15:30:00 CET 2014, 1418221800000
2014-12-05 07:05:44,476 DEBUG [eurogiro-sftp] eurogiro-sftp [SftpFileHandler.java:89] Wed Dec 10 17:05:44 CET 2014, 1418227544382
2014-12-05 07:05:44,476 DEBUG [eurogiro-sftp] eurogiro-sftp [SftpFileHandler.java:89] Wed Dec 10 18:45:44 CET 2014, 1418233544382
2014-12-05 07:05:44,476 DEBUG [eurogiro-sftp] eurogiro-sftp [SftpFileHandler.java:89] Wed Dec 10 20:25:44 CET 2014, 1418239544382
2014-12-05 07:05:44,476 DEBUG [eurogiro-sftp] eurogiro-sftp [SftpFileHandler.java:89] Wed Dec 10 22:05:44 CET 2014, 1418245544382
2014-12-05 07:05:44,476 DEBUG [eurogiro-sftp] eurogiro-sftp [SftpFileHandler.java:89] Wed Dec 10 23:45:44 CET 2014, 1418251544382
2014-12-05 07:05:44,476 DEBUG [eurogiro-sftp] eurogiro-sftp [SftpFileHandler.java:89] Thu Dec 11 01:25:44 CET 2014, 1418257544382
2014-12-05 07:05:44,476 DEBUG [eurogiro-sftp] eurogiro-sftp [SftpFileHandler.java:89] Thu Dec 11 03:05:44 CET 2014, 1418263544382
2014-12-05 07:05:44,476 DEBUG [eurogiro-sftp] eurogiro-sftp [SftpFileHandler.java:89] Thu Dec 11 04:45:44 CET 2014, 1418269544382
2014-12-05 07:05:44,476 DEBUG [eurogiro-sftp] eurogiro-sftp [SftpFileHandler.java:89] Thu Dec 11 06:25:44 CET 2014, 1418275544382
2014-12-05 07:05:44,476 DEBUG [eurogiro-sftp] eurogiro-sftp [SftpFileHandler.java:89] Thu Dec 11 08:05:44 CET 2014, 1418281544382
2014-12-05 07:05:44,476 DEBUG [eurogiro-sftp] eurogiro-sftp [SftpFileHandler.java:89] Thu Dec 11 09:45:44 CET 2014, 1418287544382
2014-12-05 07:05:44,476 DEBUG [eurogiro-sftp] eurogiro-sftp [SftpFileHandler.java:89] Thu Dec 11 11:00:00 CET 2014, 1418292000000
2014-12-05 07:05:44,476 DEBUG [eurogiro-sftp] eurogiro-sftp [SftpFileHandler.java:89] Thu Dec 11 11:25:44 CET 2014, 1418293544382
2014-12-05 07:05:44,476 DEBUG [eurogiro-sftp] eurogiro-sftp [SftpFileHandler.java:89] Thu Dec 11 11:30:00 CET 2014, 1418293800000
2014-12-05 07:05:44,476 DEBUG [eurogiro-sftp] eurogiro-sftp [SftpFileHandler.java:89] Thu Dec 11 12:00:00 CET 2014, 1418295600000
2014-12-05 07:05:44,476 DEBUG [eurogiro-sftp] eurogiro-sftp [SftpFileHandler.java:89] Thu Dec 11 12:30:00 CET 2014, 1418297400000
2014-12-05 07:05:44,476 DEBUG [eurogiro-sftp] eurogiro-sftp [SftpFileHandler.java:89] Thu Dec 11 13:00:00 CET 2014, 1418299200000
2014-12-05 07:05:44,476 DEBUG [eurogiro-sftp] eurogiro-sftp [SftpFileHandler.java:89] Thu Dec 11 13:05:44 CET 2014, 1418299544382
2014-12-05 07:05:44,476 DEBUG [eurogiro-sftp] eurogiro-sftp [SftpFileHandler.java:89] Thu Dec 11 13:30:00 CET 2014, 1418301000000
2014-12-05 07:05:44,476 DEBUG [eurogiro-sftp] eurogiro-sftp [SftpFileHandler.java:89] Thu Dec 11 14:00:00 CET 2014, 1418302800000
2014-12-05 07:05:44,476 DEBUG [eurogiro-sftp] eurogiro-sftp [SftpFileHandler.java:89] Thu Dec 11 14:30:00 CET 2014, 1418304600000
2014-12-05 07:05:44,476 DEBUG [eurogiro-sftp] eurogiro-sftp [SftpFileHandler.java:89] Thu Dec 11 14:45:44 CET 2014, 1418305544382
2014-12-05 07:05:44,491 DEBUG [eurogiro-sftp] eurogiro-sftp [SftpFileHandler.java:89] Thu Dec 11 14:50:00 CET 2014, 1418305800000
2014-12-05 07:05:44,491 DEBUG [eurogiro-sftp] eurogiro-sftp [SftpFileHandler.java:89] Thu Dec 11 15:00:00 CET 2014, 1418306400000
2014-12-05 07:05:44,491 DEBUG [eurogiro-sftp] eurogiro-sftp [SftpFileHandler.java:89] Thu Dec 11 15:30:00 CET 2014, 1418308200000
2014-12-05 07:05:44,491 DEBUG [eurogiro-sftp] eurogiro-sftp [SftpFileHandler.java:89] Thu Dec 11 16:25:44 CET 2014, 1418311544382
2014-12-05 07:05:44,491 DEBUG [eurogiro-sftp] eurogiro-sftp [SftpFileHandler.java:89] Thu Dec 11 18:05:44 CET 2014, 1418317544382
2014-12-05 07:05:44,491 DEBUG [eurogiro-sftp] eurogiro-sftp [SftpFileHandler.java:89] Thu Dec 11 19:45:44 CET 2014, 1418323544382
2014-12-05 07:05:44,491 DEBUG [eurogiro-sftp] eurogiro-sftp [SftpFileHandler.java:89] Thu Dec 11 21:25:44 CET 2014, 1418329544382
2014-12-05 07:05:44,491 DEBUG [eurogiro-sftp] eurogiro-sftp [SftpFileHandler.java:89] Thu Dec 11 23:05:44 CET 2014, 1418335544382
2014-12-05 07:05:44,491 DEBUG [eurogiro-sftp] eurogiro-sftp [SftpFileHandler.java:89] Fri Dec 12 00:45:44 CET 2014, 1418341544382
2014-12-05 07:05:44,491 DEBUG [eurogiro-sftp] eurogiro-sftp [SftpFileHandler.java:89] Fri Dec 12 02:25:44 CET 2014, 1418347544382
2014-12-05 07:05:44,491 DEBUG [eurogiro-sftp] eurogiro-sftp [SftpFileHandler.java:89] Fri Dec 12 04:05:44 CET 2014, 1418353544382
2014-12-05 07:05:44,491 DEBUG [eurogiro-sftp] eurogiro-sftp [SftpFileHandler.java:89] Fri Dec 12 05:45:44 CET 2014, 1418359544382
2014-12-05 07:05:44,491 DEBUG [eurogiro-sftp] eurogiro-sftp [SftpFileHandler.java:89] Fri Dec 12 07:25:44 CET 2014, 1418365544382
2014-12-05 07:05:44,491 DEBUG [eurogiro-sftp] eurogiro-sftp [SftpFileHandler.java:89] Fri Dec 12 09:05:44 CET 2014, 1418371544382
2014-12-05 07:05:44,491 DEBUG [eurogiro-sftp] eurogiro-sftp [SftpFileHandler.java:89] Fri Dec 12 10:45:44 CET 2014, 1418377544382
2014-12-05 07:05:44,491 DEBUG [eurogiro-sftp] eurogiro-sftp [SftpFileHandler.java:89] Fri Dec 12 11:00:00 CET 2014, 1418378400000
2014-12-05 07:05:44,491 DEBUG [eurogiro-sftp] eurogiro-sftp [SftpFileHandler.java:89] Fri Dec 12 11:30:00 CET 2014, 1418380200000
2014-12-05 07:05:44,491 DEBUG [eurogiro-sftp] eurogiro-sftp [SftpFileHandler.java:89] Fri Dec 12 12:00:00 CET 2014, 1418382000000
2014-12-05 07:05:44,491 DEBUG [eurogiro-sftp] eurogiro-sftp [SftpFileHandler.java:89] Fri Dec 12 12:25:44 CET 2014, 1418383544382
2014-12-05 07:05:44,491 DEBUG [eurogiro-sftp] eurogiro-sftp [SftpFileHandler.java:89] Fri Dec 12 12:30:00 CET 2014, 1418383800000
2014-12-05 07:05:44,491 DEBUG [eurogiro-sftp] eurogiro-sftp [SftpFileHandler.java:89] Fri Dec 12 13:00:00 CET 2014, 1418385600000
2014-12-05 07:05:44,491 DEBUG [eurogiro-sftp] eurogiro-sftp [SftpFileHandler.java:89] Fri Dec 12 13:30:00 CET 2014, 1418387400000
2014-12-05 07:05:44,491 DEBUG [eurogiro-sftp] eurogiro-sftp [SftpFileHandler.java:89] Fri Dec 12 14:00:00 CET 2014, 1418389200000
2014-12-05 07:05:44,491 DEBUG [eurogiro-sftp] eurogiro-sftp [SftpFileHandler.java:89] Fri Dec 12 14:05:44 CET 2014, 1418389544382
2014-12-05 07:05:44,491 DEBUG [eurogiro-sftp] eurogiro-sftp [SftpFileHandler.java:89] Fri Dec 12 14:30:00 CET 2014, 1418391000000
2014-12-05 07:05:44,491 DEBUG [eurogiro-sftp] eurogiro-sftp [SftpFileHandler.java:89] Fri Dec 12 14:50:00 CET 2014, 1418392200000
2014-12-05 07:05:44,491 DEBUG [eurogiro-sftp] eurogiro-sftp [SftpFileHandler.java:89] Fri Dec 12 15:00:00 CET 2014, 1418392800000
2014-12-05 07:05:44,491 DEBUG [eurogiro-sftp] eurogiro-sftp [SftpFileHandler.java:89] Fri Dec 12 15:30:00 CET 2014, 1418394600000
2014-12-05 07:05:44,491 DEBUG [eurogiro-sftp] eurogiro-sftp [SftpFileHandler.java:89] Fri Dec 12 15:45:44 CET 2014, 1418395544382
2014-12-05 07:05:44,491 DEBUG [eurogiro-sftp] eurogiro-sftp [SftpFileHandler.java:89] Fri Dec 12 17:25:44 CET 2014, 1418401544382
2014-12-05 07:05:44,491 DEBUG [eurogiro-sftp] eurogiro-sftp [SftpFileHandler.java:89] Fri Dec 12 19:05:44 CET 2014, 1418407544382
2014-12-05 07:05:44,491 DEBUG [eurogiro-sftp] eurogiro-sftp [SftpFileHandler.java:89] Fri Dec 12 20:45:44 CET 2014, 1418413544382
2014-12-05 07:05:44,491 DEBUG [eurogiro-sftp] eurogiro-sftp [SftpFileHandler.java:89] Fri Dec 12 22:25:44 CET 2014, 1418419544382
2014-12-05 07:05:44,491 DEBUG [eurogiro-sftp] eurogiro-sftp [SftpFileHandler.java:89] Sat Dec 13 00:05:44 CET 2014, 1418425544382
2014-12-05 07:05:44,491 DEBUG [eurogiro-sftp] eurogiro-sftp [SftpFileHandler.java:89] Sat Dec 13 01:45:44 CET 2014, 1418431544382
2014-12-05 07:05:44,491 DEBUG [eurogiro-sftp] eurogiro-sftp [SftpFileHandler.java:89] Sat Dec 13 03:25:44 CET 2014, 1418437544382
2014-12-05 07:05:44,491 DEBUG [eurogiro-sftp] eurogiro-sftp [SftpFileHandler.java:89] Sat Dec 13 05:05:44 CET 2014, 1418443544382
2014-12-05 07:05:44,491 DEBUG [eurogiro-sftp] eurogiro-sftp [SftpFileHandler.java:89] Sat Dec 13 06:45:44 CET 2014, 1418449544382
2014-12-05 07:05:44,491 DEBUG [eurogiro-sftp] eurogiro-sftp [SftpFileHandler.java:89] Sat Dec 13 08:25:44 CET 2014, 1418455544382
2014-12-05 07:05:44,491 DEBUG [eurogiro-sftp] eurogiro-sftp [SftpFileHandler.java:89] Sat Dec 13 10:05:44 CET 2014, 1418461544382
2014-12-05 07:05:44,491 DEBUG [eurogiro-sftp] eurogiro-sftp [SftpFileHandler.java:89] Sat Dec 13 11:45:44 CET 2014, 1418467544382
2014-12-05 07:05:44,491 DEBUG [eurogiro-sftp] eurogiro-sftp [SftpFileHandler.java:89] Sat Dec 13 13:25:44 CET 2014, 1418473544382
2014-12-05 07:05:44,491 DEBUG [eurogiro-sftp] eurogiro-sftp [SftpFileHandler.java:89] Sat Dec 13 15:05:44 CET 2014, 1418479544382
2014-12-05 07:05:44,491 DEBUG [eurogiro-sftp] eurogiro-sftp [SftpFileHandler.java:89] Sat Dec 13 16:45:44 CET 2014, 1418485544382
2014-12-05 07:05:44,491 DEBUG [eurogiro-sftp] eurogiro-sftp [SftpFileHandler.java:89] Sat Dec 13 18:25:44 CET 2014, 1418491544382
2014-12-05 07:05:44,491 DEBUG [eurogiro-sftp] eurogiro-sftp [SftpFileHandler.java:89] Sat Dec 13 20:05:44 CET 2014, 1418497544382
2014-12-05 07:05:44,491 DEBUG [eurogiro-sftp] eurogiro-sftp [SftpFileHandler.java:89] Sat Dec 13 21:45:44 CET 2014, 1418503544382
2014-12-05 07:05:44,491 DEBUG [eurogiro-sftp] eurogiro-sftp [SftpFileHandler.java:89] Sat Dec 13 23:25:44 CET 2014, 1418509544382
2014-12-05 07:05:44,491 DEBUG [eurogiro-sftp] eurogiro-sftp [SftpFileHandler.java:89] Sun Dec 14 01:05:44 CET 2014, 1418515544382
2014-12-05 07:05:44,491 DEBUG [eurogiro-sftp] eurogiro-sftp [SftpFileHandler.java:89] Sun Dec 14 02:45:44 CET 2014, 1418521544382
2014-12-05 07:05:44,491 DEBUG [eurogiro-sftp] eurogiro-sftp [SftpFileHandler.java:89] Sun Dec 14 04:25:44 CET 2014, 1418527544382
2014-12-05 07:05:44,491 DEBUG [eurogiro-sftp] eurogiro-sftp [SftpFileHandler.java:89] Sun Dec 14 06:05:44 CET 2014, 1418533544382
2014-12-05 07:05:44,491 DEBUG [eurogiro-sftp] eurogiro-sftp [SftpFileHandler.java:89] Sun Dec 14 07:45:44 CET 2014, 1418539544382
2014-12-05 07:05:44,507 DEBUG [eurogiro-sftp] eurogiro-sftp [SftpFileHandler.java:89] Sun Dec 14 09:25:44 CET 2014, 1418545544382
2014-12-05 07:05:44,507 DEBUG [eurogiro-sftp] eurogiro-sftp [SftpFileHandler.java:89] Sun Dec 14 11:05:44 CET 2014, 1418551544382
2014-12-05 07:05:44,507 DEBUG [eurogiro-sftp] eurogiro-sftp [SftpFileHandler.java:89] Sun Dec 14 12:45:44 CET 2014, 1418557544382
2014-12-05 07:05:44,507 DEBUG [eurogiro-sftp] eurogiro-sftp [SftpFileHandler.java:89] Sun Dec 14 14:25:44 CET 2014, 1418563544382
2014-12-05 07:05:44,507 DEBUG [eurogiro-sftp] eurogiro-sftp [SftpFileHandler.java:91] -----------------------------------
2014-12-05 07:05:44,507 DEBUG [eurogiro-sftp] eurogiro-sftp [SftpFileHandler.java:94] Fri Dec 05 07:05:44 CET 2014, Fri Dec 05 08:45:44 CET 2014
2014-12-05 07:05:44,507 INFO [eurogiro-sftp] eurogiro-sftp [SftpFileHandler.java:97] SFTP transfer starts. Schedule timer2 is aplied
2014-12-05 07:05:44,725 INFO [eurogiro-sftp] eurogiro-sftp [SftpFileHandler.java:173] GET: SSH authentication complete
2014-12-05 07:05:44,788 INFO [eurogiro-sftp] eurogiro-sftp [SftpFileHandler.java:270] GET: Found file e000000
2014-12-05 07:05:44,788 ERROR [eurogiro-sftp] eurogiro-sftp [SftpFileHandler.java:373] GET: File e000000 was allready processed
2014-12-05 07:05:44,803 INFO [eurogiro-sftp] eurogiro-sftp [SftpFileHandler.java:232] GET: SSH disconnected
2014-12-05 07:05:45,817 DEBUG [eurogiro-sftp] eurogiro-sftp [SftpFileHandler.java:94] Fri Dec 05 07:05:45 CET 2014, Fri Dec 05 08:45:44 CET 2014
2014-12-05 07:05:46,878 INFO [eurogiro-sftp] eurogiro-sftp [SftpFileHandler.java:145] Properties for eurogiro-sftp was successfully saved
2014-12-05 07:09:44,345 INFO [eurogiro-sftp] eurogiro-sftp [SftpFileHandler.java:623] Logger for eurogiro-sftp was saccessfully started
2014-12-05 07:09:44,688 INFO [eurogiro-sftp] eurogiro-sftp [SftpFileHandler.java:97] SFTP transfer starts. Schedule timer2 is aplied
2014-12-05 07:09:44,876 INFO [eurogiro-sftp] eurogiro-sftp [SftpFileHandler.java:173] GET: SSH authentication complete
2014-12-05 07:09:44,969 INFO [eurogiro-sftp] eurogiro-sftp [SftpFileHandler.java:270] GET: Found file e000000
2014-12-05 07:09:44,969 ERROR [eurogiro-sftp] eurogiro-sftp [SftpFileHandler.java:373] GET: File e000000 was allready processed
2014-12-05 07:09:44,985 INFO [eurogiro-sftp] eurogiro-sftp [SftpFileHandler.java:232] GET: SSH disconnected
2014-12-05 07:11:22,376 INFO [eurogiro-sftp] eurogiro-sftp [SftpFileHandler.java:145] Properties for eurogiro-sftp was successfully saved
2014-12-05 07:11:26,338 INFO [eurogiro-sftp] eurogiro-sftp [SftpFileHandler.java:623] Logger for eurogiro-sftp was saccessfully started
2014-12-05 07:11:26,338 INFO [eurogiro-sftp] eurogiro-sftp [SftpFileHandler.java:623] Logger for eurogiro-sftp was saccessfully started
2014-12-05 07:11:26,369 INFO [eurogiro-sftp] eurogiro-sftp [SftpFileHandler.java:97] SFTP transfer starts. Schedule timer2 is aplied
2014-12-05 07:11:26,369 INFO [eurogiro-sftp] eurogiro-sftp [SftpFileHandler.java:97] SFTP transfer starts. Schedule timer2 is aplied
2014-12-05 07:11:26,525 INFO [eurogiro-sftp] eurogiro-sftp [SftpFileHandler.java:173] GET: SSH authentication complete
2014-12-05 07:11:26,525 INFO [eurogiro-sftp] eurogiro-sftp [SftpFileHandler.java:173] GET: SSH authentication complete
2014-12-05 07:11:26,603 INFO [eurogiro-sftp] eurogiro-sftp [SftpFileHandler.java:270] GET: Found file e000000
2014-12-05 07:11:26,603 INFO [eurogiro-sftp] eurogiro-sftp [SftpFileHandler.java:270] GET: Found file e000000
2014-12-05 07:11:26,603 ERROR [eurogiro-sftp] eurogiro-sftp [SftpFileHandler.java:373] GET: File e000000 was allready processed
2014-12-05 07:11:26,603 ERROR [eurogiro-sftp] eurogiro-sftp [SftpFileHandler.java:373] GET: File e000000 was allready processed
2014-12-05 07:11:26,619 INFO [eurogiro-sftp] eurogiro-sftp [SftpFileHandler.java:232] GET: SSH disconnected
2014-12-05 07:11:26,619 INFO [eurogiro-sftp] eurogiro-sftp [SftpFileHandler.java:232] GET: SSH disconnected
2014-12-05 07:11:31,689 INFO [eurogiro-sftp] eurogiro-sftp [SftpFileHandler.java:145] Properties for eurogiro-sftp was successfully saved
2014-12-05 07:11:31,689 INFO [eurogiro-sftp] eurogiro-sftp [SftpFileHandler.java:145] Properties for eurogiro-sftp was successfully saved
