mar 06, 2015 9:48:28 AM org.pabk.emanager.HandlerImpl init
INFO: pseudosnmpserver: logger pseudosnmpserver is successfully initailized!
mar 06, 2015 9:48:28 AM org.pabk.emanager.HandlerImpl run
INFO: Module org.pabk.emanager.PseudoSNMPServer is started!
mar 06, 2015 9:48:28 AM org.pabk.emanager.PseudoSNMPServer getProperty
INFO: Set default value , for property pseudo.separator
mar 06, 2015 9:48:28 AM org.pabk.emanager.PseudoSNMPServer getProperty
INFO: Loaded value P3600X006 for property pseudo.sourceServer from properties.
mar 06, 2015 9:48:28 AM org.pabk.emanager.PseudoSNMPServer getProperty
INFO: Loaded value D$\Programy\BB\eclipse_indigo\bkf\eclipse_indigo\EventManager\temp for property pseudo.srcDirectory from properties.
mar 06, 2015 9:48:28 AM org.pabk.emanager.PseudoSNMPServer getProperty
INFO: Loaded value trap\d{13} for property pseudo.sourceFileMask from properties.
mar 06, 2015 9:48:28 AM org.pabk.emanager.PseudoSNMPServer getProperty
INFO: Loaded value 8162 for property pseudo.snmp.port from properties.
mar 06, 2015 9:48:28 AM org.pabk.emanager.PseudoSNMPServer getProperty
INFO: Loaded value 6 for property pseudo.poolInterval from properties.
mar 06, 2015 9:48:28 AM org.pabk.emanager.PseudoSNMPServer businessLogic
INFO: PseudoSNMPServer is working
mar 06, 2015 9:48:28 AM org.pabk.emanager.PseudoSNMPServer execute
INFO: Source direcory \\P3600X006\D$\Programy\BB\eclipse_indigo\bkf\eclipse_indigo\EventManager\temp found
mar 06, 2015 9:48:28 AM org.pabk.emanager.PseudoSNMPServer execute
INFO: File filter trap\d{13} will be used
mar 06, 2015 9:48:28 AM org.pabk.emanager.PseudoSNMPServer execute
INFO: Found 30 files on source directory \\P3600X006\D$\Programy\BB\eclipse_indigo\bkf\eclipse_indigo\EventManager\temp for mask trap\d{13}
mar 06, 2015 9:48:29 AM org.pabk.emanager.PseudoSNMPServer execute
INFO: File \\P3600X006\D$\Programy\BB\eclipse_indigo\bkf\eclipse_indigo\EventManager\temp\trap1375773440197 was successfully processed on pseudo server
mar 06, 2015 9:48:29 AM org.pabk.emanager.PseudoSNMPServer execute
INFO: File \\P3600X006\D$\Programy\BB\eclipse_indigo\bkf\eclipse_indigo\EventManager\temp\trap1375773440197 was deleted
mar 06, 2015 9:48:30 AM org.pabk.emanager.PseudoSNMPServer execute
WARNING: Following error was found when file \\P3600X006\D$\Programy\BB\eclipse_indigo\bkf\eclipse_indigo\EventManager\temp\trap1375773440369 was processed: Socket is closed
mar 06, 2015 9:48:31 AM org.pabk.emanager.PseudoSNMPServer execute
WARNING: Following error was found when file \\P3600X006\D$\Programy\BB\eclipse_indigo\bkf\eclipse_indigo\EventManager\temp\trap1375773650501 was processed: Socket is closed
mar 06, 2015 9:48:32 AM org.pabk.emanager.PseudoSNMPServer execute
WARNING: Following error was found when file \\P3600X006\D$\Programy\BB\eclipse_indigo\bkf\eclipse_indigo\EventManager\temp\trap1375773651703 was processed: Socket is closed
mar 06, 2015 9:48:33 AM org.pabk.emanager.PseudoSNMPServer execute
WARNING: Following error was found when file \\P3600X006\D$\Programy\BB\eclipse_indigo\bkf\eclipse_indigo\EventManager\temp\trap1375773741684 was processed: Socket is closed
mar 06, 2015 9:48:34 AM org.pabk.emanager.PseudoSNMPServer execute
WARNING: Following error was found when file \\P3600X006\D$\Programy\BB\eclipse_indigo\bkf\eclipse_indigo\EventManager\temp\trap1375773743010 was processed: Socket is closed
mar 06, 2015 9:48:35 AM org.pabk.emanager.PseudoSNMPServer execute
WARNING: Following error was found when file \\P3600X006\D$\Programy\BB\eclipse_indigo\bkf\eclipse_indigo\EventManager\temp\trap1375774045354 was processed: Socket is closed
mar 06, 2015 9:48:36 AM org.pabk.emanager.PseudoSNMPServer execute
WARNING: Following error was found when file \\P3600X006\D$\Programy\BB\eclipse_indigo\bkf\eclipse_indigo\EventManager\temp\trap1375774045634 was processed: Socket is closed
mar 06, 2015 9:48:37 AM org.pabk.emanager.PseudoSNMPServer execute
WARNING: Following error was found when file \\P3600X006\D$\Programy\BB\eclipse_indigo\bkf\eclipse_indigo\EventManager\temp\trap1375774047054 was processed: Socket is closed
mar 06, 2015 9:48:38 AM org.pabk.emanager.PseudoSNMPServer execute
WARNING: Following error was found when file \\P3600X006\D$\Programy\BB\eclipse_indigo\bkf\eclipse_indigo\EventManager\temp\trap1375774047413 was processed: Socket is closed
mar 06, 2015 9:48:39 AM org.pabk.emanager.PseudoSNMPServer execute
WARNING: Following error was found when file \\P3600X006\D$\Programy\BB\eclipse_indigo\bkf\eclipse_indigo\EventManager\temp\trap1375774946006 was processed: Socket is closed
mar 06, 2015 9:48:40 AM org.pabk.emanager.PseudoSNMPServer execute
WARNING: Following error was found when file \\P3600X006\D$\Programy\BB\eclipse_indigo\bkf\eclipse_indigo\EventManager\temp\trap1375774947300 was processed: Socket is closed
mar 06, 2015 9:48:41 AM org.pabk.emanager.PseudoSNMPServer execute
WARNING: Following error was found when file \\P3600X006\D$\Programy\BB\eclipse_indigo\bkf\eclipse_indigo\EventManager\temp\trap1375775239302 was processed: Socket is closed
mar 06, 2015 9:48:42 AM org.pabk.emanager.PseudoSNMPServer execute
WARNING: Following error was found when file \\P3600X006\D$\Programy\BB\eclipse_indigo\bkf\eclipse_indigo\EventManager\temp\trap1375775240487 was processed: Socket is closed
mar 06, 2015 9:48:43 AM org.pabk.emanager.PseudoSNMPServer execute
WARNING: Following error was found when file \\P3600X006\D$\Programy\BB\eclipse_indigo\bkf\eclipse_indigo\EventManager\temp\trap1375776441471 was processed: Socket is closed
mar 06, 2015 9:48:44 AM org.pabk.emanager.PseudoSNMPServer execute
WARNING: Following error was found when file \\P3600X006\D$\Programy\BB\eclipse_indigo\bkf\eclipse_indigo\EventManager\temp\trap1375776447009 was processed: Socket is closed
mar 06, 2015 9:48:45 AM org.pabk.emanager.PseudoSNMPServer execute
WARNING: Following error was found when file \\P3600X006\D$\Programy\BB\eclipse_indigo\bkf\eclipse_indigo\EventManager\temp\trap1375777038094 was processed: Socket is closed
mar 06, 2015 9:48:46 AM org.pabk.emanager.PseudoSNMPServer execute
WARNING: Following error was found when file \\P3600X006\D$\Programy\BB\eclipse_indigo\bkf\eclipse_indigo\EventManager\temp\trap1375777039280 was processed: Socket is closed
mar 06, 2015 9:48:47 AM org.pabk.emanager.PseudoSNMPServer execute
WARNING: Following error was found when file \\P3600X006\D$\Programy\BB\eclipse_indigo\bkf\eclipse_indigo\EventManager\temp\trap1375777290471 was processed: Socket is closed
mar 06, 2015 9:48:48 AM org.pabk.emanager.PseudoSNMPServer execute
WARNING: Following error was found when file \\P3600X006\D$\Programy\BB\eclipse_indigo\bkf\eclipse_indigo\EventManager\temp\trap1375777292031 was processed: Socket is closed
mar 06, 2015 9:48:49 AM org.pabk.emanager.PseudoSNMPServer execute
WARNING: Following error was found when file \\P3600X006\D$\Programy\BB\eclipse_indigo\bkf\eclipse_indigo\EventManager\temp\trap1375777341327 was processed: Socket is closed
mar 06, 2015 9:48:50 AM org.pabk.emanager.PseudoSNMPServer execute
WARNING: Following error was found when file \\P3600X006\D$\Programy\BB\eclipse_indigo\bkf\eclipse_indigo\EventManager\temp\trap1375777343075 was processed: Socket is closed
mar 06, 2015 9:48:51 AM org.pabk.emanager.PseudoSNMPServer execute
WARNING: Following error was found when file \\P3600X006\D$\Programy\BB\eclipse_indigo\bkf\eclipse_indigo\EventManager\temp\trap1375777351982 was processed: Socket is closed
mar 06, 2015 9:48:52 AM org.pabk.emanager.PseudoSNMPServer execute
WARNING: Following error was found when file \\P3600X006\D$\Programy\BB\eclipse_indigo\bkf\eclipse_indigo\EventManager\temp\trap1375777352216 was processed: Socket is closed
mar 06, 2015 9:48:53 AM org.pabk.emanager.PseudoSNMPServer execute
WARNING: Following error was found when file \\P3600X006\D$\Programy\BB\eclipse_indigo\bkf\eclipse_indigo\EventManager\temp\trap1375777483288 was processed: Socket is closed
mar 06, 2015 9:48:54 AM org.pabk.emanager.PseudoSNMPServer execute
WARNING: Following error was found when file \\P3600X006\D$\Programy\BB\eclipse_indigo\bkf\eclipse_indigo\EventManager\temp\trap1375777483366 was processed: Socket is closed
mar 06, 2015 9:48:55 AM org.pabk.emanager.PseudoSNMPServer execute
WARNING: Following error was found when file \\P3600X006\D$\Programy\BB\eclipse_indigo\bkf\eclipse_indigo\EventManager\temp\trap1375777485300 was processed: Socket is closed
mar 06, 2015 9:48:56 AM org.pabk.emanager.PseudoSNMPServer execute
WARNING: Following error was found when file \\P3600X006\D$\Programy\BB\eclipse_indigo\bkf\eclipse_indigo\EventManager\temp\trap1375777485331 was processed: Socket is closed
mar 06, 2015 9:48:57 AM org.pabk.emanager.PseudoSNMPServer execute
WARNING: Following error was found when file \\P3600X006\D$\Programy\BB\eclipse_indigo\bkf\eclipse_indigo\EventManager\temp\trap1375777644857 was processed: Socket is closed
mar 06, 2015 9:48:58 AM org.pabk.emanager.PseudoSNMPServer execute
WARNING: Following error was found when file \\P3600X006\D$\Programy\BB\eclipse_indigo\bkf\eclipse_indigo\EventManager\temp\trap1375777646058 was processed: Socket is closed
mar 06, 2015 9:48:59 AM org.pabk.emanager.PseudoSNMPServer execute
INFO: Successfully ends pseudo server loop
mar 06, 2015 9:48:59 AM org.pabk.emanager.PseudoSNMPServer businessLogic
INFO: PseudoSNMPServer is SLEEPING
