apr 08, 2016 8:44:20 AM org.pabk.emanager.HandlerImpl init
INFO: movefilehandler: logger movefilehandler is successfully initailized!
apr 08, 2016 8:44:20 AM org.pabk.emanager.HandlerImpl run
INFO: Module org.pabk.emanager.MoveFileHandler is started!
apr 08, 2016 8:44:24 AM org.pabk.emanager.MoveFileHandler getProperty
INFO: Loaded value , for property move.separator from properties.
apr 08, 2016 8:44:30 AM org.pabk.emanager.MoveFileHandler getProperty
INFO: Loaded value p3600x006 for property move.sourceServer from properties.
apr 08, 2016 8:44:31 AM org.pabk.emanager.MoveFileHandler getProperty
INFO: Loaded value p3600x006 for property move.destinationServer from properties.
apr 08, 2016 8:44:32 AM org.pabk.emanager.MoveFileHandler getProperty
INFO: Loaded value \d{8}\_20[0-9]{2}[01][0-9][0-3][0-9][0-2][0-9][0-5][0-9][0-5][0-9]\.[pt][rx][t] for property move.sourceFileMask from properties.
apr 08, 2016 8:44:32 AM org.pabk.emanager.MoveFileHandler getProperty
INFO: Loaded value 0,8,23,27 for property move.renameFile from properties.
apr 08, 2016 8:44:54 AM org.pabk.emanager.MoveFileHandler getProperty
INFO: Loaded value t2d for property move.queues from properties.
apr 08, 2016 8:44:55 AM org.pabk.emanager.MoveFileHandler getProperty
INFO: Set default value move for property move.operation
apr 08, 2016 8:44:57 AM org.pabk.emanager.MoveFileHandler getProperty
INFO: Set default value \x09\x09 for property move.stmt.originalSeq
apr 08, 2016 8:45:02 AM org.pabk.emanager.MoveFileHandler getProperty
INFO: Set default value 9,12 for property move.stmt.replacementSeq
apr 08, 2016 8:45:27 AM org.pabk.emanager.MoveFileHandler getProperty
INFO: Set default value p3600x006 for property move.queue.t2d.sourceServer
apr 08, 2016 8:45:27 AM org.pabk.emanager.MoveFileHandler getProperty
INFO: Set default value p3600x006 for property move.queue.t2d.destinationServer
apr 08, 2016 8:45:29 AM org.pabk.emanager.MoveFileHandler getProperty
INFO: Loaded value D$\TEMP\T2D for property move.queue.t2d.source from properties.
apr 08, 2016 8:45:30 AM org.pabk.emanager.MoveFileHandler getProperty
INFO: Loaded value D$\TEMP\T2D_MV for property move.queue.t2d.destination from properties.
apr 08, 2016 8:45:32 AM org.pabk.emanager.MoveFileHandler getProperty
INFO: Loaded value [T][2][D][I][R][U][P][D][A][Z]((([2][0][0-9]{2}))(((([0][1-9])|([1][0-2]))(([0][1-9])|([12][0-9])))|((([0][469])|([1][1]))([3][0]))|((([0][13578])|([1][02]))([3][01]))))[V][A][_]((([2][0][0-9]{2}))(((([0][1-9])|([1][0-2]))(([0][1-9])|([12][0-9])))|((([0][469])|([1][1]))([3][0]))|((([0][13578])|([1][02]))([3][01]))))((([01][0-9])|([2][0-3]))([0-5][0-9]){2})[\.][S][N][L][0-9]{5}[D][0-9]{17}[S] for property move.queue.t2d.sourceFileMask from properties.
apr 08, 2016 8:47:29 AM org.pabk.emanager.MoveFileHandler getProperty
INFO: Loaded value 0, 20 for property move.queue.t2d.renameFile from properties.
