mar 02, 2015 7:18:48 AM org.pabk.emanager.HandlerImpl init
INFO: movefilehandler: logger movefilehandler is successfully initailized!
mar 02, 2015 7:18:48 AM org.pabk.emanager.HandlerImpl run
INFO: Module org.pabk.emanager.MoveFileHandler is started!
mar 02, 2015 7:18:51 AM org.pabk.emanager.MoveFileHandler getProperty
INFO: Loaded value , for property move.separator from properties.
mar 02, 2015 7:18:51 AM org.pabk.emanager.MoveFileHandler getProperty
INFO: Loaded value p3600x006 for property move.sourceServer from properties.
mar 02, 2015 7:18:51 AM org.pabk.emanager.MoveFileHandler getProperty
INFO: Loaded value p3600x006 for property move.destinationServer from properties.
mar 02, 2015 7:18:51 AM org.pabk.emanager.MoveFileHandler getProperty
INFO: Loaded value \d{8}\_20[0-9]{2}[01][0-9][0-3][0-9][0-2][0-9][0-5][0-9][0-5][0-9]\.[pt][rx][t] for property move.sourceFileMask from properties.
mar 02, 2015 7:18:51 AM org.pabk.emanager.MoveFileHandler getProperty
INFO: Loaded value 0,8,23,27 for property move.renameFile from properties.
mar 02, 2015 7:18:51 AM org.pabk.emanager.MoveFileHandler getProperty
INFO: Loaded value Broadcast,Broadcast_cz,OKB_DT,OKB_DT_CZ,prijate_spravy,prijate_spravy_cz,system,system_cz,Target,Vypisy_DF for property move.queues from properties.
mar 02, 2015 7:18:51 AM org.pabk.emanager.MoveFileHandler getProperty
INFO: Set default value p3600x006 for property move.queue.Broadcast.sourceServer
mar 02, 2015 7:18:51 AM org.pabk.emanager.MoveFileHandler getProperty
INFO: Set default value p3600x006 for property move.queue.Broadcast.destinationServer
mar 02, 2015 7:18:51 AM org.pabk.emanager.MoveFileHandler getProperty
INFO: Loaded value C$\AMT\amt_pobn\amt\queues\Broadcast\in for property move.queue.Broadcast.source from properties.
mar 02, 2015 7:18:51 AM org.pabk.emanager.MoveFileHandler getProperty
INFO: Loaded value C$\ARCHIVE\BATCH\Broadcast for property move.queue.Broadcast.destination from properties.
mar 02, 2015 7:18:51 AM org.pabk.emanager.MoveFileHandler getProperty
INFO: Set default value \d{8}\_20[0-9]{2}[01][0-9][0-3][0-9][0-2][0-9][0-5][0-9][0-5][0-9]\.[pt][rx][t] for property move.queue.Broadcast.sourceFileMask
mar 02, 2015 7:18:51 AM org.pabk.emanager.MoveFileHandler getProperty
INFO: Set default value null for property move.queue.Broadcast.renameFile
mar 02, 2015 7:18:51 AM org.pabk.emanager.MoveFileHandler getProperty
INFO: Set default value p3600x006 for property move.queue.Broadcast_cz.sourceServer
mar 02, 2015 7:18:51 AM org.pabk.emanager.MoveFileHandler getProperty
INFO: Set default value p3600x006 for property move.queue.Broadcast_cz.destinationServer
mar 02, 2015 7:18:51 AM org.pabk.emanager.MoveFileHandler getProperty
INFO: Loaded value C$\AMT\amt_pobn\amt\queues\Broadcast_cz\in for property move.queue.Broadcast_cz.source from properties.
mar 02, 2015 7:18:51 AM org.pabk.emanager.MoveFileHandler getProperty
INFO: Loaded value C$\ARCHIVE\BATCH\Broadcast_cz for property move.queue.Broadcast_cz.destination from properties.
mar 02, 2015 7:18:51 AM org.pabk.emanager.MoveFileHandler getProperty
INFO: Set default value \d{8}\_20[0-9]{2}[01][0-9][0-3][0-9][0-2][0-9][0-5][0-9][0-5][0-9]\.[pt][rx][t] for property move.queue.Broadcast_cz.sourceFileMask
mar 02, 2015 7:18:51 AM org.pabk.emanager.MoveFileHandler getProperty
INFO: Set default value null for property move.queue.Broadcast_cz.renameFile
mar 02, 2015 7:18:51 AM org.pabk.emanager.MoveFileHandler getProperty
INFO: Set default value p3600x006 for property move.queue.OKB_DT.sourceServer
mar 02, 2015 7:18:51 AM org.pabk.emanager.MoveFileHandler getProperty
INFO: Set default value p3600x006 for property move.queue.OKB_DT.destinationServer
mar 02, 2015 7:18:51 AM org.pabk.emanager.MoveFileHandler getProperty
INFO: Loaded value C$\AMT\amt_pobn\amt\queues\OKB_DT\in for property move.queue.OKB_DT.source from properties.
mar 02, 2015 7:18:51 AM org.pabk.emanager.MoveFileHandler getProperty
INFO: Loaded value C$\ARCHIVE\BATCH\OKB_DT for property move.queue.OKB_DT.destination from properties.
mar 02, 2015 7:18:51 AM org.pabk.emanager.MoveFileHandler getProperty
INFO: Set default value \d{8}\_20[0-9]{2}[01][0-9][0-3][0-9][0-2][0-9][0-5][0-9][0-5][0-9]\.[pt][rx][t] for property move.queue.OKB_DT.sourceFileMask
mar 02, 2015 7:18:51 AM org.pabk.emanager.MoveFileHandler getProperty
INFO: Set default value null for property move.queue.OKB_DT.renameFile
mar 02, 2015 7:18:51 AM org.pabk.emanager.MoveFileHandler getProperty
INFO: Set default value p3600x006 for property move.queue.OKB_DT_CZ.sourceServer
mar 02, 2015 7:18:51 AM org.pabk.emanager.MoveFileHandler getProperty
INFO: Set default value p3600x006 for property move.queue.OKB_DT_CZ.destinationServer
mar 02, 2015 7:18:51 AM org.pabk.emanager.MoveFileHandler getProperty
INFO: Loaded value C$\AMT\amt_pobn\amt\queues\OKB_DT_CZ\in for property move.queue.OKB_DT_CZ.source from properties.
mar 02, 2015 7:18:51 AM org.pabk.emanager.MoveFileHandler getProperty
INFO: Loaded value C$\ARCHIVE\BATCH\OKB_DT_CZ for property move.queue.OKB_DT_CZ.destination from properties.
mar 02, 2015 7:18:51 AM org.pabk.emanager.MoveFileHandler getProperty
INFO: Set default value \d{8}\_20[0-9]{2}[01][0-9][0-3][0-9][0-2][0-9][0-5][0-9][0-5][0-9]\.[pt][rx][t] for property move.queue.OKB_DT_CZ.sourceFileMask
mar 02, 2015 7:18:51 AM org.pabk.emanager.MoveFileHandler getProperty
INFO: Set default value null for property move.queue.OKB_DT_CZ.renameFile
mar 02, 2015 7:18:51 AM org.pabk.emanager.MoveFileHandler getProperty
INFO: Set default value p3600x006 for property move.queue.prijate_spravy.sourceServer
mar 02, 2015 7:18:51 AM org.pabk.emanager.MoveFileHandler getProperty
INFO: Set default value p3600x006 for property move.queue.prijate_spravy.destinationServer
mar 02, 2015 7:18:51 AM org.pabk.emanager.MoveFileHandler getProperty
INFO: Loaded value C$\AMT\amt_pobn\amt\queues\prijate_spravy\in for property move.queue.prijate_spravy.source from properties.
mar 02, 2015 7:18:51 AM org.pabk.emanager.MoveFileHandler getProperty
INFO: Loaded value C$\ARCHIVE\BATCH\prijate_spravy for property move.queue.prijate_spravy.destination from properties.
mar 02, 2015 7:18:51 AM org.pabk.emanager.MoveFileHandler getProperty
INFO: Set default value \d{8}\_20[0-9]{2}[01][0-9][0-3][0-9][0-2][0-9][0-5][0-9][0-5][0-9]\.[pt][rx][t] for property move.queue.prijate_spravy.sourceFileMask
mar 02, 2015 7:18:51 AM org.pabk.emanager.MoveFileHandler getProperty
INFO: Set default value null for property move.queue.prijate_spravy.renameFile
mar 02, 2015 7:18:51 AM org.pabk.emanager.MoveFileHandler getProperty
INFO: Set default value p3600x006 for property move.queue.prijate_spravy_cz.sourceServer
mar 02, 2015 7:18:51 AM org.pabk.emanager.MoveFileHandler getProperty
INFO: Set default value p3600x006 for property move.queue.prijate_spravy_cz.destinationServer
mar 02, 2015 7:18:51 AM org.pabk.emanager.MoveFileHandler getProperty
INFO: Loaded value C$\AMT\amt_pobn\amt\queues\prijate_spravy_cz\in for property move.queue.prijate_spravy_cz.source from properties.
mar 02, 2015 7:18:51 AM org.pabk.emanager.MoveFileHandler getProperty
INFO: Loaded value C$\ARCHIVE\BATCH\prijate_spravy_cz for property move.queue.prijate_spravy_cz.destination from properties.
mar 02, 2015 7:18:51 AM org.pabk.emanager.MoveFileHandler getProperty
INFO: Set default value \d{8}\_20[0-9]{2}[01][0-9][0-3][0-9][0-2][0-9][0-5][0-9][0-5][0-9]\.[pt][rx][t] for property move.queue.prijate_spravy_cz.sourceFileMask
mar 02, 2015 7:18:51 AM org.pabk.emanager.MoveFileHandler getProperty
INFO: Set default value null for property move.queue.prijate_spravy_cz.renameFile
mar 02, 2015 7:18:51 AM org.pabk.emanager.MoveFileHandler getProperty
INFO: Set default value p3600x006 for property move.queue.system.sourceServer
mar 02, 2015 7:18:51 AM org.pabk.emanager.MoveFileHandler getProperty
INFO: Set default value p3600x006 for property move.queue.system.destinationServer
mar 02, 2015 7:18:51 AM org.pabk.emanager.MoveFileHandler getProperty
INFO: Loaded value C$\AMT\amt_pobn\amt\queues\system\in for property move.queue.system.source from properties.
mar 02, 2015 7:18:51 AM org.pabk.emanager.MoveFileHandler getProperty
INFO: Loaded value C$\ARCHIVE\BATCH\system for property move.queue.system.destination from properties.
mar 02, 2015 7:18:51 AM org.pabk.emanager.MoveFileHandler getProperty
INFO: Set default value \d{8}\_20[0-9]{2}[01][0-9][0-3][0-9][0-2][0-9][0-5][0-9][0-5][0-9]\.[pt][rx][t] for property move.queue.system.sourceFileMask
mar 02, 2015 7:18:51 AM org.pabk.emanager.MoveFileHandler getProperty
INFO: Set default value null for property move.queue.system.renameFile
mar 02, 2015 7:18:51 AM org.pabk.emanager.MoveFileHandler getProperty
INFO: Set default value p3600x006 for property move.queue.system_cz.sourceServer
mar 02, 2015 7:18:51 AM org.pabk.emanager.MoveFileHandler getProperty
INFO: Set default value p3600x006 for property move.queue.system_cz.destinationServer
mar 02, 2015 7:18:51 AM org.pabk.emanager.MoveFileHandler getProperty
INFO: Loaded value C$\AMT\amt_pobn\amt\queues\system_cz\in for property move.queue.system_cz.source from properties.
mar 02, 2015 7:18:51 AM org.pabk.emanager.MoveFileHandler getProperty
INFO: Loaded value C$\ARCHIVE\BATCH\system_cz for property move.queue.system_cz.destination from properties.
mar 02, 2015 7:18:51 AM org.pabk.emanager.MoveFileHandler getProperty
INFO: Set default value \d{8}\_20[0-9]{2}[01][0-9][0-3][0-9][0-2][0-9][0-5][0-9][0-5][0-9]\.[pt][rx][t] for property move.queue.system_cz.sourceFileMask
mar 02, 2015 7:18:51 AM org.pabk.emanager.MoveFileHandler getProperty
INFO: Set default value null for property move.queue.system_cz.renameFile
mar 02, 2015 7:18:51 AM org.pabk.emanager.MoveFileHandler getProperty
INFO: Set default value p3600x006 for property move.queue.Target.sourceServer
mar 02, 2015 7:18:51 AM org.pabk.emanager.MoveFileHandler getProperty
INFO: Set default value p3600x006 for property move.queue.Target.destinationServer
mar 02, 2015 7:18:51 AM org.pabk.emanager.MoveFileHandler getProperty
INFO: Loaded value C$\AMT\amt_pobn\amt\queues\Target\in for property move.queue.Target.source from properties.
mar 02, 2015 7:18:51 AM org.pabk.emanager.MoveFileHandler getProperty
INFO: Loaded value C$\ARCHIVE\BATCH\Target for property move.queue.Target.destination from properties.
mar 02, 2015 7:18:51 AM org.pabk.emanager.MoveFileHandler getProperty
INFO: Set default value \d{8}\_20[0-9]{2}[01][0-9][0-3][0-9][0-2][0-9][0-5][0-9][0-5][0-9]\.[pt][rx][t] for property move.queue.Target.sourceFileMask
mar 02, 2015 7:18:51 AM org.pabk.emanager.MoveFileHandler getProperty
INFO: Set default value null for property move.queue.Target.renameFile
mar 02, 2015 7:18:51 AM org.pabk.emanager.MoveFileHandler getProperty
INFO: Set default value p3600x006 for property move.queue.Vypisy_DF.sourceServer
mar 02, 2015 7:18:51 AM org.pabk.emanager.MoveFileHandler getProperty
INFO: Set default value p3600x006 for property move.queue.Vypisy_DF.destinationServer
mar 02, 2015 7:18:51 AM org.pabk.emanager.MoveFileHandler getProperty
INFO: Loaded value C$\AMT\amt_pobn\amt\queues\Vypisy_DF\in for property move.queue.Vypisy_DF.source from properties.
mar 02, 2015 7:18:51 AM org.pabk.emanager.MoveFileHandler getProperty
INFO: Loaded value C$\ARCHIVE\BATCH\Vypisy_DF for property move.queue.Vypisy_DF.destination from properties.
mar 02, 2015 7:18:51 AM org.pabk.emanager.MoveFileHandler getProperty
INFO: Set default value \d{8}\_20[0-9]{2}[01][0-9][0-3][0-9][0-2][0-9][0-5][0-9][0-5][0-9]\.[pt][rx][t] for property move.queue.Vypisy_DF.sourceFileMask
mar 02, 2015 7:18:51 AM org.pabk.emanager.MoveFileHandler getProperty
INFO: Set default value null for property move.queue.Vypisy_DF.renameFile
mar 02, 2015 7:18:51 AM org.pabk.emanager.MoveFileHandler getProperty
INFO: Set default value 11 for property move.poolInterval
mar 02, 2015 7:18:52 AM org.pabk.emanager.MoveFileHandler businessLogic
INFO: MoveFileHandler is working
mar 02, 2015 7:18:54 AM org.pabk.emanager.MoveFileHandler execute
INFO: Start moving files on queue Broadcast
mar 02, 2015 7:18:56 AM org.pabk.emanager.MoveFileHandler execute
INFO: Found source directory \\p3600x006\C$\AMT\amt_pobn\amt\queues\Broadcast\in for queue Broadcast
mar 02, 2015 7:18:59 AM org.pabk.emanager.MoveFileHandler execute
INFO: Found destination directory \\p3600x006\C$\ARCHIVE\BATCH\Broadcast for queue Broadcast
mar 02, 2015 7:19:14 AM org.pabk.emanager.MoveFileHandler execute
INFO: Used filename pattern org.pabk.emanager.util.SimpleFileFilter@12f7757c for input files on queue Broadcast
mar 02, 2015 7:19:29 AM org.pabk.emanager.MoveFileHandler execute
INFO: Rename output files [0, 8, 23, 27] applies on queue Broadcast
