apr 08, 2016 8:59:37 AM org.pabk.emanager.HandlerImpl init
INFO: movefilehandler: logger movefilehandler is successfully initailized!
apr 08, 2016 8:59:37 AM org.pabk.emanager.HandlerImpl run
INFO: Module org.pabk.emanager.MoveFileHandler is started!
apr 08, 2016 8:59:40 AM org.pabk.emanager.MoveFileHandler getProperty
INFO: Loaded value , for property move.separator from properties.
apr 08, 2016 8:59:40 AM org.pabk.emanager.MoveFileHandler getProperty
INFO: Loaded value p3600x006 for property move.sourceServer from properties.
apr 08, 2016 8:59:41 AM org.pabk.emanager.MoveFileHandler getProperty
INFO: Loaded value p3600x006 for property move.destinationServer from properties.
apr 08, 2016 8:59:41 AM org.pabk.emanager.MoveFileHandler getProperty
INFO: Loaded value \d{8}\_20[0-9]{2}[01][0-9][0-3][0-9][0-2][0-9][0-5][0-9][0-5][0-9]\.[pt][rx][t] for property move.sourceFileMask from properties.
apr 08, 2016 8:59:41 AM org.pabk.emanager.MoveFileHandler getProperty
INFO: Loaded value 0,8,23,27 for property move.renameFile from properties.
apr 08, 2016 8:59:43 AM org.pabk.emanager.MoveFileHandler getProperty
INFO: Loaded value t2d for property move.queues from properties.
apr 08, 2016 8:59:43 AM org.pabk.emanager.MoveFileHandler getProperty
INFO: Set default value move for property move.operation
apr 08, 2016 8:59:43 AM org.pabk.emanager.MoveFileHandler getProperty
INFO: Set default value \x09\x09 for property move.stmt.originalSeq
apr 08, 2016 8:59:44 AM org.pabk.emanager.MoveFileHandler getProperty
INFO: Set default value 9,12 for property move.stmt.replacementSeq
apr 08, 2016 8:59:47 AM org.pabk.emanager.MoveFileHandler getProperty
INFO: Set default value p3600x006 for property move.queue.t2d.sourceServer
apr 08, 2016 8:59:47 AM org.pabk.emanager.MoveFileHandler getProperty
INFO: Set default value p3600x006 for property move.queue.t2d.destinationServer
apr 08, 2016 8:59:48 AM org.pabk.emanager.MoveFileHandler getProperty
INFO: Loaded value D$\TEMP\T2D for property move.queue.t2d.source from properties.
apr 08, 2016 8:59:48 AM org.pabk.emanager.MoveFileHandler getProperty
INFO: Loaded value D$\TEMP\T2D_MV for property move.queue.t2d.destination from properties.
apr 08, 2016 8:59:48 AM org.pabk.emanager.MoveFileHandler getProperty
INFO: Loaded value [T][2][D][I][R][U][P][D][A][Z]((([2][0][0-9]{2}))(((([0][1-9])|([1][0-2]))(([0][1-9])|([12][0-9])))|((([0][469])|([1][1]))([3][0]))|((([0][13578])|([1][02]))([3][01]))))[V][A][_]((([2][0][0-9]{2}))(((([0][1-9])|([1][0-2]))(([0][1-9])|([12][0-9])))|((([0][469])|([1][1]))([3][0]))|((([0][13578])|([1][02]))([3][01]))))((([01][0-9])|([2][0-3]))([0-5][0-9]){2})[\.][S][N][L][0-9]{5}[D][0-9]{17}[S] for property move.queue.t2d.sourceFileMask from properties.
apr 08, 2016 8:59:48 AM org.pabk.emanager.MoveFileHandler getProperty
INFO: Loaded value 0, 20 for property move.queue.t2d.renameFile from properties.
apr 08, 2016 8:59:49 AM org.pabk.emanager.MoveFileHandler getProperty
INFO: Loaded value move for property move.queue.t2d.operation from properties.
apr 08, 2016 8:59:49 AM org.pabk.emanager.MoveFileHandler getProperty
INFO: Loaded value 0 for property move.queue.t2d.operationDelay from properties.
apr 08, 2016 8:59:50 AM org.pabk.emanager.MoveFileHandler getProperty
INFO: Loaded value %s.zip for property move.queue.t2d.format from properties.
apr 08, 2016 8:59:57 AM org.pabk.emanager.MoveFileHandler getProperty
INFO: Set default value 11 for property move.poolInterval
apr 08, 2016 8:59:58 AM org.pabk.emanager.MoveFileHandler getProperty
INFO: Set default value null for property move.zipCharset
apr 08, 2016 9:00:00 AM org.pabk.emanager.MoveFileHandler businessLogic
INFO: MoveFileHandler is working
apr 08, 2016 9:00:02 AM org.pabk.emanager.MoveFileHandler execute
INFO: Start move files on queue t2d
apr 08, 2016 9:00:03 AM org.pabk.emanager.MoveFileHandler execute
INFO: Found source directory \\p3600x006\D$\TEMP\T2D for queue t2d
apr 08, 2016 9:00:04 AM org.pabk.emanager.MoveFileHandler execute
INFO: Found destination directory \\p3600x006\D$\TEMP\T2D_MV for queue t2d
apr 08, 2016 9:00:05 AM org.pabk.emanager.MoveFileHandler execute
INFO: Used filename pattern [T][2][D][I][R][U][P][D][A][Z]((([2][0][0-9]{2}))(((([0][1-9])|([1][0-2]))(([0][1-9])|([12][0-9])))|((([0][469])|([1][1]))([3][0]))|((([0][13578])|([1][02]))([3][01]))))[V][A][_]((([2][0][0-9]{2}))(((([0][1-9])|([1][0-2]))(([0][1-9])|([12][0-9])))|((([0][469])|([1][1]))([3][0]))|((([0][13578])|([1][02]))([3][01]))))((([01][0-9])|([2][0-3]))([0-5][0-9]){2})[\.][S][N][L][0-9]{5}[D][0-9]{17}[S] and keep days = 0 for input files on queue t2d
apr 08, 2016 9:00:06 AM org.pabk.emanager.MoveFileHandler execute
INFO: Rename output files [0, 20] applies on queue t2d
apr 08, 2016 9:00:10 AM org.pabk.emanager.MoveFileHandler execute
INFO: Format the filename of output files [[%s.zip]] will be applied on queue t2d
apr 08, 2016 9:00:14 AM org.pabk.emanager.MoveFileHandler execute
INFO: 8 files found on source directory \\p3600x006\D$\TEMP\T2D that matching filter [T][2][D][I][R][U][P][D][A][Z]((([2][0][0-9]{2}))(((([0][1-9])|([1][0-2]))(([0][1-9])|([12][0-9])))|((([0][469])|([1][1]))([3][0]))|((([0][13578])|([1][02]))([3][01]))))[V][A][_]((([2][0][0-9]{2}))(((([0][1-9])|([1][0-2]))(([0][1-9])|([12][0-9])))|((([0][469])|([1][1]))([3][0]))|((([0][13578])|([1][02]))([3][01]))))((([01][0-9])|([2][0-3]))([0-5][0-9]){2})[\.][S][N][L][0-9]{5}[D][0-9]{17}[S] and keep days = 0 on queue t2d
apr 08, 2016 9:00:14 AM org.pabk.emanager.MoveFileHandler execute
INFO: File \\p3600x006\D$\TEMP\T2D\T2DIRUPDAZ20160222VA_20160226171252.SNL18381D11455811226836845S found on queue t2d
apr 08, 2016 9:00:14 AM org.pabk.emanager.MoveFileHandler execute
INFO: File \\p3600x006\D$\TEMP\T2D\T2DIRUPDAZ20160222VA_20160226171252.SNL18381D11455811226836845S is successfully move to \\p3600x006\D$\TEMP\T2D_MV\T2DIRUPDAZ20160222VA.zip no queue t2d
apr 08, 2016 9:00:14 AM org.pabk.emanager.MoveFileHandler execute
INFO: File \\p3600x006\D$\TEMP\T2D\T2DIRUPDAZ20160229VA_20160226171252.SNL18381D11456411102271212S found on queue t2d
apr 08, 2016 9:00:14 AM org.pabk.emanager.MoveFileHandler execute
INFO: File \\p3600x006\D$\TEMP\T2D\T2DIRUPDAZ20160229VA_20160226171252.SNL18381D11456411102271212S is successfully move to \\p3600x006\D$\TEMP\T2D_MV\T2DIRUPDAZ20160229VA.zip no queue t2d
apr 08, 2016 9:00:14 AM org.pabk.emanager.MoveFileHandler execute
INFO: File \\p3600x006\D$\TEMP\T2D\T2DIRUPDAZ20160307VA_20160306223441.SNL18381D11457015991606099S found on queue t2d
apr 08, 2016 9:00:14 AM org.pabk.emanager.MoveFileHandler execute
INFO: File \\p3600x006\D$\TEMP\T2D\T2DIRUPDAZ20160307VA_20160306223441.SNL18381D11457015991606099S is successfully move to \\p3600x006\D$\TEMP\T2D_MV\T2DIRUPDAZ20160307VA.zip no queue t2d
apr 08, 2016 9:00:14 AM org.pabk.emanager.MoveFileHandler execute
INFO: File \\p3600x006\D$\TEMP\T2D\T2DIRUPDAZ20160314VA_20160322103941.SNL18381D11457620800874908S found on queue t2d
apr 08, 2016 9:00:14 AM org.pabk.emanager.MoveFileHandler execute
INFO: File \\p3600x006\D$\TEMP\T2D\T2DIRUPDAZ20160314VA_20160322103941.SNL18381D11457620800874908S is successfully move to \\p3600x006\D$\TEMP\T2D_MV\T2DIRUPDAZ20160314VA.zip no queue t2d
apr 08, 2016 9:00:14 AM org.pabk.emanager.MoveFileHandler execute
INFO: File \\p3600x006\D$\TEMP\T2D\T2DIRUPDAZ20160321VA_20160322103942.SNL18381D11458226142798333S found on queue t2d
apr 08, 2016 9:00:14 AM org.pabk.emanager.MoveFileHandler execute
INFO: File \\p3600x006\D$\TEMP\T2D\T2DIRUPDAZ20160321VA_20160322103942.SNL18381D11458226142798333S is successfully move to \\p3600x006\D$\TEMP\T2D_MV\T2DIRUPDAZ20160321VA.zip no queue t2d
apr 08, 2016 9:00:14 AM org.pabk.emanager.MoveFileHandler execute
INFO: File \\p3600x006\D$\TEMP\T2D\T2DIRUPDAZ20160328VA_20160324063853.SNL18381D11458743956306874S found on queue t2d
apr 08, 2016 9:00:14 AM org.pabk.emanager.MoveFileHandler execute
INFO: File \\p3600x006\D$\TEMP\T2D\T2DIRUPDAZ20160328VA_20160324063853.SNL18381D11458743956306874S is successfully move to \\p3600x006\D$\TEMP\T2D_MV\T2DIRUPDAZ20160328VA.zip no queue t2d
apr 08, 2016 9:00:14 AM org.pabk.emanager.MoveFileHandler execute
INFO: File \\p3600x006\D$\TEMP\T2D\T2DIRUPDAZ20160404VA_20160401063753.SNL18381D11459431526523205S found on queue t2d
apr 08, 2016 9:00:14 AM org.pabk.emanager.MoveFileHandler execute
INFO: File \\p3600x006\D$\TEMP\T2D\T2DIRUPDAZ20160404VA_20160401063753.SNL18381D11459431526523205S is successfully move to \\p3600x006\D$\TEMP\T2D_MV\T2DIRUPDAZ20160404VA.zip no queue t2d
apr 08, 2016 9:00:14 AM org.pabk.emanager.MoveFileHandler execute
INFO: File \\p3600x006\D$\TEMP\T2D\T2DIRUPDAZ20160411VA_20160408063951.SNL18381D11460036355990652S found on queue t2d
apr 08, 2016 9:00:14 AM org.pabk.emanager.MoveFileHandler execute
INFO: File \\p3600x006\D$\TEMP\T2D\T2DIRUPDAZ20160411VA_20160408063951.SNL18381D11460036355990652S is successfully move to \\p3600x006\D$\TEMP\T2D_MV\T2DIRUPDAZ20160411VA.zip no queue t2d
apr 08, 2016 9:00:14 AM org.pabk.emanager.MoveFileHandler execute
INFO: Successfully ends move files on queue t2d
apr 08, 2016 9:00:14 AM org.pabk.emanager.MoveFileHandler businessLogic
INFO: MoveFileHandler is SLEEPING
