mar 20, 2015 6:55:20 AM org.pabk.emanager.HandlerImpl init
INFO: movefilehandler: logger movefilehandler is successfully initailized!
mar 20, 2015 6:55:20 AM org.pabk.emanager.HandlerImpl run
INFO: Module org.pabk.emanager.MoveFileHandler is started!
mar 20, 2015 6:55:20 AM org.pabk.emanager.MoveFileHandler getProperty
INFO: Loaded value , for property move.separator from properties.
mar 20, 2015 6:55:20 AM org.pabk.emanager.MoveFileHandler getProperty
INFO: Loaded value p3600x006 for property move.sourceServer from properties.
mar 20, 2015 6:55:20 AM org.pabk.emanager.MoveFileHandler getProperty
INFO: Loaded value p3600x006 for property move.destinationServer from properties.
mar 20, 2015 6:55:20 AM org.pabk.emanager.MoveFileHandler getProperty
INFO: Loaded value \d{8}\_20[0-9]{2}[01][0-9][0-3][0-9][0-2][0-9][0-5][0-9][0-5][0-9]\.[pt][rx][t] for property move.sourceFileMask from properties.
mar 20, 2015 6:55:20 AM org.pabk.emanager.MoveFileHandler getProperty
INFO: Loaded value 0,8,23,27 for property move.renameFile from properties.
mar 20, 2015 6:55:20 AM org.pabk.emanager.MoveFileHandler getProperty
INFO: Loaded value Broadcast,Broadcast_cz,OKB_DT,OKB_DT_CZ,prijate_spravy,prijate_spravy_cz,system,system_cz,Target,Vypisy_DF,DN_queue,MT5XX,sys_sk,sys_cz,ps_arch_sk,ps_arch_cz,ps_del_sk,ps_del_cz,stmt_arch,stmt_del,okb_arch_sk,okb_del_sk,okb_arch_cz,okb_del_cz,brd_arch_sk,brd_del_sk,brd_arch_cz,brd_del_cz for property move.queues from properties.
mar 20, 2015 6:55:20 AM org.pabk.emanager.MoveFileHandler getProperty
INFO: Set default value move for property move.operation
mar 20, 2015 6:55:20 AM org.pabk.emanager.MoveFileHandler getProperty
INFO: Set default value \x09\x09 for property move.stmt.originalSeq
mar 20, 2015 6:55:20 AM org.pabk.emanager.MoveFileHandler getProperty
INFO: Set default value 9,12 for property move.stmt.replacementSeq
mar 20, 2015 6:55:20 AM org.pabk.emanager.MoveFileHandler getProperty
INFO: Set default value p3600x006 for property move.queue.Broadcast.sourceServer
mar 20, 2015 6:55:20 AM org.pabk.emanager.MoveFileHandler getProperty
INFO: Set default value p3600x006 for property move.queue.Broadcast.destinationServer
mar 20, 2015 6:55:20 AM org.pabk.emanager.MoveFileHandler getProperty
INFO: Loaded value C$\AMT\amt_pobn\amt\queues\Broadcast\in for property move.queue.Broadcast.source from properties.
mar 20, 2015 6:55:20 AM org.pabk.emanager.MoveFileHandler getProperty
INFO: Loaded value C$\ARCHIVE\BATCH\Broadcast for property move.queue.Broadcast.destination from properties.
mar 20, 2015 6:55:20 AM org.pabk.emanager.MoveFileHandler getProperty
INFO: Set default value \d{8}\_20[0-9]{2}[01][0-9][0-3][0-9][0-2][0-9][0-5][0-9][0-5][0-9]\.[pt][rx][t] for property move.queue.Broadcast.sourceFileMask
mar 20, 2015 6:55:20 AM org.pabk.emanager.MoveFileHandler getProperty
INFO: Set default value null for property move.queue.Broadcast.renameFile
mar 20, 2015 6:55:20 AM org.pabk.emanager.MoveFileHandler getProperty
INFO: Set default value move for property move.queue.Broadcast.operation
mar 20, 2015 6:55:37 AM org.pabk.emanager.MoveFileHandler getProperty
INFO: Set default value 0 for property move.queue.Broadcast.operationDelay
mar 20, 2015 6:55:40 AM org.pabk.emanager.MoveFileHandler getProperty
INFO: Set default value p3600x006 for property move.queue.Broadcast_cz.sourceServer
mar 20, 2015 6:55:40 AM org.pabk.emanager.MoveFileHandler getProperty
INFO: Set default value p3600x006 for property move.queue.Broadcast_cz.destinationServer
mar 20, 2015 6:55:40 AM org.pabk.emanager.MoveFileHandler getProperty
INFO: Loaded value C$\AMT\amt_pobn\amt\queues\Broadcast_cz\in for property move.queue.Broadcast_cz.source from properties.
mar 20, 2015 6:55:40 AM org.pabk.emanager.MoveFileHandler getProperty
INFO: Loaded value C$\ARCHIVE\BATCH\Broadcast_cz for property move.queue.Broadcast_cz.destination from properties.
mar 20, 2015 6:55:40 AM org.pabk.emanager.MoveFileHandler getProperty
INFO: Set default value \d{8}\_20[0-9]{2}[01][0-9][0-3][0-9][0-2][0-9][0-5][0-9][0-5][0-9]\.[pt][rx][t] for property move.queue.Broadcast_cz.sourceFileMask
mar 20, 2015 6:55:40 AM org.pabk.emanager.MoveFileHandler getProperty
INFO: Set default value null for property move.queue.Broadcast_cz.renameFile
mar 20, 2015 6:55:40 AM org.pabk.emanager.MoveFileHandler getProperty
INFO: Set default value move for property move.queue.Broadcast_cz.operation
mar 20, 2015 6:55:41 AM org.pabk.emanager.MoveFileHandler getProperty
INFO: Set default value 0 for property move.queue.Broadcast_cz.operationDelay
mar 20, 2015 6:55:42 AM org.pabk.emanager.MoveFileHandler getProperty
INFO: Set default value p3600x006 for property move.queue.OKB_DT.sourceServer
mar 20, 2015 6:55:42 AM org.pabk.emanager.MoveFileHandler getProperty
INFO: Set default value p3600x006 for property move.queue.OKB_DT.destinationServer
mar 20, 2015 6:55:42 AM org.pabk.emanager.MoveFileHandler getProperty
INFO: Loaded value C$\AMT\amt_pobn\amt\queues\OKB_DT\in for property move.queue.OKB_DT.source from properties.
mar 20, 2015 6:55:42 AM org.pabk.emanager.MoveFileHandler getProperty
INFO: Loaded value C$\ARCHIVE\BATCH\OKB_DT for property move.queue.OKB_DT.destination from properties.
mar 20, 2015 6:55:42 AM org.pabk.emanager.MoveFileHandler getProperty
INFO: Set default value \d{8}\_20[0-9]{2}[01][0-9][0-3][0-9][0-2][0-9][0-5][0-9][0-5][0-9]\.[pt][rx][t] for property move.queue.OKB_DT.sourceFileMask
mar 20, 2015 6:55:42 AM org.pabk.emanager.MoveFileHandler getProperty
INFO: Set default value null for property move.queue.OKB_DT.renameFile
mar 20, 2015 6:55:42 AM org.pabk.emanager.MoveFileHandler getProperty
INFO: Set default value move for property move.queue.OKB_DT.operation
mar 20, 2015 6:55:44 AM org.pabk.emanager.MoveFileHandler getProperty
INFO: Set default value 0 for property move.queue.OKB_DT.operationDelay
mar 20, 2015 6:55:45 AM org.pabk.emanager.MoveFileHandler getProperty
INFO: Set default value p3600x006 for property move.queue.OKB_DT_CZ.sourceServer
mar 20, 2015 6:55:45 AM org.pabk.emanager.MoveFileHandler getProperty
INFO: Set default value p3600x006 for property move.queue.OKB_DT_CZ.destinationServer
mar 20, 2015 6:55:45 AM org.pabk.emanager.MoveFileHandler getProperty
INFO: Loaded value C$\AMT\amt_pobn\amt\queues\OKB_DT_CZ\in for property move.queue.OKB_DT_CZ.source from properties.
mar 20, 2015 6:55:45 AM org.pabk.emanager.MoveFileHandler getProperty
INFO: Loaded value C$\ARCHIVE\BATCH\OKB_DT_CZ for property move.queue.OKB_DT_CZ.destination from properties.
mar 20, 2015 6:55:45 AM org.pabk.emanager.MoveFileHandler getProperty
INFO: Set default value \d{8}\_20[0-9]{2}[01][0-9][0-3][0-9][0-2][0-9][0-5][0-9][0-5][0-9]\.[pt][rx][t] for property move.queue.OKB_DT_CZ.sourceFileMask
mar 20, 2015 6:55:45 AM org.pabk.emanager.MoveFileHandler getProperty
INFO: Set default value null for property move.queue.OKB_DT_CZ.renameFile
mar 20, 2015 6:55:45 AM org.pabk.emanager.MoveFileHandler getProperty
INFO: Set default value move for property move.queue.OKB_DT_CZ.operation
mar 20, 2015 6:55:45 AM org.pabk.emanager.MoveFileHandler getProperty
INFO: Set default value 0 for property move.queue.OKB_DT_CZ.operationDelay
mar 20, 2015 6:55:45 AM org.pabk.emanager.MoveFileHandler getProperty
INFO: Set default value p3600x006 for property move.queue.prijate_spravy.sourceServer
mar 20, 2015 6:55:45 AM org.pabk.emanager.MoveFileHandler getProperty
INFO: Set default value p3600x006 for property move.queue.prijate_spravy.destinationServer
mar 20, 2015 6:55:45 AM org.pabk.emanager.MoveFileHandler getProperty
INFO: Loaded value C$\AMT\amt_pobn\amt\queues\prijate_spravy\in for property move.queue.prijate_spravy.source from properties.
mar 20, 2015 6:55:45 AM org.pabk.emanager.MoveFileHandler getProperty
INFO: Loaded value C$\ARCHIVE\BATCH\Administration\prijate_spravy for property move.queue.prijate_spravy.destination from properties.
mar 20, 2015 6:55:45 AM org.pabk.emanager.MoveFileHandler getProperty
INFO: Set default value \d{8}\_20[0-9]{2}[01][0-9][0-3][0-9][0-2][0-9][0-5][0-9][0-5][0-9]\.[pt][rx][t] for property move.queue.prijate_spravy.sourceFileMask
mar 20, 2015 6:55:45 AM org.pabk.emanager.MoveFileHandler getProperty
INFO: Set default value null for property move.queue.prijate_spravy.renameFile
mar 20, 2015 6:55:45 AM org.pabk.emanager.MoveFileHandler getProperty
INFO: Set default value move for property move.queue.prijate_spravy.operation
mar 20, 2015 6:55:46 AM org.pabk.emanager.MoveFileHandler getProperty
INFO: Set default value 0 for property move.queue.prijate_spravy.operationDelay
mar 20, 2015 6:55:46 AM org.pabk.emanager.MoveFileHandler getProperty
INFO: Set default value p3600x006 for property move.queue.prijate_spravy_cz.sourceServer
mar 20, 2015 6:55:46 AM org.pabk.emanager.MoveFileHandler getProperty
INFO: Set default value p3600x006 for property move.queue.prijate_spravy_cz.destinationServer
mar 20, 2015 6:55:46 AM org.pabk.emanager.MoveFileHandler getProperty
INFO: Loaded value C$\AMT\amt_pobn\amt\queues\prijate_spravy_cz\in for property move.queue.prijate_spravy_cz.source from properties.
mar 20, 2015 6:55:46 AM org.pabk.emanager.MoveFileHandler getProperty
INFO: Loaded value C$\ARCHIVE\BATCH\Administration\prijate_spravy_cz for property move.queue.prijate_spravy_cz.destination from properties.
mar 20, 2015 6:55:46 AM org.pabk.emanager.MoveFileHandler getProperty
INFO: Set default value \d{8}\_20[0-9]{2}[01][0-9][0-3][0-9][0-2][0-9][0-5][0-9][0-5][0-9]\.[pt][rx][t] for property move.queue.prijate_spravy_cz.sourceFileMask
mar 20, 2015 6:55:46 AM org.pabk.emanager.MoveFileHandler getProperty
INFO: Set default value null for property move.queue.prijate_spravy_cz.renameFile
mar 20, 2015 6:55:46 AM org.pabk.emanager.MoveFileHandler getProperty
INFO: Set default value move for property move.queue.prijate_spravy_cz.operation
mar 20, 2015 6:55:47 AM org.pabk.emanager.MoveFileHandler getProperty
INFO: Set default value 0 for property move.queue.prijate_spravy_cz.operationDelay
mar 20, 2015 6:55:47 AM org.pabk.emanager.MoveFileHandler getProperty
INFO: Set default value p3600x006 for property move.queue.system.sourceServer
mar 20, 2015 6:55:47 AM org.pabk.emanager.MoveFileHandler getProperty
INFO: Set default value p3600x006 for property move.queue.system.destinationServer
mar 20, 2015 6:55:47 AM org.pabk.emanager.MoveFileHandler getProperty
INFO: Loaded value C$\AMT\amt_pobn\amt\queues\system\in for property move.queue.system.source from properties.
mar 20, 2015 6:55:47 AM org.pabk.emanager.MoveFileHandler getProperty
INFO: Loaded value C$\ARCHIVE\BATCH\Administration\system for property move.queue.system.destination from properties.
mar 20, 2015 6:55:47 AM org.pabk.emanager.MoveFileHandler getProperty
INFO: Set default value \d{8}\_20[0-9]{2}[01][0-9][0-3][0-9][0-2][0-9][0-5][0-9][0-5][0-9]\.[pt][rx][t] for property move.queue.system.sourceFileMask
mar 20, 2015 6:55:47 AM org.pabk.emanager.MoveFileHandler getProperty
INFO: Set default value null for property move.queue.system.renameFile
mar 20, 2015 6:55:47 AM org.pabk.emanager.MoveFileHandler getProperty
INFO: Set default value move for property move.queue.system.operation
mar 20, 2015 6:55:47 AM org.pabk.emanager.MoveFileHandler getProperty
INFO: Set default value 0 for property move.queue.system.operationDelay
mar 20, 2015 6:55:48 AM org.pabk.emanager.MoveFileHandler getProperty
INFO: Set default value p3600x006 for property move.queue.system_cz.sourceServer
mar 20, 2015 6:55:48 AM org.pabk.emanager.MoveFileHandler getProperty
INFO: Set default value p3600x006 for property move.queue.system_cz.destinationServer
mar 20, 2015 6:55:48 AM org.pabk.emanager.MoveFileHandler getProperty
INFO: Loaded value C$\AMT\amt_pobn\amt\queues\system_cz\in for property move.queue.system_cz.source from properties.
mar 20, 2015 6:55:48 AM org.pabk.emanager.MoveFileHandler getProperty
INFO: Loaded value C$\ARCHIVE\BATCH\Administration\system_cz for property move.queue.system_cz.destination from properties.
mar 20, 2015 6:55:48 AM org.pabk.emanager.MoveFileHandler getProperty
INFO: Set default value \d{8}\_20[0-9]{2}[01][0-9][0-3][0-9][0-2][0-9][0-5][0-9][0-5][0-9]\.[pt][rx][t] for property move.queue.system_cz.sourceFileMask
mar 20, 2015 6:55:48 AM org.pabk.emanager.MoveFileHandler getProperty
INFO: Set default value null for property move.queue.system_cz.renameFile
mar 20, 2015 6:55:48 AM org.pabk.emanager.MoveFileHandler getProperty
INFO: Set default value move for property move.queue.system_cz.operation
mar 20, 2015 6:55:48 AM org.pabk.emanager.MoveFileHandler getProperty
INFO: Set default value 0 for property move.queue.system_cz.operationDelay
mar 20, 2015 6:55:48 AM org.pabk.emanager.MoveFileHandler getProperty
INFO: Set default value p3600x006 for property move.queue.Target.sourceServer
mar 20, 2015 6:55:48 AM org.pabk.emanager.MoveFileHandler getProperty
INFO: Set default value p3600x006 for property move.queue.Target.destinationServer
mar 20, 2015 6:55:48 AM org.pabk.emanager.MoveFileHandler getProperty
INFO: Loaded value C$\AMT\amt_pobn\amt\queues\Target\in for property move.queue.Target.source from properties.
mar 20, 2015 6:55:48 AM org.pabk.emanager.MoveFileHandler getProperty
INFO: Loaded value C$\ARCHIVE\BATCH\Target for property move.queue.Target.destination from properties.
mar 20, 2015 6:55:48 AM org.pabk.emanager.MoveFileHandler getProperty
INFO: Set default value \d{8}\_20[0-9]{2}[01][0-9][0-3][0-9][0-2][0-9][0-5][0-9][0-5][0-9]\.[pt][rx][t] for property move.queue.Target.sourceFileMask
mar 20, 2015 6:55:48 AM org.pabk.emanager.MoveFileHandler getProperty
INFO: Set default value null for property move.queue.Target.renameFile
mar 20, 2015 6:55:48 AM org.pabk.emanager.MoveFileHandler getProperty
INFO: Set default value move for property move.queue.Target.operation
mar 20, 2015 6:55:52 AM org.pabk.emanager.MoveFileHandler getProperty
INFO: Set default value 0 for property move.queue.Target.operationDelay
mar 20, 2015 6:55:54 AM org.pabk.emanager.MoveFileHandler getProperty
INFO: Set default value p3600x006 for property move.queue.Vypisy_DF.sourceServer
mar 20, 2015 6:55:54 AM org.pabk.emanager.MoveFileHandler getProperty
INFO: Set default value p3600x006 for property move.queue.Vypisy_DF.destinationServer
mar 20, 2015 6:55:54 AM org.pabk.emanager.MoveFileHandler getProperty
INFO: Loaded value C$\AMT\amt_pobn\amt\queues\Vypisy_DF\in for property move.queue.Vypisy_DF.source from properties.
mar 20, 2015 6:55:54 AM org.pabk.emanager.MoveFileHandler getProperty
INFO: Loaded value C$\ARCHIVE\BATCH\Vypisy_DF for property move.queue.Vypisy_DF.destination from properties.
mar 20, 2015 6:55:54 AM org.pabk.emanager.MoveFileHandler getProperty
INFO: Set default value \d{8}\_20[0-9]{2}[01][0-9][0-3][0-9][0-2][0-9][0-5][0-9][0-5][0-9]\.[pt][rx][t] for property move.queue.Vypisy_DF.sourceFileMask
mar 20, 2015 6:55:54 AM org.pabk.emanager.MoveFileHandler getProperty
INFO: Set default value null for property move.queue.Vypisy_DF.renameFile
mar 20, 2015 6:55:54 AM org.pabk.emanager.MoveFileHandler getProperty
INFO: Loaded value convertStmtAndMove for property move.queue.Vypisy_DF.operation from properties.
mar 20, 2015 6:55:56 AM org.pabk.emanager.MoveFileHandler getProperty
INFO: Set default value 0 for property move.queue.Vypisy_DF.operationDelay
mar 20, 2015 6:56:07 AM org.pabk.emanager.MoveFileHandler getProperty
INFO: Set default value p3600x006 for property move.queue.DN_queue.sourceServer
mar 20, 2015 6:56:08 AM org.pabk.emanager.MoveFileHandler getProperty
INFO: Set default value p3600x006 for property move.queue.DN_queue.destinationServer
mar 20, 2015 6:56:08 AM org.pabk.emanager.MoveFileHandler getProperty
SEVERE: Property move.queue.DN_queue.source cannot have null value
mar 20, 2015 6:57:16 AM org.pabk.emanager.MoveFileHandler getProperty
INFO: Loaded value , for property move.separator from properties.
mar 20, 2015 6:57:16 AM org.pabk.emanager.MoveFileHandler getProperty
INFO: Loaded value p3600x006 for property move.sourceServer from properties.
mar 20, 2015 6:57:16 AM org.pabk.emanager.MoveFileHandler getProperty
INFO: Loaded value p3600x006 for property move.destinationServer from properties.
mar 20, 2015 6:57:16 AM org.pabk.emanager.MoveFileHandler getProperty
INFO: Loaded value \d{8}\_20[0-9]{2}[01][0-9][0-3][0-9][0-2][0-9][0-5][0-9][0-5][0-9]\.[pt][rx][t] for property move.sourceFileMask from properties.
mar 20, 2015 6:57:16 AM org.pabk.emanager.MoveFileHandler getProperty
INFO: Loaded value 0,8,23,27 for property move.renameFile from properties.
mar 20, 2015 6:57:16 AM org.pabk.emanager.MoveFileHandler getProperty
INFO: Loaded value Broadcast,Broadcast_cz,OKB_DT,OKB_DT_CZ,prijate_spravy,prijate_spravy_cz,system,system_cz,Target,Vypisy_DF,DN_queue,MT5XX,sys_sk,sys_cz,ps_arch_sk,ps_arch_cz,ps_del_sk,ps_del_cz,stmt_arch,stmt_del,okb_arch_sk,okb_del_sk,okb_arch_cz,okb_del_cz,brd_arch_sk,brd_del_sk,brd_arch_cz,brd_del_cz for property move.queues from properties.
mar 20, 2015 6:57:16 AM org.pabk.emanager.MoveFileHandler getProperty
INFO: Set default value move for property move.operation
mar 20, 2015 6:57:16 AM org.pabk.emanager.MoveFileHandler getProperty
INFO: Set default value \x09\x09 for property move.stmt.originalSeq
mar 20, 2015 6:57:16 AM org.pabk.emanager.MoveFileHandler getProperty
INFO: Set default value 9,12 for property move.stmt.replacementSeq
mar 20, 2015 6:57:16 AM org.pabk.emanager.MoveFileHandler getProperty
INFO: Set default value p3600x006 for property move.queue.Broadcast.sourceServer
mar 20, 2015 6:57:16 AM org.pabk.emanager.MoveFileHandler getProperty
INFO: Set default value p3600x006 for property move.queue.Broadcast.destinationServer
mar 20, 2015 6:57:16 AM org.pabk.emanager.MoveFileHandler getProperty
INFO: Loaded value C$\AMT\amt_pobn\amt\queues\Broadcast\in for property move.queue.Broadcast.source from properties.
mar 20, 2015 6:57:16 AM org.pabk.emanager.MoveFileHandler getProperty
INFO: Loaded value C$\ARCHIVE\BATCH\Broadcast for property move.queue.Broadcast.destination from properties.
mar 20, 2015 6:57:16 AM org.pabk.emanager.MoveFileHandler getProperty
INFO: Set default value \d{8}\_20[0-9]{2}[01][0-9][0-3][0-9][0-2][0-9][0-5][0-9][0-5][0-9]\.[pt][rx][t] for property move.queue.Broadcast.sourceFileMask
mar 20, 2015 6:57:16 AM org.pabk.emanager.MoveFileHandler getProperty
INFO: Set default value null for property move.queue.Broadcast.renameFile
mar 20, 2015 6:57:16 AM org.pabk.emanager.MoveFileHandler getProperty
INFO: Set default value move for property move.queue.Broadcast.operation
mar 20, 2015 6:57:18 AM org.pabk.emanager.MoveFileHandler getProperty
INFO: Set default value 0 for property move.queue.Broadcast.operationDelay
mar 20, 2015 6:57:18 AM org.pabk.emanager.MoveFileHandler getProperty
INFO: Set default value p3600x006 for property move.queue.Broadcast_cz.sourceServer
mar 20, 2015 6:57:18 AM org.pabk.emanager.MoveFileHandler getProperty
INFO: Set default value p3600x006 for property move.queue.Broadcast_cz.destinationServer
mar 20, 2015 6:57:18 AM org.pabk.emanager.MoveFileHandler getProperty
INFO: Loaded value C$\AMT\amt_pobn\amt\queues\Broadcast_cz\in for property move.queue.Broadcast_cz.source from properties.
mar 20, 2015 6:57:18 AM org.pabk.emanager.MoveFileHandler getProperty
INFO: Loaded value C$\ARCHIVE\BATCH\Broadcast_cz for property move.queue.Broadcast_cz.destination from properties.
mar 20, 2015 6:57:18 AM org.pabk.emanager.MoveFileHandler getProperty
INFO: Set default value \d{8}\_20[0-9]{2}[01][0-9][0-3][0-9][0-2][0-9][0-5][0-9][0-5][0-9]\.[pt][rx][t] for property move.queue.Broadcast_cz.sourceFileMask
mar 20, 2015 6:57:18 AM org.pabk.emanager.MoveFileHandler getProperty
INFO: Set default value null for property move.queue.Broadcast_cz.renameFile
mar 20, 2015 6:57:18 AM org.pabk.emanager.MoveFileHandler getProperty
INFO: Set default value move for property move.queue.Broadcast_cz.operation
mar 20, 2015 6:57:18 AM org.pabk.emanager.MoveFileHandler getProperty
INFO: Set default value 0 for property move.queue.Broadcast_cz.operationDelay
mar 20, 2015 6:57:18 AM org.pabk.emanager.MoveFileHandler getProperty
INFO: Set default value p3600x006 for property move.queue.OKB_DT.sourceServer
mar 20, 2015 6:57:18 AM org.pabk.emanager.MoveFileHandler getProperty
INFO: Set default value p3600x006 for property move.queue.OKB_DT.destinationServer
mar 20, 2015 6:57:18 AM org.pabk.emanager.MoveFileHandler getProperty
INFO: Loaded value C$\AMT\amt_pobn\amt\queues\OKB_DT\in for property move.queue.OKB_DT.source from properties.
mar 20, 2015 6:57:18 AM org.pabk.emanager.MoveFileHandler getProperty
INFO: Loaded value C$\ARCHIVE\BATCH\OKB_DT for property move.queue.OKB_DT.destination from properties.
mar 20, 2015 6:57:18 AM org.pabk.emanager.MoveFileHandler getProperty
INFO: Set default value \d{8}\_20[0-9]{2}[01][0-9][0-3][0-9][0-2][0-9][0-5][0-9][0-5][0-9]\.[pt][rx][t] for property move.queue.OKB_DT.sourceFileMask
mar 20, 2015 6:57:18 AM org.pabk.emanager.MoveFileHandler getProperty
INFO: Set default value null for property move.queue.OKB_DT.renameFile
mar 20, 2015 6:57:18 AM org.pabk.emanager.MoveFileHandler getProperty
INFO: Set default value move for property move.queue.OKB_DT.operation
mar 20, 2015 6:57:18 AM org.pabk.emanager.MoveFileHandler getProperty
INFO: Set default value 0 for property move.queue.OKB_DT.operationDelay
mar 20, 2015 6:57:18 AM org.pabk.emanager.MoveFileHandler getProperty
INFO: Set default value p3600x006 for property move.queue.OKB_DT_CZ.sourceServer
mar 20, 2015 6:57:18 AM org.pabk.emanager.MoveFileHandler getProperty
INFO: Set default value p3600x006 for property move.queue.OKB_DT_CZ.destinationServer
mar 20, 2015 6:57:18 AM org.pabk.emanager.MoveFileHandler getProperty
INFO: Loaded value C$\AMT\amt_pobn\amt\queues\OKB_DT_CZ\in for property move.queue.OKB_DT_CZ.source from properties.
mar 20, 2015 6:57:18 AM org.pabk.emanager.MoveFileHandler getProperty
INFO: Loaded value C$\ARCHIVE\BATCH\OKB_DT_CZ for property move.queue.OKB_DT_CZ.destination from properties.
mar 20, 2015 6:57:18 AM org.pabk.emanager.MoveFileHandler getProperty
INFO: Set default value \d{8}\_20[0-9]{2}[01][0-9][0-3][0-9][0-2][0-9][0-5][0-9][0-5][0-9]\.[pt][rx][t] for property move.queue.OKB_DT_CZ.sourceFileMask
mar 20, 2015 6:57:18 AM org.pabk.emanager.MoveFileHandler getProperty
INFO: Set default value null for property move.queue.OKB_DT_CZ.renameFile
mar 20, 2015 6:57:18 AM org.pabk.emanager.MoveFileHandler getProperty
INFO: Set default value move for property move.queue.OKB_DT_CZ.operation
mar 20, 2015 6:57:19 AM org.pabk.emanager.MoveFileHandler getProperty
INFO: Set default value 0 for property move.queue.OKB_DT_CZ.operationDelay
mar 20, 2015 6:57:19 AM org.pabk.emanager.MoveFileHandler getProperty
INFO: Set default value p3600x006 for property move.queue.prijate_spravy.sourceServer
mar 20, 2015 6:57:19 AM org.pabk.emanager.MoveFileHandler getProperty
INFO: Set default value p3600x006 for property move.queue.prijate_spravy.destinationServer
mar 20, 2015 6:57:19 AM org.pabk.emanager.MoveFileHandler getProperty
INFO: Loaded value C$\AMT\amt_pobn\amt\queues\prijate_spravy\in for property move.queue.prijate_spravy.source from properties.
mar 20, 2015 6:57:19 AM org.pabk.emanager.MoveFileHandler getProperty
INFO: Loaded value C$\ARCHIVE\BATCH\Administration\prijate_spravy for property move.queue.prijate_spravy.destination from properties.
mar 20, 2015 6:57:19 AM org.pabk.emanager.MoveFileHandler getProperty
INFO: Set default value \d{8}\_20[0-9]{2}[01][0-9][0-3][0-9][0-2][0-9][0-5][0-9][0-5][0-9]\.[pt][rx][t] for property move.queue.prijate_spravy.sourceFileMask
mar 20, 2015 6:57:19 AM org.pabk.emanager.MoveFileHandler getProperty
INFO: Set default value null for property move.queue.prijate_spravy.renameFile
mar 20, 2015 6:57:19 AM org.pabk.emanager.MoveFileHandler getProperty
INFO: Set default value move for property move.queue.prijate_spravy.operation
mar 20, 2015 6:57:19 AM org.pabk.emanager.MoveFileHandler getProperty
INFO: Set default value 0 for property move.queue.prijate_spravy.operationDelay
mar 20, 2015 6:57:19 AM org.pabk.emanager.MoveFileHandler getProperty
INFO: Set default value p3600x006 for property move.queue.prijate_spravy_cz.sourceServer
mar 20, 2015 6:57:19 AM org.pabk.emanager.MoveFileHandler getProperty
INFO: Set default value p3600x006 for property move.queue.prijate_spravy_cz.destinationServer
mar 20, 2015 6:57:19 AM org.pabk.emanager.MoveFileHandler getProperty
INFO: Loaded value C$\AMT\amt_pobn\amt\queues\prijate_spravy_cz\in for property move.queue.prijate_spravy_cz.source from properties.
mar 20, 2015 6:57:19 AM org.pabk.emanager.MoveFileHandler getProperty
INFO: Loaded value C$\ARCHIVE\BATCH\Administration\prijate_spravy_cz for property move.queue.prijate_spravy_cz.destination from properties.
mar 20, 2015 6:57:19 AM org.pabk.emanager.MoveFileHandler getProperty
INFO: Set default value \d{8}\_20[0-9]{2}[01][0-9][0-3][0-9][0-2][0-9][0-5][0-9][0-5][0-9]\.[pt][rx][t] for property move.queue.prijate_spravy_cz.sourceFileMask
mar 20, 2015 6:57:19 AM org.pabk.emanager.MoveFileHandler getProperty
INFO: Set default value null for property move.queue.prijate_spravy_cz.renameFile
mar 20, 2015 6:57:19 AM org.pabk.emanager.MoveFileHandler getProperty
INFO: Set default value move for property move.queue.prijate_spravy_cz.operation
mar 20, 2015 6:57:20 AM org.pabk.emanager.MoveFileHandler getProperty
INFO: Set default value 0 for property move.queue.prijate_spravy_cz.operationDelay
mar 20, 2015 6:57:20 AM org.pabk.emanager.MoveFileHandler getProperty
INFO: Set default value p3600x006 for property move.queue.system.sourceServer
mar 20, 2015 6:57:20 AM org.pabk.emanager.MoveFileHandler getProperty
INFO: Set default value p3600x006 for property move.queue.system.destinationServer
mar 20, 2015 6:57:20 AM org.pabk.emanager.MoveFileHandler getProperty
INFO: Loaded value C$\AMT\amt_pobn\amt\queues\system\in for property move.queue.system.source from properties.
mar 20, 2015 6:57:20 AM org.pabk.emanager.MoveFileHandler getProperty
INFO: Loaded value C$\ARCHIVE\BATCH\Administration\system for property move.queue.system.destination from properties.
mar 20, 2015 6:57:20 AM org.pabk.emanager.MoveFileHandler getProperty
INFO: Set default value \d{8}\_20[0-9]{2}[01][0-9][0-3][0-9][0-2][0-9][0-5][0-9][0-5][0-9]\.[pt][rx][t] for property move.queue.system.sourceFileMask
mar 20, 2015 6:57:20 AM org.pabk.emanager.MoveFileHandler getProperty
INFO: Set default value null for property move.queue.system.renameFile
mar 20, 2015 6:57:20 AM org.pabk.emanager.MoveFileHandler getProperty
INFO: Set default value move for property move.queue.system.operation
mar 20, 2015 6:57:20 AM org.pabk.emanager.MoveFileHandler getProperty
INFO: Set default value 0 for property move.queue.system.operationDelay
mar 20, 2015 6:57:20 AM org.pabk.emanager.MoveFileHandler getProperty
INFO: Set default value p3600x006 for property move.queue.system_cz.sourceServer
mar 20, 2015 6:57:20 AM org.pabk.emanager.MoveFileHandler getProperty
INFO: Set default value p3600x006 for property move.queue.system_cz.destinationServer
mar 20, 2015 6:57:20 AM org.pabk.emanager.MoveFileHandler getProperty
INFO: Loaded value C$\AMT\amt_pobn\amt\queues\system_cz\in for property move.queue.system_cz.source from properties.
mar 20, 2015 6:57:20 AM org.pabk.emanager.MoveFileHandler getProperty
INFO: Loaded value C$\ARCHIVE\BATCH\Administration\system_cz for property move.queue.system_cz.destination from properties.
mar 20, 2015 6:57:20 AM org.pabk.emanager.MoveFileHandler getProperty
INFO: Set default value \d{8}\_20[0-9]{2}[01][0-9][0-3][0-9][0-2][0-9][0-5][0-9][0-5][0-9]\.[pt][rx][t] for property move.queue.system_cz.sourceFileMask
mar 20, 2015 6:57:20 AM org.pabk.emanager.MoveFileHandler getProperty
INFO: Set default value null for property move.queue.system_cz.renameFile
mar 20, 2015 6:57:20 AM org.pabk.emanager.MoveFileHandler getProperty
INFO: Set default value move for property move.queue.system_cz.operation
mar 20, 2015 6:57:21 AM org.pabk.emanager.MoveFileHandler getProperty
INFO: Set default value 0 for property move.queue.system_cz.operationDelay
mar 20, 2015 6:57:21 AM org.pabk.emanager.MoveFileHandler getProperty
INFO: Set default value p3600x006 for property move.queue.Target.sourceServer
mar 20, 2015 6:57:21 AM org.pabk.emanager.MoveFileHandler getProperty
INFO: Set default value p3600x006 for property move.queue.Target.destinationServer
mar 20, 2015 6:57:21 AM org.pabk.emanager.MoveFileHandler getProperty
INFO: Loaded value C$\AMT\amt_pobn\amt\queues\Target\in for property move.queue.Target.source from properties.
mar 20, 2015 6:57:21 AM org.pabk.emanager.MoveFileHandler getProperty
INFO: Loaded value C$\ARCHIVE\BATCH\Target for property move.queue.Target.destination from properties.
mar 20, 2015 6:57:21 AM org.pabk.emanager.MoveFileHandler getProperty
INFO: Set default value \d{8}\_20[0-9]{2}[01][0-9][0-3][0-9][0-2][0-9][0-5][0-9][0-5][0-9]\.[pt][rx][t] for property move.queue.Target.sourceFileMask
mar 20, 2015 6:57:21 AM org.pabk.emanager.MoveFileHandler getProperty
INFO: Set default value null for property move.queue.Target.renameFile
mar 20, 2015 6:57:21 AM org.pabk.emanager.MoveFileHandler getProperty
INFO: Set default value move for property move.queue.Target.operation
mar 20, 2015 6:57:21 AM org.pabk.emanager.MoveFileHandler getProperty
INFO: Set default value 0 for property move.queue.Target.operationDelay
mar 20, 2015 6:57:21 AM org.pabk.emanager.MoveFileHandler getProperty
INFO: Set default value p3600x006 for property move.queue.Vypisy_DF.sourceServer
mar 20, 2015 6:57:21 AM org.pabk.emanager.MoveFileHandler getProperty
INFO: Set default value p3600x006 for property move.queue.Vypisy_DF.destinationServer
mar 20, 2015 6:57:21 AM org.pabk.emanager.MoveFileHandler getProperty
INFO: Loaded value C$\AMT\amt_pobn\amt\queues\Vypisy_DF\in for property move.queue.Vypisy_DF.source from properties.
mar 20, 2015 6:57:21 AM org.pabk.emanager.MoveFileHandler getProperty
INFO: Loaded value C$\ARCHIVE\BATCH\Vypisy_DF for property move.queue.Vypisy_DF.destination from properties.
mar 20, 2015 6:57:21 AM org.pabk.emanager.MoveFileHandler getProperty
INFO: Set default value \d{8}\_20[0-9]{2}[01][0-9][0-3][0-9][0-2][0-9][0-5][0-9][0-5][0-9]\.[pt][rx][t] for property move.queue.Vypisy_DF.sourceFileMask
mar 20, 2015 6:57:21 AM org.pabk.emanager.MoveFileHandler getProperty
INFO: Set default value null for property move.queue.Vypisy_DF.renameFile
mar 20, 2015 6:57:21 AM org.pabk.emanager.MoveFileHandler getProperty
INFO: Loaded value convertStmtAndMove for property move.queue.Vypisy_DF.operation from properties.
mar 20, 2015 6:57:22 AM org.pabk.emanager.MoveFileHandler getProperty
INFO: Set default value 0 for property move.queue.Vypisy_DF.operationDelay
mar 20, 2015 6:57:22 AM org.pabk.emanager.MoveFileHandler getProperty
INFO: Set default value p3600x006 for property move.queue.DN_queue.sourceServer
mar 20, 2015 6:57:22 AM org.pabk.emanager.MoveFileHandler getProperty
INFO: Set default value p3600x006 for property move.queue.DN_queue.destinationServer
mar 20, 2015 6:57:22 AM org.pabk.emanager.MoveFileHandler getProperty
SEVERE: Property move.queue.DN_queue.source cannot have null value
