feb 27, 2015 12:59:32 PM org.pabk.emanager.HandlerImpl init
INFO: movefilehandler: logger movefilehandler is successfully initailized!
feb 27, 2015 12:59:32 PM org.pabk.emanager.HandlerImpl run
INFO: Module org.pabk.emanager.MoveFileHandler is started!
feb 27, 2015 12:59:35 PM org.pabk.emanager.MoveFileHandler getProperty
INFO: Loaded value , for property move.separator from properties.
feb 27, 2015 12:59:35 PM org.pabk.emanager.MoveFileHandler getProperty
INFO: Loaded value 192.168.210.20 for property move.sourceServer from properties.
feb 27, 2015 12:59:35 PM org.pabk.emanager.MoveFileHandler getProperty
INFO: Loaded value 192.168.210.20 for property move.destinationServer from properties.
feb 27, 2015 12:59:36 PM org.pabk.emanager.MoveFileHandler getProperty
INFO: Loaded value \\d{8}\_20[0-9]{2}[01][0-9][0-3][0-9][0-2][0-9][0-5][0-9][0-5][0-9]\.[pt][rx][t] for property move.sourceFileMask from properties.
feb 27, 2015 12:59:36 PM org.pabk.emanager.MoveFileHandler getProperty
INFO: Loaded value 0,8,23,27 for property move.renameFile from properties.
feb 27, 2015 12:59:36 PM org.pabk.emanager.MoveFileHandler getProperty
INFO: Loaded value Broadcast,Broadcast_cz,OKB_DT,OKB_DT_CZ,prijate_spravy,prijate_spravy_cz,system,system_cz,Target,Vypisy_DF for property move.queues from properties.
feb 27, 2015 12:59:36 PM org.pabk.emanager.MoveFileHandler getProperty
INFO: Set default value 192.168.210.20 for property move.queue.Broadcast.sourceServer
feb 27, 2015 12:59:36 PM org.pabk.emanager.MoveFileHandler getProperty
INFO: Set default value 192.168.210.20 for property move.queue.Broadcast.destinationServer
feb 27, 2015 12:59:36 PM org.pabk.emanager.MoveFileHandler getProperty
INFO: Loaded value C$\AMT\amt_pobn\amt\queues\Broadcast\in for property move.queue.Broadcast.source from properties.
feb 27, 2015 12:59:36 PM org.pabk.emanager.MoveFileHandler getProperty
INFO: Loaded value C$\ARCHIVE\BATCH\Broadcast for property move.queue.Broadcast.destination from properties.
feb 27, 2015 12:59:37 PM org.pabk.emanager.MoveFileHandler getProperty
INFO: Set default value \\d{8}\_20[0-9]{2}[01][0-9][0-3][0-9][0-2][0-9][0-5][0-9][0-5][0-9]\.[pt][rx][t] for property move.queue.Broadcast.sourceFileMask
feb 27, 2015 12:59:38 PM org.pabk.emanager.MoveFileHandler getProperty
INFO: Set default value null for property move.queue.Broadcast.renameFile
feb 27, 2015 1:00:11 PM org.pabk.emanager.MoveFileHandler getProperty
INFO: Set default value 192.168.210.20 for property move.queue.Broadcast_cz.sourceServer
feb 27, 2015 1:00:11 PM org.pabk.emanager.MoveFileHandler getProperty
INFO: Set default value 192.168.210.20 for property move.queue.Broadcast_cz.destinationServer
feb 27, 2015 1:00:11 PM org.pabk.emanager.MoveFileHandler getProperty
INFO: Loaded value C$\AMT\amt_pobn\amt\queues\Broadcast_cz\in for property move.queue.Broadcast_cz.source from properties.
feb 27, 2015 1:00:11 PM org.pabk.emanager.MoveFileHandler getProperty
INFO: Loaded value C$\ARCHIVE\BATCH\Broadcast_cz for property move.queue.Broadcast_cz.destination from properties.
feb 27, 2015 1:00:11 PM org.pabk.emanager.MoveFileHandler getProperty
INFO: Set default value \\d{8}\_20[0-9]{2}[01][0-9][0-3][0-9][0-2][0-9][0-5][0-9][0-5][0-9]\.[pt][rx][t] for property move.queue.Broadcast_cz.sourceFileMask
feb 27, 2015 1:00:11 PM org.pabk.emanager.MoveFileHandler getProperty
INFO: Set default value null for property move.queue.Broadcast_cz.renameFile
feb 27, 2015 1:00:11 PM org.pabk.emanager.MoveFileHandler getProperty
INFO: Set default value 192.168.210.20 for property move.queue.OKB_DT.sourceServer
feb 27, 2015 1:00:11 PM org.pabk.emanager.MoveFileHandler getProperty
INFO: Set default value 192.168.210.20 for property move.queue.OKB_DT.destinationServer
feb 27, 2015 1:00:11 PM org.pabk.emanager.MoveFileHandler getProperty
INFO: Loaded value C$\AMT\amt_pobn\amt\queues\OKB_DT\in for property move.queue.OKB_DT.source from properties.
feb 27, 2015 1:00:11 PM org.pabk.emanager.MoveFileHandler getProperty
INFO: Loaded value C$\ARCHIVE\BATCH\OKB_DT for property move.queue.OKB_DT.destination from properties.
feb 27, 2015 1:00:11 PM org.pabk.emanager.MoveFileHandler getProperty
INFO: Set default value \\d{8}\_20[0-9]{2}[01][0-9][0-3][0-9][0-2][0-9][0-5][0-9][0-5][0-9]\.[pt][rx][t] for property move.queue.OKB_DT.sourceFileMask
feb 27, 2015 1:00:11 PM org.pabk.emanager.MoveFileHandler getProperty
INFO: Set default value null for property move.queue.OKB_DT.renameFile
feb 27, 2015 1:00:11 PM org.pabk.emanager.MoveFileHandler getProperty
INFO: Set default value 192.168.210.20 for property move.queue.OKB_DT_CZ.sourceServer
feb 27, 2015 1:00:11 PM org.pabk.emanager.MoveFileHandler getProperty
INFO: Set default value 192.168.210.20 for property move.queue.OKB_DT_CZ.destinationServer
feb 27, 2015 1:00:11 PM org.pabk.emanager.MoveFileHandler getProperty
INFO: Loaded value C$\AMT\amt_pobn\amt\queues\OKB_DT_CZ\in for property move.queue.OKB_DT_CZ.source from properties.
feb 27, 2015 1:00:11 PM org.pabk.emanager.MoveFileHandler getProperty
INFO: Loaded value C$\ARCHIVE\BATCH\OKB_DT_CZ for property move.queue.OKB_DT_CZ.destination from properties.
feb 27, 2015 1:00:11 PM org.pabk.emanager.MoveFileHandler getProperty
INFO: Set default value \\d{8}\_20[0-9]{2}[01][0-9][0-3][0-9][0-2][0-9][0-5][0-9][0-5][0-9]\.[pt][rx][t] for property move.queue.OKB_DT_CZ.sourceFileMask
feb 27, 2015 1:00:11 PM org.pabk.emanager.MoveFileHandler getProperty
INFO: Set default value null for property move.queue.OKB_DT_CZ.renameFile
feb 27, 2015 1:00:11 PM org.pabk.emanager.MoveFileHandler getProperty
INFO: Set default value 192.168.210.20 for property move.queue.prijate_spravy.sourceServer
feb 27, 2015 1:00:11 PM org.pabk.emanager.MoveFileHandler getProperty
INFO: Set default value 192.168.210.20 for property move.queue.prijate_spravy.destinationServer
feb 27, 2015 1:00:11 PM org.pabk.emanager.MoveFileHandler getProperty
INFO: Loaded value C$\AMT\amt_pobn\amt\queues\prijate_spravy\in for property move.queue.prijate_spravy.source from properties.
feb 27, 2015 1:00:11 PM org.pabk.emanager.MoveFileHandler getProperty
INFO: Loaded value C$\ARCHIVE\BATCH\prijate_spravy for property move.queue.prijate_spravy.destination from properties.
feb 27, 2015 1:00:11 PM org.pabk.emanager.MoveFileHandler getProperty
INFO: Set default value \\d{8}\_20[0-9]{2}[01][0-9][0-3][0-9][0-2][0-9][0-5][0-9][0-5][0-9]\.[pt][rx][t] for property move.queue.prijate_spravy.sourceFileMask
feb 27, 2015 1:00:11 PM org.pabk.emanager.MoveFileHandler getProperty
INFO: Set default value null for property move.queue.prijate_spravy.renameFile
feb 27, 2015 1:00:11 PM org.pabk.emanager.MoveFileHandler getProperty
INFO: Set default value 192.168.210.20 for property move.queue.prijate_spravy_cz.sourceServer
feb 27, 2015 1:00:11 PM org.pabk.emanager.MoveFileHandler getProperty
INFO: Set default value 192.168.210.20 for property move.queue.prijate_spravy_cz.destinationServer
feb 27, 2015 1:00:11 PM org.pabk.emanager.MoveFileHandler getProperty
INFO: Loaded value C$\AMT\amt_pobn\amt\queues\prijate_spravy_cz\in for property move.queue.prijate_spravy_cz.source from properties.
feb 27, 2015 1:00:11 PM org.pabk.emanager.MoveFileHandler getProperty
INFO: Loaded value C$\ARCHIVE\BATCH\prijate_spravy_cz for property move.queue.prijate_spravy_cz.destination from properties.
feb 27, 2015 1:00:11 PM org.pabk.emanager.MoveFileHandler getProperty
INFO: Set default value \\d{8}\_20[0-9]{2}[01][0-9][0-3][0-9][0-2][0-9][0-5][0-9][0-5][0-9]\.[pt][rx][t] for property move.queue.prijate_spravy_cz.sourceFileMask
feb 27, 2015 1:00:11 PM org.pabk.emanager.MoveFileHandler getProperty
INFO: Set default value null for property move.queue.prijate_spravy_cz.renameFile
feb 27, 2015 1:00:11 PM org.pabk.emanager.MoveFileHandler getProperty
INFO: Set default value 192.168.210.20 for property move.queue.system.sourceServer
feb 27, 2015 1:00:11 PM org.pabk.emanager.MoveFileHandler getProperty
INFO: Set default value 192.168.210.20 for property move.queue.system.destinationServer
feb 27, 2015 1:00:11 PM org.pabk.emanager.MoveFileHandler getProperty
INFO: Loaded value C$\AMT\amt_pobn\amt\queues\system\in for property move.queue.system.source from properties.
feb 27, 2015 1:00:11 PM org.pabk.emanager.MoveFileHandler getProperty
INFO: Loaded value C$\ARCHIVE\BATCH\system for property move.queue.system.destination from properties.
feb 27, 2015 1:00:11 PM org.pabk.emanager.MoveFileHandler getProperty
INFO: Set default value \\d{8}\_20[0-9]{2}[01][0-9][0-3][0-9][0-2][0-9][0-5][0-9][0-5][0-9]\.[pt][rx][t] for property move.queue.system.sourceFileMask
feb 27, 2015 1:00:11 PM org.pabk.emanager.MoveFileHandler getProperty
INFO: Set default value null for property move.queue.system.renameFile
feb 27, 2015 1:00:11 PM org.pabk.emanager.MoveFileHandler getProperty
INFO: Set default value 192.168.210.20 for property move.queue.system_cz.sourceServer
feb 27, 2015 1:00:11 PM org.pabk.emanager.MoveFileHandler getProperty
INFO: Set default value 192.168.210.20 for property move.queue.system_cz.destinationServer
feb 27, 2015 1:00:11 PM org.pabk.emanager.MoveFileHandler getProperty
INFO: Loaded value C$\AMT\amt_pobn\amt\queues\system_cz\in for property move.queue.system_cz.source from properties.
feb 27, 2015 1:00:11 PM org.pabk.emanager.MoveFileHandler getProperty
INFO: Loaded value C$\ARCHIVE\BATCH\system_cz for property move.queue.system_cz.destination from properties.
feb 27, 2015 1:00:11 PM org.pabk.emanager.MoveFileHandler getProperty
INFO: Set default value \\d{8}\_20[0-9]{2}[01][0-9][0-3][0-9][0-2][0-9][0-5][0-9][0-5][0-9]\.[pt][rx][t] for property move.queue.system_cz.sourceFileMask
feb 27, 2015 1:00:11 PM org.pabk.emanager.MoveFileHandler getProperty
INFO: Set default value null for property move.queue.system_cz.renameFile
feb 27, 2015 1:00:11 PM org.pabk.emanager.MoveFileHandler getProperty
INFO: Set default value 192.168.210.20 for property move.queue.Target.sourceServer
feb 27, 2015 1:00:11 PM org.pabk.emanager.MoveFileHandler getProperty
INFO: Set default value 192.168.210.20 for property move.queue.Target.destinationServer
feb 27, 2015 1:00:11 PM org.pabk.emanager.MoveFileHandler getProperty
INFO: Loaded value C$\AMT\amt_pobn\amt\queues\Target\in for property move.queue.Target.source from properties.
feb 27, 2015 1:00:11 PM org.pabk.emanager.MoveFileHandler getProperty
INFO: Loaded value C$\ARCHIVE\BATCH\Target for property move.queue.Target.destination from properties.
feb 27, 2015 1:00:11 PM org.pabk.emanager.MoveFileHandler getProperty
INFO: Set default value \\d{8}\_20[0-9]{2}[01][0-9][0-3][0-9][0-2][0-9][0-5][0-9][0-5][0-9]\.[pt][rx][t] for property move.queue.Target.sourceFileMask
feb 27, 2015 1:00:11 PM org.pabk.emanager.MoveFileHandler getProperty
INFO: Set default value null for property move.queue.Target.renameFile
feb 27, 2015 1:00:11 PM org.pabk.emanager.MoveFileHandler getProperty
INFO: Set default value 192.168.210.20 for property move.queue.Vypisy_DF.sourceServer
feb 27, 2015 1:00:11 PM org.pabk.emanager.MoveFileHandler getProperty
INFO: Set default value 192.168.210.20 for property move.queue.Vypisy_DF.destinationServer
feb 27, 2015 1:00:11 PM org.pabk.emanager.MoveFileHandler getProperty
INFO: Loaded value C$\AMT\amt_pobn\amt\queues\Vypisy_DF\in for property move.queue.Vypisy_DF.source from properties.
feb 27, 2015 1:00:11 PM org.pabk.emanager.MoveFileHandler getProperty
INFO: Loaded value C$\ARCHIVE\BATCH\Vypisy_DF for property move.queue.Vypisy_DF.destination from properties.
feb 27, 2015 1:00:11 PM org.pabk.emanager.MoveFileHandler getProperty
INFO: Set default value \\d{8}\_20[0-9]{2}[01][0-9][0-3][0-9][0-2][0-9][0-5][0-9][0-5][0-9]\.[pt][rx][t] for property move.queue.Vypisy_DF.sourceFileMask
feb 27, 2015 1:00:11 PM org.pabk.emanager.MoveFileHandler getProperty
INFO: Set default value null for property move.queue.Vypisy_DF.renameFile
feb 27, 2015 1:00:13 PM org.pabk.emanager.MoveFileHandler getProperty
INFO: Set default value 11 for property move.poolInterval
feb 27, 2015 1:00:21 PM org.pabk.emanager.MoveFileHandler businessLogic
INFO: MoveFileHandler is working
feb 27, 2015 1:00:21 PM org.pabk.emanager.MoveFileHandler execute
INFO: Start moving files on queue Broadcast
feb 27, 2015 1:00:47 PM org.pabk.emanager.MoveFileHandler execute
WARNING: Moving files on queue Broadcast ends with following error: Source directory \\192.168.210.20\C$\AMT\amt_pobn\amt\queues\Broadcast\in does not exist on queue Broadcast
feb 27, 2015 1:00:47 PM org.pabk.emanager.MoveFileHandler execute
INFO: Start moving files on queue Broadcast_cz
feb 27, 2015 1:00:47 PM org.pabk.emanager.MoveFileHandler execute
WARNING: Moving files on queue Broadcast_cz ends with following error: Source directory \\192.168.210.20\C$\AMT\amt_pobn\amt\queues\Broadcast_cz\in does not exist on queue Broadcast_cz
feb 27, 2015 1:00:47 PM org.pabk.emanager.MoveFileHandler execute
INFO: Start moving files on queue OKB_DT
feb 27, 2015 1:00:47 PM org.pabk.emanager.MoveFileHandler execute
WARNING: Moving files on queue OKB_DT ends with following error: Source directory \\192.168.210.20\C$\AMT\amt_pobn\amt\queues\OKB_DT\in does not exist on queue OKB_DT
feb 27, 2015 1:00:47 PM org.pabk.emanager.MoveFileHandler execute
INFO: Start moving files on queue OKB_DT_CZ
feb 27, 2015 1:00:47 PM org.pabk.emanager.MoveFileHandler execute
WARNING: Moving files on queue OKB_DT_CZ ends with following error: Source directory \\192.168.210.20\C$\AMT\amt_pobn\amt\queues\OKB_DT_CZ\in does not exist on queue OKB_DT_CZ
feb 27, 2015 1:00:47 PM org.pabk.emanager.MoveFileHandler execute
INFO: Start moving files on queue prijate_spravy
feb 27, 2015 1:00:47 PM org.pabk.emanager.MoveFileHandler execute
WARNING: Moving files on queue prijate_spravy ends with following error: Source directory \\192.168.210.20\C$\AMT\amt_pobn\amt\queues\prijate_spravy\in does not exist on queue prijate_spravy
feb 27, 2015 1:00:47 PM org.pabk.emanager.MoveFileHandler execute
INFO: Start moving files on queue prijate_spravy_cz
feb 27, 2015 1:00:47 PM org.pabk.emanager.MoveFileHandler execute
WARNING: Moving files on queue prijate_spravy_cz ends with following error: Source directory \\192.168.210.20\C$\AMT\amt_pobn\amt\queues\prijate_spravy_cz\in does not exist on queue prijate_spravy_cz
feb 27, 2015 1:00:47 PM org.pabk.emanager.MoveFileHandler execute
INFO: Start moving files on queue system
feb 27, 2015 1:00:47 PM org.pabk.emanager.MoveFileHandler execute
WARNING: Moving files on queue system ends with following error: Source directory \\192.168.210.20\C$\AMT\amt_pobn\amt\queues\system\in does not exist on queue system
feb 27, 2015 1:00:47 PM org.pabk.emanager.MoveFileHandler execute
INFO: Start moving files on queue system_cz
feb 27, 2015 1:00:47 PM org.pabk.emanager.MoveFileHandler execute
WARNING: Moving files on queue system_cz ends with following error: Source directory \\192.168.210.20\C$\AMT\amt_pobn\amt\queues\system_cz\in does not exist on queue system_cz
feb 27, 2015 1:00:47 PM org.pabk.emanager.MoveFileHandler execute
INFO: Start moving files on queue Target
feb 27, 2015 1:00:47 PM org.pabk.emanager.MoveFileHandler execute
WARNING: Moving files on queue Target ends with following error: Source directory \\192.168.210.20\C$\AMT\amt_pobn\amt\queues\Target\in does not exist on queue Target
feb 27, 2015 1:00:47 PM org.pabk.emanager.MoveFileHandler execute
INFO: Start moving files on queue Vypisy_DF
feb 27, 2015 1:00:47 PM org.pabk.emanager.MoveFileHandler execute
WARNING: Moving files on queue Vypisy_DF ends with following error: Source directory \\192.168.210.20\C$\AMT\amt_pobn\amt\queues\Vypisy_DF\in does not exist on queue Vypisy_DF
feb 27, 2015 1:00:47 PM org.pabk.emanager.MoveFileHandler businessLogic
INFO: MoveFileHandler is SLEEPING
