sep 26, 2013 1:11:05 PM org.pabk.emanager.HandlerImpl init
INFO: mailhandler: logger mailhandler is successfully initailized!
sep 26, 2013 1:11:05 PM org.pabk.emanager.HandlerImpl run
INFO: Module org.pabk.emanager.MailHandler is started!
sep 26, 2013 1:11:05 PM org.pabk.emanager.MailHandler businessLogic
INFO: Used Default SNMP server: ses02ba
sep 26, 2013 1:11:05 PM org.pabk.emanager.MailHandler businessLogic
INFO: Used Default SNMP server port: 25
sep 26, 2013 1:11:05 PM org.pabk.emanager.MailHandler businessLogic
INFO: Used default sender name SWIFTServer@pabk.sk
sep 26, 2013 1:11:05 PM org.pabk.emanager.MailHandler businessLogic
INFO: MailHandler is working
sep 26, 2013 1:11:05 PM org.pabk.emanager.MailHandler businessLogic
INFO: Found 0 message/es for sending
sep 26, 2013 1:11:05 PM org.pabk.emanager.MailHandler businessLogic
INFO: MailHandler is SLEEPING
sep 26, 2013 1:11:15 PM org.pabk.emanager.MailHandler businessLogic
INFO: MailHandler is working
sep 26, 2013 1:11:15 PM org.pabk.emanager.MailHandler businessLogic
INFO: Found 52 message/es for sending
sep 26, 2013 1:11:39 PM org.pabk.emanager.MailHandler businessLogic
INFO: MailHandler is SLEEPING
sep 26, 2013 1:11:49 PM org.pabk.emanager.MailHandler businessLogic
INFO: MailHandler is working
sep 26, 2013 1:11:49 PM org.pabk.emanager.MailHandler businessLogic
INFO: Found 12 message/es for sending
sep 26, 2013 1:11:56 PM org.pabk.emanager.MailHandler businessLogic
INFO: MailHandler is SLEEPING
sep 26, 2013 1:12:06 PM org.pabk.emanager.MailHandler businessLogic
INFO: MailHandler is working
sep 26, 2013 1:12:06 PM org.pabk.emanager.MailHandler businessLogic
INFO: Found 0 message/es for sending
sep 26, 2013 1:12:06 PM org.pabk.emanager.MailHandler businessLogic
INFO: MailHandler is SLEEPING
sep 26, 2013 1:12:16 PM org.pabk.emanager.MailHandler businessLogic
INFO: MailHandler is working
sep 26, 2013 1:12:16 PM org.pabk.emanager.MailHandler businessLogic
INFO: Found 0 message/es for sending
sep 26, 2013 1:12:16 PM org.pabk.emanager.MailHandler businessLogic
INFO: MailHandler is SLEEPING
sep 26, 2013 1:12:26 PM org.pabk.emanager.MailHandler businessLogic
INFO: MailHandler is working
sep 26, 2013 1:12:26 PM org.pabk.emanager.MailHandler businessLogic
INFO: Found 0 message/es for sending
sep 26, 2013 1:12:26 PM org.pabk.emanager.MailHandler businessLogic
INFO: MailHandler is SLEEPING
sep 26, 2013 1:12:36 PM org.pabk.emanager.MailHandler businessLogic
INFO: MailHandler is working
sep 26, 2013 1:12:36 PM org.pabk.emanager.MailHandler businessLogic
INFO: Found 0 message/es for sending
sep 26, 2013 1:12:36 PM org.pabk.emanager.MailHandler businessLogic
INFO: MailHandler is SLEEPING
sep 26, 2013 1:12:46 PM org.pabk.emanager.MailHandler businessLogic
INFO: MailHandler is working
sep 26, 2013 1:12:46 PM org.pabk.emanager.MailHandler businessLogic
INFO: Found 0 message/es for sending
sep 26, 2013 1:12:46 PM org.pabk.emanager.MailHandler businessLogic
INFO: MailHandler is SLEEPING
sep 26, 2013 1:12:56 PM org.pabk.emanager.MailHandler businessLogic
INFO: MailHandler is working
sep 26, 2013 1:12:56 PM org.pabk.emanager.MailHandler businessLogic
INFO: Found 0 message/es for sending
sep 26, 2013 1:12:56 PM org.pabk.emanager.MailHandler businessLogic
INFO: MailHandler is SLEEPING
sep 26, 2013 1:13:06 PM org.pabk.emanager.MailHandler businessLogic
INFO: MailHandler is working
sep 26, 2013 1:13:06 PM org.pabk.emanager.MailHandler businessLogic
INFO: Found 0 message/es for sending
sep 26, 2013 1:13:06 PM org.pabk.emanager.MailHandler businessLogic
INFO: MailHandler is SLEEPING
sep 26, 2013 1:13:16 PM org.pabk.emanager.MailHandler businessLogic
INFO: MailHandler is working
sep 26, 2013 1:13:16 PM org.pabk.emanager.MailHandler businessLogic
INFO: Found 0 message/es for sending
sep 26, 2013 1:13:16 PM org.pabk.emanager.MailHandler businessLogic
INFO: MailHandler is SLEEPING
sep 26, 2013 1:13:26 PM org.pabk.emanager.MailHandler businessLogic
INFO: MailHandler is working
sep 26, 2013 1:13:26 PM org.pabk.emanager.MailHandler businessLogic
INFO: Found 0 message/es for sending
sep 26, 2013 1:13:26 PM org.pabk.emanager.MailHandler businessLogic
INFO: MailHandler is SLEEPING
sep 26, 2013 1:13:36 PM org.pabk.emanager.MailHandler businessLogic
INFO: MailHandler is working
sep 26, 2013 1:13:36 PM org.pabk.emanager.MailHandler businessLogic
INFO: Found 0 message/es for sending
sep 26, 2013 1:13:36 PM org.pabk.emanager.MailHandler businessLogic
INFO: MailHandler is SLEEPING
sep 26, 2013 1:13:46 PM org.pabk.emanager.MailHandler businessLogic
INFO: MailHandler is working
sep 26, 2013 1:13:46 PM org.pabk.emanager.MailHandler businessLogic
INFO: Found 0 message/es for sending
sep 26, 2013 1:13:46 PM org.pabk.emanager.MailHandler businessLogic
INFO: MailHandler is SLEEPING
sep 26, 2013 1:13:56 PM org.pabk.emanager.MailHandler businessLogic
INFO: MailHandler is working
sep 26, 2013 1:13:56 PM org.pabk.emanager.MailHandler businessLogic
INFO: Found 0 message/es for sending
sep 26, 2013 1:13:56 PM org.pabk.emanager.MailHandler businessLogic
INFO: MailHandler is SLEEPING
sep 26, 2013 1:14:06 PM org.pabk.emanager.MailHandler businessLogic
INFO: MailHandler is working
sep 26, 2013 1:14:06 PM org.pabk.emanager.MailHandler businessLogic
INFO: Found 0 message/es for sending
sep 26, 2013 1:14:06 PM org.pabk.emanager.MailHandler businessLogic
INFO: MailHandler is SLEEPING
sep 26, 2013 1:14:16 PM org.pabk.emanager.MailHandler businessLogic
INFO: MailHandler is working
sep 26, 2013 1:14:16 PM org.pabk.emanager.MailHandler businessLogic
INFO: Found 0 message/es for sending
sep 26, 2013 1:14:16 PM org.pabk.emanager.MailHandler businessLogic
INFO: MailHandler is SLEEPING
sep 26, 2013 1:14:26 PM org.pabk.emanager.MailHandler businessLogic
INFO: MailHandler is working
sep 26, 2013 1:14:26 PM org.pabk.emanager.MailHandler businessLogic
INFO: Found 0 message/es for sending
sep 26, 2013 1:14:26 PM org.pabk.emanager.MailHandler businessLogic
INFO: MailHandler is SLEEPING
sep 26, 2013 1:14:36 PM org.pabk.emanager.MailHandler businessLogic
INFO: MailHandler is working
sep 26, 2013 1:14:36 PM org.pabk.emanager.MailHandler businessLogic
INFO: Found 0 message/es for sending
sep 26, 2013 1:14:36 PM org.pabk.emanager.MailHandler businessLogic
INFO: MailHandler is SLEEPING
sep 26, 2013 1:14:46 PM org.pabk.emanager.MailHandler businessLogic
INFO: MailHandler is working
sep 26, 2013 1:14:46 PM org.pabk.emanager.MailHandler businessLogic
INFO: Found 0 message/es for sending
sep 26, 2013 1:14:46 PM org.pabk.emanager.MailHandler businessLogic
INFO: MailHandler is SLEEPING
sep 26, 2013 1:14:56 PM org.pabk.emanager.MailHandler businessLogic
INFO: MailHandler is working
sep 26, 2013 1:14:56 PM org.pabk.emanager.MailHandler businessLogic
INFO: Found 0 message/es for sending
sep 26, 2013 1:14:56 PM org.pabk.emanager.MailHandler businessLogic
INFO: MailHandler is SLEEPING
sep 26, 2013 1:15:06 PM org.pabk.emanager.MailHandler businessLogic
INFO: MailHandler is working
sep 26, 2013 1:15:06 PM org.pabk.emanager.MailHandler businessLogic
INFO: Found 0 message/es for sending
sep 26, 2013 1:15:06 PM org.pabk.emanager.MailHandler businessLogic
INFO: MailHandler is SLEEPING
sep 26, 2013 1:15:16 PM org.pabk.emanager.MailHandler businessLogic
INFO: MailHandler is working
sep 26, 2013 1:15:16 PM org.pabk.emanager.MailHandler businessLogic
INFO: Found 0 message/es for sending
sep 26, 2013 1:15:16 PM org.pabk.emanager.MailHandler businessLogic
INFO: MailHandler is SLEEPING
sep 26, 2013 1:15:26 PM org.pabk.emanager.MailHandler businessLogic
INFO: MailHandler is working
sep 26, 2013 1:15:26 PM org.pabk.emanager.MailHandler businessLogic
INFO: Found 0 message/es for sending
sep 26, 2013 1:15:26 PM org.pabk.emanager.MailHandler businessLogic
INFO: MailHandler is SLEEPING
sep 26, 2013 1:15:36 PM org.pabk.emanager.MailHandler businessLogic
INFO: MailHandler is working
sep 26, 2013 1:15:36 PM org.pabk.emanager.MailHandler businessLogic
INFO: Found 0 message/es for sending
sep 26, 2013 1:15:36 PM org.pabk.emanager.MailHandler businessLogic
INFO: MailHandler is SLEEPING
sep 26, 2013 1:15:46 PM org.pabk.emanager.MailHandler businessLogic
INFO: MailHandler is working
sep 26, 2013 1:15:46 PM org.pabk.emanager.MailHandler businessLogic
INFO: Found 0 message/es for sending
sep 26, 2013 1:15:46 PM org.pabk.emanager.MailHandler businessLogic
INFO: MailHandler is SLEEPING
sep 26, 2013 1:15:56 PM org.pabk.emanager.MailHandler businessLogic
INFO: MailHandler is working
sep 26, 2013 1:15:56 PM org.pabk.emanager.MailHandler businessLogic
INFO: Found 0 message/es for sending
sep 26, 2013 1:15:56 PM org.pabk.emanager.MailHandler businessLogic
INFO: MailHandler is SLEEPING
sep 26, 2013 1:16:06 PM org.pabk.emanager.MailHandler businessLogic
INFO: MailHandler is working
sep 26, 2013 1:16:06 PM org.pabk.emanager.MailHandler businessLogic
INFO: Found 0 message/es for sending
sep 26, 2013 1:16:06 PM org.pabk.emanager.MailHandler businessLogic
INFO: MailHandler is SLEEPING
sep 26, 2013 1:16:16 PM org.pabk.emanager.MailHandler businessLogic
INFO: MailHandler is working
sep 26, 2013 1:16:16 PM org.pabk.emanager.MailHandler businessLogic
INFO: Found 0 message/es for sending
sep 26, 2013 1:16:16 PM org.pabk.emanager.MailHandler businessLogic
INFO: MailHandler is SLEEPING
sep 26, 2013 1:16:26 PM org.pabk.emanager.MailHandler businessLogic
INFO: MailHandler is working
sep 26, 2013 1:16:26 PM org.pabk.emanager.MailHandler businessLogic
INFO: Found 0 message/es for sending
sep 26, 2013 1:16:26 PM org.pabk.emanager.MailHandler businessLogic
INFO: MailHandler is SLEEPING
sep 26, 2013 1:16:36 PM org.pabk.emanager.MailHandler businessLogic
INFO: MailHandler is working
sep 26, 2013 1:16:36 PM org.pabk.emanager.MailHandler businessLogic
INFO: Found 0 message/es for sending
sep 26, 2013 1:16:36 PM org.pabk.emanager.MailHandler businessLogic
INFO: MailHandler is SLEEPING
sep 26, 2013 1:16:46 PM org.pabk.emanager.MailHandler businessLogic
INFO: MailHandler is working
sep 26, 2013 1:16:46 PM org.pabk.emanager.MailHandler businessLogic
INFO: Found 0 message/es for sending
sep 26, 2013 1:16:46 PM org.pabk.emanager.MailHandler businessLogic
INFO: MailHandler is SLEEPING
sep 26, 2013 1:16:56 PM org.pabk.emanager.MailHandler businessLogic
INFO: MailHandler is working
sep 26, 2013 1:16:56 PM org.pabk.emanager.MailHandler businessLogic
INFO: Found 0 message/es for sending
sep 26, 2013 1:16:56 PM org.pabk.emanager.MailHandler businessLogic
INFO: MailHandler is SLEEPING
sep 26, 2013 1:17:06 PM org.pabk.emanager.MailHandler businessLogic
INFO: MailHandler is working
sep 26, 2013 1:17:06 PM org.pabk.emanager.MailHandler businessLogic
INFO: Found 0 message/es for sending
sep 26, 2013 1:17:06 PM org.pabk.emanager.MailHandler businessLogic
INFO: MailHandler is SLEEPING
sep 26, 2013 1:17:16 PM org.pabk.emanager.MailHandler businessLogic
INFO: MailHandler is working
sep 26, 2013 1:17:16 PM org.pabk.emanager.MailHandler businessLogic
INFO: Found 0 message/es for sending
sep 26, 2013 1:17:16 PM org.pabk.emanager.MailHandler businessLogic
INFO: MailHandler is SLEEPING
sep 26, 2013 1:17:26 PM org.pabk.emanager.MailHandler businessLogic
INFO: MailHandler is working
sep 26, 2013 1:17:26 PM org.pabk.emanager.MailHandler businessLogic
INFO: Found 0 message/es for sending
sep 26, 2013 1:17:26 PM org.pabk.emanager.MailHandler businessLogic
INFO: MailHandler is SLEEPING
sep 26, 2013 1:17:36 PM org.pabk.emanager.MailHandler businessLogic
INFO: MailHandler is working
sep 26, 2013 1:17:36 PM org.pabk.emanager.MailHandler businessLogic
INFO: Found 0 message/es for sending
sep 26, 2013 1:17:36 PM org.pabk.emanager.MailHandler businessLogic
INFO: MailHandler is SLEEPING
sep 26, 2013 1:17:46 PM org.pabk.emanager.MailHandler businessLogic
INFO: MailHandler is working
sep 26, 2013 1:17:46 PM org.pabk.emanager.MailHandler businessLogic
INFO: Found 0 message/es for sending
sep 26, 2013 1:17:46 PM org.pabk.emanager.MailHandler businessLogic
INFO: MailHandler is SLEEPING
sep 26, 2013 1:17:56 PM org.pabk.emanager.MailHandler businessLogic
INFO: MailHandler is working
sep 26, 2013 1:17:56 PM org.pabk.emanager.MailHandler businessLogic
INFO: Found 0 message/es for sending
sep 26, 2013 1:17:56 PM org.pabk.emanager.MailHandler businessLogic
INFO: MailHandler is SLEEPING
sep 26, 2013 1:18:06 PM org.pabk.emanager.MailHandler businessLogic
INFO: MailHandler is working
sep 26, 2013 1:18:06 PM org.pabk.emanager.MailHandler businessLogic
INFO: Found 0 message/es for sending
sep 26, 2013 1:18:06 PM org.pabk.emanager.MailHandler businessLogic
INFO: MailHandler is SLEEPING
sep 26, 2013 1:18:16 PM org.pabk.emanager.MailHandler businessLogic
INFO: MailHandler is working
sep 26, 2013 1:18:16 PM org.pabk.emanager.MailHandler businessLogic
INFO: Found 0 message/es for sending
sep 26, 2013 1:18:16 PM org.pabk.emanager.MailHandler businessLogic
INFO: MailHandler is SLEEPING
sep 26, 2013 1:18:26 PM org.pabk.emanager.MailHandler businessLogic
INFO: MailHandler is working
sep 26, 2013 1:18:26 PM org.pabk.emanager.MailHandler businessLogic
INFO: Found 0 message/es for sending
sep 26, 2013 1:18:26 PM org.pabk.emanager.MailHandler businessLogic
INFO: MailHandler is SLEEPING
sep 26, 2013 1:18:36 PM org.pabk.emanager.MailHandler businessLogic
INFO: MailHandler is working
sep 26, 2013 1:18:36 PM org.pabk.emanager.MailHandler businessLogic
INFO: Found 0 message/es for sending
sep 26, 2013 1:18:36 PM org.pabk.emanager.MailHandler businessLogic
INFO: MailHandler is SLEEPING
sep 26, 2013 1:18:46 PM org.pabk.emanager.MailHandler businessLogic
INFO: MailHandler is working
sep 26, 2013 1:18:46 PM org.pabk.emanager.MailHandler businessLogic
INFO: Found 0 message/es for sending
sep 26, 2013 1:18:46 PM org.pabk.emanager.MailHandler businessLogic
INFO: MailHandler is SLEEPING
sep 26, 2013 1:18:56 PM org.pabk.emanager.MailHandler businessLogic
INFO: MailHandler is working
sep 26, 2013 1:18:56 PM org.pabk.emanager.MailHandler businessLogic
INFO: Found 0 message/es for sending
sep 26, 2013 1:18:56 PM org.pabk.emanager.MailHandler businessLogic
INFO: MailHandler is SLEEPING
sep 26, 2013 1:19:06 PM org.pabk.emanager.MailHandler businessLogic
INFO: MailHandler is working
sep 26, 2013 1:19:06 PM org.pabk.emanager.MailHandler businessLogic
INFO: Found 0 message/es for sending
sep 26, 2013 1:19:06 PM org.pabk.emanager.MailHandler businessLogic
INFO: MailHandler is SLEEPING
sep 26, 2013 1:19:16 PM org.pabk.emanager.MailHandler businessLogic
INFO: MailHandler is working
sep 26, 2013 1:19:16 PM org.pabk.emanager.MailHandler businessLogic
INFO: Found 0 message/es for sending
sep 26, 2013 1:19:16 PM org.pabk.emanager.MailHandler businessLogic
INFO: MailHandler is SLEEPING
sep 26, 2013 1:19:26 PM org.pabk.emanager.MailHandler businessLogic
INFO: MailHandler is working
sep 26, 2013 1:19:26 PM org.pabk.emanager.MailHandler businessLogic
INFO: Found 0 message/es for sending
sep 26, 2013 1:19:26 PM org.pabk.emanager.MailHandler businessLogic
INFO: MailHandler is SLEEPING
sep 26, 2013 1:19:36 PM org.pabk.emanager.MailHandler businessLogic
INFO: MailHandler is working
sep 26, 2013 1:19:36 PM org.pabk.emanager.MailHandler businessLogic
INFO: Found 0 message/es for sending
sep 26, 2013 1:19:36 PM org.pabk.emanager.MailHandler businessLogic
INFO: MailHandler is SLEEPING
sep 26, 2013 1:19:46 PM org.pabk.emanager.MailHandler businessLogic
INFO: MailHandler is working
sep 26, 2013 1:19:46 PM org.pabk.emanager.MailHandler businessLogic
INFO: Found 0 message/es for sending
sep 26, 2013 1:19:46 PM org.pabk.emanager.MailHandler businessLogic
INFO: MailHandler is SLEEPING
sep 26, 2013 1:19:56 PM org.pabk.emanager.MailHandler businessLogic
INFO: MailHandler is working
sep 26, 2013 1:19:56 PM org.pabk.emanager.MailHandler businessLogic
INFO: Found 0 message/es for sending
sep 26, 2013 1:19:56 PM org.pabk.emanager.MailHandler businessLogic
INFO: MailHandler is SLEEPING
sep 26, 2013 1:20:06 PM org.pabk.emanager.MailHandler businessLogic
INFO: MailHandler is working
sep 26, 2013 1:20:06 PM org.pabk.emanager.MailHandler businessLogic
INFO: Found 0 message/es for sending
sep 26, 2013 1:20:06 PM org.pabk.emanager.MailHandler businessLogic
INFO: MailHandler is SLEEPING
sep 26, 2013 1:20:16 PM org.pabk.emanager.MailHandler businessLogic
INFO: MailHandler is working
sep 26, 2013 1:20:16 PM org.pabk.emanager.MailHandler businessLogic
INFO: Found 0 message/es for sending
sep 26, 2013 1:20:16 PM org.pabk.emanager.MailHandler businessLogic
INFO: MailHandler is SLEEPING
sep 26, 2013 1:20:26 PM org.pabk.emanager.MailHandler businessLogic
INFO: MailHandler is working
sep 26, 2013 1:20:26 PM org.pabk.emanager.MailHandler businessLogic
INFO: Found 0 message/es for sending
sep 26, 2013 1:20:26 PM org.pabk.emanager.MailHandler businessLogic
INFO: MailHandler is SLEEPING
sep 26, 2013 1:20:36 PM org.pabk.emanager.MailHandler businessLogic
INFO: MailHandler is working
sep 26, 2013 1:20:36 PM org.pabk.emanager.MailHandler businessLogic
INFO: Found 0 message/es for sending
sep 26, 2013 1:20:36 PM org.pabk.emanager.MailHandler businessLogic
INFO: MailHandler is SLEEPING
sep 26, 2013 1:20:46 PM org.pabk.emanager.MailHandler businessLogic
INFO: MailHandler is working
sep 26, 2013 1:20:46 PM org.pabk.emanager.MailHandler businessLogic
INFO: Found 0 message/es for sending
sep 26, 2013 1:20:46 PM org.pabk.emanager.MailHandler businessLogic
INFO: MailHandler is SLEEPING
sep 26, 2013 1:20:56 PM org.pabk.emanager.MailHandler businessLogic
INFO: MailHandler is working
sep 26, 2013 1:20:56 PM org.pabk.emanager.MailHandler businessLogic
INFO: Found 0 message/es for sending
sep 26, 2013 1:20:56 PM org.pabk.emanager.MailHandler businessLogic
INFO: MailHandler is SLEEPING
sep 26, 2013 1:21:06 PM org.pabk.emanager.MailHandler businessLogic
INFO: MailHandler is working
sep 26, 2013 1:21:06 PM org.pabk.emanager.MailHandler businessLogic
INFO: Found 0 message/es for sending
sep 26, 2013 1:21:06 PM org.pabk.emanager.MailHandler businessLogic
INFO: MailHandler is SLEEPING
sep 26, 2013 1:21:16 PM org.pabk.emanager.MailHandler businessLogic
INFO: MailHandler is working
sep 26, 2013 1:21:16 PM org.pabk.emanager.MailHandler businessLogic
INFO: Found 0 message/es for sending
sep 26, 2013 1:21:16 PM org.pabk.emanager.MailHandler businessLogic
INFO: MailHandler is SLEEPING
sep 26, 2013 1:21:26 PM org.pabk.emanager.MailHandler businessLogic
INFO: MailHandler is working
sep 26, 2013 1:21:26 PM org.pabk.emanager.MailHandler businessLogic
INFO: Found 0 message/es for sending
sep 26, 2013 1:21:26 PM org.pabk.emanager.MailHandler businessLogic
INFO: MailHandler is SLEEPING
sep 26, 2013 1:21:36 PM org.pabk.emanager.MailHandler businessLogic
INFO: MailHandler is working
sep 26, 2013 1:21:36 PM org.pabk.emanager.MailHandler businessLogic
INFO: Found 0 message/es for sending
sep 26, 2013 1:21:36 PM org.pabk.emanager.MailHandler businessLogic
INFO: MailHandler is SLEEPING
sep 26, 2013 1:21:46 PM org.pabk.emanager.MailHandler businessLogic
INFO: MailHandler is working
sep 26, 2013 1:21:46 PM org.pabk.emanager.MailHandler businessLogic
INFO: Found 0 message/es for sending
sep 26, 2013 1:21:46 PM org.pabk.emanager.MailHandler businessLogic
INFO: MailHandler is SLEEPING
sep 26, 2013 1:21:56 PM org.pabk.emanager.MailHandler businessLogic
INFO: MailHandler is working
sep 26, 2013 1:21:56 PM org.pabk.emanager.MailHandler businessLogic
INFO: Found 0 message/es for sending
sep 26, 2013 1:21:56 PM org.pabk.emanager.MailHandler businessLogic
INFO: MailHandler is SLEEPING
sep 26, 2013 1:22:06 PM org.pabk.emanager.MailHandler businessLogic
INFO: MailHandler is working
sep 26, 2013 1:22:06 PM org.pabk.emanager.MailHandler businessLogic
INFO: Found 0 message/es for sending
sep 26, 2013 1:22:06 PM org.pabk.emanager.MailHandler businessLogic
INFO: MailHandler is SLEEPING
sep 26, 2013 1:22:16 PM org.pabk.emanager.MailHandler businessLogic
INFO: MailHandler is working
sep 26, 2013 1:22:16 PM org.pabk.emanager.MailHandler businessLogic
INFO: Found 0 message/es for sending
sep 26, 2013 1:22:16 PM org.pabk.emanager.MailHandler businessLogic
INFO: MailHandler is SLEEPING
sep 26, 2013 1:22:26 PM org.pabk.emanager.MailHandler businessLogic
INFO: MailHandler is working
sep 26, 2013 1:22:26 PM org.pabk.emanager.MailHandler businessLogic
INFO: Found 0 message/es for sending
sep 26, 2013 1:22:26 PM org.pabk.emanager.MailHandler businessLogic
INFO: MailHandler is SLEEPING
sep 26, 2013 1:22:36 PM org.pabk.emanager.MailHandler businessLogic
INFO: MailHandler is working
sep 26, 2013 1:22:36 PM org.pabk.emanager.MailHandler businessLogic
INFO: Found 0 message/es for sending
sep 26, 2013 1:22:36 PM org.pabk.emanager.MailHandler businessLogic
INFO: MailHandler is SLEEPING
sep 26, 2013 1:22:46 PM org.pabk.emanager.MailHandler businessLogic
INFO: MailHandler is working
sep 26, 2013 1:22:46 PM org.pabk.emanager.MailHandler businessLogic
INFO: Found 0 message/es for sending
sep 26, 2013 1:22:46 PM org.pabk.emanager.MailHandler businessLogic
INFO: MailHandler is SLEEPING
sep 26, 2013 1:22:56 PM org.pabk.emanager.MailHandler businessLogic
INFO: MailHandler is working
sep 26, 2013 1:22:56 PM org.pabk.emanager.MailHandler businessLogic
INFO: Found 0 message/es for sending
sep 26, 2013 1:22:56 PM org.pabk.emanager.MailHandler businessLogic
INFO: MailHandler is SLEEPING
sep 26, 2013 1:23:06 PM org.pabk.emanager.MailHandler businessLogic
INFO: MailHandler is working
sep 26, 2013 1:23:06 PM org.pabk.emanager.MailHandler businessLogic
INFO: Found 0 message/es for sending
sep 26, 2013 1:23:06 PM org.pabk.emanager.MailHandler businessLogic
INFO: MailHandler is SLEEPING
sep 26, 2013 1:23:16 PM org.pabk.emanager.MailHandler businessLogic
INFO: MailHandler is working
sep 26, 2013 1:23:16 PM org.pabk.emanager.MailHandler businessLogic
INFO: Found 0 message/es for sending
sep 26, 2013 1:23:16 PM org.pabk.emanager.MailHandler businessLogic
INFO: MailHandler is SLEEPING
sep 26, 2013 1:23:26 PM org.pabk.emanager.MailHandler businessLogic
INFO: MailHandler is working
sep 26, 2013 1:23:26 PM org.pabk.emanager.MailHandler businessLogic
INFO: Found 0 message/es for sending
sep 26, 2013 1:23:26 PM org.pabk.emanager.MailHandler businessLogic
INFO: MailHandler is SLEEPING
sep 26, 2013 1:23:36 PM org.pabk.emanager.MailHandler businessLogic
INFO: MailHandler is working
sep 26, 2013 1:23:36 PM org.pabk.emanager.MailHandler businessLogic
INFO: Found 0 message/es for sending
sep 26, 2013 1:23:36 PM org.pabk.emanager.MailHandler businessLogic
INFO: MailHandler is SLEEPING
sep 26, 2013 1:23:46 PM org.pabk.emanager.MailHandler businessLogic
INFO: MailHandler is working
sep 26, 2013 1:23:46 PM org.pabk.emanager.MailHandler businessLogic
INFO: Found 0 message/es for sending
sep 26, 2013 1:23:46 PM org.pabk.emanager.MailHandler businessLogic
INFO: MailHandler is SLEEPING
sep 26, 2013 1:23:56 PM org.pabk.emanager.MailHandler businessLogic
INFO: MailHandler is working
sep 26, 2013 1:23:56 PM org.pabk.emanager.MailHandler businessLogic
INFO: Found 0 message/es for sending
sep 26, 2013 1:23:56 PM org.pabk.emanager.MailHandler businessLogic
INFO: MailHandler is SLEEPING
