apr 21, 2015 7:45:16 AM org.pabk.emanager.HandlerImpl init
INFO: mailhandler: logger mailhandler is successfully initailized!
apr 21, 2015 7:45:16 AM org.pabk.emanager.HandlerImpl run
INFO: Module org.pabk.emanager.MailHandler is started!
apr 21, 2015 7:45:16 AM org.pabk.emanager.MailHandler businessLogic
INFO: Used Default SNMP server: ses02ba
apr 21, 2015 7:45:16 AM org.pabk.emanager.MailHandler businessLogic
INFO: Used Default SNMP server port: 25
apr 21, 2015 7:45:16 AM org.pabk.emanager.MailHandler businessLogic
INFO: Used default sender name SWIFTServer@pabk.sk
apr 21, 2015 7:45:16 AM org.pabk.emanager.MailHandler businessLogic
INFO: MailHandler is working
apr 21, 2015 7:45:16 AM org.pabk.emanager.MailHandler businessLogic
INFO: Found 0 message/es for sending
apr 21, 2015 7:45:16 AM org.pabk.emanager.MailHandler businessLogic
INFO: MailHandler is SLEEPING
apr 21, 2015 7:45:26 AM org.pabk.emanager.MailHandler businessLogic
INFO: MailHandler is working
apr 21, 2015 7:45:26 AM org.pabk.emanager.MailHandler businessLogic
INFO: Found 4 message/es for sending
apr 21, 2015 7:45:28 AM org.pabk.emanager.MailHandler businessLogic
INFO: MailHandler is SLEEPING
apr 21, 2015 7:45:38 AM org.pabk.emanager.MailHandler businessLogic
INFO: MailHandler is working
apr 21, 2015 7:45:38 AM org.pabk.emanager.MailHandler businessLogic
INFO: Found 0 message/es for sending
apr 21, 2015 7:45:38 AM org.pabk.emanager.MailHandler businessLogic
INFO: MailHandler is SLEEPING
