sep 26, 2013 1:05:15 PM org.pabk.emanager.HandlerImpl init
INFO: mailhandler: logger mailhandler is successfully initailized!
sep 26, 2013 1:05:15 PM org.pabk.emanager.HandlerImpl run
INFO: Module org.pabk.emanager.MailHandler is started!
sep 26, 2013 1:05:15 PM org.pabk.emanager.MailHandler businessLogic
INFO: Used Default SNMP server: ses02ba
sep 26, 2013 1:05:15 PM org.pabk.emanager.MailHandler businessLogic
INFO: Used Default SNMP server port: 25
sep 26, 2013 1:05:15 PM org.pabk.emanager.MailHandler businessLogic
INFO: Used default sender name SWIFTServer@pabk.sk
sep 26, 2013 1:05:15 PM org.pabk.emanager.MailHandler businessLogic
INFO: MailHandler is working
sep 26, 2013 1:05:15 PM org.pabk.emanager.MailHandler businessLogic
INFO: Found 0 message/es for sending
sep 26, 2013 1:05:15 PM org.pabk.emanager.MailHandler businessLogic
INFO: MailHandler is SLEEPING
sep 26, 2013 1:05:25 PM org.pabk.emanager.MailHandler businessLogic
INFO: MailHandler is working
sep 26, 2013 1:05:25 PM org.pabk.emanager.MailHandler businessLogic
INFO: Found 0 message/es for sending
sep 26, 2013 1:05:25 PM org.pabk.emanager.MailHandler businessLogic
INFO: MailHandler is SLEEPING
