sep 26, 2013 1:02:15 PM org.pabk.emanager.HandlerImpl init
INFO: messagecollector: logger messagecollector is successfully initailized!
sep 26, 2013 1:02:15 PM org.pabk.emanager.HandlerImpl run
INFO: Module org.pabk.emanager.MessageCollector is started!
sep 26, 2013 1:02:15 PM org.pabk.emanager.HandlerImpl checkNeededModules
WARNING: Module org.pabk.emanager.MessageCollector needs module messagehandler to working!
sep 26, 2013 1:02:16 PM org.pabk.emanager.MessageCollector businessLogic
INFO: Used Default Alliance Access servers: P3600X006
sep 26, 2013 1:02:16 PM org.pabk.emanager.MessageCollector businessLogic
INFO: Used default print messages store folders:D$\Programy\BB\ARCHIVE\BATCH\DN_queue,D$\Programy\BB\ARCHIVE\BATCH\MT5XX_IO2,D$\Programy\BB\ARCHIVE\BATCH\Vypisy_DF
sep 26, 2013 1:02:16 PM org.pabk.emanager.MessageCollector businessLogic
INFO: Used default fin messages store folders:
sep 26, 2013 1:02:16 PM org.pabk.emanager.MessageCollector businessLogic
INFO: MessageCollector is WORKING
sep 26, 2013 1:02:16 PM org.pabk.emanager.MessageCollector addMessages
INFO: Found directory \\P3600X006\D$\Programy\BB\ARCHIVE\BATCH\DN_queue
sep 26, 2013 1:02:16 PM org.pabk.emanager.MessageCollector addMessages
INFO: Found directory \\P3600X006\D$\Programy\BB\ARCHIVE\BATCH\MT5XX_IO2
sep 26, 2013 1:02:16 PM org.pabk.emanager.MessageCollector addMessages
INFO: Found directory \\P3600X006\D$\Programy\BB\ARCHIVE\BATCH\Vypisy_DF
sep 26, 2013 1:02:16 PM org.pabk.emanager.MessageCollector addMessages
WARNING: Error while processing file \\P3600X006\D$\Programy\BB\ARCHIVE\BATCH\Vypisy_DF\Vypisy_DF.rar (Unknown print format)
sep 26, 2013 1:02:16 PM org.pabk.emanager.MessageCollector businessLogic
INFO: MessageCollector goes to SLEEP
sep 26, 2013 1:02:21 PM org.pabk.emanager.MessageCollector businessLogic
INFO: MessageCollector is WORKING
sep 26, 2013 1:02:21 PM org.pabk.emanager.MessageCollector addMessages
INFO: Found directory \\P3600X006\D$\Programy\BB\ARCHIVE\BATCH\DN_queue
sep 26, 2013 1:02:21 PM org.pabk.emanager.MessageCollector addMessages
INFO: Found directory \\P3600X006\D$\Programy\BB\ARCHIVE\BATCH\MT5XX_IO2
sep 26, 2013 1:02:21 PM org.pabk.emanager.MessageCollector addMessages
INFO: Found directory \\P3600X006\D$\Programy\BB\ARCHIVE\BATCH\Vypisy_DF
sep 26, 2013 1:02:21 PM org.pabk.emanager.MessageCollector addMessages
WARNING: Error while processing file \\P3600X006\D$\Programy\BB\ARCHIVE\BATCH\Vypisy_DF\Vypisy_DF.rar (Unknown print format)
sep 26, 2013 1:02:21 PM org.pabk.emanager.MessageCollector businessLogic
INFO: MessageCollector goes to SLEEP
sep 26, 2013 1:02:26 PM org.pabk.emanager.MessageCollector businessLogic
INFO: MessageCollector is WORKING
sep 26, 2013 1:02:26 PM org.pabk.emanager.MessageCollector addMessages
INFO: Found directory \\P3600X006\D$\Programy\BB\ARCHIVE\BATCH\DN_queue
sep 26, 2013 1:02:26 PM org.pabk.emanager.MessageCollector addMessages
INFO: Found directory \\P3600X006\D$\Programy\BB\ARCHIVE\BATCH\MT5XX_IO2
sep 26, 2013 1:02:26 PM org.pabk.emanager.MessageCollector addMessages
INFO: Found directory \\P3600X006\D$\Programy\BB\ARCHIVE\BATCH\Vypisy_DF
sep 26, 2013 1:02:27 PM org.pabk.emanager.MessageCollector addMessages
WARNING: Error while processing file \\P3600X006\D$\Programy\BB\ARCHIVE\BATCH\Vypisy_DF\Vypisy_DF.rar (Unknown print format)
sep 26, 2013 1:02:27 PM org.pabk.emanager.MessageCollector businessLogic
INFO: MessageCollector goes to SLEEP
sep 26, 2013 1:02:32 PM org.pabk.emanager.MessageCollector businessLogic
INFO: MessageCollector is WORKING
sep 26, 2013 1:02:32 PM org.pabk.emanager.MessageCollector addMessages
INFO: Found directory \\P3600X006\D$\Programy\BB\ARCHIVE\BATCH\DN_queue
sep 26, 2013 1:02:32 PM org.pabk.emanager.MessageCollector addMessages
INFO: Found directory \\P3600X006\D$\Programy\BB\ARCHIVE\BATCH\MT5XX_IO2
sep 26, 2013 1:02:32 PM org.pabk.emanager.MessageCollector addMessages
INFO: Found directory \\P3600X006\D$\Programy\BB\ARCHIVE\BATCH\Vypisy_DF
sep 26, 2013 1:02:32 PM org.pabk.emanager.MessageCollector addMessages
WARNING: Error while processing file \\P3600X006\D$\Programy\BB\ARCHIVE\BATCH\Vypisy_DF\Vypisy_DF.rar (Unknown print format)
sep 26, 2013 1:02:32 PM org.pabk.emanager.MessageCollector businessLogic
INFO: MessageCollector goes to SLEEP
sep 26, 2013 1:02:37 PM org.pabk.emanager.MessageCollector businessLogic
INFO: MessageCollector is WORKING
sep 26, 2013 1:02:37 PM org.pabk.emanager.MessageCollector addMessages
INFO: Found directory \\P3600X006\D$\Programy\BB\ARCHIVE\BATCH\DN_queue
sep 26, 2013 1:02:37 PM org.pabk.emanager.MessageCollector addMessages
INFO: Found directory \\P3600X006\D$\Programy\BB\ARCHIVE\BATCH\MT5XX_IO2
sep 26, 2013 1:02:37 PM org.pabk.emanager.MessageCollector addMessages
INFO: Found directory \\P3600X006\D$\Programy\BB\ARCHIVE\BATCH\Vypisy_DF
sep 26, 2013 1:02:37 PM org.pabk.emanager.MessageCollector addMessages
WARNING: Error while processing file \\P3600X006\D$\Programy\BB\ARCHIVE\BATCH\Vypisy_DF\Vypisy_DF.rar (Unknown print format)
sep 26, 2013 1:02:37 PM org.pabk.emanager.MessageCollector businessLogic
INFO: MessageCollector goes to SLEEP
sep 26, 2013 1:02:42 PM org.pabk.emanager.MessageCollector businessLogic
INFO: MessageCollector is WORKING
sep 26, 2013 1:02:42 PM org.pabk.emanager.MessageCollector addMessages
INFO: Found directory \\P3600X006\D$\Programy\BB\ARCHIVE\BATCH\DN_queue
sep 26, 2013 1:02:42 PM org.pabk.emanager.MessageCollector addMessages
INFO: Found directory \\P3600X006\D$\Programy\BB\ARCHIVE\BATCH\MT5XX_IO2
sep 26, 2013 1:02:42 PM org.pabk.emanager.MessageCollector addMessages
INFO: Found directory \\P3600X006\D$\Programy\BB\ARCHIVE\BATCH\Vypisy_DF
sep 26, 2013 1:02:42 PM org.pabk.emanager.MessageCollector addMessages
WARNING: Error while processing file \\P3600X006\D$\Programy\BB\ARCHIVE\BATCH\Vypisy_DF\Vypisy_DF.rar (Unknown print format)
sep 26, 2013 1:02:42 PM org.pabk.emanager.MessageCollector businessLogic
INFO: MessageCollector goes to SLEEP
sep 26, 2013 1:02:47 PM org.pabk.emanager.MessageCollector businessLogic
INFO: MessageCollector is WORKING
sep 26, 2013 1:02:47 PM org.pabk.emanager.MessageCollector addMessages
INFO: Found directory \\P3600X006\D$\Programy\BB\ARCHIVE\BATCH\DN_queue
sep 26, 2013 1:02:47 PM org.pabk.emanager.MessageCollector addMessages
INFO: Found directory \\P3600X006\D$\Programy\BB\ARCHIVE\BATCH\MT5XX_IO2
sep 26, 2013 1:02:47 PM org.pabk.emanager.MessageCollector addMessages
INFO: Found directory \\P3600X006\D$\Programy\BB\ARCHIVE\BATCH\Vypisy_DF
sep 26, 2013 1:02:47 PM org.pabk.emanager.MessageCollector addMessages
WARNING: Error while processing file \\P3600X006\D$\Programy\BB\ARCHIVE\BATCH\Vypisy_DF\Vypisy_DF.rar (Unknown print format)
sep 26, 2013 1:02:47 PM org.pabk.emanager.MessageCollector businessLogic
INFO: MessageCollector goes to SLEEP
sep 26, 2013 1:02:52 PM org.pabk.emanager.MessageCollector businessLogic
INFO: MessageCollector is WORKING
sep 26, 2013 1:02:52 PM org.pabk.emanager.MessageCollector addMessages
INFO: Found directory \\P3600X006\D$\Programy\BB\ARCHIVE\BATCH\DN_queue
sep 26, 2013 1:02:52 PM org.pabk.emanager.MessageCollector addMessages
INFO: Found directory \\P3600X006\D$\Programy\BB\ARCHIVE\BATCH\MT5XX_IO2
sep 26, 2013 1:02:52 PM org.pabk.emanager.MessageCollector addMessages
INFO: Found directory \\P3600X006\D$\Programy\BB\ARCHIVE\BATCH\Vypisy_DF
sep 26, 2013 1:02:52 PM org.pabk.emanager.MessageCollector addMessages
WARNING: Error while processing file \\P3600X006\D$\Programy\BB\ARCHIVE\BATCH\Vypisy_DF\Vypisy_DF.rar (Unknown print format)
sep 26, 2013 1:02:52 PM org.pabk.emanager.MessageCollector businessLogic
INFO: MessageCollector goes to SLEEP
sep 26, 2013 1:02:57 PM org.pabk.emanager.MessageCollector businessLogic
INFO: MessageCollector is WORKING
sep 26, 2013 1:02:57 PM org.pabk.emanager.MessageCollector addMessages
INFO: Found directory \\P3600X006\D$\Programy\BB\ARCHIVE\BATCH\DN_queue
sep 26, 2013 1:02:57 PM org.pabk.emanager.MessageCollector addMessages
INFO: Found directory \\P3600X006\D$\Programy\BB\ARCHIVE\BATCH\MT5XX_IO2
sep 26, 2013 1:02:57 PM org.pabk.emanager.MessageCollector addMessages
INFO: Found directory \\P3600X006\D$\Programy\BB\ARCHIVE\BATCH\Vypisy_DF
sep 26, 2013 1:02:57 PM org.pabk.emanager.MessageCollector addMessages
WARNING: Error while processing file \\P3600X006\D$\Programy\BB\ARCHIVE\BATCH\Vypisy_DF\Vypisy_DF.rar (Unknown print format)
sep 26, 2013 1:02:57 PM org.pabk.emanager.MessageCollector businessLogic
INFO: MessageCollector goes to SLEEP
sep 26, 2013 1:03:02 PM org.pabk.emanager.MessageCollector businessLogic
INFO: MessageCollector is WORKING
sep 26, 2013 1:03:02 PM org.pabk.emanager.MessageCollector addMessages
INFO: Found directory \\P3600X006\D$\Programy\BB\ARCHIVE\BATCH\DN_queue
sep 26, 2013 1:03:02 PM org.pabk.emanager.MessageCollector addMessages
INFO: Found directory \\P3600X006\D$\Programy\BB\ARCHIVE\BATCH\MT5XX_IO2
sep 26, 2013 1:03:02 PM org.pabk.emanager.MessageCollector addMessages
INFO: Found directory \\P3600X006\D$\Programy\BB\ARCHIVE\BATCH\Vypisy_DF
sep 26, 2013 1:03:02 PM org.pabk.emanager.MessageCollector addMessages
WARNING: Error while processing file \\P3600X006\D$\Programy\BB\ARCHIVE\BATCH\Vypisy_DF\Vypisy_DF.rar (Unknown print format)
sep 26, 2013 1:03:02 PM org.pabk.emanager.MessageCollector businessLogic
INFO: MessageCollector goes to SLEEP
sep 26, 2013 1:03:07 PM org.pabk.emanager.MessageCollector businessLogic
INFO: MessageCollector is WORKING
sep 26, 2013 1:03:07 PM org.pabk.emanager.MessageCollector addMessages
INFO: Found directory \\P3600X006\D$\Programy\BB\ARCHIVE\BATCH\DN_queue
sep 26, 2013 1:03:07 PM org.pabk.emanager.MessageCollector addMessages
INFO: Found directory \\P3600X006\D$\Programy\BB\ARCHIVE\BATCH\MT5XX_IO2
sep 26, 2013 1:03:07 PM org.pabk.emanager.MessageCollector addMessages
INFO: Found directory \\P3600X006\D$\Programy\BB\ARCHIVE\BATCH\Vypisy_DF
sep 26, 2013 1:03:07 PM org.pabk.emanager.MessageCollector addMessages
WARNING: Error while processing file \\P3600X006\D$\Programy\BB\ARCHIVE\BATCH\Vypisy_DF\Vypisy_DF.rar (Unknown print format)
sep 26, 2013 1:03:07 PM org.pabk.emanager.MessageCollector businessLogic
INFO: MessageCollector goes to SLEEP
sep 26, 2013 1:03:12 PM org.pabk.emanager.MessageCollector businessLogic
INFO: MessageCollector is WORKING
sep 26, 2013 1:03:12 PM org.pabk.emanager.MessageCollector addMessages
INFO: Found directory \\P3600X006\D$\Programy\BB\ARCHIVE\BATCH\DN_queue
sep 26, 2013 1:03:12 PM org.pabk.emanager.MessageCollector addMessages
INFO: Found directory \\P3600X006\D$\Programy\BB\ARCHIVE\BATCH\MT5XX_IO2
sep 26, 2013 1:03:12 PM org.pabk.emanager.MessageCollector addMessages
INFO: Found directory \\P3600X006\D$\Programy\BB\ARCHIVE\BATCH\Vypisy_DF
sep 26, 2013 1:03:12 PM org.pabk.emanager.MessageCollector addMessages
WARNING: Error while processing file \\P3600X006\D$\Programy\BB\ARCHIVE\BATCH\Vypisy_DF\Vypisy_DF.rar (Unknown print format)
sep 26, 2013 1:03:12 PM org.pabk.emanager.MessageCollector businessLogic
INFO: MessageCollector goes to SLEEP
sep 26, 2013 1:03:17 PM org.pabk.emanager.MessageCollector businessLogic
INFO: MessageCollector is WORKING
sep 26, 2013 1:03:17 PM org.pabk.emanager.MessageCollector addMessages
INFO: Found directory \\P3600X006\D$\Programy\BB\ARCHIVE\BATCH\DN_queue
sep 26, 2013 1:03:17 PM org.pabk.emanager.MessageCollector addMessages
INFO: Found directory \\P3600X006\D$\Programy\BB\ARCHIVE\BATCH\MT5XX_IO2
sep 26, 2013 1:03:17 PM org.pabk.emanager.MessageCollector addMessages
INFO: Found directory \\P3600X006\D$\Programy\BB\ARCHIVE\BATCH\Vypisy_DF
sep 26, 2013 1:03:17 PM org.pabk.emanager.MessageCollector addMessages
WARNING: Error while processing file \\P3600X006\D$\Programy\BB\ARCHIVE\BATCH\Vypisy_DF\Vypisy_DF.rar (Unknown print format)
sep 26, 2013 1:03:17 PM org.pabk.emanager.MessageCollector businessLogic
INFO: MessageCollector goes to SLEEP
sep 26, 2013 1:03:22 PM org.pabk.emanager.MessageCollector businessLogic
INFO: MessageCollector is WORKING
sep 26, 2013 1:03:22 PM org.pabk.emanager.MessageCollector addMessages
INFO: Found directory \\P3600X006\D$\Programy\BB\ARCHIVE\BATCH\DN_queue
sep 26, 2013 1:03:22 PM org.pabk.emanager.MessageCollector addMessages
INFO: Found directory \\P3600X006\D$\Programy\BB\ARCHIVE\BATCH\MT5XX_IO2
sep 26, 2013 1:03:22 PM org.pabk.emanager.MessageCollector addMessages
INFO: Found directory \\P3600X006\D$\Programy\BB\ARCHIVE\BATCH\Vypisy_DF
sep 26, 2013 1:03:22 PM org.pabk.emanager.MessageCollector addMessages
WARNING: Error while processing file \\P3600X006\D$\Programy\BB\ARCHIVE\BATCH\Vypisy_DF\Vypisy_DF.rar (Unknown print format)
sep 26, 2013 1:03:22 PM org.pabk.emanager.MessageCollector businessLogic
INFO: MessageCollector goes to SLEEP
sep 26, 2013 1:03:27 PM org.pabk.emanager.MessageCollector businessLogic
INFO: MessageCollector is WORKING
sep 26, 2013 1:03:27 PM org.pabk.emanager.MessageCollector addMessages
INFO: Found directory \\P3600X006\D$\Programy\BB\ARCHIVE\BATCH\DN_queue
sep 26, 2013 1:03:27 PM org.pabk.emanager.MessageCollector addMessages
INFO: Found directory \\P3600X006\D$\Programy\BB\ARCHIVE\BATCH\MT5XX_IO2
sep 26, 2013 1:03:27 PM org.pabk.emanager.MessageCollector addMessages
INFO: Found directory \\P3600X006\D$\Programy\BB\ARCHIVE\BATCH\Vypisy_DF
sep 26, 2013 1:03:27 PM org.pabk.emanager.MessageCollector addMessages
WARNING: Error while processing file \\P3600X006\D$\Programy\BB\ARCHIVE\BATCH\Vypisy_DF\Vypisy_DF.rar (Unknown print format)
sep 26, 2013 1:03:27 PM org.pabk.emanager.MessageCollector businessLogic
INFO: MessageCollector goes to SLEEP
sep 26, 2013 1:03:32 PM org.pabk.emanager.MessageCollector businessLogic
INFO: MessageCollector is WORKING
sep 26, 2013 1:03:32 PM org.pabk.emanager.MessageCollector addMessages
INFO: Found directory \\P3600X006\D$\Programy\BB\ARCHIVE\BATCH\DN_queue
sep 26, 2013 1:03:32 PM org.pabk.emanager.MessageCollector addMessages
INFO: Found directory \\P3600X006\D$\Programy\BB\ARCHIVE\BATCH\MT5XX_IO2
sep 26, 2013 1:03:32 PM org.pabk.emanager.MessageCollector addMessages
INFO: Found directory \\P3600X006\D$\Programy\BB\ARCHIVE\BATCH\Vypisy_DF
sep 26, 2013 1:03:32 PM org.pabk.emanager.MessageCollector addMessages
WARNING: Error while processing file \\P3600X006\D$\Programy\BB\ARCHIVE\BATCH\Vypisy_DF\Vypisy_DF.rar (Unknown print format)
sep 26, 2013 1:03:32 PM org.pabk.emanager.MessageCollector businessLogic
INFO: MessageCollector goes to SLEEP
sep 26, 2013 1:03:37 PM org.pabk.emanager.MessageCollector businessLogic
INFO: MessageCollector is WORKING
sep 26, 2013 1:03:37 PM org.pabk.emanager.MessageCollector addMessages
INFO: Found directory \\P3600X006\D$\Programy\BB\ARCHIVE\BATCH\DN_queue
sep 26, 2013 1:03:37 PM org.pabk.emanager.MessageCollector addMessages
INFO: Found directory \\P3600X006\D$\Programy\BB\ARCHIVE\BATCH\MT5XX_IO2
sep 26, 2013 1:03:37 PM org.pabk.emanager.MessageCollector addMessages
INFO: Found directory \\P3600X006\D$\Programy\BB\ARCHIVE\BATCH\Vypisy_DF
sep 26, 2013 1:03:37 PM org.pabk.emanager.MessageCollector addMessages
WARNING: Error while processing file \\P3600X006\D$\Programy\BB\ARCHIVE\BATCH\Vypisy_DF\Vypisy_DF.rar (Unknown print format)
sep 26, 2013 1:03:37 PM org.pabk.emanager.MessageCollector businessLogic
INFO: MessageCollector goes to SLEEP
sep 26, 2013 1:03:42 PM org.pabk.emanager.MessageCollector businessLogic
INFO: MessageCollector is WORKING
sep 26, 2013 1:03:42 PM org.pabk.emanager.MessageCollector addMessages
INFO: Found directory \\P3600X006\D$\Programy\BB\ARCHIVE\BATCH\DN_queue
sep 26, 2013 1:03:42 PM org.pabk.emanager.MessageCollector addMessages
INFO: Found directory \\P3600X006\D$\Programy\BB\ARCHIVE\BATCH\MT5XX_IO2
sep 26, 2013 1:03:42 PM org.pabk.emanager.MessageCollector addMessages
INFO: Found directory \\P3600X006\D$\Programy\BB\ARCHIVE\BATCH\Vypisy_DF
sep 26, 2013 1:03:42 PM org.pabk.emanager.MessageCollector addMessages
WARNING: Error while processing file \\P3600X006\D$\Programy\BB\ARCHIVE\BATCH\Vypisy_DF\Vypisy_DF.rar (Unknown print format)
sep 26, 2013 1:03:42 PM org.pabk.emanager.MessageCollector businessLogic
INFO: MessageCollector goes to SLEEP
sep 26, 2013 1:03:47 PM org.pabk.emanager.MessageCollector businessLogic
INFO: MessageCollector is WORKING
sep 26, 2013 1:03:47 PM org.pabk.emanager.MessageCollector addMessages
INFO: Found directory \\P3600X006\D$\Programy\BB\ARCHIVE\BATCH\DN_queue
sep 26, 2013 1:03:47 PM org.pabk.emanager.MessageCollector addMessages
INFO: Found directory \\P3600X006\D$\Programy\BB\ARCHIVE\BATCH\MT5XX_IO2
sep 26, 2013 1:03:47 PM org.pabk.emanager.MessageCollector addMessages
INFO: Found directory \\P3600X006\D$\Programy\BB\ARCHIVE\BATCH\Vypisy_DF
sep 26, 2013 1:03:47 PM org.pabk.emanager.MessageCollector addMessages
WARNING: Error while processing file \\P3600X006\D$\Programy\BB\ARCHIVE\BATCH\Vypisy_DF\Vypisy_DF.rar (Unknown print format)
sep 26, 2013 1:03:47 PM org.pabk.emanager.MessageCollector businessLogic
INFO: MessageCollector goes to SLEEP
sep 26, 2013 1:03:52 PM org.pabk.emanager.MessageCollector businessLogic
INFO: MessageCollector is WORKING
sep 26, 2013 1:03:52 PM org.pabk.emanager.MessageCollector addMessages
INFO: Found directory \\P3600X006\D$\Programy\BB\ARCHIVE\BATCH\DN_queue
sep 26, 2013 1:03:52 PM org.pabk.emanager.MessageCollector addMessages
INFO: Found directory \\P3600X006\D$\Programy\BB\ARCHIVE\BATCH\MT5XX_IO2
sep 26, 2013 1:03:52 PM org.pabk.emanager.MessageCollector addMessages
INFO: Found directory \\P3600X006\D$\Programy\BB\ARCHIVE\BATCH\Vypisy_DF
sep 26, 2013 1:03:52 PM org.pabk.emanager.MessageCollector addMessages
WARNING: Error while processing file \\P3600X006\D$\Programy\BB\ARCHIVE\BATCH\Vypisy_DF\Vypisy_DF.rar (Unknown print format)
sep 26, 2013 1:03:52 PM org.pabk.emanager.MessageCollector businessLogic
INFO: MessageCollector goes to SLEEP
sep 26, 2013 1:03:57 PM org.pabk.emanager.MessageCollector businessLogic
INFO: MessageCollector is WORKING
sep 26, 2013 1:03:57 PM org.pabk.emanager.MessageCollector addMessages
INFO: Found directory \\P3600X006\D$\Programy\BB\ARCHIVE\BATCH\DN_queue
sep 26, 2013 1:03:57 PM org.pabk.emanager.MessageCollector addMessages
INFO: Found directory \\P3600X006\D$\Programy\BB\ARCHIVE\BATCH\MT5XX_IO2
sep 26, 2013 1:03:57 PM org.pabk.emanager.MessageCollector addMessages
INFO: Found directory \\P3600X006\D$\Programy\BB\ARCHIVE\BATCH\Vypisy_DF
sep 26, 2013 1:03:57 PM org.pabk.emanager.MessageCollector addMessages
WARNING: Error while processing file \\P3600X006\D$\Programy\BB\ARCHIVE\BATCH\Vypisy_DF\Vypisy_DF.rar (Unknown print format)
sep 26, 2013 1:03:57 PM org.pabk.emanager.MessageCollector businessLogic
INFO: MessageCollector goes to SLEEP
sep 26, 2013 1:04:02 PM org.pabk.emanager.MessageCollector businessLogic
INFO: MessageCollector is WORKING
sep 26, 2013 1:04:02 PM org.pabk.emanager.MessageCollector addMessages
INFO: Found directory \\P3600X006\D$\Programy\BB\ARCHIVE\BATCH\DN_queue
sep 26, 2013 1:04:02 PM org.pabk.emanager.MessageCollector addMessages
INFO: Found directory \\P3600X006\D$\Programy\BB\ARCHIVE\BATCH\MT5XX_IO2
sep 26, 2013 1:04:02 PM org.pabk.emanager.MessageCollector addMessages
INFO: Found directory \\P3600X006\D$\Programy\BB\ARCHIVE\BATCH\Vypisy_DF
sep 26, 2013 1:04:02 PM org.pabk.emanager.MessageCollector addMessages
WARNING: Error while processing file \\P3600X006\D$\Programy\BB\ARCHIVE\BATCH\Vypisy_DF\Vypisy_DF.rar (Unknown print format)
sep 26, 2013 1:04:02 PM org.pabk.emanager.MessageCollector businessLogic
INFO: MessageCollector goes to SLEEP
sep 26, 2013 1:04:07 PM org.pabk.emanager.MessageCollector businessLogic
INFO: MessageCollector is WORKING
sep 26, 2013 1:04:07 PM org.pabk.emanager.MessageCollector addMessages
INFO: Found directory \\P3600X006\D$\Programy\BB\ARCHIVE\BATCH\DN_queue
sep 26, 2013 1:04:07 PM org.pabk.emanager.MessageCollector addMessages
INFO: Found directory \\P3600X006\D$\Programy\BB\ARCHIVE\BATCH\MT5XX_IO2
sep 26, 2013 1:04:07 PM org.pabk.emanager.MessageCollector addMessages
INFO: Found directory \\P3600X006\D$\Programy\BB\ARCHIVE\BATCH\Vypisy_DF
sep 26, 2013 1:04:07 PM org.pabk.emanager.MessageCollector addMessages
WARNING: Error while processing file \\P3600X006\D$\Programy\BB\ARCHIVE\BATCH\Vypisy_DF\Vypisy_DF.rar (Unknown print format)
sep 26, 2013 1:04:07 PM org.pabk.emanager.MessageCollector businessLogic
INFO: MessageCollector goes to SLEEP
sep 26, 2013 1:04:12 PM org.pabk.emanager.MessageCollector businessLogic
INFO: MessageCollector is WORKING
sep 26, 2013 1:04:12 PM org.pabk.emanager.MessageCollector addMessages
INFO: Found directory \\P3600X006\D$\Programy\BB\ARCHIVE\BATCH\DN_queue
sep 26, 2013 1:04:12 PM org.pabk.emanager.MessageCollector addMessages
INFO: Found directory \\P3600X006\D$\Programy\BB\ARCHIVE\BATCH\MT5XX_IO2
sep 26, 2013 1:04:12 PM org.pabk.emanager.MessageCollector addMessages
INFO: Found directory \\P3600X006\D$\Programy\BB\ARCHIVE\BATCH\Vypisy_DF
sep 26, 2013 1:04:12 PM org.pabk.emanager.MessageCollector addMessages
WARNING: Error while processing file \\P3600X006\D$\Programy\BB\ARCHIVE\BATCH\Vypisy_DF\Vypisy_DF.rar (Unknown print format)
sep 26, 2013 1:04:12 PM org.pabk.emanager.MessageCollector businessLogic
INFO: MessageCollector goes to SLEEP
sep 26, 2013 1:04:17 PM org.pabk.emanager.MessageCollector businessLogic
INFO: MessageCollector is WORKING
sep 26, 2013 1:04:17 PM org.pabk.emanager.MessageCollector addMessages
INFO: Found directory \\P3600X006\D$\Programy\BB\ARCHIVE\BATCH\DN_queue
sep 26, 2013 1:04:17 PM org.pabk.emanager.MessageCollector addMessages
INFO: Found directory \\P3600X006\D$\Programy\BB\ARCHIVE\BATCH\MT5XX_IO2
sep 26, 2013 1:04:17 PM org.pabk.emanager.MessageCollector addMessages
INFO: Found directory \\P3600X006\D$\Programy\BB\ARCHIVE\BATCH\Vypisy_DF
sep 26, 2013 1:04:17 PM org.pabk.emanager.MessageCollector addMessages
WARNING: Error while processing file \\P3600X006\D$\Programy\BB\ARCHIVE\BATCH\Vypisy_DF\Vypisy_DF.rar (Unknown print format)
sep 26, 2013 1:04:17 PM org.pabk.emanager.MessageCollector businessLogic
INFO: MessageCollector goes to SLEEP
