feb 25, 2015 12:44:28 PM org.pabk.emanager.HandlerImpl init
INFO: messagecollector: logger messagecollector is successfully initailized!
feb 25, 2015 12:44:28 PM org.pabk.emanager.HandlerImpl run
INFO: Module org.pabk.emanager.MessageCollector is started!
feb 25, 2015 12:44:28 PM org.pabk.emanager.HandlerImpl checkNeededModules
WARNING: Module org.pabk.emanager.MessageCollector needs module messagehandler to working!
feb 25, 2015 12:44:29 PM org.pabk.emanager.MessageCollector businessLogic
INFO: Used Default Alliance Access servers: P3600X006
feb 25, 2015 12:44:29 PM org.pabk.emanager.MessageCollector businessLogic
INFO: Used default print messages store folders:D$\Programy\BB\ARCHIVE\BATCH\DN_queue,D$\Programy\BB\ARCHIVE\BATCH\MT5XX_IO2,D$\Programy\BB\ARCHIVE\BATCH\Vypisy_DF
feb 25, 2015 12:44:29 PM org.pabk.emanager.MessageCollector businessLogic
INFO: Used default fin messages store folders:
feb 25, 2015 12:44:29 PM org.pabk.emanager.MessageCollector businessLogic
INFO: MessageCollector is WORKING
feb 25, 2015 12:44:29 PM org.pabk.emanager.MessageCollector addMessages
INFO: Found directory \\P3600X006\D$\Programy\BB\ARCHIVE\BATCH\DN_queue
feb 25, 2015 12:44:29 PM org.pabk.emanager.MessageCollector addMessages
INFO: Found directory \\P3600X006\D$\Programy\BB\ARCHIVE\BATCH\MT5XX_IO2
feb 25, 2015 12:44:29 PM org.pabk.emanager.MessageCollector addMessages
INFO: Found directory \\P3600X006\D$\Programy\BB\ARCHIVE\BATCH\Vypisy_DF
feb 25, 2015 12:44:29 PM org.pabk.emanager.MessageCollector addMessages
WARNING: Error while processing file \\P3600X006\D$\Programy\BB\ARCHIVE\BATCH\Vypisy_DF\Vypisy_DF.rar (Unknown print format)
feb 25, 2015 12:44:29 PM org.pabk.emanager.MessageCollector businessLogic
INFO: MessageCollector goes to SLEEP
feb 25, 2015 12:44:34 PM org.pabk.emanager.MessageCollector businessLogic
INFO: MessageCollector is WORKING
feb 25, 2015 12:44:34 PM org.pabk.emanager.MessageCollector addMessages
INFO: Found directory \\P3600X006\D$\Programy\BB\ARCHIVE\BATCH\DN_queue
feb 25, 2015 12:44:34 PM org.pabk.emanager.MessageCollector addMessages
INFO: Found directory \\P3600X006\D$\Programy\BB\ARCHIVE\BATCH\MT5XX_IO2
feb 25, 2015 12:44:34 PM org.pabk.emanager.MessageCollector addMessages
INFO: Found directory \\P3600X006\D$\Programy\BB\ARCHIVE\BATCH\Vypisy_DF
feb 25, 2015 12:44:34 PM org.pabk.emanager.MessageCollector addMessages
WARNING: Error while processing file \\P3600X006\D$\Programy\BB\ARCHIVE\BATCH\Vypisy_DF\Vypisy_DF.rar (Unknown print format)
feb 25, 2015 12:44:34 PM org.pabk.emanager.MessageCollector businessLogic
INFO: MessageCollector goes to SLEEP
feb 25, 2015 12:44:39 PM org.pabk.emanager.MessageCollector businessLogic
INFO: MessageCollector is WORKING
feb 25, 2015 12:44:39 PM org.pabk.emanager.MessageCollector addMessages
INFO: Found directory \\P3600X006\D$\Programy\BB\ARCHIVE\BATCH\DN_queue
feb 25, 2015 12:44:39 PM org.pabk.emanager.MessageCollector addMessages
INFO: Found directory \\P3600X006\D$\Programy\BB\ARCHIVE\BATCH\MT5XX_IO2
feb 25, 2015 12:44:39 PM org.pabk.emanager.MessageCollector addMessages
INFO: Found directory \\P3600X006\D$\Programy\BB\ARCHIVE\BATCH\Vypisy_DF
feb 25, 2015 12:44:39 PM org.pabk.emanager.MessageCollector addMessages
WARNING: Error while processing file \\P3600X006\D$\Programy\BB\ARCHIVE\BATCH\Vypisy_DF\Vypisy_DF.rar (Unknown print format)
feb 25, 2015 12:44:39 PM org.pabk.emanager.MessageCollector businessLogic
INFO: MessageCollector goes to SLEEP
