apr 21, 2015 7:29:00 AM org.pabk.emanager.HandlerImpl init
INFO: dbconnector: logger dbconnector is successfully initailized!
apr 21, 2015 7:29:00 AM org.pabk.emanager.HandlerImpl run
INFO: Module org.pabk.emanager.DBConnector is started!
apr 21, 2015 7:29:00 AM org.pabk.emanager.DBConnector businessLogic
INFO: Defined table batch format server: conf/table_%s.sql
apr 21, 2015 7:29:00 AM org.pabk.emanager.DBConnector businessLogic
INFO: Load tables: fin_msgs,saa_traps,mail_msgs
apr 21, 2015 7:29:00 AM org.pabk.emanager.DBConnector getDb
INFO: Thread[Thread-3,5,main] LOCK the access to Thread[Thread-2,5,main]
apr 21, 2015 7:29:00 AM org.pabk.emanager.DBConnector select
INFO: SELECT * FROM SAA_TRAPS where SAA_IP_ADDRESS = '10.1.129.251' and STATUS ='0'
apr 21, 2015 7:29:00 AM org.pabk.emanager.DBConnector businessLogic
INFO: table fin_msgs already exixts and will not be loaded
apr 21, 2015 7:29:00 AM org.pabk.emanager.DBConnector close
INFO: Thread[Thread-3,5,main] UNLOCK the access to Thread[Thread-2,5,main]
apr 21, 2015 7:29:00 AM org.pabk.emanager.DBConnector businessLogic
INFO: table saa_traps already exixts and will not be loaded
apr 21, 2015 7:29:00 AM org.pabk.emanager.DBConnector businessLogic
INFO: table mail_msgs already exixts and will not be loaded
apr 21, 2015 7:29:00 AM org.pabk.emanager.DBConnector businessLogic
INFO: Module org.pabk.emanager.DBConnector goes to SLEEP
apr 21, 2015 7:29:10 AM org.pabk.emanager.DBConnector getDb
INFO: Thread[Thread-3,5,main] LOCK the access to Thread[Thread-2,5,main]
apr 21, 2015 7:29:10 AM org.pabk.emanager.DBConnector select
INFO: SELECT * FROM SAA_TRAPS where SAA_IP_ADDRESS = '10.1.129.251' and STATUS ='0'
apr 21, 2015 7:29:10 AM org.pabk.emanager.DBConnector close
INFO: Thread[Thread-3,5,main] UNLOCK the access to Thread[Thread-2,5,main]
apr 21, 2015 7:29:20 AM org.pabk.emanager.DBConnector getDb
INFO: Thread[Thread-3,5,main] LOCK the access to Thread[Thread-2,5,main]
apr 21, 2015 7:29:20 AM org.pabk.emanager.DBConnector select
INFO: SELECT * FROM SAA_TRAPS where SAA_IP_ADDRESS = '10.1.129.251' and STATUS ='0'
apr 21, 2015 7:29:20 AM org.pabk.emanager.DBConnector close
INFO: Thread[Thread-3,5,main] UNLOCK the access to Thread[Thread-2,5,main]
apr 21, 2015 7:29:30 AM org.pabk.emanager.DBConnector getDb
INFO: Thread[Thread-3,5,main] LOCK the access to Thread[Thread-2,5,main]
apr 21, 2015 7:29:30 AM org.pabk.emanager.DBConnector select
INFO: SELECT * FROM SAA_TRAPS where SAA_IP_ADDRESS = '10.1.129.251' and STATUS ='0'
apr 21, 2015 7:29:30 AM org.pabk.emanager.DBConnector close
INFO: Thread[Thread-3,5,main] UNLOCK the access to Thread[Thread-2,5,main]
apr 21, 2015 7:29:40 AM org.pabk.emanager.DBConnector getDb
INFO: Thread[Thread-3,5,main] LOCK the access to Thread[Thread-2,5,main]
apr 21, 2015 7:29:40 AM org.pabk.emanager.DBConnector select
INFO: SELECT * FROM SAA_TRAPS where SAA_IP_ADDRESS = '10.1.129.251' and STATUS ='0'
apr 21, 2015 7:29:40 AM org.pabk.emanager.DBConnector close
INFO: Thread[Thread-3,5,main] UNLOCK the access to Thread[Thread-2,5,main]
apr 21, 2015 7:29:50 AM org.pabk.emanager.DBConnector getDb
INFO: Thread[Thread-3,5,main] LOCK the access to Thread[Thread-2,5,main]
apr 21, 2015 7:29:50 AM org.pabk.emanager.DBConnector select
INFO: SELECT * FROM SAA_TRAPS where SAA_IP_ADDRESS = '10.1.129.251' and STATUS ='0'
apr 21, 2015 7:29:50 AM org.pabk.emanager.DBConnector close
INFO: Thread[Thread-3,5,main] UNLOCK the access to Thread[Thread-2,5,main]
apr 21, 2015 7:30:00 AM org.pabk.emanager.DBConnector getDb
INFO: Thread[Thread-3,5,main] LOCK the access to Thread[Thread-2,5,main]
apr 21, 2015 7:30:00 AM org.pabk.emanager.DBConnector select
INFO: SELECT * FROM SAA_TRAPS where SAA_IP_ADDRESS = '10.1.129.251' and STATUS ='0'
apr 21, 2015 7:30:00 AM org.pabk.emanager.DBConnector close
INFO: Thread[Thread-3,5,main] UNLOCK the access to Thread[Thread-2,5,main]
apr 21, 2015 7:30:10 AM org.pabk.emanager.DBConnector getDb
INFO: Thread[Thread-3,5,main] LOCK the access to Thread[Thread-2,5,main]
apr 21, 2015 7:30:10 AM org.pabk.emanager.DBConnector select
INFO: SELECT * FROM SAA_TRAPS where SAA_IP_ADDRESS = '10.1.129.251' and STATUS ='0'
apr 21, 2015 7:30:10 AM org.pabk.emanager.DBConnector close
INFO: Thread[Thread-3,5,main] UNLOCK the access to Thread[Thread-2,5,main]
apr 21, 2015 7:30:20 AM org.pabk.emanager.DBConnector getDb
INFO: Thread[Thread-3,5,main] LOCK the access to Thread[Thread-2,5,main]
apr 21, 2015 7:30:20 AM org.pabk.emanager.DBConnector select
INFO: SELECT * FROM SAA_TRAPS where SAA_IP_ADDRESS = '10.1.129.251' and STATUS ='0'
apr 21, 2015 7:30:20 AM org.pabk.emanager.DBConnector close
INFO: Thread[Thread-3,5,main] UNLOCK the access to Thread[Thread-2,5,main]
apr 21, 2015 7:30:30 AM org.pabk.emanager.DBConnector getDb
INFO: Thread[Thread-3,5,main] LOCK the access to Thread[Thread-2,5,main]
apr 21, 2015 7:30:30 AM org.pabk.emanager.DBConnector select
INFO: SELECT * FROM SAA_TRAPS where SAA_IP_ADDRESS = '10.1.129.251' and STATUS ='0'
apr 21, 2015 7:30:30 AM org.pabk.emanager.DBConnector close
INFO: Thread[Thread-3,5,main] UNLOCK the access to Thread[Thread-2,5,main]
apr 21, 2015 7:30:40 AM org.pabk.emanager.DBConnector getDb
INFO: Thread[Thread-3,5,main] LOCK the access to Thread[Thread-2,5,main]
apr 21, 2015 7:30:40 AM org.pabk.emanager.DBConnector select
INFO: SELECT * FROM SAA_TRAPS where SAA_IP_ADDRESS = '10.1.129.251' and STATUS ='0'
apr 21, 2015 7:30:40 AM org.pabk.emanager.DBConnector close
INFO: Thread[Thread-3,5,main] UNLOCK the access to Thread[Thread-2,5,main]
apr 21, 2015 7:30:50 AM org.pabk.emanager.DBConnector getDb
INFO: Thread[Thread-3,5,main] LOCK the access to Thread[Thread-2,5,main]
apr 21, 2015 7:30:50 AM org.pabk.emanager.DBConnector select
INFO: SELECT * FROM SAA_TRAPS where SAA_IP_ADDRESS = '10.1.129.251' and STATUS ='0'
apr 21, 2015 7:30:50 AM org.pabk.emanager.DBConnector close
INFO: Thread[Thread-3,5,main] UNLOCK the access to Thread[Thread-2,5,main]
apr 21, 2015 7:31:00 AM org.pabk.emanager.DBConnector getDb
INFO: Thread[Thread-3,5,main] LOCK the access to Thread[Thread-2,5,main]
apr 21, 2015 7:31:00 AM org.pabk.emanager.DBConnector select
INFO: SELECT * FROM SAA_TRAPS where SAA_IP_ADDRESS = '10.1.129.251' and STATUS ='0'
apr 21, 2015 7:31:00 AM org.pabk.emanager.DBConnector close
INFO: Thread[Thread-3,5,main] UNLOCK the access to Thread[Thread-2,5,main]
apr 21, 2015 7:31:10 AM org.pabk.emanager.DBConnector getDb
INFO: Thread[Thread-3,5,main] LOCK the access to Thread[Thread-2,5,main]
apr 21, 2015 7:31:10 AM org.pabk.emanager.DBConnector select
INFO: SELECT * FROM SAA_TRAPS where SAA_IP_ADDRESS = '10.1.129.251' and STATUS ='0'
apr 21, 2015 7:31:10 AM org.pabk.emanager.DBConnector close
INFO: Thread[Thread-3,5,main] UNLOCK the access to Thread[Thread-2,5,main]
apr 21, 2015 7:31:20 AM org.pabk.emanager.DBConnector getDb
INFO: Thread[Thread-3,5,main] LOCK the access to Thread[Thread-2,5,main]
apr 21, 2015 7:31:20 AM org.pabk.emanager.DBConnector select
INFO: SELECT * FROM SAA_TRAPS where SAA_IP_ADDRESS = '10.1.129.251' and STATUS ='0'
apr 21, 2015 7:31:20 AM org.pabk.emanager.DBConnector close
INFO: Thread[Thread-3,5,main] UNLOCK the access to Thread[Thread-2,5,main]
apr 21, 2015 7:31:30 AM org.pabk.emanager.DBConnector getDb
INFO: Thread[Thread-3,5,main] LOCK the access to Thread[Thread-2,5,main]
apr 21, 2015 7:31:30 AM org.pabk.emanager.DBConnector select
INFO: SELECT * FROM SAA_TRAPS where SAA_IP_ADDRESS = '10.1.129.251' and STATUS ='0'
apr 21, 2015 7:31:30 AM org.pabk.emanager.DBConnector close
INFO: Thread[Thread-3,5,main] UNLOCK the access to Thread[Thread-2,5,main]
apr 21, 2015 7:31:40 AM org.pabk.emanager.DBConnector getDb
INFO: Thread[Thread-3,5,main] LOCK the access to Thread[Thread-2,5,main]
apr 21, 2015 7:31:40 AM org.pabk.emanager.DBConnector select
INFO: SELECT * FROM SAA_TRAPS where SAA_IP_ADDRESS = '10.1.129.251' and STATUS ='0'
apr 21, 2015 7:31:40 AM org.pabk.emanager.DBConnector close
INFO: Thread[Thread-3,5,main] UNLOCK the access to Thread[Thread-2,5,main]
apr 21, 2015 7:31:50 AM org.pabk.emanager.DBConnector getDb
INFO: Thread[Thread-3,5,main] LOCK the access to Thread[Thread-2,5,main]
apr 21, 2015 7:31:50 AM org.pabk.emanager.DBConnector select
INFO: SELECT * FROM SAA_TRAPS where SAA_IP_ADDRESS = '10.1.129.251' and STATUS ='0'
apr 21, 2015 7:31:50 AM org.pabk.emanager.DBConnector close
INFO: Thread[Thread-3,5,main] UNLOCK the access to Thread[Thread-2,5,main]
apr 21, 2015 7:32:00 AM org.pabk.emanager.DBConnector getDb
INFO: Thread[Thread-3,5,main] LOCK the access to Thread[Thread-2,5,main]
apr 21, 2015 7:32:00 AM org.pabk.emanager.DBConnector select
INFO: SELECT * FROM SAA_TRAPS where SAA_IP_ADDRESS = '10.1.129.251' and STATUS ='0'
apr 21, 2015 7:32:00 AM org.pabk.emanager.DBConnector close
INFO: Thread[Thread-3,5,main] UNLOCK the access to Thread[Thread-2,5,main]
apr 21, 2015 7:32:10 AM org.pabk.emanager.DBConnector getDb
INFO: Thread[Thread-3,5,main] LOCK the access to Thread[Thread-2,5,main]
apr 21, 2015 7:32:10 AM org.pabk.emanager.DBConnector select
INFO: SELECT * FROM SAA_TRAPS where SAA_IP_ADDRESS = '10.1.129.251' and STATUS ='0'
apr 21, 2015 7:32:10 AM org.pabk.emanager.DBConnector close
INFO: Thread[Thread-3,5,main] UNLOCK the access to Thread[Thread-2,5,main]
apr 21, 2015 7:32:20 AM org.pabk.emanager.DBConnector getDb
INFO: Thread[Thread-3,5,main] LOCK the access to Thread[Thread-2,5,main]
apr 21, 2015 7:32:20 AM org.pabk.emanager.DBConnector select
INFO: SELECT * FROM SAA_TRAPS where SAA_IP_ADDRESS = '10.1.129.251' and STATUS ='0'
apr 21, 2015 7:32:20 AM org.pabk.emanager.DBConnector close
INFO: Thread[Thread-3,5,main] UNLOCK the access to Thread[Thread-2,5,main]
apr 21, 2015 7:32:30 AM org.pabk.emanager.DBConnector getDb
INFO: Thread[Thread-3,5,main] LOCK the access to Thread[Thread-2,5,main]
apr 21, 2015 7:32:30 AM org.pabk.emanager.DBConnector select
INFO: SELECT * FROM SAA_TRAPS where SAA_IP_ADDRESS = '10.1.129.251' and STATUS ='0'
apr 21, 2015 7:32:30 AM org.pabk.emanager.DBConnector close
INFO: Thread[Thread-3,5,main] UNLOCK the access to Thread[Thread-2,5,main]
apr 21, 2015 7:32:40 AM org.pabk.emanager.DBConnector getDb
INFO: Thread[Thread-3,5,main] LOCK the access to Thread[Thread-2,5,main]
apr 21, 2015 7:32:40 AM org.pabk.emanager.DBConnector select
INFO: SELECT * FROM SAA_TRAPS where SAA_IP_ADDRESS = '10.1.129.251' and STATUS ='0'
apr 21, 2015 7:32:40 AM org.pabk.emanager.DBConnector close
INFO: Thread[Thread-3,5,main] UNLOCK the access to Thread[Thread-2,5,main]
apr 21, 2015 7:32:50 AM org.pabk.emanager.DBConnector getDb
INFO: Thread[Thread-3,5,main] LOCK the access to Thread[Thread-2,5,main]
apr 21, 2015 7:32:50 AM org.pabk.emanager.DBConnector select
INFO: SELECT * FROM SAA_TRAPS where SAA_IP_ADDRESS = '10.1.129.251' and STATUS ='0'
apr 21, 2015 7:32:50 AM org.pabk.emanager.DBConnector close
INFO: Thread[Thread-3,5,main] UNLOCK the access to Thread[Thread-2,5,main]
apr 21, 2015 7:33:00 AM org.pabk.emanager.DBConnector getDb
INFO: Thread[Thread-3,5,main] LOCK the access to Thread[Thread-2,5,main]
apr 21, 2015 7:33:00 AM org.pabk.emanager.DBConnector select
INFO: SELECT * FROM SAA_TRAPS where SAA_IP_ADDRESS = '10.1.129.251' and STATUS ='0'
apr 21, 2015 7:33:00 AM org.pabk.emanager.DBConnector close
INFO: Thread[Thread-3,5,main] UNLOCK the access to Thread[Thread-2,5,main]
apr 21, 2015 7:33:10 AM org.pabk.emanager.DBConnector getDb
INFO: Thread[Thread-3,5,main] LOCK the access to Thread[Thread-2,5,main]
apr 21, 2015 7:33:10 AM org.pabk.emanager.DBConnector select
INFO: SELECT * FROM SAA_TRAPS where SAA_IP_ADDRESS = '10.1.129.251' and STATUS ='0'
apr 21, 2015 7:33:10 AM org.pabk.emanager.DBConnector close
INFO: Thread[Thread-3,5,main] UNLOCK the access to Thread[Thread-2,5,main]
apr 21, 2015 7:33:20 AM org.pabk.emanager.DBConnector getDb
INFO: Thread[Thread-3,5,main] LOCK the access to Thread[Thread-2,5,main]
apr 21, 2015 7:33:20 AM org.pabk.emanager.DBConnector select
INFO: SELECT * FROM SAA_TRAPS where SAA_IP_ADDRESS = '10.1.129.251' and STATUS ='0'
apr 21, 2015 7:33:20 AM org.pabk.emanager.DBConnector close
INFO: Thread[Thread-3,5,main] UNLOCK the access to Thread[Thread-2,5,main]
apr 21, 2015 7:33:30 AM org.pabk.emanager.DBConnector getDb
INFO: Thread[Thread-3,5,main] LOCK the access to Thread[Thread-2,5,main]
apr 21, 2015 7:33:30 AM org.pabk.emanager.DBConnector select
INFO: SELECT * FROM SAA_TRAPS where SAA_IP_ADDRESS = '10.1.129.251' and STATUS ='0'
apr 21, 2015 7:33:30 AM org.pabk.emanager.DBConnector close
INFO: Thread[Thread-3,5,main] UNLOCK the access to Thread[Thread-2,5,main]
apr 21, 2015 7:33:40 AM org.pabk.emanager.DBConnector getDb
INFO: Thread[Thread-3,5,main] LOCK the access to Thread[Thread-2,5,main]
apr 21, 2015 7:33:40 AM org.pabk.emanager.DBConnector select
INFO: SELECT * FROM SAA_TRAPS where SAA_IP_ADDRESS = '10.1.129.251' and STATUS ='0'
apr 21, 2015 7:33:40 AM org.pabk.emanager.DBConnector close
INFO: Thread[Thread-3,5,main] UNLOCK the access to Thread[Thread-2,5,main]
apr 21, 2015 7:33:50 AM org.pabk.emanager.DBConnector getDb
INFO: Thread[Thread-3,5,main] LOCK the access to Thread[Thread-2,5,main]
apr 21, 2015 7:33:50 AM org.pabk.emanager.DBConnector select
INFO: SELECT * FROM SAA_TRAPS where SAA_IP_ADDRESS = '10.1.129.251' and STATUS ='0'
apr 21, 2015 7:33:50 AM org.pabk.emanager.DBConnector close
INFO: Thread[Thread-3,5,main] UNLOCK the access to Thread[Thread-2,5,main]
apr 21, 2015 7:34:00 AM org.pabk.emanager.DBConnector getDb
INFO: Thread[Thread-3,5,main] LOCK the access to Thread[Thread-2,5,main]
apr 21, 2015 7:34:00 AM org.pabk.emanager.DBConnector select
INFO: SELECT * FROM SAA_TRAPS where SAA_IP_ADDRESS = '10.1.129.251' and STATUS ='0'
apr 21, 2015 7:34:00 AM org.pabk.emanager.DBConnector close
INFO: Thread[Thread-3,5,main] UNLOCK the access to Thread[Thread-2,5,main]
