apr 20, 2015 2:48:03 PM org.pabk.emanager.HandlerImpl init
INFO: dbconnector: logger dbconnector is successfully initailized!
apr 20, 2015 2:48:03 PM org.pabk.emanager.HandlerImpl run
INFO: Module org.pabk.emanager.DBConnector is started!
apr 20, 2015 2:48:03 PM org.pabk.emanager.DBConnector businessLogic
INFO: Defined table batch format server: conf/table_%s.sql
apr 20, 2015 2:48:03 PM org.pabk.emanager.DBConnector businessLogic
INFO: Load tables: fin_msgs,saa_traps,mail_msgs
apr 20, 2015 2:48:03 PM org.pabk.emanager.DBConnector getDb
INFO: Thread[Thread-3,5,main] LOCK the access to Thread[Thread-2,5,main]
apr 20, 2015 2:48:03 PM org.pabk.emanager.DBConnector select
INFO: SELECT * FROM SAA_TRAPS where SAA_IP_ADDRESS = '10.1.129.251' and STATUS ='0'
apr 20, 2015 2:48:03 PM org.pabk.emanager.DBConnector businessLogic
INFO: table fin_msgs already exixts and will not be loaded
apr 20, 2015 2:48:03 PM org.pabk.emanager.DBConnector close
INFO: Thread[Thread-3,5,main] UNLOCK the access to Thread[Thread-2,5,main]
apr 20, 2015 2:48:03 PM org.pabk.emanager.DBConnector businessLogic
INFO: table saa_traps already exixts and will not be loaded
apr 20, 2015 2:48:03 PM org.pabk.emanager.DBConnector businessLogic
INFO: table mail_msgs already exixts and will not be loaded
apr 20, 2015 2:48:03 PM org.pabk.emanager.DBConnector businessLogic
INFO: Module org.pabk.emanager.DBConnector goes to SLEEP
apr 20, 2015 2:48:13 PM org.pabk.emanager.DBConnector getDb
INFO: Thread[Thread-3,5,main] LOCK the access to Thread[Thread-2,5,main]
apr 20, 2015 2:48:13 PM org.pabk.emanager.DBConnector select
INFO: SELECT * FROM SAA_TRAPS where SAA_IP_ADDRESS = '10.1.129.251' and STATUS ='0'
apr 20, 2015 2:48:13 PM org.pabk.emanager.DBConnector close
INFO: Thread[Thread-3,5,main] UNLOCK the access to Thread[Thread-2,5,main]
apr 20, 2015 2:48:23 PM org.pabk.emanager.DBConnector getDb
INFO: Thread[Thread-3,5,main] LOCK the access to Thread[Thread-2,5,main]
apr 20, 2015 2:48:23 PM org.pabk.emanager.DBConnector select
INFO: SELECT * FROM SAA_TRAPS where SAA_IP_ADDRESS = '10.1.129.251' and STATUS ='0'
apr 20, 2015 2:48:23 PM org.pabk.emanager.DBConnector close
INFO: Thread[Thread-3,5,main] UNLOCK the access to Thread[Thread-2,5,main]
apr 20, 2015 2:48:33 PM org.pabk.emanager.DBConnector getDb
INFO: Thread[Thread-3,5,main] LOCK the access to Thread[Thread-2,5,main]
apr 20, 2015 2:48:33 PM org.pabk.emanager.DBConnector select
INFO: SELECT * FROM SAA_TRAPS where SAA_IP_ADDRESS = '10.1.129.251' and STATUS ='0'
apr 20, 2015 2:48:33 PM org.pabk.emanager.DBConnector close
INFO: Thread[Thread-3,5,main] UNLOCK the access to Thread[Thread-2,5,main]
apr 20, 2015 2:48:43 PM org.pabk.emanager.DBConnector getDb
INFO: Thread[Thread-3,5,main] LOCK the access to Thread[Thread-2,5,main]
apr 20, 2015 2:48:43 PM org.pabk.emanager.DBConnector select
INFO: SELECT * FROM SAA_TRAPS where SAA_IP_ADDRESS = '10.1.129.251' and STATUS ='0'
apr 20, 2015 2:48:43 PM org.pabk.emanager.DBConnector close
INFO: Thread[Thread-3,5,main] UNLOCK the access to Thread[Thread-2,5,main]
apr 20, 2015 2:48:53 PM org.pabk.emanager.DBConnector getDb
INFO: Thread[Thread-3,5,main] LOCK the access to Thread[Thread-2,5,main]
apr 20, 2015 2:48:53 PM org.pabk.emanager.DBConnector select
INFO: SELECT * FROM SAA_TRAPS where SAA_IP_ADDRESS = '10.1.129.251' and STATUS ='0'
apr 20, 2015 2:48:53 PM org.pabk.emanager.DBConnector close
INFO: Thread[Thread-3,5,main] UNLOCK the access to Thread[Thread-2,5,main]
apr 20, 2015 2:49:03 PM org.pabk.emanager.DBConnector getDb
INFO: Thread[Thread-3,5,main] LOCK the access to Thread[Thread-2,5,main]
apr 20, 2015 2:49:03 PM org.pabk.emanager.DBConnector select
INFO: SELECT * FROM SAA_TRAPS where SAA_IP_ADDRESS = '10.1.129.251' and STATUS ='0'
apr 20, 2015 2:49:03 PM org.pabk.emanager.DBConnector close
INFO: Thread[Thread-3,5,main] UNLOCK the access to Thread[Thread-2,5,main]
apr 20, 2015 2:49:13 PM org.pabk.emanager.DBConnector getDb
INFO: Thread[Thread-3,5,main] LOCK the access to Thread[Thread-2,5,main]
apr 20, 2015 2:49:13 PM org.pabk.emanager.DBConnector select
INFO: SELECT * FROM SAA_TRAPS where SAA_IP_ADDRESS = '10.1.129.251' and STATUS ='0'
apr 20, 2015 2:49:13 PM org.pabk.emanager.DBConnector close
INFO: Thread[Thread-3,5,main] UNLOCK the access to Thread[Thread-2,5,main]
apr 20, 2015 2:49:23 PM org.pabk.emanager.DBConnector getDb
INFO: Thread[Thread-3,5,main] LOCK the access to Thread[Thread-2,5,main]
apr 20, 2015 2:49:23 PM org.pabk.emanager.DBConnector select
INFO: SELECT * FROM SAA_TRAPS where SAA_IP_ADDRESS = '10.1.129.251' and STATUS ='0'
apr 20, 2015 2:49:23 PM org.pabk.emanager.DBConnector close
INFO: Thread[Thread-3,5,main] UNLOCK the access to Thread[Thread-2,5,main]
apr 20, 2015 2:49:33 PM org.pabk.emanager.DBConnector getDb
INFO: Thread[Thread-3,5,main] LOCK the access to Thread[Thread-2,5,main]
apr 20, 2015 2:49:33 PM org.pabk.emanager.DBConnector select
INFO: SELECT * FROM SAA_TRAPS where SAA_IP_ADDRESS = '10.1.129.251' and STATUS ='0'
apr 20, 2015 2:49:33 PM org.pabk.emanager.DBConnector close
INFO: Thread[Thread-3,5,main] UNLOCK the access to Thread[Thread-2,5,main]
