apr 21, 2015 7:45:16 AM org.pabk.emanager.HandlerImpl init
INFO: dbconnector: logger dbconnector is successfully initailized!
apr 21, 2015 7:45:16 AM org.pabk.emanager.HandlerImpl run
INFO: Module org.pabk.emanager.DBConnector is started!
apr 21, 2015 7:45:16 AM org.pabk.emanager.DBConnector businessLogic
INFO: Defined table batch format server: conf/table_%s.sql
apr 21, 2015 7:45:16 AM org.pabk.emanager.DBConnector businessLogic
INFO: Load tables: fin_msgs,saa_traps,mail_msgs
apr 21, 2015 7:45:16 AM org.pabk.emanager.DBConnector getDb
INFO: Thread[Thread-3,5,main] LOCK the access to Thread[Thread-2,5,main]
apr 21, 2015 7:45:16 AM org.pabk.emanager.DBConnector businessLogic
INFO: table fin_msgs already exixts and will not be loaded
apr 21, 2015 7:45:16 AM org.pabk.emanager.DBConnector select
INFO: SELECT * FROM SAA_TRAPS where SAA_IP_ADDRESS = '10.1.129.251' and STATUS ='0'
apr 21, 2015 7:45:16 AM org.pabk.emanager.DBConnector wait
WARNING: Thread[Thread-5,5,main] trying to access Thread[Thread-2,5,main] but access is locked by Thread[Thread-3,5,main]
apr 21, 2015 7:45:16 AM org.pabk.emanager.DBConnector businessLogic
INFO: table saa_traps already exixts and will not be loaded
apr 21, 2015 7:45:16 AM org.pabk.emanager.DBConnector businessLogic
INFO: table mail_msgs already exixts and will not be loaded
apr 21, 2015 7:45:16 AM org.pabk.emanager.DBConnector businessLogic
INFO: Module org.pabk.emanager.DBConnector goes to SLEEP
apr 21, 2015 7:45:16 AM org.pabk.emanager.DBConnector close
INFO: Thread[Thread-3,5,main] UNLOCK the access to Thread[Thread-2,5,main]
apr 21, 2015 7:45:26 AM org.pabk.emanager.DBConnector getDb
INFO: Thread[Thread-5,5,main] LOCK the access to Thread[Thread-2,5,main]
apr 21, 2015 7:45:26 AM org.pabk.emanager.DBConnector select
INFO: SELECT * FROM MAIL_MSGS WHERE STATUS = '0'
apr 21, 2015 7:45:26 AM org.pabk.emanager.DBConnector close
INFO: Thread[Thread-5,5,main] UNLOCK the access to Thread[Thread-2,5,main]
apr 21, 2015 7:45:26 AM org.pabk.emanager.DBConnector getDb
INFO: Thread[Thread-3,5,main] LOCK the access to Thread[Thread-2,5,main]
apr 21, 2015 7:45:26 AM org.pabk.emanager.DBConnector select
INFO: SELECT * FROM SAA_TRAPS where SAA_IP_ADDRESS = '10.1.129.251' and STATUS ='0'
apr 21, 2015 7:45:26 AM org.pabk.emanager.DBConnector close
INFO: Thread[Thread-3,5,main] UNLOCK the access to Thread[Thread-2,5,main]
apr 21, 2015 7:45:27 AM org.pabk.emanager.DBConnector update
INFO: UPDATE MAIL_MSGS SET STATUS='1' WHERE ID = '68'
apr 21, 2015 7:45:27 AM org.pabk.emanager.DBConnector update
INFO: UPDATE MAIL_MSGS SET STATUS='1' WHERE ID = '69'
apr 21, 2015 7:45:27 AM org.pabk.emanager.DBConnector update
INFO: UPDATE MAIL_MSGS SET STATUS='1' WHERE ID = '70'
apr 21, 2015 7:45:28 AM org.pabk.emanager.DBConnector update
INFO: UPDATE MAIL_MSGS SET STATUS='1' WHERE ID = '71'
apr 21, 2015 7:45:36 AM org.pabk.emanager.DBConnector getDb
INFO: Thread[Thread-3,5,main] LOCK the access to Thread[Thread-2,5,main]
apr 21, 2015 7:45:36 AM org.pabk.emanager.DBConnector select
INFO: SELECT * FROM SAA_TRAPS where SAA_IP_ADDRESS = '10.1.129.251' and STATUS ='0'
apr 21, 2015 7:45:36 AM org.pabk.emanager.DBConnector close
INFO: Thread[Thread-3,5,main] UNLOCK the access to Thread[Thread-2,5,main]
apr 21, 2015 7:45:38 AM org.pabk.emanager.DBConnector getDb
INFO: Thread[Thread-5,5,main] LOCK the access to Thread[Thread-2,5,main]
apr 21, 2015 7:45:38 AM org.pabk.emanager.DBConnector select
INFO: SELECT * FROM MAIL_MSGS WHERE STATUS = '0'
apr 21, 2015 7:45:38 AM org.pabk.emanager.DBConnector close
INFO: Thread[Thread-5,5,main] UNLOCK the access to Thread[Thread-2,5,main]
