feb 25, 2015 12:45:17 PM org.pabk.emanager.HandlerImpl init
INFO: messagehandler: logger messagehandler is successfully initailized!
feb 25, 2015 12:45:17 PM org.pabk.emanager.HandlerImpl run
INFO: Module org.pabk.emanager.MessageHandler is started!
feb 25, 2015 12:45:17 PM org.pabk.emanager.MessageHandler businessLogic
INFO: Used Default Alliance Access servers: P3600X006,192.168.210.10,192.168.210.20,192.168.210.30
feb 25, 2015 12:45:17 PM org.pabk.emanager.MessageHandler businessLogic
INFO: Used default keyword for MT5XX messages: SOURCE
feb 25, 2015 12:45:17 PM org.pabk.emanager.MessageHandler businessLogic
INFO: Used default mask for MT5XX messages: D\$\\Programy\\BB\\ARCHIVE\\BATCH\\MT5XX_IO2\\\d{8}\.prt
feb 25, 2015 12:45:17 PM org.pabk.emanager.MessageHandler businessLogic
INFO: Used default keyword for Delivey Notification messages: SOURCE
feb 25, 2015 12:45:17 PM org.pabk.emanager.MessageHandler businessLogic
INFO: Used default mask for Delivey Notification messages: D\$\\Programy\\BB\\ARCHIVE\\BATCH\\DN_queue\\\d{8}\.prt
feb 25, 2015 12:45:17 PM org.pabk.emanager.MessageHandler businessLogic
INFO: Used default keyword for Statement messages: SOURCE
feb 25, 2015 12:45:17 PM org.pabk.emanager.MessageHandler businessLogic
INFO: Used default mask for Statement messages: D\$\\Programy\\BB\\ARCHIVE\\BATCH\\Vypisy_DF\\\d{8}\.prt
feb 25, 2015 12:45:17 PM org.pabk.emanager.MessageHandler businessLogic
INFO: MessageHandler is working
feb 25, 2015 12:45:17 PM org.pabk.emanager.MessageHandler businessLogic
INFO: MessageHandler found 4 Alliance Access servers
feb 25, 2015 12:45:17 PM org.pabk.emanager.MessageHandler execute
INFO: Found 0 unprocessed message/s
feb 25, 2015 12:45:17 PM org.pabk.emanager.MessageHandler executeMT5XX
INFO: Found 0 unprocessed message/s for MT5XX messaging
feb 25, 2015 12:45:17 PM org.pabk.emanager.MessageHandler executeDeliveryNots
INFO: Found 0 unprocessed message/s for delivery notification messaging
feb 25, 2015 12:45:17 PM org.pabk.emanager.MessageHandler executeStatements
INFO: Found 0 unprocessed message/s for statement messaging
feb 25, 2015 12:45:17 PM org.pabk.emanager.MessageHandler execute
INFO: Found 0 unprocessed message/s
feb 25, 2015 12:45:17 PM org.pabk.emanager.MessageHandler executeMT5XX
INFO: Found 0 unprocessed message/s for MT5XX messaging
feb 25, 2015 12:45:17 PM org.pabk.emanager.MessageHandler executeDeliveryNots
INFO: Found 0 unprocessed message/s for delivery notification messaging
feb 25, 2015 12:45:17 PM org.pabk.emanager.MessageHandler executeStatements
INFO: Found 0 unprocessed message/s for statement messaging
feb 25, 2015 12:45:17 PM org.pabk.emanager.MessageHandler execute
INFO: Found 0 unprocessed message/s
feb 25, 2015 12:45:17 PM org.pabk.emanager.MessageHandler executeMT5XX
INFO: Found 0 unprocessed message/s for MT5XX messaging
feb 25, 2015 12:45:17 PM org.pabk.emanager.MessageHandler executeDeliveryNots
INFO: Found 0 unprocessed message/s for delivery notification messaging
feb 25, 2015 12:45:17 PM org.pabk.emanager.MessageHandler executeStatements
INFO: Found 0 unprocessed message/s for statement messaging
feb 25, 2015 12:45:17 PM org.pabk.emanager.MessageHandler execute
INFO: Found 0 unprocessed message/s
feb 25, 2015 12:45:17 PM org.pabk.emanager.MessageHandler executeMT5XX
INFO: Found 0 unprocessed message/s for MT5XX messaging
feb 25, 2015 12:45:17 PM org.pabk.emanager.MessageHandler executeDeliveryNots
INFO: Found 0 unprocessed message/s for delivery notification messaging
feb 25, 2015 12:45:17 PM org.pabk.emanager.MessageHandler executeStatements
INFO: Found 0 unprocessed message/s for statement messaging
feb 25, 2015 12:45:17 PM org.pabk.emanager.MessageHandler execute
INFO: Found 0 unprocessed message/s
feb 25, 2015 12:45:17 PM org.pabk.emanager.MessageHandler executeMT5XX
INFO: Found 0 unprocessed message/s for MT5XX messaging
feb 25, 2015 12:45:17 PM org.pabk.emanager.MessageHandler executeDeliveryNots
INFO: Found 0 unprocessed message/s for delivery notification messaging
feb 25, 2015 12:45:17 PM org.pabk.emanager.MessageHandler executeStatements
INFO: Found 0 unprocessed message/s for statement messaging
feb 25, 2015 12:45:17 PM org.pabk.emanager.MessageHandler execute
INFO: Found 0 unprocessed message/s
feb 25, 2015 12:45:17 PM org.pabk.emanager.MessageHandler executeMT5XX
INFO: Found 0 unprocessed message/s for MT5XX messaging
feb 25, 2015 12:45:17 PM org.pabk.emanager.MessageHandler executeDeliveryNots
INFO: Found 0 unprocessed message/s for delivery notification messaging
feb 25, 2015 12:45:17 PM org.pabk.emanager.MessageHandler executeStatements
INFO: Found 0 unprocessed message/s for statement messaging
feb 25, 2015 12:45:17 PM org.pabk.emanager.MessageHandler execute
INFO: Found 0 unprocessed message/s
feb 25, 2015 12:45:17 PM org.pabk.emanager.MessageHandler executeMT5XX
INFO: Found 0 unprocessed message/s for MT5XX messaging
feb 25, 2015 12:45:17 PM org.pabk.emanager.MessageHandler executeDeliveryNots
INFO: Found 0 unprocessed message/s for delivery notification messaging
feb 25, 2015 12:45:17 PM org.pabk.emanager.MessageHandler executeStatements
INFO: Found 0 unprocessed message/s for statement messaging
feb 25, 2015 12:45:17 PM org.pabk.emanager.MessageHandler execute
INFO: Found 0 unprocessed message/s
feb 25, 2015 12:45:17 PM org.pabk.emanager.MessageHandler executeMT5XX
INFO: Found 0 unprocessed message/s for MT5XX messaging
feb 25, 2015 12:45:17 PM org.pabk.emanager.MessageHandler executeDeliveryNots
INFO: Found 0 unprocessed message/s for delivery notification messaging
feb 25, 2015 12:45:17 PM org.pabk.emanager.MessageHandler executeStatements
INFO: Found 0 unprocessed message/s for statement messaging
feb 25, 2015 12:45:17 PM org.pabk.emanager.MessageHandler businessLogic
INFO: MessageHandler is SLEEPING
feb 25, 2015 12:45:17 PM org.pabk.emanager.MessageHandler businessLogic
INFO: MessageHandler is working
feb 25, 2015 12:45:17 PM org.pabk.emanager.MessageHandler businessLogic
INFO: MessageHandler found 4 Alliance Access servers
feb 25, 2015 12:45:17 PM org.pabk.emanager.MessageHandler execute
INFO: Found 162 unprocessed message/s
feb 25, 2015 12:45:17 PM org.pabk.emanager.MessageHandler executeMT5XX
INFO: Found 0 unprocessed message/s for MT5XX messaging
feb 25, 2015 12:45:17 PM org.pabk.emanager.MessageHandler executeDeliveryNots
INFO: Found 0 unprocessed message/s for delivery notification messaging
feb 25, 2015 12:45:17 PM org.pabk.emanager.MessageHandler executeStatements
INFO: Found 162 unprocessed message/s for statement messaging
feb 25, 2015 12:45:17 PM org.pabk.emanager.MessageHandler execute
INFO: Found 0 unprocessed message/s
feb 25, 2015 12:45:17 PM org.pabk.emanager.MessageHandler executeMT5XX
INFO: Found 0 unprocessed message/s for MT5XX messaging
feb 25, 2015 12:45:17 PM org.pabk.emanager.MessageHandler executeDeliveryNots
INFO: Found 0 unprocessed message/s for delivery notification messaging
feb 25, 2015 12:45:17 PM org.pabk.emanager.MessageHandler executeStatements
INFO: Found 0 unprocessed message/s for statement messaging
feb 25, 2015 12:45:17 PM org.pabk.emanager.MessageHandler execute
INFO: Found 0 unprocessed message/s
feb 25, 2015 12:45:17 PM org.pabk.emanager.MessageHandler executeMT5XX
INFO: Found 0 unprocessed message/s for MT5XX messaging
feb 25, 2015 12:45:17 PM org.pabk.emanager.MessageHandler executeDeliveryNots
INFO: Found 0 unprocessed message/s for delivery notification messaging
feb 25, 2015 12:45:17 PM org.pabk.emanager.MessageHandler executeStatements
INFO: Found 0 unprocessed message/s for statement messaging
feb 25, 2015 12:45:17 PM org.pabk.emanager.MessageHandler execute
INFO: Found 0 unprocessed message/s
feb 25, 2015 12:45:17 PM org.pabk.emanager.MessageHandler executeMT5XX
INFO: Found 0 unprocessed message/s for MT5XX messaging
feb 25, 2015 12:45:17 PM org.pabk.emanager.MessageHandler executeDeliveryNots
INFO: Found 0 unprocessed message/s for delivery notification messaging
feb 25, 2015 12:45:17 PM org.pabk.emanager.MessageHandler executeStatements
INFO: Found 0 unprocessed message/s for statement messaging
feb 25, 2015 12:45:17 PM org.pabk.emanager.MessageHandler execute
INFO: Found 0 unprocessed message/s
feb 25, 2015 12:45:17 PM org.pabk.emanager.MessageHandler executeMT5XX
INFO: Found 0 unprocessed message/s for MT5XX messaging
feb 25, 2015 12:45:17 PM org.pabk.emanager.MessageHandler executeDeliveryNots
INFO: Found 0 unprocessed message/s for delivery notification messaging
feb 25, 2015 12:45:17 PM org.pabk.emanager.MessageHandler executeStatements
INFO: Found 0 unprocessed message/s for statement messaging
feb 25, 2015 12:45:17 PM org.pabk.emanager.MessageHandler execute
INFO: Found 0 unprocessed message/s
feb 25, 2015 12:45:17 PM org.pabk.emanager.MessageHandler executeMT5XX
INFO: Found 0 unprocessed message/s for MT5XX messaging
feb 25, 2015 12:45:17 PM org.pabk.emanager.MessageHandler executeDeliveryNots
INFO: Found 0 unprocessed message/s for delivery notification messaging
feb 25, 2015 12:45:17 PM org.pabk.emanager.MessageHandler executeStatements
INFO: Found 0 unprocessed message/s for statement messaging
feb 25, 2015 12:45:17 PM org.pabk.emanager.MessageHandler execute
INFO: Found 0 unprocessed message/s
feb 25, 2015 12:45:17 PM org.pabk.emanager.MessageHandler executeMT5XX
INFO: Found 0 unprocessed message/s for MT5XX messaging
feb 25, 2015 12:45:17 PM org.pabk.emanager.MessageHandler executeDeliveryNots
INFO: Found 0 unprocessed message/s for delivery notification messaging
feb 25, 2015 12:45:17 PM org.pabk.emanager.MessageHandler executeStatements
INFO: Found 0 unprocessed message/s for statement messaging
feb 25, 2015 12:45:17 PM org.pabk.emanager.MessageHandler execute
INFO: Found 0 unprocessed message/s
feb 25, 2015 12:45:17 PM org.pabk.emanager.MessageHandler executeMT5XX
INFO: Found 0 unprocessed message/s for MT5XX messaging
feb 25, 2015 12:45:17 PM org.pabk.emanager.MessageHandler executeDeliveryNots
INFO: Found 0 unprocessed message/s for delivery notification messaging
feb 25, 2015 12:45:17 PM org.pabk.emanager.MessageHandler executeStatements
INFO: Found 0 unprocessed message/s for statement messaging
feb 25, 2015 12:45:17 PM org.pabk.emanager.MessageHandler businessLogic
INFO: MessageHandler is SLEEPING
feb 25, 2015 12:45:22 PM org.pabk.emanager.MessageHandler businessLogic
INFO: MessageHandler is working
feb 25, 2015 12:45:22 PM org.pabk.emanager.MessageHandler businessLogic
INFO: MessageHandler found 4 Alliance Access servers
feb 25, 2015 12:45:22 PM org.pabk.emanager.MessageHandler execute
INFO: Found 162 unprocessed message/s
feb 25, 2015 12:45:22 PM org.pabk.emanager.MessageHandler executeMT5XX
INFO: Found 0 unprocessed message/s for MT5XX messaging
feb 25, 2015 12:45:22 PM org.pabk.emanager.MessageHandler executeDeliveryNots
INFO: Found 0 unprocessed message/s for delivery notification messaging
feb 25, 2015 12:45:22 PM org.pabk.emanager.MessageHandler executeStatements
INFO: Found 162 unprocessed message/s for statement messaging
feb 25, 2015 12:45:22 PM org.pabk.emanager.MessageHandler execute
INFO: Found 0 unprocessed message/s
feb 25, 2015 12:45:22 PM org.pabk.emanager.MessageHandler executeMT5XX
INFO: Found 0 unprocessed message/s for MT5XX messaging
feb 25, 2015 12:45:22 PM org.pabk.emanager.MessageHandler executeDeliveryNots
INFO: Found 0 unprocessed message/s for delivery notification messaging
feb 25, 2015 12:45:22 PM org.pabk.emanager.MessageHandler executeStatements
INFO: Found 0 unprocessed message/s for statement messaging
feb 25, 2015 12:45:22 PM org.pabk.emanager.MessageHandler execute
INFO: Found 0 unprocessed message/s
feb 25, 2015 12:45:22 PM org.pabk.emanager.MessageHandler executeMT5XX
INFO: Found 0 unprocessed message/s for MT5XX messaging
feb 25, 2015 12:45:22 PM org.pabk.emanager.MessageHandler executeDeliveryNots
INFO: Found 0 unprocessed message/s for delivery notification messaging
feb 25, 2015 12:45:22 PM org.pabk.emanager.MessageHandler executeStatements
INFO: Found 0 unprocessed message/s for statement messaging
feb 25, 2015 12:45:22 PM org.pabk.emanager.MessageHandler execute
INFO: Found 0 unprocessed message/s
feb 25, 2015 12:45:22 PM org.pabk.emanager.MessageHandler executeMT5XX
INFO: Found 0 unprocessed message/s for MT5XX messaging
feb 25, 2015 12:45:22 PM org.pabk.emanager.MessageHandler executeDeliveryNots
INFO: Found 0 unprocessed message/s for delivery notification messaging
feb 25, 2015 12:45:22 PM org.pabk.emanager.MessageHandler executeStatements
INFO: Found 0 unprocessed message/s for statement messaging
feb 25, 2015 12:45:22 PM org.pabk.emanager.MessageHandler execute
INFO: Found 0 unprocessed message/s
feb 25, 2015 12:45:22 PM org.pabk.emanager.MessageHandler executeMT5XX
INFO: Found 0 unprocessed message/s for MT5XX messaging
feb 25, 2015 12:45:22 PM org.pabk.emanager.MessageHandler executeDeliveryNots
INFO: Found 0 unprocessed message/s for delivery notification messaging
feb 25, 2015 12:45:22 PM org.pabk.emanager.MessageHandler executeStatements
INFO: Found 0 unprocessed message/s for statement messaging
feb 25, 2015 12:45:22 PM org.pabk.emanager.MessageHandler execute
INFO: Found 0 unprocessed message/s
feb 25, 2015 12:45:22 PM org.pabk.emanager.MessageHandler executeMT5XX
INFO: Found 0 unprocessed message/s for MT5XX messaging
feb 25, 2015 12:45:22 PM org.pabk.emanager.MessageHandler executeDeliveryNots
INFO: Found 0 unprocessed message/s for delivery notification messaging
feb 25, 2015 12:45:22 PM org.pabk.emanager.MessageHandler executeStatements
INFO: Found 0 unprocessed message/s for statement messaging
feb 25, 2015 12:45:22 PM org.pabk.emanager.MessageHandler execute
INFO: Found 0 unprocessed message/s
feb 25, 2015 12:45:22 PM org.pabk.emanager.MessageHandler executeMT5XX
INFO: Found 0 unprocessed message/s for MT5XX messaging
feb 25, 2015 12:45:22 PM org.pabk.emanager.MessageHandler executeDeliveryNots
INFO: Found 0 unprocessed message/s for delivery notification messaging
feb 25, 2015 12:45:22 PM org.pabk.emanager.MessageHandler executeStatements
INFO: Found 0 unprocessed message/s for statement messaging
feb 25, 2015 12:45:22 PM org.pabk.emanager.MessageHandler execute
INFO: Found 0 unprocessed message/s
feb 25, 2015 12:45:22 PM org.pabk.emanager.MessageHandler executeMT5XX
INFO: Found 0 unprocessed message/s for MT5XX messaging
feb 25, 2015 12:45:22 PM org.pabk.emanager.MessageHandler executeDeliveryNots
INFO: Found 0 unprocessed message/s for delivery notification messaging
feb 25, 2015 12:45:22 PM org.pabk.emanager.MessageHandler executeStatements
INFO: Found 0 unprocessed message/s for statement messaging
feb 25, 2015 12:45:22 PM org.pabk.emanager.MessageHandler businessLogic
INFO: MessageHandler is SLEEPING
feb 25, 2015 12:45:27 PM org.pabk.emanager.MessageHandler businessLogic
INFO: MessageHandler is working
feb 25, 2015 12:45:27 PM org.pabk.emanager.MessageHandler businessLogic
INFO: MessageHandler found 4 Alliance Access servers
feb 25, 2015 12:45:27 PM org.pabk.emanager.MessageHandler execute
INFO: Found 162 unprocessed message/s
feb 25, 2015 12:45:27 PM org.pabk.emanager.MessageHandler executeMT5XX
INFO: Found 0 unprocessed message/s for MT5XX messaging
feb 25, 2015 12:45:27 PM org.pabk.emanager.MessageHandler executeDeliveryNots
INFO: Found 0 unprocessed message/s for delivery notification messaging
feb 25, 2015 12:45:27 PM org.pabk.emanager.MessageHandler executeStatements
INFO: Found 162 unprocessed message/s for statement messaging
feb 25, 2015 12:45:27 PM org.pabk.emanager.MessageHandler execute
INFO: Found 0 unprocessed message/s
feb 25, 2015 12:45:27 PM org.pabk.emanager.MessageHandler executeMT5XX
INFO: Found 0 unprocessed message/s for MT5XX messaging
feb 25, 2015 12:45:27 PM org.pabk.emanager.MessageHandler executeDeliveryNots
INFO: Found 0 unprocessed message/s for delivery notification messaging
feb 25, 2015 12:45:27 PM org.pabk.emanager.MessageHandler executeStatements
INFO: Found 0 unprocessed message/s for statement messaging
feb 25, 2015 12:45:27 PM org.pabk.emanager.MessageHandler execute
INFO: Found 0 unprocessed message/s
feb 25, 2015 12:45:27 PM org.pabk.emanager.MessageHandler executeMT5XX
INFO: Found 0 unprocessed message/s for MT5XX messaging
feb 25, 2015 12:45:27 PM org.pabk.emanager.MessageHandler executeDeliveryNots
INFO: Found 0 unprocessed message/s for delivery notification messaging
feb 25, 2015 12:45:27 PM org.pabk.emanager.MessageHandler executeStatements
INFO: Found 0 unprocessed message/s for statement messaging
feb 25, 2015 12:45:27 PM org.pabk.emanager.MessageHandler execute
INFO: Found 0 unprocessed message/s
feb 25, 2015 12:45:27 PM org.pabk.emanager.MessageHandler executeMT5XX
INFO: Found 0 unprocessed message/s for MT5XX messaging
feb 25, 2015 12:45:27 PM org.pabk.emanager.MessageHandler executeDeliveryNots
INFO: Found 0 unprocessed message/s for delivery notification messaging
feb 25, 2015 12:45:27 PM org.pabk.emanager.MessageHandler executeStatements
INFO: Found 0 unprocessed message/s for statement messaging
feb 25, 2015 12:45:27 PM org.pabk.emanager.MessageHandler execute
INFO: Found 0 unprocessed message/s
feb 25, 2015 12:45:27 PM org.pabk.emanager.MessageHandler executeMT5XX
INFO: Found 0 unprocessed message/s for MT5XX messaging
feb 25, 2015 12:45:27 PM org.pabk.emanager.MessageHandler executeDeliveryNots
INFO: Found 0 unprocessed message/s for delivery notification messaging
feb 25, 2015 12:45:27 PM org.pabk.emanager.MessageHandler executeStatements
INFO: Found 0 unprocessed message/s for statement messaging
feb 25, 2015 12:45:27 PM org.pabk.emanager.MessageHandler execute
INFO: Found 0 unprocessed message/s
feb 25, 2015 12:45:27 PM org.pabk.emanager.MessageHandler executeMT5XX
INFO: Found 0 unprocessed message/s for MT5XX messaging
feb 25, 2015 12:45:27 PM org.pabk.emanager.MessageHandler executeDeliveryNots
INFO: Found 0 unprocessed message/s for delivery notification messaging
feb 25, 2015 12:45:27 PM org.pabk.emanager.MessageHandler executeStatements
INFO: Found 0 unprocessed message/s for statement messaging
feb 25, 2015 12:45:27 PM org.pabk.emanager.MessageHandler execute
INFO: Found 0 unprocessed message/s
feb 25, 2015 12:45:27 PM org.pabk.emanager.MessageHandler executeMT5XX
INFO: Found 0 unprocessed message/s for MT5XX messaging
feb 25, 2015 12:45:27 PM org.pabk.emanager.MessageHandler executeDeliveryNots
INFO: Found 0 unprocessed message/s for delivery notification messaging
feb 25, 2015 12:45:27 PM org.pabk.emanager.MessageHandler executeStatements
INFO: Found 0 unprocessed message/s for statement messaging
feb 25, 2015 12:45:27 PM org.pabk.emanager.MessageHandler execute
INFO: Found 0 unprocessed message/s
feb 25, 2015 12:45:27 PM org.pabk.emanager.MessageHandler executeMT5XX
INFO: Found 0 unprocessed message/s for MT5XX messaging
feb 25, 2015 12:45:27 PM org.pabk.emanager.MessageHandler executeDeliveryNots
INFO: Found 0 unprocessed message/s for delivery notification messaging
feb 25, 2015 12:45:27 PM org.pabk.emanager.MessageHandler executeStatements
INFO: Found 0 unprocessed message/s for statement messaging
feb 25, 2015 12:45:27 PM org.pabk.emanager.MessageHandler businessLogic
INFO: MessageHandler is SLEEPING
feb 25, 2015 12:45:32 PM org.pabk.emanager.MessageHandler businessLogic
INFO: MessageHandler is working
feb 25, 2015 12:45:32 PM org.pabk.emanager.MessageHandler businessLogic
INFO: MessageHandler found 4 Alliance Access servers
feb 25, 2015 12:45:32 PM org.pabk.emanager.MessageHandler execute
INFO: Found 162 unprocessed message/s
feb 25, 2015 12:45:32 PM org.pabk.emanager.MessageHandler executeMT5XX
INFO: Found 0 unprocessed message/s for MT5XX messaging
feb 25, 2015 12:45:32 PM org.pabk.emanager.MessageHandler executeDeliveryNots
INFO: Found 0 unprocessed message/s for delivery notification messaging
feb 25, 2015 12:45:32 PM org.pabk.emanager.MessageHandler executeStatements
INFO: Found 162 unprocessed message/s for statement messaging
feb 25, 2015 12:45:32 PM org.pabk.emanager.MessageHandler execute
INFO: Found 0 unprocessed message/s
feb 25, 2015 12:45:32 PM org.pabk.emanager.MessageHandler executeMT5XX
INFO: Found 0 unprocessed message/s for MT5XX messaging
feb 25, 2015 12:45:32 PM org.pabk.emanager.MessageHandler executeDeliveryNots
INFO: Found 0 unprocessed message/s for delivery notification messaging
feb 25, 2015 12:45:32 PM org.pabk.emanager.MessageHandler executeStatements
INFO: Found 0 unprocessed message/s for statement messaging
feb 25, 2015 12:45:32 PM org.pabk.emanager.MessageHandler execute
INFO: Found 0 unprocessed message/s
feb 25, 2015 12:45:32 PM org.pabk.emanager.MessageHandler executeMT5XX
INFO: Found 0 unprocessed message/s for MT5XX messaging
feb 25, 2015 12:45:32 PM org.pabk.emanager.MessageHandler executeDeliveryNots
INFO: Found 0 unprocessed message/s for delivery notification messaging
feb 25, 2015 12:45:32 PM org.pabk.emanager.MessageHandler executeStatements
INFO: Found 0 unprocessed message/s for statement messaging
feb 25, 2015 12:45:32 PM org.pabk.emanager.MessageHandler execute
INFO: Found 0 unprocessed message/s
feb 25, 2015 12:45:32 PM org.pabk.emanager.MessageHandler executeMT5XX
INFO: Found 0 unprocessed message/s for MT5XX messaging
feb 25, 2015 12:45:32 PM org.pabk.emanager.MessageHandler executeDeliveryNots
INFO: Found 0 unprocessed message/s for delivery notification messaging
feb 25, 2015 12:45:32 PM org.pabk.emanager.MessageHandler executeStatements
INFO: Found 0 unprocessed message/s for statement messaging
feb 25, 2015 12:45:32 PM org.pabk.emanager.MessageHandler execute
INFO: Found 0 unprocessed message/s
feb 25, 2015 12:45:32 PM org.pabk.emanager.MessageHandler executeMT5XX
INFO: Found 0 unprocessed message/s for MT5XX messaging
feb 25, 2015 12:45:32 PM org.pabk.emanager.MessageHandler executeDeliveryNots
INFO: Found 0 unprocessed message/s for delivery notification messaging
feb 25, 2015 12:45:32 PM org.pabk.emanager.MessageHandler executeStatements
INFO: Found 0 unprocessed message/s for statement messaging
feb 25, 2015 12:45:32 PM org.pabk.emanager.MessageHandler execute
INFO: Found 0 unprocessed message/s
feb 25, 2015 12:45:32 PM org.pabk.emanager.MessageHandler executeMT5XX
INFO: Found 0 unprocessed message/s for MT5XX messaging
feb 25, 2015 12:45:32 PM org.pabk.emanager.MessageHandler executeDeliveryNots
INFO: Found 0 unprocessed message/s for delivery notification messaging
feb 25, 2015 12:45:32 PM org.pabk.emanager.MessageHandler executeStatements
INFO: Found 0 unprocessed message/s for statement messaging
feb 25, 2015 12:45:32 PM org.pabk.emanager.MessageHandler execute
INFO: Found 0 unprocessed message/s
feb 25, 2015 12:45:32 PM org.pabk.emanager.MessageHandler executeMT5XX
INFO: Found 0 unprocessed message/s for MT5XX messaging
feb 25, 2015 12:45:32 PM org.pabk.emanager.MessageHandler executeDeliveryNots
INFO: Found 0 unprocessed message/s for delivery notification messaging
feb 25, 2015 12:45:32 PM org.pabk.emanager.MessageHandler executeStatements
INFO: Found 0 unprocessed message/s for statement messaging
feb 25, 2015 12:45:32 PM org.pabk.emanager.MessageHandler execute
INFO: Found 0 unprocessed message/s
feb 25, 2015 12:45:32 PM org.pabk.emanager.MessageHandler executeMT5XX
INFO: Found 0 unprocessed message/s for MT5XX messaging
feb 25, 2015 12:45:32 PM org.pabk.emanager.MessageHandler executeDeliveryNots
INFO: Found 0 unprocessed message/s for delivery notification messaging
feb 25, 2015 12:45:32 PM org.pabk.emanager.MessageHandler executeStatements
INFO: Found 0 unprocessed message/s for statement messaging
feb 25, 2015 12:45:32 PM org.pabk.emanager.MessageHandler businessLogic
INFO: MessageHandler is SLEEPING
feb 25, 2015 12:45:37 PM org.pabk.emanager.MessageHandler businessLogic
INFO: MessageHandler is working
feb 25, 2015 12:45:37 PM org.pabk.emanager.MessageHandler businessLogic
INFO: MessageHandler found 4 Alliance Access servers
feb 25, 2015 12:45:37 PM org.pabk.emanager.MessageHandler execute
INFO: Found 162 unprocessed message/s
feb 25, 2015 12:45:37 PM org.pabk.emanager.MessageHandler executeMT5XX
INFO: Found 0 unprocessed message/s for MT5XX messaging
feb 25, 2015 12:45:37 PM org.pabk.emanager.MessageHandler executeDeliveryNots
INFO: Found 0 unprocessed message/s for delivery notification messaging
feb 25, 2015 12:45:37 PM org.pabk.emanager.MessageHandler executeStatements
INFO: Found 162 unprocessed message/s for statement messaging
feb 25, 2015 12:45:37 PM org.pabk.emanager.MessageHandler execute
INFO: Found 0 unprocessed message/s
feb 25, 2015 12:45:37 PM org.pabk.emanager.MessageHandler executeMT5XX
INFO: Found 0 unprocessed message/s for MT5XX messaging
feb 25, 2015 12:45:37 PM org.pabk.emanager.MessageHandler executeDeliveryNots
INFO: Found 0 unprocessed message/s for delivery notification messaging
feb 25, 2015 12:45:37 PM org.pabk.emanager.MessageHandler executeStatements
INFO: Found 0 unprocessed message/s for statement messaging
feb 25, 2015 12:45:37 PM org.pabk.emanager.MessageHandler execute
INFO: Found 0 unprocessed message/s
feb 25, 2015 12:45:37 PM org.pabk.emanager.MessageHandler executeMT5XX
INFO: Found 0 unprocessed message/s for MT5XX messaging
feb 25, 2015 12:45:37 PM org.pabk.emanager.MessageHandler executeDeliveryNots
INFO: Found 0 unprocessed message/s for delivery notification messaging
feb 25, 2015 12:45:37 PM org.pabk.emanager.MessageHandler executeStatements
INFO: Found 0 unprocessed message/s for statement messaging
feb 25, 2015 12:45:37 PM org.pabk.emanager.MessageHandler execute
INFO: Found 0 unprocessed message/s
feb 25, 2015 12:45:37 PM org.pabk.emanager.MessageHandler executeMT5XX
INFO: Found 0 unprocessed message/s for MT5XX messaging
feb 25, 2015 12:45:37 PM org.pabk.emanager.MessageHandler executeDeliveryNots
INFO: Found 0 unprocessed message/s for delivery notification messaging
feb 25, 2015 12:45:37 PM org.pabk.emanager.MessageHandler executeStatements
INFO: Found 0 unprocessed message/s for statement messaging
feb 25, 2015 12:45:37 PM org.pabk.emanager.MessageHandler execute
INFO: Found 0 unprocessed message/s
feb 25, 2015 12:45:37 PM org.pabk.emanager.MessageHandler executeMT5XX
INFO: Found 0 unprocessed message/s for MT5XX messaging
feb 25, 2015 12:45:37 PM org.pabk.emanager.MessageHandler executeDeliveryNots
INFO: Found 0 unprocessed message/s for delivery notification messaging
feb 25, 2015 12:45:37 PM org.pabk.emanager.MessageHandler executeStatements
INFO: Found 0 unprocessed message/s for statement messaging
feb 25, 2015 12:45:37 PM org.pabk.emanager.MessageHandler execute
INFO: Found 0 unprocessed message/s
feb 25, 2015 12:45:37 PM org.pabk.emanager.MessageHandler executeMT5XX
INFO: Found 0 unprocessed message/s for MT5XX messaging
feb 25, 2015 12:45:37 PM org.pabk.emanager.MessageHandler executeDeliveryNots
INFO: Found 0 unprocessed message/s for delivery notification messaging
feb 25, 2015 12:45:37 PM org.pabk.emanager.MessageHandler executeStatements
INFO: Found 0 unprocessed message/s for statement messaging
feb 25, 2015 12:45:37 PM org.pabk.emanager.MessageHandler execute
INFO: Found 0 unprocessed message/s
feb 25, 2015 12:45:37 PM org.pabk.emanager.MessageHandler executeMT5XX
INFO: Found 0 unprocessed message/s for MT5XX messaging
feb 25, 2015 12:45:37 PM org.pabk.emanager.MessageHandler executeDeliveryNots
INFO: Found 0 unprocessed message/s for delivery notification messaging
feb 25, 2015 12:45:37 PM org.pabk.emanager.MessageHandler executeStatements
INFO: Found 0 unprocessed message/s for statement messaging
feb 25, 2015 12:45:37 PM org.pabk.emanager.MessageHandler execute
INFO: Found 0 unprocessed message/s
feb 25, 2015 12:45:37 PM org.pabk.emanager.MessageHandler executeMT5XX
INFO: Found 0 unprocessed message/s for MT5XX messaging
feb 25, 2015 12:45:37 PM org.pabk.emanager.MessageHandler executeDeliveryNots
INFO: Found 0 unprocessed message/s for delivery notification messaging
feb 25, 2015 12:45:37 PM org.pabk.emanager.MessageHandler executeStatements
INFO: Found 0 unprocessed message/s for statement messaging
feb 25, 2015 12:45:37 PM org.pabk.emanager.MessageHandler businessLogic
INFO: MessageHandler is SLEEPING
feb 25, 2015 12:45:42 PM org.pabk.emanager.MessageHandler businessLogic
INFO: MessageHandler is working
feb 25, 2015 12:45:42 PM org.pabk.emanager.MessageHandler businessLogic
INFO: MessageHandler found 4 Alliance Access servers
feb 25, 2015 12:45:43 PM org.pabk.emanager.MessageHandler execute
INFO: Found 162 unprocessed message/s
feb 25, 2015 12:45:43 PM org.pabk.emanager.MessageHandler executeMT5XX
INFO: Found 0 unprocessed message/s for MT5XX messaging
feb 25, 2015 12:45:43 PM org.pabk.emanager.MessageHandler executeDeliveryNots
INFO: Found 0 unprocessed message/s for delivery notification messaging
feb 25, 2015 12:45:43 PM org.pabk.emanager.MessageHandler executeStatements
INFO: Found 162 unprocessed message/s for statement messaging
feb 25, 2015 12:45:43 PM org.pabk.emanager.MessageHandler execute
INFO: Found 0 unprocessed message/s
feb 25, 2015 12:45:43 PM org.pabk.emanager.MessageHandler executeMT5XX
INFO: Found 0 unprocessed message/s for MT5XX messaging
feb 25, 2015 12:45:43 PM org.pabk.emanager.MessageHandler executeDeliveryNots
INFO: Found 0 unprocessed message/s for delivery notification messaging
feb 25, 2015 12:45:43 PM org.pabk.emanager.MessageHandler executeStatements
INFO: Found 0 unprocessed message/s for statement messaging
feb 25, 2015 12:45:43 PM org.pabk.emanager.MessageHandler execute
INFO: Found 0 unprocessed message/s
feb 25, 2015 12:45:43 PM org.pabk.emanager.MessageHandler executeMT5XX
INFO: Found 0 unprocessed message/s for MT5XX messaging
feb 25, 2015 12:45:43 PM org.pabk.emanager.MessageHandler executeDeliveryNots
INFO: Found 0 unprocessed message/s for delivery notification messaging
feb 25, 2015 12:45:43 PM org.pabk.emanager.MessageHandler executeStatements
INFO: Found 0 unprocessed message/s for statement messaging
feb 25, 2015 12:45:43 PM org.pabk.emanager.MessageHandler execute
INFO: Found 0 unprocessed message/s
feb 25, 2015 12:45:43 PM org.pabk.emanager.MessageHandler executeMT5XX
INFO: Found 0 unprocessed message/s for MT5XX messaging
feb 25, 2015 12:45:43 PM org.pabk.emanager.MessageHandler executeDeliveryNots
INFO: Found 0 unprocessed message/s for delivery notification messaging
feb 25, 2015 12:45:43 PM org.pabk.emanager.MessageHandler executeStatements
INFO: Found 0 unprocessed message/s for statement messaging
feb 25, 2015 12:45:43 PM org.pabk.emanager.MessageHandler execute
INFO: Found 0 unprocessed message/s
feb 25, 2015 12:45:43 PM org.pabk.emanager.MessageHandler executeMT5XX
INFO: Found 0 unprocessed message/s for MT5XX messaging
feb 25, 2015 12:45:43 PM org.pabk.emanager.MessageHandler executeDeliveryNots
INFO: Found 0 unprocessed message/s for delivery notification messaging
feb 25, 2015 12:45:43 PM org.pabk.emanager.MessageHandler executeStatements
INFO: Found 0 unprocessed message/s for statement messaging
feb 25, 2015 12:45:43 PM org.pabk.emanager.MessageHandler execute
INFO: Found 0 unprocessed message/s
feb 25, 2015 12:45:43 PM org.pabk.emanager.MessageHandler executeMT5XX
INFO: Found 0 unprocessed message/s for MT5XX messaging
feb 25, 2015 12:45:43 PM org.pabk.emanager.MessageHandler executeDeliveryNots
INFO: Found 0 unprocessed message/s for delivery notification messaging
feb 25, 2015 12:45:43 PM org.pabk.emanager.MessageHandler executeStatements
INFO: Found 0 unprocessed message/s for statement messaging
feb 25, 2015 12:45:43 PM org.pabk.emanager.MessageHandler execute
INFO: Found 0 unprocessed message/s
feb 25, 2015 12:45:43 PM org.pabk.emanager.MessageHandler executeMT5XX
INFO: Found 0 unprocessed message/s for MT5XX messaging
feb 25, 2015 12:45:43 PM org.pabk.emanager.MessageHandler executeDeliveryNots
INFO: Found 0 unprocessed message/s for delivery notification messaging
feb 25, 2015 12:45:43 PM org.pabk.emanager.MessageHandler executeStatements
INFO: Found 0 unprocessed message/s for statement messaging
feb 25, 2015 12:45:43 PM org.pabk.emanager.MessageHandler execute
INFO: Found 0 unprocessed message/s
feb 25, 2015 12:45:43 PM org.pabk.emanager.MessageHandler executeMT5XX
INFO: Found 0 unprocessed message/s for MT5XX messaging
feb 25, 2015 12:45:43 PM org.pabk.emanager.MessageHandler executeDeliveryNots
INFO: Found 0 unprocessed message/s for delivery notification messaging
feb 25, 2015 12:45:43 PM org.pabk.emanager.MessageHandler executeStatements
INFO: Found 0 unprocessed message/s for statement messaging
feb 25, 2015 12:45:43 PM org.pabk.emanager.MessageHandler businessLogic
INFO: MessageHandler is SLEEPING
feb 25, 2015 12:45:48 PM org.pabk.emanager.MessageHandler businessLogic
INFO: MessageHandler is working
feb 25, 2015 12:45:48 PM org.pabk.emanager.MessageHandler businessLogic
INFO: MessageHandler found 4 Alliance Access servers
feb 25, 2015 12:45:48 PM org.pabk.emanager.MessageHandler execute
INFO: Found 162 unprocessed message/s
feb 25, 2015 12:45:48 PM org.pabk.emanager.MessageHandler executeMT5XX
INFO: Found 0 unprocessed message/s for MT5XX messaging
feb 25, 2015 12:45:48 PM org.pabk.emanager.MessageHandler executeDeliveryNots
INFO: Found 0 unprocessed message/s for delivery notification messaging
feb 25, 2015 12:45:48 PM org.pabk.emanager.MessageHandler executeStatements
INFO: Found 162 unprocessed message/s for statement messaging
feb 25, 2015 12:45:48 PM org.pabk.emanager.MessageHandler execute
INFO: Found 0 unprocessed message/s
feb 25, 2015 12:45:48 PM org.pabk.emanager.MessageHandler executeMT5XX
INFO: Found 0 unprocessed message/s for MT5XX messaging
feb 25, 2015 12:45:48 PM org.pabk.emanager.MessageHandler executeDeliveryNots
INFO: Found 0 unprocessed message/s for delivery notification messaging
feb 25, 2015 12:45:48 PM org.pabk.emanager.MessageHandler executeStatements
INFO: Found 0 unprocessed message/s for statement messaging
feb 25, 2015 12:45:48 PM org.pabk.emanager.MessageHandler execute
INFO: Found 0 unprocessed message/s
feb 25, 2015 12:45:48 PM org.pabk.emanager.MessageHandler executeMT5XX
INFO: Found 0 unprocessed message/s for MT5XX messaging
feb 25, 2015 12:45:48 PM org.pabk.emanager.MessageHandler executeDeliveryNots
INFO: Found 0 unprocessed message/s for delivery notification messaging
feb 25, 2015 12:45:48 PM org.pabk.emanager.MessageHandler executeStatements
INFO: Found 0 unprocessed message/s for statement messaging
feb 25, 2015 12:45:48 PM org.pabk.emanager.MessageHandler execute
INFO: Found 0 unprocessed message/s
feb 25, 2015 12:45:48 PM org.pabk.emanager.MessageHandler executeMT5XX
INFO: Found 0 unprocessed message/s for MT5XX messaging
feb 25, 2015 12:45:48 PM org.pabk.emanager.MessageHandler executeDeliveryNots
INFO: Found 0 unprocessed message/s for delivery notification messaging
feb 25, 2015 12:45:48 PM org.pabk.emanager.MessageHandler executeStatements
INFO: Found 0 unprocessed message/s for statement messaging
feb 25, 2015 12:45:48 PM org.pabk.emanager.MessageHandler execute
INFO: Found 0 unprocessed message/s
feb 25, 2015 12:45:48 PM org.pabk.emanager.MessageHandler executeMT5XX
INFO: Found 0 unprocessed message/s for MT5XX messaging
feb 25, 2015 12:45:48 PM org.pabk.emanager.MessageHandler executeDeliveryNots
INFO: Found 0 unprocessed message/s for delivery notification messaging
feb 25, 2015 12:45:48 PM org.pabk.emanager.MessageHandler executeStatements
INFO: Found 0 unprocessed message/s for statement messaging
feb 25, 2015 12:45:48 PM org.pabk.emanager.MessageHandler execute
INFO: Found 0 unprocessed message/s
feb 25, 2015 12:45:48 PM org.pabk.emanager.MessageHandler executeMT5XX
INFO: Found 0 unprocessed message/s for MT5XX messaging
feb 25, 2015 12:45:48 PM org.pabk.emanager.MessageHandler executeDeliveryNots
INFO: Found 0 unprocessed message/s for delivery notification messaging
feb 25, 2015 12:45:48 PM org.pabk.emanager.MessageHandler executeStatements
INFO: Found 0 unprocessed message/s for statement messaging
feb 25, 2015 12:45:48 PM org.pabk.emanager.MessageHandler execute
INFO: Found 0 unprocessed message/s
feb 25, 2015 12:45:48 PM org.pabk.emanager.MessageHandler executeMT5XX
INFO: Found 0 unprocessed message/s for MT5XX messaging
feb 25, 2015 12:45:48 PM org.pabk.emanager.MessageHandler executeDeliveryNots
INFO: Found 0 unprocessed message/s for delivery notification messaging
feb 25, 2015 12:45:48 PM org.pabk.emanager.MessageHandler executeStatements
INFO: Found 0 unprocessed message/s for statement messaging
feb 25, 2015 12:45:48 PM org.pabk.emanager.MessageHandler execute
INFO: Found 0 unprocessed message/s
feb 25, 2015 12:45:48 PM org.pabk.emanager.MessageHandler executeMT5XX
INFO: Found 0 unprocessed message/s for MT5XX messaging
feb 25, 2015 12:45:48 PM org.pabk.emanager.MessageHandler executeDeliveryNots
INFO: Found 0 unprocessed message/s for delivery notification messaging
feb 25, 2015 12:45:48 PM org.pabk.emanager.MessageHandler executeStatements
INFO: Found 0 unprocessed message/s for statement messaging
feb 25, 2015 12:45:48 PM org.pabk.emanager.MessageHandler businessLogic
INFO: MessageHandler is SLEEPING
feb 25, 2015 12:45:53 PM org.pabk.emanager.MessageHandler businessLogic
INFO: MessageHandler is working
feb 25, 2015 12:45:53 PM org.pabk.emanager.MessageHandler businessLogic
INFO: MessageHandler found 4 Alliance Access servers
feb 25, 2015 12:45:53 PM org.pabk.emanager.MessageHandler execute
INFO: Found 162 unprocessed message/s
feb 25, 2015 12:45:53 PM org.pabk.emanager.MessageHandler executeMT5XX
INFO: Found 0 unprocessed message/s for MT5XX messaging
feb 25, 2015 12:45:53 PM org.pabk.emanager.MessageHandler executeDeliveryNots
INFO: Found 0 unprocessed message/s for delivery notification messaging
feb 25, 2015 12:45:53 PM org.pabk.emanager.MessageHandler executeStatements
INFO: Found 162 unprocessed message/s for statement messaging
feb 25, 2015 12:45:53 PM org.pabk.emanager.MessageHandler execute
INFO: Found 0 unprocessed message/s
feb 25, 2015 12:45:53 PM org.pabk.emanager.MessageHandler executeMT5XX
INFO: Found 0 unprocessed message/s for MT5XX messaging
feb 25, 2015 12:45:53 PM org.pabk.emanager.MessageHandler executeDeliveryNots
INFO: Found 0 unprocessed message/s for delivery notification messaging
feb 25, 2015 12:45:53 PM org.pabk.emanager.MessageHandler executeStatements
INFO: Found 0 unprocessed message/s for statement messaging
feb 25, 2015 12:45:53 PM org.pabk.emanager.MessageHandler execute
INFO: Found 0 unprocessed message/s
feb 25, 2015 12:45:53 PM org.pabk.emanager.MessageHandler executeMT5XX
INFO: Found 0 unprocessed message/s for MT5XX messaging
feb 25, 2015 12:45:53 PM org.pabk.emanager.MessageHandler executeDeliveryNots
INFO: Found 0 unprocessed message/s for delivery notification messaging
feb 25, 2015 12:45:53 PM org.pabk.emanager.MessageHandler executeStatements
INFO: Found 0 unprocessed message/s for statement messaging
feb 25, 2015 12:45:53 PM org.pabk.emanager.MessageHandler execute
INFO: Found 0 unprocessed message/s
feb 25, 2015 12:45:53 PM org.pabk.emanager.MessageHandler executeMT5XX
INFO: Found 0 unprocessed message/s for MT5XX messaging
feb 25, 2015 12:45:53 PM org.pabk.emanager.MessageHandler executeDeliveryNots
INFO: Found 0 unprocessed message/s for delivery notification messaging
feb 25, 2015 12:45:53 PM org.pabk.emanager.MessageHandler executeStatements
INFO: Found 0 unprocessed message/s for statement messaging
feb 25, 2015 12:45:53 PM org.pabk.emanager.MessageHandler execute
INFO: Found 0 unprocessed message/s
feb 25, 2015 12:45:53 PM org.pabk.emanager.MessageHandler executeMT5XX
INFO: Found 0 unprocessed message/s for MT5XX messaging
feb 25, 2015 12:45:53 PM org.pabk.emanager.MessageHandler executeDeliveryNots
INFO: Found 0 unprocessed message/s for delivery notification messaging
feb 25, 2015 12:45:53 PM org.pabk.emanager.MessageHandler executeStatements
INFO: Found 0 unprocessed message/s for statement messaging
feb 25, 2015 12:45:53 PM org.pabk.emanager.MessageHandler execute
INFO: Found 0 unprocessed message/s
feb 25, 2015 12:45:53 PM org.pabk.emanager.MessageHandler executeMT5XX
INFO: Found 0 unprocessed message/s for MT5XX messaging
feb 25, 2015 12:45:53 PM org.pabk.emanager.MessageHandler executeDeliveryNots
INFO: Found 0 unprocessed message/s for delivery notification messaging
feb 25, 2015 12:45:53 PM org.pabk.emanager.MessageHandler executeStatements
INFO: Found 0 unprocessed message/s for statement messaging
feb 25, 2015 12:45:53 PM org.pabk.emanager.MessageHandler execute
INFO: Found 0 unprocessed message/s
feb 25, 2015 12:45:53 PM org.pabk.emanager.MessageHandler executeMT5XX
INFO: Found 0 unprocessed message/s for MT5XX messaging
feb 25, 2015 12:45:53 PM org.pabk.emanager.MessageHandler executeDeliveryNots
INFO: Found 0 unprocessed message/s for delivery notification messaging
feb 25, 2015 12:45:53 PM org.pabk.emanager.MessageHandler executeStatements
INFO: Found 0 unprocessed message/s for statement messaging
feb 25, 2015 12:45:53 PM org.pabk.emanager.MessageHandler execute
INFO: Found 0 unprocessed message/s
feb 25, 2015 12:45:53 PM org.pabk.emanager.MessageHandler executeMT5XX
INFO: Found 0 unprocessed message/s for MT5XX messaging
feb 25, 2015 12:45:53 PM org.pabk.emanager.MessageHandler executeDeliveryNots
INFO: Found 0 unprocessed message/s for delivery notification messaging
feb 25, 2015 12:45:53 PM org.pabk.emanager.MessageHandler executeStatements
INFO: Found 0 unprocessed message/s for statement messaging
feb 25, 2015 12:45:53 PM org.pabk.emanager.MessageHandler businessLogic
INFO: MessageHandler is SLEEPING
