sep 26, 2013 1:05:15 PM org.pabk.emanager.HandlerImpl init
INFO: messagehandler: logger messagehandler is successfully initailized!
sep 26, 2013 1:05:15 PM org.pabk.emanager.HandlerImpl run
INFO: Module org.pabk.emanager.MessageHandler is started!
sep 26, 2013 1:05:15 PM org.pabk.emanager.MessageHandler businessLogic
INFO: Used Default Alliance Access servers: P3600X006,192.168.210.10,192.168.210.20,192.168.210.30
sep 26, 2013 1:05:15 PM org.pabk.emanager.MessageHandler businessLogic
INFO: Used default keyword for MT5XX messages: SOURCE
sep 26, 2013 1:05:15 PM org.pabk.emanager.MessageHandler businessLogic
INFO: Used default mask for MT5XX messages: D\$\\Programy\\BB\\ARCHIVE\\BATCH\\MT5XX_IO2\\\d{8}\.prt
sep 26, 2013 1:05:15 PM org.pabk.emanager.MessageHandler businessLogic
INFO: Used default keyword for Delivey Notification messages: SOURCE
sep 26, 2013 1:05:15 PM org.pabk.emanager.MessageHandler businessLogic
INFO: Used default mask for Delivey Notification messages: D\$\\Programy\\BB\\ARCHIVE\\BATCH\\DN_queue\\\d{8}\.prt
sep 26, 2013 1:05:15 PM org.pabk.emanager.MessageHandler businessLogic
INFO: Used default keyword for Statement messages: SOURCE
sep 26, 2013 1:05:15 PM org.pabk.emanager.MessageHandler businessLogic
INFO: Used default mask for Statement messages: D\$\\Programy\\BB\\ARCHIVE\\BATCH\\Vypisy_DF\\\d{8}\.prt
sep 26, 2013 1:05:15 PM org.pabk.emanager.MessageHandler businessLogic
INFO: MessageHandler is working
sep 26, 2013 1:05:15 PM org.pabk.emanager.MessageHandler businessLogic
INFO: MessageHandler found 4 Alliance Access servers
sep 26, 2013 1:05:16 PM org.pabk.emanager.MessageHandler execute
INFO: Found 2 unprocessed message/s
sep 26, 2013 1:05:16 PM org.pabk.emanager.MessageHandler executeMT5XX
INFO: Found 0 unprocessed message/s for MT5XX messaging
sep 26, 2013 1:05:16 PM org.pabk.emanager.MessageHandler executeDeliveryNots
INFO: Found 0 unprocessed message/s for delivery notification messaging
sep 26, 2013 1:05:16 PM org.pabk.emanager.MessageHandler executeStatements
INFO: Found 2 unprocessed message/s for statement messaging
sep 26, 2013 1:05:16 PM org.pabk.emanager.MessageHandler execute
INFO: Found 160 unprocessed message/s
sep 26, 2013 1:05:16 PM org.pabk.emanager.MessageHandler executeMT5XX
INFO: Found 0 unprocessed message/s for MT5XX messaging
sep 26, 2013 1:05:16 PM org.pabk.emanager.MessageHandler executeDeliveryNots
INFO: Found 0 unprocessed message/s for delivery notification messaging
sep 26, 2013 1:05:16 PM org.pabk.emanager.MessageHandler executeStatements
INFO: Found 160 unprocessed message/s for statement messaging
