feb 25, 2015 12:45:17 PM org.pabk.emanager.HandlerImpl init
INFO: cleaner: logger cleaner is successfully initailized!
feb 25, 2015 12:45:17 PM org.pabk.emanager.HandlerImpl run
INFO: Module org.pabk.emanager.Cleaner is started!
feb 25, 2015 12:45:17 PM org.pabk.emanager.Cleaner businessLogic
INFO: Used Default times for Trap cleaner: 10:30,10:40,10:50,11:25,11:45,14:30
feb 25, 2015 12:45:17 PM org.pabk.emanager.Cleaner businessLogic
INFO: Used Default remaining time for Trap cleaner: 20
feb 25, 2015 12:45:17 PM org.pabk.emanager.Cleaner businessLogic
INFO: Used Default remaining time for e-mail cleaner: 4
feb 25, 2015 12:45:17 PM org.pabk.emanager.Cleaner businessLogic
INFO: Used Default times for Trap cleaner: 08:20,10:40,10:50,11:25,11:45,14:20
feb 25, 2015 12:45:17 PM org.pabk.emanager.Cleaner businessLogic
INFO: Used Default times for Old files cleaner: 11:00,11:15,14:10
feb 25, 2015 12:45:17 PM org.pabk.emanager.Cleaner businessLogic
INFO: Used Default remaining time for Old files cleaner: 120
feb 25, 2015 12:45:17 PM org.pabk.emanager.Cleaner businessLogic
INFO: Used Default times for fin messages cleaner: 11:00,11:15,14:40
feb 25, 2015 12:45:17 PM org.pabk.emanager.Cleaner businessLogic
INFO: Used Default remaining time for fin messages cleaner: 14
feb 25, 2015 12:45:17 PM org.pabk.emanager.Cleaner businessLogic
INFO: Used Default remove delay days for not executed fin messages cleaner: 14
feb 25, 2015 12:45:17 PM org.pabk.emanager.Cleaner businessLogic
INFO: Used Default remove delay days for not executed statement fin messages cleaner: 14
feb 25, 2015 12:45:17 PM org.pabk.emanager.Cleaner businessLogic
INFO: Clean trap execution time 1 is set to 10:30:00
feb 25, 2015 12:45:17 PM org.pabk.emanager.Cleaner businessLogic
INFO: Clean trap execution time 2 is set to 10:40:00
feb 25, 2015 12:45:17 PM org.pabk.emanager.Cleaner businessLogic
INFO: Clean trap execution time 3 is set to 10:50:00
feb 25, 2015 12:45:17 PM org.pabk.emanager.Cleaner businessLogic
INFO: Clean trap execution time 4 is set to 11:25:00
feb 25, 2015 12:45:17 PM org.pabk.emanager.Cleaner businessLogic
INFO: Clean trap execution time 5 is set to 11:45:00
feb 25, 2015 12:45:17 PM org.pabk.emanager.Cleaner businessLogic
INFO: Clean trap execution time 6 is set to 14:30:00
feb 25, 2015 12:45:17 PM org.pabk.emanager.Cleaner businessLogic
INFO: Next trap clean time is set to 25.2.2015 14:30:00
feb 25, 2015 12:45:17 PM org.pabk.emanager.Cleaner businessLogic
INFO: Clean e-mail execution time 1 is set to 8:20:00
feb 25, 2015 12:45:17 PM org.pabk.emanager.Cleaner businessLogic
INFO: Clean e-mail execution time 2 is set to 10:40:00
feb 25, 2015 12:45:17 PM org.pabk.emanager.Cleaner businessLogic
INFO: Clean e-mail execution time 3 is set to 10:50:00
feb 25, 2015 12:45:17 PM org.pabk.emanager.Cleaner businessLogic
INFO: Clean e-mail execution time 4 is set to 11:25:00
feb 25, 2015 12:45:17 PM org.pabk.emanager.Cleaner businessLogic
INFO: Clean e-mail execution time 5 is set to 11:45:00
feb 25, 2015 12:45:17 PM org.pabk.emanager.Cleaner businessLogic
INFO: Clean e-mail execution time 6 is set to 14:20:00
feb 25, 2015 12:45:17 PM org.pabk.emanager.Cleaner businessLogic
INFO: Next e-mail clean time is set to 25.2.2015 14:20:00
feb 25, 2015 12:45:17 PM org.pabk.emanager.Cleaner businessLogic
INFO: Cleaner is WORKING
feb 25, 2015 12:45:17 PM org.pabk.emanager.Cleaner businessLogic
INFO: Cleaner is SLEEPING
