sep 26, 2013 1:11:05 PM org.pabk.emanager.HandlerImpl init
INFO: cleaner: logger cleaner is successfully initailized!
sep 26, 2013 1:11:05 PM org.pabk.emanager.HandlerImpl run
INFO: Module org.pabk.emanager.Cleaner is started!
sep 26, 2013 1:11:05 PM org.pabk.emanager.Cleaner businessLogic
INFO: Used Default times for Trap cleaner: 10:30,10:40,10:50,11:25,11:45,14:30
sep 26, 2013 1:11:05 PM org.pabk.emanager.Cleaner businessLogic
INFO: Used Default remaining time for Trap cleaner: 20
sep 26, 2013 1:11:05 PM org.pabk.emanager.Cleaner businessLogic
INFO: Used Default remaining time for e-mail cleaner: 4
sep 26, 2013 1:11:05 PM org.pabk.emanager.Cleaner businessLogic
INFO: Used Default times for Trap cleaner: 08:20,10:40,10:50,11:25,11:45,14:20
sep 26, 2013 1:11:05 PM org.pabk.emanager.Cleaner businessLogic
INFO: Used Default times for Old files cleaner: 11:00,11:15,14:10
sep 26, 2013 1:11:05 PM org.pabk.emanager.Cleaner businessLogic
INFO: Used Default remaining time for Old files cleaner: 120
sep 26, 2013 1:11:05 PM org.pabk.emanager.Cleaner businessLogic
INFO: Used Default times for fin messages cleaner: 11:00,11:15,14:40
sep 26, 2013 1:11:05 PM org.pabk.emanager.Cleaner businessLogic
INFO: Used Default remaining time for fin messages cleaner: 14
sep 26, 2013 1:11:05 PM org.pabk.emanager.Cleaner businessLogic
INFO: Used Default remove delay days for not executed fin messages cleaner: 14
sep 26, 2013 1:11:05 PM org.pabk.emanager.Cleaner businessLogic
INFO: Used Default remove delay days for not executed statement fin messages cleaner: 14
sep 26, 2013 1:11:05 PM org.pabk.emanager.Cleaner businessLogic
INFO: Clean trap execution time 1 is set to 10:30:00
sep 26, 2013 1:11:05 PM org.pabk.emanager.Cleaner businessLogic
INFO: Clean trap execution time 2 is set to 10:40:00
sep 26, 2013 1:11:05 PM org.pabk.emanager.Cleaner businessLogic
INFO: Clean trap execution time 3 is set to 10:50:00
sep 26, 2013 1:11:05 PM org.pabk.emanager.Cleaner businessLogic
INFO: Clean trap execution time 4 is set to 11:25:00
sep 26, 2013 1:11:05 PM org.pabk.emanager.Cleaner businessLogic
INFO: Clean trap execution time 5 is set to 11:45:00
sep 26, 2013 1:11:05 PM org.pabk.emanager.Cleaner businessLogic
INFO: Clean trap execution time 6 is set to 14:30:00
sep 26, 2013 1:11:05 PM org.pabk.emanager.Cleaner businessLogic
INFO: Next trap clean time is set to 26.9.2013 14:30:00
sep 26, 2013 1:11:05 PM org.pabk.emanager.Cleaner businessLogic
INFO: Clean e-mail execution time 1 is set to 8:20:00
sep 26, 2013 1:11:05 PM org.pabk.emanager.Cleaner businessLogic
INFO: Clean e-mail execution time 2 is set to 10:40:00
sep 26, 2013 1:11:05 PM org.pabk.emanager.Cleaner businessLogic
INFO: Clean e-mail execution time 3 is set to 10:50:00
sep 26, 2013 1:11:05 PM org.pabk.emanager.Cleaner businessLogic
INFO: Clean e-mail execution time 4 is set to 11:25:00
sep 26, 2013 1:11:05 PM org.pabk.emanager.Cleaner businessLogic
INFO: Clean e-mail execution time 5 is set to 11:45:00
sep 26, 2013 1:11:05 PM org.pabk.emanager.Cleaner businessLogic
INFO: Clean e-mail execution time 6 is set to 14:20:00
sep 26, 2013 1:11:05 PM org.pabk.emanager.Cleaner businessLogic
INFO: Next e-mail clean time is set to 26.9.2013 14:20:00
sep 26, 2013 1:11:05 PM org.pabk.emanager.Cleaner businessLogic
INFO: Cleaner is WORKING
sep 26, 2013 1:11:05 PM org.pabk.emanager.Cleaner businessLogic
INFO: Cleaner is SLEEPING
sep 26, 2013 1:12:05 PM org.pabk.emanager.Cleaner businessLogic
INFO: Cleaner is WORKING
sep 26, 2013 1:12:05 PM org.pabk.emanager.Cleaner businessLogic
INFO: Cleaner is SLEEPING
sep 26, 2013 1:13:05 PM org.pabk.emanager.Cleaner businessLogic
INFO: Cleaner is WORKING
sep 26, 2013 1:13:05 PM org.pabk.emanager.Cleaner businessLogic
INFO: Cleaner is SLEEPING
sep 26, 2013 1:14:05 PM org.pabk.emanager.Cleaner businessLogic
INFO: Cleaner is WORKING
sep 26, 2013 1:14:05 PM org.pabk.emanager.Cleaner businessLogic
INFO: Cleaner is SLEEPING
sep 26, 2013 1:15:05 PM org.pabk.emanager.Cleaner businessLogic
INFO: Cleaner is WORKING
sep 26, 2013 1:15:05 PM org.pabk.emanager.Cleaner businessLogic
INFO: Cleaner is SLEEPING
sep 26, 2013 1:16:05 PM org.pabk.emanager.Cleaner businessLogic
INFO: Cleaner is WORKING
sep 26, 2013 1:16:05 PM org.pabk.emanager.Cleaner businessLogic
INFO: Cleaner is SLEEPING
sep 26, 2013 1:17:05 PM org.pabk.emanager.Cleaner businessLogic
INFO: Cleaner is WORKING
sep 26, 2013 1:17:05 PM org.pabk.emanager.Cleaner businessLogic
INFO: Cleaner is SLEEPING
sep 26, 2013 1:18:05 PM org.pabk.emanager.Cleaner businessLogic
INFO: Cleaner is WORKING
sep 26, 2013 1:18:05 PM org.pabk.emanager.Cleaner businessLogic
INFO: Cleaner is SLEEPING
sep 26, 2013 1:19:05 PM org.pabk.emanager.Cleaner businessLogic
INFO: Cleaner is WORKING
sep 26, 2013 1:19:05 PM org.pabk.emanager.Cleaner businessLogic
INFO: Cleaner is SLEEPING
sep 26, 2013 1:20:05 PM org.pabk.emanager.Cleaner businessLogic
INFO: Cleaner is WORKING
sep 26, 2013 1:20:05 PM org.pabk.emanager.Cleaner businessLogic
INFO: Cleaner is SLEEPING
sep 26, 2013 1:21:05 PM org.pabk.emanager.Cleaner businessLogic
INFO: Cleaner is WORKING
sep 26, 2013 1:21:05 PM org.pabk.emanager.Cleaner businessLogic
INFO: Cleaner is SLEEPING
sep 26, 2013 1:22:05 PM org.pabk.emanager.Cleaner businessLogic
INFO: Cleaner is WORKING
sep 26, 2013 1:22:05 PM org.pabk.emanager.Cleaner businessLogic
INFO: Cleaner is SLEEPING
sep 26, 2013 1:23:05 PM org.pabk.emanager.Cleaner businessLogic
INFO: Cleaner is WORKING
sep 26, 2013 1:23:05 PM org.pabk.emanager.Cleaner businessLogic
INFO: Cleaner is SLEEPING
