máj 04, 2015 8:41:23 AM org.pabk.emanager.HandlerImpl init
INFO: trapcollector: logger trapcollector is successfully initailized!
máj 04, 2015 8:41:23 AM org.pabk.emanager.HandlerImpl run
INFO: Module org.pabk.emanager.TrapCollector is started!
máj 04, 2015 8:41:23 AM org.pabk.emanager.TrapCollector getProperty
INFO: Set default value , for property trapCollector.separator
máj 04, 2015 8:41:23 AM org.pabk.emanager.TrapCollector getProperty
INFO: Loaded value 10.1.129.251 for property trapCollector.sourceServer from properties.
máj 04, 2015 8:41:23 AM org.pabk.emanager.TrapCollector getProperty
INFO: Loaded value \d{8}\_20[0-9]{2}[01][0-9][0-3][0-9][0-2][0-9][0-5][0-9][0-5][0-9]\.[pt][rx][t] for property trapCollector.sourceFileMask from properties.
máj 04, 2015 8:41:23 AM org.pabk.emanager.TrapCollector getProperty
INFO: Loaded value vyvoj for property trapCollector.queus from properties.
máj 04, 2015 8:41:23 AM org.pabk.emanager.TrapCollector getProperty
INFO: Set default value 10.1.129.251 for property trapCollector.queue.vyvoj.sourceServer
máj 04, 2015 8:41:23 AM org.pabk.emanager.TrapCollector getProperty
INFO: Loaded value D$\TEMP\test for property trapCollector.queue.vyvoj.source from properties.
máj 04, 2015 8:41:23 AM org.pabk.emanager.TrapCollector getProperty
INFO: Set default value \d{8}\_20[0-9]{2}[01][0-9][0-3][0-9][0-2][0-9][0-5][0-9][0-5][0-9]\.[pt][rx][t] for property trapCollector.queue.vyvoj.sourceFileMask
máj 04, 2015 8:41:23 AM org.pabk.emanager.TrapCollector getProperty
INFO: Loaded value access for property trapCollector.queue.vyvoj.instance from properties.
máj 04, 2015 8:41:23 AM org.pabk.emanager.TrapCollector getProperty
INFO: Set default value 5 for property trapCollector.poolInterval
máj 04, 2015 8:41:23 AM org.pabk.emanager.TrapCollector businessLogic
INFO: TrapCollector is working
máj 04, 2015 8:41:23 AM org.pabk.emanager.TrapCollector execute
INFO: Start collection of traps on queue vyvoj
máj 04, 2015 8:41:23 AM org.pabk.emanager.TrapCollector execute
INFO: Found source directory \\10.1.129.251\D$\TEMP\test for queue vyvoj
máj 04, 2015 8:41:23 AM org.pabk.emanager.TrapCollector execute
INFO: Used filename pattern \d{8}\_20[0-9]{2}[01][0-9][0-3][0-9][0-2][0-9][0-5][0-9][0-5][0-9]\.[pt][rx][t] and keep days = 0 for input files on queue vyvoj
máj 04, 2015 8:41:23 AM org.pabk.emanager.TrapCollector execute
INFO: 10 files found on source directory \\10.1.129.251\D$\TEMP\test that matching filter \d{8}\_20[0-9]{2}[01][0-9][0-3][0-9][0-2][0-9][0-5][0-9][0-5][0-9]\.[pt][rx][t] and keep days = 0 on queue vyvoj
máj 04, 2015 8:41:23 AM org.pabk.emanager.TrapCollector execute
INFO: File \\10.1.129.251\D$\TEMP\test\01660001_20150428102947.txt found on queue vyvoj
máj 04, 2015 8:41:24 AM org.pabk.emanager.TrapCollector execute
INFO: File \\10.1.129.251\D$\TEMP\test\01660002_20150428121416.txt found on queue vyvoj
máj 04, 2015 8:41:24 AM org.pabk.emanager.TrapCollector execute
INFO: File \\10.1.129.251\D$\TEMP\test\01660003_20150428123416.txt found on queue vyvoj
máj 04, 2015 8:41:24 AM org.pabk.emanager.TrapCollector execute
INFO: File \\10.1.129.251\D$\TEMP\test\01660004_20150428124416.txt found on queue vyvoj
máj 04, 2015 8:41:24 AM org.pabk.emanager.TrapCollector execute
INFO: File \\10.1.129.251\D$\TEMP\test\01660005_20150428125916.txt found on queue vyvoj
máj 04, 2015 8:41:24 AM org.pabk.emanager.TrapCollector execute
INFO: File \\10.1.129.251\D$\TEMP\test\01660006_20150428130416.txt found on queue vyvoj
máj 04, 2015 8:41:24 AM org.pabk.emanager.TrapCollector execute
INFO: File \\10.1.129.251\D$\TEMP\test\01660007_20150428130916.txt found on queue vyvoj
máj 04, 2015 8:41:24 AM org.pabk.emanager.TrapCollector execute
INFO: File \\10.1.129.251\D$\TEMP\test\01660008_20150428131416.txt found on queue vyvoj
máj 04, 2015 8:41:24 AM org.pabk.emanager.TrapCollector execute
INFO: File \\10.1.129.251\D$\TEMP\test\01660009_20150429093612.txt found on queue vyvoj
máj 04, 2015 8:41:24 AM org.pabk.emanager.TrapCollector execute
INFO: File \\10.1.129.251\D$\TEMP\test\01660011_20150429172006.txt found on queue vyvoj
máj 04, 2015 8:41:24 AM org.pabk.emanager.TrapCollector execute
INFO: Trap found and saved to database
máj 04, 2015 8:41:24 AM org.pabk.emanager.TrapCollector execute
INFO: Trap found and saved to database
máj 04, 2015 8:41:24 AM org.pabk.emanager.TrapCollector execute
INFO: Trap found and saved to database
máj 04, 2015 8:41:24 AM org.pabk.emanager.TrapCollector execute
INFO: Trap found and saved to database
máj 04, 2015 8:41:24 AM org.pabk.emanager.TrapCollector execute
INFO: Trap found and saved to database
máj 04, 2015 8:41:24 AM org.pabk.emanager.TrapCollector execute
INFO: Trap found and saved to database
máj 04, 2015 8:41:24 AM org.pabk.emanager.TrapCollector execute
INFO: Trap found and saved to database
máj 04, 2015 8:41:24 AM org.pabk.emanager.TrapCollector execute
INFO: Trap found and saved to database
máj 04, 2015 8:41:24 AM org.pabk.emanager.TrapCollector execute
INFO: Trap found and saved to database
máj 04, 2015 8:41:24 AM org.pabk.emanager.TrapCollector execute
INFO: Trap found and saved to database
máj 04, 2015 8:41:24 AM org.pabk.emanager.TrapCollector execute
INFO: Trap found and saved to database
máj 04, 2015 8:41:24 AM org.pabk.emanager.TrapCollector execute
INFO: Trap found and saved to database
máj 04, 2015 8:41:24 AM org.pabk.emanager.TrapCollector execute
INFO: Trap found and saved to database
máj 04, 2015 8:41:24 AM org.pabk.emanager.TrapCollector execute
INFO: Trap found and saved to database
máj 04, 2015 8:41:24 AM org.pabk.emanager.TrapCollector execute
INFO: Trap found and saved to database
máj 04, 2015 8:41:24 AM org.pabk.emanager.TrapCollector execute
INFO: Trap found and saved to database
máj 04, 2015 8:41:24 AM org.pabk.emanager.TrapCollector execute
INFO: Trap found and saved to database
máj 04, 2015 8:41:24 AM org.pabk.emanager.TrapCollector execute
INFO: Trap found and saved to database
máj 04, 2015 8:41:24 AM org.pabk.emanager.TrapCollector execute
INFO: Successfully ends trap capturing on queue vyvoj
máj 04, 2015 8:41:24 AM org.pabk.emanager.TrapCollector businessLogic
INFO: TrapCollector is SLEEPING
