máj 15, 2015 9:49:53 AM org.pabk.emanager.HandlerImpl init
INFO: trapcollector: logger trapcollector is successfully initailized!
máj 15, 2015 9:49:53 AM org.pabk.emanager.HandlerImpl run
INFO: Module org.pabk.emanager.TrapCollector is started!
máj 15, 2015 9:49:53 AM org.pabk.emanager.TrapCollector getProperty
INFO: Set default value , for property trapCollector.separator
máj 15, 2015 9:49:53 AM org.pabk.emanager.TrapCollector getProperty
INFO: Loaded value 10.1.129.251 for property trapCollector.sourceServer from properties.
máj 15, 2015 9:49:53 AM org.pabk.emanager.TrapCollector getProperty
INFO: Loaded value \d{8}\_20[0-9]{2}[01][0-9][0-3][0-9][0-2][0-9][0-5][0-9][0-5][0-9]\.[pt][rx][t] for property trapCollector.sourceFileMask from properties.
máj 15, 2015 9:49:53 AM org.pabk.emanager.TrapCollector getProperty
INFO: Loaded value vyvoj for property trapCollector.queus from properties.
máj 15, 2015 9:49:53 AM org.pabk.emanager.TrapCollector getProperty
INFO: Set default value 10.1.129.251 for property trapCollector.queue.vyvoj.sourceServer
máj 15, 2015 9:49:53 AM org.pabk.emanager.TrapCollector getProperty
INFO: Loaded value D$\TEMP\test for property trapCollector.queue.vyvoj.source from properties.
máj 15, 2015 9:49:53 AM org.pabk.emanager.TrapCollector getProperty
INFO: Set default value \d{8}\_20[0-9]{2}[01][0-9][0-3][0-9][0-2][0-9][0-5][0-9][0-5][0-9]\.[pt][rx][t] for property trapCollector.queue.vyvoj.sourceFileMask
máj 15, 2015 9:49:53 AM org.pabk.emanager.TrapCollector getProperty
INFO: Loaded value access for property trapCollector.queue.vyvoj.instance from properties.
máj 15, 2015 9:49:53 AM org.pabk.emanager.TrapCollector getProperty
INFO: Set default value 5 for property trapCollector.poolInterval
máj 15, 2015 9:49:53 AM org.pabk.emanager.TrapCollector businessLogic
INFO: TrapCollector is working
máj 15, 2015 9:49:53 AM org.pabk.emanager.TrapCollector execute
INFO: Start collection of traps on queue vyvoj
máj 15, 2015 9:49:53 AM org.pabk.emanager.TrapCollector execute
INFO: Found source directory \\10.1.129.251\D$\TEMP\test for queue vyvoj
máj 15, 2015 9:49:53 AM org.pabk.emanager.TrapCollector execute
INFO: Used filename pattern \d{8}\_20[0-9]{2}[01][0-9][0-3][0-9][0-2][0-9][0-5][0-9][0-5][0-9]\.[pt][rx][t] and keep days = 0 for input files on queue vyvoj
máj 15, 2015 9:49:53 AM org.pabk.emanager.TrapCollector execute
INFO: 1 files found on source directory \\10.1.129.251\D$\TEMP\test that matching filter \d{8}\_20[0-9]{2}[01][0-9][0-3][0-9][0-2][0-9][0-5][0-9][0-5][0-9]\.[pt][rx][t] and keep days = 0 on queue vyvoj
máj 15, 2015 9:49:53 AM org.pabk.emanager.TrapCollector execute
INFO: File \\10.1.129.251\D$\TEMP\test\01660001_20150515081607.txt found on queue vyvoj
